[ 2016-06-16T10:47:59+08:00 ] 127.0.0.1 /admin.php
INFO: [ app_init ] --START--
INFO: Run Behavior\BuildLiteBehavior [ RunTime:0.000024s ]
INFO: [ app_init ] --END-- [ RunTime:0.000625s ]
INFO: [ app_begin ] --START--
INFO: Run Behavior\ReadHtmlCacheBehavior [ RunTime:0.001072s ]
INFO: [ app_begin ] --END-- [ RunTime:0.001208s ]
INFO: [ view_parse ] --START--
INFO: [ template_filter ] --START--
INFO: Run Behavior\ContentReplaceBehavior [ RunTime:0.000073s ]
INFO: [ template_filter ] --END-- [ RunTime:0.000148s ]
INFO: Run Behavior\ParseTemplateBehavior [ RunTime:0.102451s ]
INFO: [ view_parse ] --END-- [ RunTime:0.102552s ]
INFO: [ view_filter ] --START--
INFO: Run Behavior\WriteHtmlCacheBehavior [ RunTime:0.000439s ]
INFO: [ view_filter ] --END-- [ RunTime:0.000493s ]
INFO: [ app_end ] --START--
INFO: Run Behavior\ShowPageTraceBehavior [ RunTime:0.000788s ]
INFO: [ app_end ] --END-- [ RunTime:0.000873s ]

[ 2016-06-16T10:48:05+08:00 ] 127.0.0.1 /admin.php?c=article&a=allArticle&page=1&type=0&status=1
INFO: [ app_init ] --START--
INFO: Run Behavior\BuildLiteBehavior [ RunTime:0.000018s ]
INFO: [ app_init ] --END-- [ RunTime:0.000447s ]
INFO: [ app_begin ] --START--
INFO: Run Behavior\ReadHtmlCacheBehavior [ RunTime:0.000633s ]
INFO: [ app_begin ] --END-- [ RunTime:0.000708s ]
NOTIC: [8] Use of undefined constant status - assumed 'status' G:\CODE\kepuwang\Application\Home\Controller\ArticleController.class.php 第 59 行.
SQL: SHOW COLUMNS FROM `article` [ RunTime:0.0689s ]
SQL: SELECT COUNT(*) AS tp_count FROM `article` WHERE `status` = 1 LIMIT 1   [ RunTime:0.0668s ]
SQL: SELECT * FROM `article` WHERE `status` = 1 ORDER BY publishTime desc LIMIT 0,10   [ RunTime:0.5665s ]
INFO: [ app_end ] --START--
INFO: Run Behavior\ShowPageTraceBehavior [ RunTime:0.001152s ]
INFO: [ app_end ] --END-- [ RunTime:0.001312s ]

[ 2016-06-16T10:48:17+08:00 ] 127.0.0.1 /admin.php?c=article&a=newArticle
INFO: [ app_init ] --START--
INFO: Run Behavior\BuildLiteBehavior [ RunTime:0.000017s ]
INFO: [ app_init ] --END-- [ RunTime:0.000513s ]
INFO: [ app_begin ] --START--
INFO: Run Behavior\ReadHtmlCacheBehavior [ RunTime:0.000545s ]
INFO: [ app_begin ] --END-- [ RunTime:0.000609s ]
NOTIC: [8] Use of undefined constant title - assumed 'title' G:\CODE\kepuwang\Application\Home\Controller\ArticleController.class.php 第 12 行.
NOTIC: [8] Use of undefined constant thumbnail - assumed 'thumbnail' G:\CODE\kepuwang\Application\Home\Controller\ArticleController.class.php 第 13 行.
NOTIC: [8] Use of undefined constant mainType - assumed 'mainType' G:\CODE\kepuwang\Application\Home\Controller\ArticleController.class.php 第 14 行.
NOTIC: [8] Use of undefined constant type - assumed 'type' G:\CODE\kepuwang\Application\Home\Controller\ArticleController.class.php 第 15 行.
SQL: SHOW COLUMNS FROM `article` [ RunTime:0.0759s ]
SQL: INSERT INTO `article` (`title`,`thumbnail`,`mainType`,`type`,`abstract`) VALUES ('xcx','','0','0','xcxcx') [ RunTime:0.0748s ]
INFO: [ app_end ] --START--
INFO: Run Behavior\ShowPageTraceBehavior [ RunTime:0.000738s ]
INFO: [ app_end ] --END-- [ RunTime:0.000799s ]

[ 2016-06-16T10:48:18+08:00 ] 127.0.0.1 /admin.php?c=article&a=newContent&id=96&articleType=1
INFO: [ app_init ] --START--
INFO: Run Behavior\BuildLiteBehavior [ RunTime:0.000068s ]
INFO: [ app_init ] --END-- [ RunTime:0.000792s ]
INFO: [ app_begin ] --START--
INFO: Run Behavior\ReadHtmlCacheBehavior [ RunTime:0.001277s ]
INFO: [ app_begin ] --END-- [ RunTime:0.001504s ]
NOTIC: [8] Use of undefined constant id - assumed 'id' G:\CODE\kepuwang\Application\Home\Controller\ArticleController.class.php 第 80 行.
SQL: SHOW COLUMNS FROM `article` [ RunTime:0.0771s ]
SQL: SELECT `id`,`title`,`content` FROM `article` WHERE `id` = 96  [ RunTime:0.0749s ]
INFO: [ app_end ] --START--
INFO: Run Behavior\ShowPageTraceBehavior [ RunTime:0.000837s ]
INFO: [ app_end ] --END-- [ RunTime:0.000917s ]

[ 2016-06-16T10:48:24+08:00 ] 127.0.0.1 /admin.php?c=article&a=saveContent&articleType=1
INFO: [ app_init ] --START--
INFO: Run Behavior\BuildLiteBehavior [ RunTime:0.000021s ]
INFO: [ app_init ] --END-- [ RunTime:0.000513s ]
INFO: [ app_begin ] --START--
INFO: Run Behavior\ReadHtmlCacheBehavior [ RunTime:0.001094s ]
INFO: [ app_begin ] --END-- [ RunTime:0.001234s ]
NOTIC: [8] Use of undefined constant id - assumed 'id' G:\CODE\kepuwang\Application\Home\Controller\ArticleController.class.php 第 112 行.
NOTIC: [8] Use of undefined constant content - assumed 'content' G:\CODE\kepuwang\Application\Home\Controller\ArticleController.class.php 第 113 行.
SQL: SHOW COLUMNS FROM `article` [ RunTime:0.0774s ]
SQL: UPDATE `article` SET `content`='&lt;p&gt;fdffdfdfdfd&lt;/p&gt;' WHERE `id` = 96 [ RunTime:0.0746s ]
INFO: [ app_end ] --START--
INFO: Run Behavior\ShowPageTraceBehavior [ RunTime:0.000751s ]
INFO: [ app_end ] --END-- [ RunTime:0.000825s ]

[ 2016-06-16T10:53:38+08:00 ] 127.0.0.1 /admin.php?c=article&a=newContent&id=96&articleType=1
INFO: [ app_init ] --START--
INFO: Run Behavior\BuildLiteBehavior [ RunTime:0.000031s ]
INFO: [ app_init ] --END-- [ RunTime:0.001477s ]
INFO: [ app_begin ] --START--
INFO: Run Behavior\ReadHtmlCacheBehavior [ RunTime:0.000629s ]
INFO: [ app_begin ] --END-- [ RunTime:0.000704s ]
NOTIC: [8] Use of undefined constant id - assumed 'id' G:\CODE\kepuwang\Application\Home\Controller\ArticleController.class.php 第 80 行.
SQL: SHOW COLUMNS FROM `article` [ RunTime:0.0829s ]
SQL: SELECT `id`,`title`,`content` FROM `article` WHERE `id` = 96  [ RunTime:0.0807s ]
INFO: [ app_end ] --START--
INFO: Run Behavior\ShowPageTraceBehavior [ RunTime:0.000715s ]
INFO: [ app_end ] --END-- [ RunTime:0.000776s ]

[ 2016-06-16T15:01:54+08:00 ] 127.0.0.1 /admin.php?c=documentary&a=documentaryDetail&id=154
INFO: [ app_init ] --START--
INFO: Run Behavior\BuildLiteBehavior [ RunTime:0.000018s ]
INFO: [ app_init ] --END-- [ RunTime:0.000398s ]
INFO: [ app_begin ] --START--
INFO: Run Behavior\ReadHtmlCacheBehavior [ RunTime:0.000736s ]
INFO: [ app_begin ] --END-- [ RunTime:0.000832s ]
SQL: SHOW COLUMNS FROM `documentary` [ RunTime:0.1122s ]
SQL: SELECT * FROM `documentary` WHERE ( id=154 ) LIMIT 1   [ RunTime:0.1329s ]
INFO: [ app_end ] --START--
INFO: Run Behavior\ShowPageTraceBehavior [ RunTime:0.000660s ]
INFO: [ app_end ] --END-- [ RunTime:0.000733s ]

[ 2016-06-16T15:01:55+08:00 ] 127.0.0.1 /admin.php?c=documentary&a=documentaryDetail&id=0
INFO: [ app_init ] --START--
INFO: Run Behavior\BuildLiteBehavior [ RunTime:0.000019s ]
INFO: [ app_init ] --END-- [ RunTime:0.000483s ]
INFO: [ app_begin ] --START--
INFO: Run Behavior\ReadHtmlCacheBehavior [ RunTime:0.000910s ]
INFO: [ app_begin ] --END-- [ RunTime:0.001013s ]
SQL: SHOW COLUMNS FROM `documentary` [ RunTime:0.1521s ]
SQL: SELECT * FROM `documentary` WHERE ( id=0 ) LIMIT 1   [ RunTime:0.1197s ]
NOTIC: [8] Undefined index: maincontent G:\CODE\kepuwang\Application\Home\Controller\DocumentaryController.class.php 第 53 行.
NOTIC: [8] Undefined index: content G:\CODE\kepuwang\Application\Home\Controller\DocumentaryController.class.php 第 54 行.
INFO: [ app_end ] --START--
INFO: Run Behavior\ShowPageTraceBehavior [ RunTime:0.001093s ]
INFO: [ app_end ] --END-- [ RunTime:0.001199s ]

[ 2016-06-16T15:02:28+08:00 ] 127.0.0.1 /admin.php?c=documentary&a=documentaryDetail&id=0
INFO: [ app_init ] --START--
INFO: Run Behavior\BuildLiteBehavior [ RunTime:0.000029s ]
INFO: [ app_init ] --END-- [ RunTime:0.000523s ]
INFO: [ app_begin ] --START--
INFO: Run Behavior\ReadHtmlCacheBehavior [ RunTime:0.000759s ]
INFO: [ app_begin ] --END-- [ RunTime:0.000888s ]
SQL: SHOW COLUMNS FROM `documentary` [ RunTime:0.1259s ]
SQL: SELECT * FROM `documentary` WHERE ( id=0 ) LIMIT 1   [ RunTime:0.1036s ]
NOTIC: [8] Undefined index: maincontent G:\CODE\kepuwang\Application\Home\Controller\DocumentaryController.class.php 第 53 行.
NOTIC: [8] Undefined index: content G:\CODE\kepuwang\Application\Home\Controller\DocumentaryController.class.php 第 54 行.
INFO: [ app_end ] --START--
INFO: Run Behavior\ShowPageTraceBehavior [ RunTime:0.000786s ]
INFO: [ app_end ] --END-- [ RunTime:0.000855s ]

[ 2016-06-16T15:02:29+08:00 ] 127.0.0.1 /admin.php?c=documentary&a=documentaryDetail&id=154
INFO: [ app_init ] --START--
INFO: Run Behavior\BuildLiteBehavior [ RunTime:0.000029s ]
INFO: [ app_init ] --END-- [ RunTime:0.000619s ]
INFO: [ app_begin ] --START--
INFO: Run Behavior\ReadHtmlCacheBehavior [ RunTime:0.001014s ]
INFO: [ app_begin ] --END-- [ RunTime:0.001152s ]
SQL: SHOW COLUMNS FROM `documentary` [ RunTime:0.1288s ]
SQL: SELECT * FROM `documentary` WHERE ( id=154 ) LIMIT 1   [ RunTime:0.1225s ]
INFO: [ app_end ] --START--
INFO: Run Behavior\ShowPageTraceBehavior [ RunTime:0.000977s ]
INFO: [ app_end ] --END-- [ RunTime:0.001131s ]

[ 2016-06-16T15:02:49+08:00 ] 127.0.0.1 /admin.php?c=documentary&a=documentaryDetail&id=0
INFO: [ app_init ] --START--
INFO: Run Behavior\BuildLiteBehavior [ RunTime:0.000019s ]
INFO: [ app_init ] --END-- [ RunTime:0.000436s ]
INFO: [ app_begin ] --START--
INFO: Run Behavior\ReadHtmlCacheBehavior [ RunTime:0.000633s ]
INFO: [ app_begin ] --END-- [ RunTime:0.000707s ]
SQL: SHOW COLUMNS FROM `documentary` [ RunTime:0.1116s ]
SQL: SELECT * FROM `documentary` WHERE ( id=0 ) LIMIT 1   [ RunTime:0.1300s ]
NOTIC: [8] Undefined index: maincontent G:\CODE\kepuwang\Application\Home\Controller\DocumentaryController.class.php 第 53 行.
NOTIC: [8] Undefined index: content G:\CODE\kepuwang\Application\Home\Controller\DocumentaryController.class.php 第 54 行.
INFO: [ app_end ] --START--
INFO: Run Behavior\ShowPageTraceBehavior [ RunTime:0.001178s ]
INFO: [ app_end ] --END-- [ RunTime:0.001285s ]

[ 2016-06-16T15:02:49+08:00 ] 127.0.0.1 /admin.php?c=documentary&a=documentaryDetail&id=154
INFO: [ app_init ] --START--
INFO: Run Behavior\BuildLiteBehavior [ RunTime:0.000017s ]
INFO: [ app_init ] --END-- [ RunTime:0.000435s ]
INFO: [ app_begin ] --START--
INFO: Run Behavior\ReadHtmlCacheBehavior [ RunTime:0.000629s ]
INFO: [ app_begin ] --END-- [ RunTime:0.000703s ]
SQL: SHOW COLUMNS FROM `documentary` [ RunTime:0.1272s ]
SQL: SELECT * FROM `documentary` WHERE ( id=154 ) LIMIT 1   [ RunTime:0.1238s ]
INFO: [ app_end ] --START--
INFO: Run Behavior\ShowPageTraceBehavior [ RunTime:0.000781s ]
INFO: [ app_end ] --END-- [ RunTime:0.000853s ]

[ 2016-06-16T15:06:30+08:00 ] 127.0.0.1 /admin.php?c=documentary&a=setDetail&id=0
INFO: [ app_init ] --START--
INFO: Run Behavior\BuildLiteBehavior [ RunTime:0.000017s ]
INFO: [ app_init ] --END-- [ RunTime:0.000414s ]
INFO: [ app_begin ] --START--
INFO: Run Behavior\ReadHtmlCacheBehavior [ RunTime:0.000639s ]
INFO: [ app_begin ] --END-- [ RunTime:0.000718s ]
SQL: SHOW COLUMNS FROM `sets` [ RunTime:0.1325s ]
SQL: SELECT * FROM `sets` WHERE ( documentaryId=0 )  [ RunTime:0.0928s ]
INFO: [ app_end ] --START--
INFO: Run Behavior\ShowPageTraceBehavior [ RunTime:0.000682s ]
INFO: [ app_end ] --END-- [ RunTime:0.000778s ]

[ 2016-06-16T15:06:30+08:00 ] 127.0.0.1 /admin.php?c=documentary&a=documentaryDetail&id=154
INFO: [ app_init ] --START--
INFO: Run Behavior\BuildLiteBehavior [ RunTime:0.000027s ]
INFO: [ app_init ] --END-- [ RunTime:0.000585s ]
INFO: [ app_begin ] --START--
INFO: Run Behavior\ReadHtmlCacheBehavior [ RunTime:0.001024s ]
INFO: [ app_begin ] --END-- [ RunTime:0.001148s ]
SQL: SHOW COLUMNS FROM `documentary` [ RunTime:0.1040s ]
SQL: SELECT * FROM `documentary` WHERE ( id=154 ) LIMIT 1   [ RunTime:0.1206s ]
INFO: [ app_end ] --START--
INFO: Run Behavior\ShowPageTraceBehavior [ RunTime:0.000945s ]
INFO: [ app_end ] --END-- [ RunTime:0.001034s ]

[ 2016-06-16T15:27:38+08:00 ] 127.0.0.1 /admin.php?c=documentary&a=documentaryDetail&id=154
INFO: [ app_init ] --START--
INFO: Run Behavior\BuildLiteBehavior [ RunTime:0.000023s ]
INFO: [ app_init ] --END-- [ RunTime:0.000597s ]
INFO: [ app_begin ] --START--
INFO: Run Behavior\ReadHtmlCacheBehavior [ RunTime:0.000695s ]
INFO: [ app_begin ] --END-- [ RunTime:0.000779s ]
SQL: SHOW COLUMNS FROM `documentary` [ RunTime:0.1639s ]
SQL: SELECT * FROM `documentary` WHERE ( id=154 ) LIMIT 1   [ RunTime:0.2246s ]
INFO: [ app_end ] --START--
INFO: Run Behavior\ShowPageTraceBehavior [ RunTime:0.001178s ]
INFO: [ app_end ] --END-- [ RunTime:0.001291s ]

[ 2016-06-16T15:28:53+08:00 ] 127.0.0.1 /admin.php?c=documentary&a=documentaryDetail&id=154
INFO: [ app_init ] --START--
INFO: Run Behavior\BuildLiteBehavior [ RunTime:0.000018s ]
INFO: [ app_init ] --END-- [ RunTime:0.000425s ]
INFO: [ app_begin ] --START--
INFO: Run Behavior\ReadHtmlCacheBehavior [ RunTime:0.000614s ]
INFO: [ app_begin ] --END-- [ RunTime:0.000686s ]
SQL: SHOW COLUMNS FROM `documentary` [ RunTime:0.2158s ]
SQL: SELECT * FROM `documentary` WHERE ( id=154 ) LIMIT 1   [ RunTime:0.1617s ]
INFO: [ app_end ] --START--
INFO: Run Behavior\ShowPageTraceBehavior [ RunTime:0.000690s ]
INFO: [ app_end ] --END-- [ RunTime:0.000751s ]

[ 2016-06-16T15:32:17+08:00 ] 127.0.0.1 /admin.php?c=documentary&a=documentaryDetail&id=154
INFO: [ app_init ] --START--
INFO: Run Behavior\BuildLiteBehavior [ RunTime:0.000041s ]
INFO: [ app_init ] --END-- [ RunTime:0.000658s ]
INFO: [ app_begin ] --START--
INFO: Run Behavior\ReadHtmlCacheBehavior [ RunTime:0.000972s ]
INFO: [ app_begin ] --END-- [ RunTime:0.001078s ]
SQL: SHOW COLUMNS FROM `documentary` [ RunTime:0.1725s ]
SQL: SELECT * FROM `documentary` WHERE ( id=154 ) LIMIT 1   [ RunTime:0.2300s ]
INFO: [ app_end ] --START--
INFO: Run Behavior\ShowPageTraceBehavior [ RunTime:0.000712s ]
INFO: [ app_end ] --END-- [ RunTime:0.000777s ]

[ 2016-06-16T15:32:54+08:00 ] 127.0.0.1 /admin.php?c=documentary&a=documentaryDetail&id=154
INFO: [ app_init ] --START--
INFO: Run Behavior\BuildLiteBehavior [ RunTime:0.000034s ]
INFO: [ app_init ] --END-- [ RunTime:0.000623s ]
INFO: [ app_begin ] --START--
INFO: Run Behavior\ReadHtmlCacheBehavior [ RunTime:0.000956s ]
INFO: [ app_begin ] --END-- [ RunTime:0.001077s ]
SQL: SHOW COLUMNS FROM `documentary` [ RunTime:0.1707s ]
SQL: SELECT * FROM `documentary` WHERE ( id=154 ) LIMIT 1   [ RunTime:0.1300s ]
INFO: [ app_end ] --START--
INFO: Run Behavior\ShowPageTraceBehavior [ RunTime:0.000681s ]
INFO: [ app_end ] --END-- [ RunTime:0.000744s ]

[ 2016-06-16T15:33:35+08:00 ] 127.0.0.1 /admin.php?c=documentary&a=documentaryDetail&id=154
INFO: [ app_init ] --START--
INFO: Run Behavior\BuildLiteBehavior [ RunTime:0.000019s ]
INFO: [ app_init ] --END-- [ RunTime:0.000457s ]
INFO: [ app_begin ] --START--
INFO: Run Behavior\ReadHtmlCacheBehavior [ RunTime:0.000932s ]
INFO: [ app_begin ] --END-- [ RunTime:0.001061s ]
SQL: SHOW COLUMNS FROM `documentary` [ RunTime:0.1675s ]
SQL: SELECT * FROM `documentary` WHERE ( id=154 ) LIMIT 1   [ RunTime:0.1520s ]
INFO: [ app_end ] --START--
INFO: Run Behavior\ShowPageTraceBehavior [ RunTime:0.000698s ]
INFO: [ app_end ] --END-- [ RunTime:0.000776s ]

[ 2016-06-16T15:33:49+08:00 ] 127.0.0.1 /admin.php?c=documentary&a=documentaryDetail&id=154
INFO: [ app_init ] --START--
INFO: Run Behavior\BuildLiteBehavior [ RunTime:0.000026s ]
INFO: [ app_init ] --END-- [ RunTime:0.000493s ]
INFO: [ app_begin ] --START--
INFO: Run Behavior\ReadHtmlCacheBehavior [ RunTime:0.000694s ]
INFO: [ app_begin ] --END-- [ RunTime:0.000793s ]
SQL: SHOW COLUMNS FROM `documentary` [ RunTime:0.1574s ]
SQL: SELECT * FROM `documentary` WHERE ( id=154 ) LIMIT 1   [ RunTime:0.2410s ]
INFO: [ app_end ] --START--
INFO: Run Behavior\ShowPageTraceBehavior [ RunTime:0.000644s ]
INFO: [ app_end ] --END-- [ RunTime:0.000715s ]

[ 2016-06-16T15:34:56+08:00 ] 127.0.0.1 /admin.php?c=documentary&a=documentaryDetail&id=154
INFO: [ app_init ] --START--
INFO: Run Behavior\BuildLiteBehavior [ RunTime:0.000017s ]
INFO: [ app_init ] --END-- [ RunTime:0.000366s ]
INFO: [ app_begin ] --START--
INFO: Run Behavior\ReadHtmlCacheBehavior [ RunTime:0.000468s ]
INFO: [ app_begin ] --END-- [ RunTime:0.000541s ]
SQL: SHOW COLUMNS FROM `documentary` [ RunTime:0.1730s ]
SQL: SELECT * FROM `documentary` WHERE ( id=154 ) LIMIT 1   [ RunTime:0.1710s ]
INFO: [ app_end ] --START--
INFO: Run Behavior\ShowPageTraceBehavior [ RunTime:0.001073s ]
INFO: [ app_end ] --END-- [ RunTime:0.001179s ]

[ 2016-06-16T15:35:50+08:00 ] 127.0.0.1 /admin.php?c=documentary&a=documentaryDetail&id=154
INFO: [ app_init ] --START--
INFO: Run Behavior\BuildLiteBehavior [ RunTime:0.000030s ]
INFO: [ app_init ] --END-- [ RunTime:0.000632s ]
INFO: [ app_begin ] --START--
INFO: Run Behavior\ReadHtmlCacheBehavior [ RunTime:0.000862s ]
INFO: [ app_begin ] --END-- [ RunTime:0.000986s ]
SQL: SHOW COLUMNS FROM `documentary` [ RunTime:0.1689s ]
SQL: SELECT * FROM `documentary` WHERE ( id=154 ) LIMIT 1   [ RunTime:0.1777s ]
INFO: [ app_end ] --START--
INFO: Run Behavior\ShowPageTraceBehavior [ RunTime:0.000725s ]
INFO: [ app_end ] --END-- [ RunTime:0.000801s ]

[ 2016-06-16T15:36:28+08:00 ] 127.0.0.1 /admin.php?c=documentary&a=documentaryDetail&id=154
INFO: [ app_init ] --START--
INFO: Run Behavior\BuildLiteBehavior [ RunTime:0.000018s ]
INFO: [ app_init ] --END-- [ RunTime:0.000424s ]
INFO: [ app_begin ] --START--
INFO: Run Behavior\ReadHtmlCacheBehavior [ RunTime:0.000840s ]
INFO: [ app_begin ] --END-- [ RunTime:0.000919s ]
SQL: SHOW COLUMNS FROM `documentary` [ RunTime:0.1593s ]
SQL: SELECT * FROM `documentary` WHERE ( id=154 ) LIMIT 1   [ RunTime:0.1412s ]
INFO: [ app_end ] --START--
INFO: Run Behavior\ShowPageTraceBehavior [ RunTime:0.000800s ]
INFO: [ app_end ] --END-- [ RunTime:0.000873s ]

[ 2016-06-16T15:36:49+08:00 ] 127.0.0.1 /admin.php?c=documentary&a=documentaryDetail&id=154
INFO: [ app_init ] --START--
INFO: Run Behavior\BuildLiteBehavior [ RunTime:0.000018s ]
INFO: [ app_init ] --END-- [ RunTime:0.000358s ]
INFO: [ app_begin ] --START--
INFO: Run Behavior\ReadHtmlCacheBehavior [ RunTime:0.000464s ]
INFO: [ app_begin ] --END-- [ RunTime:0.000534s ]
SQL: SHOW COLUMNS FROM `documentary` [ RunTime:0.1909s ]
SQL: SELECT * FROM `documentary` WHERE ( id=154 ) LIMIT 1   [ RunTime:0.1354s ]
INFO: [ app_end ] --START--
INFO: Run Behavior\ShowPageTraceBehavior [ RunTime:0.000699s ]
INFO: [ app_end ] --END-- [ RunTime:0.000770s ]

[ 2016-06-16T15:37:32+08:00 ] 127.0.0.1 /admin.php?c=documentary&a=documentaryDetail&id=154
INFO: [ app_init ] --START--
INFO: Run Behavior\BuildLiteBehavior [ RunTime:0.000019s ]
INFO: [ app_init ] --END-- [ RunTime:0.000404s ]
INFO: [ app_begin ] --START--
INFO: Run Behavior\ReadHtmlCacheBehavior [ RunTime:0.000649s ]
INFO: [ app_begin ] --END-- [ RunTime:0.000724s ]
SQL: SHOW COLUMNS FROM `documentary` [ RunTime:0.1463s ]
SQL: SELECT * FROM `documentary` WHERE ( id=154 ) LIMIT 1   [ RunTime:0.1503s ]
INFO: [ app_end ] --START--
INFO: Run Behavior\ShowPageTraceBehavior [ RunTime:0.001396s ]
INFO: [ app_end ] --END-- [ RunTime:0.001537s ]

[ 2016-06-16T16:17:53+08:00 ] 127.0.0.1 /admin.php?c=documentary&a=documentaryDetail&id=154
INFO: [ app_init ] --START--
INFO: Run Behavior\BuildLiteBehavior [ RunTime:0.000023s ]
INFO: [ app_init ] --END-- [ RunTime:0.000725s ]
INFO: [ app_begin ] --START--
INFO: Run Behavior\ReadHtmlCacheBehavior [ RunTime:0.001137s ]
INFO: [ app_begin ] --END-- [ RunTime:0.001292s ]
SQL: SHOW COLUMNS FROM `documentary` [ RunTime:0.0801s ]
SQL: SELECT * FROM `documentary` WHERE ( id=154 ) LIMIT 1   [ RunTime:0.0749s ]
INFO: [ app_end ] --START--
INFO: Run Behavior\ShowPageTraceBehavior [ RunTime:0.000728s ]
INFO: [ app_end ] --END-- [ RunTime:0.000789s ]

[ 2016-06-16T16:18:01+08:00 ] 127.0.0.1 /admin.php?c=documentary&a=documentaryDetail&id=154
INFO: [ app_init ] --START--
INFO: Run Behavior\BuildLiteBehavior [ RunTime:0.000038s ]
INFO: [ app_init ] --END-- [ RunTime:0.000741s ]
INFO: [ app_begin ] --START--
INFO: Run Behavior\ReadHtmlCacheBehavior [ RunTime:0.001123s ]
INFO: [ app_begin ] --END-- [ RunTime:0.001350s ]
SQL: SHOW COLUMNS FROM `documentary` [ RunTime:0.0758s ]
SQL: SELECT * FROM `documentary` WHERE ( id=154 ) LIMIT 1   [ RunTime:0.0755s ]
INFO: [ app_end ] --START--
INFO: Run Behavior\ShowPageTraceBehavior [ RunTime:0.000824s ]
INFO: [ app_end ] --END-- [ RunTime:0.000898s ]

