[ 2016-06-17T15:56:26+08:00 ] 127.0.0.1 /admin.php
INFO: [ app_init ] --START--
INFO: Run Behavior\BuildLiteBehavior [ RunTime:0.000027s ]
INFO: [ app_init ] --END-- [ RunTime:0.000549s ]
INFO: [ app_begin ] --START--
INFO: Run Behavior\ReadHtmlCacheBehavior [ RunTime:0.000446s ]
INFO: [ app_begin ] --END-- [ RunTime:0.000523s ]

[ 2016-06-17T15:56:26+08:00 ] 127.0.0.1 /admin.php?c=login
INFO: [ app_init ] --START--
INFO: Run Behavior\BuildLiteBehavior [ RunTime:0.000017s ]
INFO: [ app_init ] --END-- [ RunTime:0.000346s ]
INFO: [ app_begin ] --START--
INFO: Run Behavior\ReadHtmlCacheBehavior [ RunTime:0.000409s ]
INFO: [ app_begin ] --END-- [ RunTime:0.000471s ]
INFO: [ view_parse ] --START--
INFO: [ template_filter ] --START--
INFO: Run Behavior\ContentReplaceBehavior [ RunTime:0.000064s ]
INFO: [ template_filter ] --END-- [ RunTime:0.000148s ]
INFO: Run Behavior\ParseTemplateBehavior [ RunTime:0.029442s ]
INFO: [ view_parse ] --END-- [ RunTime:0.029542s ]
INFO: [ view_filter ] --START--
INFO: Run Behavior\WriteHtmlCacheBehavior [ RunTime:0.000232s ]
INFO: [ view_filter ] --END-- [ RunTime:0.000283s ]
INFO: [ app_end ] --START--
INFO: Run Behavior\ShowPageTraceBehavior [ RunTime:0.000549s ]
INFO: [ app_end ] --END-- [ RunTime:0.000605s ]

[ 2016-06-17T15:56:30+08:00 ] 127.0.0.1 /admin.php?c=login&a=auth
INFO: [ app_init ] --START--
INFO: Run Behavior\BuildLiteBehavior [ RunTime:0.000017s ]
INFO: [ app_init ] --END-- [ RunTime:0.000330s ]
INFO: [ app_begin ] --START--
INFO: Run Behavior\ReadHtmlCacheBehavior [ RunTime:0.000409s ]
INFO: [ app_begin ] --END-- [ RunTime:0.000471s ]
SQL: SHOW COLUMNS FROM `admin` [ RunTime:0.0981s ]
SQL: SELECT * FROM `admin` WHERE ( username='admin' ) LIMIT 1   [ RunTime:0.1014s ]
INFO: [ view_parse ] --START--
INFO: [ template_filter ] --START--
INFO: Run Behavior\ContentReplaceBehavior [ RunTime:0.000051s ]
INFO: [ template_filter ] --END-- [ RunTime:0.000128s ]
INFO: Run Behavior\ParseTemplateBehavior [ RunTime:0.469013s ]
INFO: [ view_parse ] --END-- [ RunTime:0.469121s ]
INFO: [ view_filter ] --START--
INFO: Run Behavior\WriteHtmlCacheBehavior [ RunTime:0.000223s ]
INFO: [ view_filter ] --END-- [ RunTime:0.000273s ]
INFO: [ app_end ] --START--
INFO: Run Behavior\ShowPageTraceBehavior [ RunTime:0.000538s ]
INFO: [ app_end ] --END-- [ RunTime:0.000592s ]

[ 2016-06-17T15:56:32+08:00 ] 127.0.0.1 /admin.php
INFO: [ app_init ] --START--
INFO: Run Behavior\BuildLiteBehavior [ RunTime:0.000017s ]
INFO: [ app_init ] --END-- [ RunTime:0.000366s ]
INFO: [ app_begin ] --START--
INFO: Run Behavior\ReadHtmlCacheBehavior [ RunTime:0.000429s ]
INFO: [ app_begin ] --END-- [ RunTime:0.000503s ]
INFO: [ view_parse ] --START--
INFO: [ template_filter ] --START--
INFO: Run Behavior\ContentReplaceBehavior [ RunTime:0.000137s ]
INFO: [ template_filter ] --END-- [ RunTime:0.000273s ]
INFO: Run Behavior\ParseTemplateBehavior [ RunTime:0.410636s ]
INFO: [ view_parse ] --END-- [ RunTime:0.410748s ]
INFO: [ view_filter ] --START--
INFO: Run Behavior\WriteHtmlCacheBehavior [ RunTime:0.000439s ]
INFO: [ view_filter ] --END-- [ RunTime:0.000539s ]
INFO: [ app_end ] --START--
INFO: Run Behavior\ShowPageTraceBehavior [ RunTime:0.000950s ]
INFO: [ app_end ] --END-- [ RunTime:0.001065s ]

[ 2016-06-17T15:56:41+08:00 ] 127.0.0.1 /admin.php?c=documentary&a=newdocumentary
INFO: [ app_init ] --START--
INFO: Run Behavior\BuildLiteBehavior [ RunTime:0.000036s ]
INFO: [ app_init ] --END-- [ RunTime:0.000599s ]
INFO: [ app_begin ] --START--
INFO: Run Behavior\ReadHtmlCacheBehavior [ RunTime:0.000913s ]
INFO: [ app_begin ] --END-- [ RunTime:0.001073s ]
NOTIC: [8] Use of undefined constant title - assumed 'title' G:\CODE\kepuwang\Application\Home\Controller\DocumentaryController.class.php 第 13 行.
NOTIC: [8] Use of undefined constant maincontent - assumed 'maincontent' G:\CODE\kepuwang\Application\Home\Controller\DocumentaryController.class.php 第 14 行.
NOTIC: [8] Use of undefined constant thumbnail - assumed 'thumbnail' G:\CODE\kepuwang\Application\Home\Controller\DocumentaryController.class.php 第 15 行.
SQL: SHOW COLUMNS FROM `documentary` [ RunTime:0.1042s ]
SQL: INSERT INTO `documentary` (`title`,`maincontent`,`thumbnail`,`abstract`) VALUES ('','','','') [ RunTime:0.0987s ]
SQL: SHOW COLUMNS FROM `sets` [ RunTime:0.1042s ]
SQL: DELETE FROM `sets` WHERE ( documentaryId=238 ) [ RunTime:0.1009s ]
NOTIC: [8] Use of undefined constant documentaryId - assumed 'documentaryId' G:\CODE\kepuwang\Application\Home\Controller\DocumentaryController.class.php 第 38 行.
NOTIC: [8] Use of undefined constant titile - assumed 'titile' G:\CODE\kepuwang\Application\Home\Controller\DocumentaryController.class.php 第 39 行.
NOTIC: [8] Use of undefined constant code - assumed 'code' G:\CODE\kepuwang\Application\Home\Controller\DocumentaryController.class.php 第 40 行.
SQL: INSERT INTO `sets` (`documentaryId`,`code`) VALUES ('238','') [ RunTime:0.1041s ]
INFO: [ app_end ] --START--
INFO: Run Behavior\ShowPageTraceBehavior [ RunTime:0.000744s ]
INFO: [ app_end ] --END-- [ RunTime:0.000825s ]

[ 2016-06-17T15:56:52+08:00 ] 127.0.0.1 /admin.php?c=documentary&a=newdocumentary
INFO: [ app_init ] --START--
INFO: Run Behavior\BuildLiteBehavior [ RunTime:0.000019s ]
INFO: [ app_init ] --END-- [ RunTime:0.000378s ]
INFO: [ app_begin ] --START--
INFO: Run Behavior\ReadHtmlCacheBehavior [ RunTime:0.000466s ]
INFO: [ app_begin ] --END-- [ RunTime:0.000540s ]
NOTIC: [8] Use of undefined constant title - assumed 'title' G:\CODE\kepuwang\Application\Home\Controller\DocumentaryController.class.php 第 13 行.
NOTIC: [8] Use of undefined constant maincontent - assumed 'maincontent' G:\CODE\kepuwang\Application\Home\Controller\DocumentaryController.class.php 第 14 行.
NOTIC: [8] Use of undefined constant thumbnail - assumed 'thumbnail' G:\CODE\kepuwang\Application\Home\Controller\DocumentaryController.class.php 第 15 行.
SQL: SHOW COLUMNS FROM `documentary` [ RunTime:0.1046s ]
SQL: INSERT INTO `documentary` (`title`,`maincontent`,`thumbnail`,`abstract`) VALUES ('','&lt;p&gt;sdsd&lt;/p&gt;','','sds') [ RunTime:0.0983s ]
SQL: SHOW COLUMNS FROM `sets` [ RunTime:0.1046s ]
SQL: DELETE FROM `sets` WHERE ( documentaryId=239 ) [ RunTime:0.1007s ]
NOTIC: [8] Use of undefined constant documentaryId - assumed 'documentaryId' G:\CODE\kepuwang\Application\Home\Controller\DocumentaryController.class.php 第 38 行.
NOTIC: [8] Use of undefined constant titile - assumed 'titile' G:\CODE\kepuwang\Application\Home\Controller\DocumentaryController.class.php 第 39 行.
NOTIC: [8] Use of undefined constant code - assumed 'code' G:\CODE\kepuwang\Application\Home\Controller\DocumentaryController.class.php 第 40 行.
SQL: INSERT INTO `sets` (`documentaryId`,`code`) VALUES ('239','sds') [ RunTime:0.1016s ]
INFO: [ app_end ] --START--
INFO: Run Behavior\ShowPageTraceBehavior [ RunTime:0.000613s ]
INFO: [ app_end ] --END-- [ RunTime:0.000691s ]

[ 2016-06-17T15:57:41+08:00 ] 127.0.0.1 /admin.php?c=documentary&a=newdocumentary
INFO: [ app_init ] --START--
INFO: Run Behavior\BuildLiteBehavior [ RunTime:0.000025s ]
INFO: [ app_init ] --END-- [ RunTime:0.000475s ]
INFO: [ app_begin ] --START--
INFO: Run Behavior\ReadHtmlCacheBehavior [ RunTime:0.001277s ]
INFO: [ app_begin ] --END-- [ RunTime:0.002225s ]
NOTIC: [8] Use of undefined constant title - assumed 'title' G:\CODE\kepuwang\Application\Home\Controller\DocumentaryController.class.php 第 13 行.
NOTIC: [8] Use of undefined constant maincontent - assumed 'maincontent' G:\CODE\kepuwang\Application\Home\Controller\DocumentaryController.class.php 第 14 行.
NOTIC: [8] Use of undefined constant thumbnail - assumed 'thumbnail' G:\CODE\kepuwang\Application\Home\Controller\DocumentaryController.class.php 第 15 行.
SQL: SHOW COLUMNS FROM `documentary` [ RunTime:0.1045s ]
SQL: INSERT INTO `documentary` (`title`,`maincontent`,`thumbnail`,`abstract`) VALUES ('dfdfdfd','&lt;p&gt;dfd&lt;/p&gt;','','dfdf') [ RunTime:0.1112s ]
SQL: SHOW COLUMNS FROM `sets` [ RunTime:0.0917s ]
SQL: DELETE FROM `sets` WHERE ( documentaryId=240 ) [ RunTime:0.0983s ]
NOTIC: [8] Use of undefined constant documentaryId - assumed 'documentaryId' G:\CODE\kepuwang\Application\Home\Controller\DocumentaryController.class.php 第 38 行.
NOTIC: [8] Use of undefined constant titile - assumed 'titile' G:\CODE\kepuwang\Application\Home\Controller\DocumentaryController.class.php 第 39 行.
NOTIC: [8] Use of undefined constant code - assumed 'code' G:\CODE\kepuwang\Application\Home\Controller\DocumentaryController.class.php 第 40 行.
SQL: INSERT INTO `sets` (`documentaryId`,`code`) VALUES ('240','dfdf') [ RunTime:0.1022s ]
NOTIC: [8] Use of undefined constant documentaryId - assumed 'documentaryId' G:\CODE\kepuwang\Application\Home\Controller\DocumentaryController.class.php 第 38 行.
NOTIC: [8] Use of undefined constant titile - assumed 'titile' G:\CODE\kepuwang\Application\Home\Controller\DocumentaryController.class.php 第 39 行.
NOTIC: [8] Use of undefined constant code - assumed 'code' G:\CODE\kepuwang\Application\Home\Controller\DocumentaryController.class.php 第 40 行.
SQL: INSERT INTO `sets` (`documentaryId`,`code`) VALUES ('240','dfddfdfd') [ RunTime:0.1028s ]
INFO: [ app_end ] --START--
INFO: Run Behavior\ShowPageTraceBehavior [ RunTime:0.000653s ]
INFO: [ app_end ] --END-- [ RunTime:0.000713s ]

[ 2016-06-17T15:59:27+08:00 ] 127.0.0.1 /admin.php
INFO: [ app_init ] --START--
INFO: Run Behavior\BuildLiteBehavior [ RunTime:0.000016s ]
INFO: [ app_init ] --END-- [ RunTime:0.000356s ]
INFO: [ app_begin ] --START--
INFO: Run Behavior\ReadHtmlCacheBehavior [ RunTime:0.000820s ]
INFO: [ app_begin ] --END-- [ RunTime:0.000909s ]
INFO: [ view_parse ] --START--
INFO: [ template_filter ] --START--
INFO: Run Behavior\ContentReplaceBehavior [ RunTime:0.000207s ]
INFO: [ template_filter ] --END-- [ RunTime:0.000351s ]
INFO: Run Behavior\ParseTemplateBehavior [ RunTime:0.031448s ]
INFO: [ view_parse ] --END-- [ RunTime:0.031539s ]
INFO: [ view_filter ] --START--
INFO: Run Behavior\WriteHtmlCacheBehavior [ RunTime:0.000288s ]
INFO: [ view_filter ] --END-- [ RunTime:0.000338s ]
INFO: [ app_end ] --START--
INFO: Run Behavior\ShowPageTraceBehavior [ RunTime:0.004697s ]
INFO: [ app_end ] --END-- [ RunTime:0.004883s ]

[ 2016-06-17T15:59:37+08:00 ] 127.0.0.1 /admin.php?c=documentary&a=documentaryDetail&id=240
INFO: [ app_init ] --START--
INFO: Run Behavior\BuildLiteBehavior [ RunTime:0.000038s ]
INFO: [ app_init ] --END-- [ RunTime:0.000666s ]
INFO: [ app_begin ] --START--
INFO: Run Behavior\ReadHtmlCacheBehavior [ RunTime:0.000952s ]
INFO: [ app_begin ] --END-- [ RunTime:0.001082s ]
SQL: SHOW COLUMNS FROM `documentary` [ RunTime:0.1044s ]
SQL: SELECT * FROM `documentary` WHERE ( id=240 ) LIMIT 1   [ RunTime:0.0998s ]
INFO: [ app_end ] --START--
INFO: Run Behavior\ShowPageTraceBehavior [ RunTime:0.000690s ]
INFO: [ app_end ] --END-- [ RunTime:0.000752s ]

[ 2016-06-17T15:59:37+08:00 ] 127.0.0.1 /admin.php?c=documentary&a=setDetail&id=240
INFO: [ app_init ] --START--
INFO: Run Behavior\BuildLiteBehavior [ RunTime:0.000029s ]
INFO: [ app_init ] --END-- [ RunTime:0.000656s ]
INFO: [ app_begin ] --START--
INFO: Run Behavior\ReadHtmlCacheBehavior [ RunTime:0.001188s ]
INFO: [ app_begin ] --END-- [ RunTime:0.001383s ]
SQL: SHOW COLUMNS FROM `sets` [ RunTime:0.1058s ]
SQL: SELECT * FROM `sets` WHERE ( documentaryId=240 )  [ RunTime:0.1006s ]
INFO: [ app_end ] --START--
INFO: Run Behavior\ShowPageTraceBehavior [ RunTime:0.000774s ]
INFO: [ app_end ] --END-- [ RunTime:0.000863s ]

[ 2016-06-17T16:00:17+08:00 ] 127.0.0.1 /admin.php?c=documentary&a=newdocumentary
INFO: [ app_init ] --START--
INFO: Run Behavior\BuildLiteBehavior [ RunTime:0.000019s ]
INFO: [ app_init ] --END-- [ RunTime:0.000379s ]
INFO: [ app_begin ] --START--
INFO: Run Behavior\ReadHtmlCacheBehavior [ RunTime:0.000593s ]
INFO: [ app_begin ] --END-- [ RunTime:0.000689s ]
NOTIC: [8] Use of undefined constant title - assumed 'title' G:\CODE\kepuwang\Application\Home\Controller\DocumentaryController.class.php 第 13 行.
NOTIC: [8] Use of undefined constant maincontent - assumed 'maincontent' G:\CODE\kepuwang\Application\Home\Controller\DocumentaryController.class.php 第 14 行.
NOTIC: [8] Use of undefined constant thumbnail - assumed 'thumbnail' G:\CODE\kepuwang\Application\Home\Controller\DocumentaryController.class.php 第 15 行.
SQL: SHOW COLUMNS FROM `documentary` [ RunTime:0.1027s ]
SQL: UPDATE `documentary` SET `title`='dfdfdfd',`maincontent`='&lt;p&gt;dfd&lt;/p&gt;',`thumbnail`='',`abstract`='dfdf' WHERE ( id=240 ) [ RunTime:0.1167s ]
SQL: SHOW COLUMNS FROM `sets` [ RunTime:0.0991s ]
SQL: DELETE FROM `sets` WHERE ( documentaryId=240 ) [ RunTime:0.0865s ]
NOTIC: [8] Use of undefined constant documentaryId - assumed 'documentaryId' G:\CODE\kepuwang\Application\Home\Controller\DocumentaryController.class.php 第 38 行.
NOTIC: [8] Use of undefined constant title - assumed 'title' G:\CODE\kepuwang\Application\Home\Controller\DocumentaryController.class.php 第 39 行.
NOTIC: [8] Use of undefined constant code - assumed 'code' G:\CODE\kepuwang\Application\Home\Controller\DocumentaryController.class.php 第 40 行.
SQL: INSERT INTO `sets` (`documentaryId`,`title`,`code`) VALUES ('240','erer','dfdf') [ RunTime:0.1015s ]
NOTIC: [8] Use of undefined constant documentaryId - assumed 'documentaryId' G:\CODE\kepuwang\Application\Home\Controller\DocumentaryController.class.php 第 38 行.
NOTIC: [8] Use of undefined constant title - assumed 'title' G:\CODE\kepuwang\Application\Home\Controller\DocumentaryController.class.php 第 39 行.
NOTIC: [8] Use of undefined constant code - assumed 'code' G:\CODE\kepuwang\Application\Home\Controller\DocumentaryController.class.php 第 40 行.
SQL: INSERT INTO `sets` (`documentaryId`,`title`,`code`) VALUES ('240','erer','dfddfdfd') [ RunTime:0.1035s ]
INFO: [ app_end ] --START--
INFO: Run Behavior\ShowPageTraceBehavior [ RunTime:0.000657s ]
INFO: [ app_end ] --END-- [ RunTime:0.000717s ]

[ 2016-06-17T16:00:20+08:00 ] 127.0.0.1 /admin.php
INFO: [ app_init ] --START--
INFO: Run Behavior\BuildLiteBehavior [ RunTime:0.000032s ]
INFO: [ app_init ] --END-- [ RunTime:0.000610s ]
INFO: [ app_begin ] --START--
INFO: Run Behavior\ReadHtmlCacheBehavior [ RunTime:0.000891s ]
INFO: [ app_begin ] --END-- [ RunTime:0.001060s ]
INFO: [ view_parse ] --START--
INFO: [ template_filter ] --START--
INFO: Run Behavior\ContentReplaceBehavior [ RunTime:0.000089s ]
INFO: [ template_filter ] --END-- [ RunTime:0.000188s ]
INFO: Run Behavior\ParseTemplateBehavior [ RunTime:0.040828s ]
INFO: [ view_parse ] --END-- [ RunTime:0.040969s ]
INFO: [ view_filter ] --START--
INFO: Run Behavior\WriteHtmlCacheBehavior [ RunTime:0.000224s ]
INFO: [ view_filter ] --END-- [ RunTime:0.000274s ]
INFO: [ app_end ] --START--
INFO: Run Behavior\ShowPageTraceBehavior [ RunTime:0.002533s ]
INFO: [ app_end ] --END-- [ RunTime:0.002721s ]

[ 2016-06-17T16:00:21+08:00 ] 127.0.0.1 /admin.php?c=documentary&a=setDetail&id=240
INFO: [ app_init ] --START--
INFO: Run Behavior\BuildLiteBehavior [ RunTime:0.000032s ]
INFO: [ app_init ] --END-- [ RunTime:0.000723s ]
INFO: [ app_begin ] --START--
INFO: Run Behavior\ReadHtmlCacheBehavior [ RunTime:0.000990s ]
INFO: [ app_begin ] --END-- [ RunTime:0.001112s ]
SQL: SHOW COLUMNS FROM `sets` [ RunTime:0.1047s ]
SQL: SELECT * FROM `sets` WHERE ( documentaryId=240 )  [ RunTime:0.1077s ]
INFO: [ app_end ] --START--
INFO: Run Behavior\ShowPageTraceBehavior [ RunTime:0.000777s ]
INFO: [ app_end ] --END-- [ RunTime:0.000848s ]

[ 2016-06-17T16:00:22+08:00 ] 127.0.0.1 /admin.php?c=documentary&a=documentaryDetail&id=240
INFO: [ app_init ] --START--
INFO: Run Behavior\BuildLiteBehavior [ RunTime:0.000027s ]
INFO: [ app_init ] --END-- [ RunTime:0.000674s ]
INFO: [ app_begin ] --START--
INFO: Run Behavior\ReadHtmlCacheBehavior [ RunTime:0.000928s ]
INFO: [ app_begin ] --END-- [ RunTime:0.001057s ]
SQL: SHOW COLUMNS FROM `documentary` [ RunTime:0.1018s ]
SQL: SELECT * FROM `documentary` WHERE ( id=240 ) LIMIT 1   [ RunTime:0.0989s ]
INFO: [ app_end ] --START--
INFO: Run Behavior\ShowPageTraceBehavior [ RunTime:0.000619s ]
INFO: [ app_end ] --END-- [ RunTime:0.000692s ]

[ 2016-06-17T16:00:30+08:00 ] 127.0.0.1 /admin.php?c=documentary&a=setDetail&id=157
INFO: [ app_init ] --START--
INFO: Run Behavior\BuildLiteBehavior [ RunTime:0.000033s ]
INFO: [ app_init ] --END-- [ RunTime:0.000519s ]
INFO: [ app_begin ] --START--
INFO: Run Behavior\ReadHtmlCacheBehavior [ RunTime:0.000709s ]
INFO: [ app_begin ] --END-- [ RunTime:0.000825s ]
SQL: SHOW COLUMNS FROM `sets` [ RunTime:0.1004s ]
SQL: SELECT * FROM `sets` WHERE ( documentaryId=157 )  [ RunTime:0.0992s ]
INFO: [ app_end ] --START--
INFO: Run Behavior\ShowPageTraceBehavior [ RunTime:0.000524s ]
INFO: [ app_end ] --END-- [ RunTime:0.000584s ]

[ 2016-06-17T16:02:56+08:00 ] 127.0.0.1 /admin.php?c=documentary&a=setDetail&id=157
INFO: [ app_init ] --START--
INFO: Run Behavior\BuildLiteBehavior [ RunTime:0.000017s ]
INFO: [ app_init ] --END-- [ RunTime:0.000323s ]
INFO: [ app_begin ] --START--
INFO: Run Behavior\ReadHtmlCacheBehavior [ RunTime:0.000434s ]
INFO: [ app_begin ] --END-- [ RunTime:0.000507s ]
SQL: SHOW COLUMNS FROM `sets` [ RunTime:0.1079s ]
SQL: SELECT * FROM `sets` WHERE ( documentaryId=157 )  [ RunTime:0.1008s ]
INFO: [ app_end ] --START--
INFO: Run Behavior\ShowPageTraceBehavior [ RunTime:0.000586s ]
INFO: [ app_end ] --END-- [ RunTime:0.000655s ]

[ 2016-06-17T16:03:12+08:00 ] 127.0.0.1 /admin.php?c=documentary&a=newdocumentary
INFO: [ app_init ] --START--
INFO: Run Behavior\BuildLiteBehavior [ RunTime:0.000031s ]
INFO: [ app_init ] --END-- [ RunTime:0.000569s ]
INFO: [ app_begin ] --START--
INFO: Run Behavior\ReadHtmlCacheBehavior [ RunTime:0.001092s ]
INFO: [ app_begin ] --END-- [ RunTime:0.001255s ]
NOTIC: [8] Use of undefined constant title - assumed 'title' G:\CODE\kepuwang\Application\Home\Controller\DocumentaryController.class.php 第 13 行.
NOTIC: [8] Use of undefined constant maincontent - assumed 'maincontent' G:\CODE\kepuwang\Application\Home\Controller\DocumentaryController.class.php 第 14 行.
NOTIC: [8] Use of undefined constant thumbnail - assumed 'thumbnail' G:\CODE\kepuwang\Application\Home\Controller\DocumentaryController.class.php 第 15 行.
SQL: SHOW COLUMNS FROM `documentary` [ RunTime:0.0982s ]
SQL: INSERT INTO `documentary` (`title`,`maincontent`,`thumbnail`,`abstract`) VALUES ('','','','') [ RunTime:0.0984s ]
SQL: SHOW COLUMNS FROM `sets` [ RunTime:0.1008s ]
SQL: DELETE FROM `sets` WHERE ( documentaryId=241 ) [ RunTime:0.0985s ]
NOTIC: [8] Use of undefined constant documentaryId - assumed 'documentaryId' G:\CODE\kepuwang\Application\Home\Controller\DocumentaryController.class.php 第 38 行.
NOTIC: [8] Use of undefined constant title - assumed 'title' G:\CODE\kepuwang\Application\Home\Controller\DocumentaryController.class.php 第 39 行.
NOTIC: [8] Use of undefined constant code - assumed 'code' G:\CODE\kepuwang\Application\Home\Controller\DocumentaryController.class.php 第 40 行.
SQL: INSERT INTO `sets` (`documentaryId`,`title`,`code`) VALUES ('241','sds','sdsd') [ RunTime:0.1025s ]
INFO: [ app_end ] --START--
INFO: Run Behavior\ShowPageTraceBehavior [ RunTime:0.000656s ]
INFO: [ app_end ] --END-- [ RunTime:0.000717s ]

[ 2016-06-17T16:03:53+08:00 ] 127.0.0.1 /admin.php?c=documentary&a=setDetail&id=240
INFO: [ app_init ] --START--
INFO: Run Behavior\BuildLiteBehavior [ RunTime:0.000090s ]
INFO: [ app_init ] --END-- [ RunTime:0.001008s ]
INFO: [ app_begin ] --START--
INFO: Run Behavior\ReadHtmlCacheBehavior [ RunTime:0.000466s ]
INFO: [ app_begin ] --END-- [ RunTime:0.000554s ]
SQL: SHOW COLUMNS FROM `sets` [ RunTime:0.1044s ]
SQL: SELECT * FROM `sets` WHERE ( documentaryId=240 )  [ RunTime:0.0985s ]
INFO: [ app_end ] --START--
INFO: Run Behavior\ShowPageTraceBehavior [ RunTime:0.000607s ]
INFO: [ app_end ] --END-- [ RunTime:0.000678s ]

[ 2016-06-17T16:03:57+08:00 ] 127.0.0.1 /admin.php?c=article&a=newContent&id=18&articleType=6
INFO: [ app_init ] --START--
INFO: Run Behavior\BuildLiteBehavior [ RunTime:0.000035s ]
INFO: [ app_init ] --END-- [ RunTime:0.000602s ]
INFO: [ app_begin ] --START--
INFO: Run Behavior\ReadHtmlCacheBehavior [ RunTime:0.000766s ]
INFO: [ app_begin ] --END-- [ RunTime:0.000903s ]
NOTIC: [8] Use of undefined constant id - assumed 'id' G:\CODE\kepuwang\Application\Home\Controller\ArticleController.class.php 第 80 行.
SQL: SHOW COLUMNS FROM `sets` [ RunTime:0.1046s ]
SQL: SELECT `id`,`title`,`content` FROM `sets` WHERE `id` = 18  [ RunTime:0.1012s ]
INFO: [ app_end ] --START--
INFO: Run Behavior\ShowPageTraceBehavior [ RunTime:0.000643s ]
INFO: [ app_end ] --END-- [ RunTime:0.000709s ]

[ 2016-06-17T16:04:02+08:00 ] 127.0.0.1 /admin.php?c=article&a=saveContent&articleType=6
INFO: [ app_init ] --START--
INFO: Run Behavior\BuildLiteBehavior [ RunTime:0.000020s ]
INFO: [ app_init ] --END-- [ RunTime:0.000612s ]
INFO: [ app_begin ] --START--
INFO: Run Behavior\ReadHtmlCacheBehavior [ RunTime:0.000485s ]
INFO: [ app_begin ] --END-- [ RunTime:0.000562s ]
NOTIC: [8] Use of undefined constant id - assumed 'id' G:\CODE\kepuwang\Application\Home\Controller\ArticleController.class.php 第 112 行.
NOTIC: [8] Use of undefined constant content - assumed 'content' G:\CODE\kepuwang\Application\Home\Controller\ArticleController.class.php 第 113 行.
SQL: SHOW COLUMNS FROM `sets` [ RunTime:0.1007s ]
SQL: UPDATE `sets` SET `content`='&lt;p&gt;dfvcvcvbcv&lt;/p&gt;' WHERE `id` = 18 [ RunTime:0.0998s ]
INFO: [ app_end ] --START--
INFO: Run Behavior\ShowPageTraceBehavior [ RunTime:0.000573s ]
INFO: [ app_end ] --END-- [ RunTime:0.000636s ]

[ 2016-06-17T16:04:14+08:00 ] 127.0.0.1 /admin.php?c=article&a=saveContent&articleType=6
INFO: [ app_init ] --START--
INFO: Run Behavior\BuildLiteBehavior [ RunTime:0.000018s ]
INFO: [ app_init ] --END-- [ RunTime:0.000362s ]
INFO: [ app_begin ] --START--
INFO: Run Behavior\ReadHtmlCacheBehavior [ RunTime:0.000517s ]
INFO: [ app_begin ] --END-- [ RunTime:0.000624s ]
NOTIC: [8] Use of undefined constant id - assumed 'id' G:\CODE\kepuwang\Application\Home\Controller\ArticleController.class.php 第 112 行.
NOTIC: [8] Use of undefined constant content - assumed 'content' G:\CODE\kepuwang\Application\Home\Controller\ArticleController.class.php 第 113 行.
SQL: SHOW COLUMNS FROM `sets` [ RunTime:0.1062s ]
SQL: UPDATE `sets` SET `content`='&lt;p&gt;dfvcvcvbcv&lt;/p&gt;' WHERE `id` = 18 [ RunTime:0.1039s ]
INFO: [ app_end ] --START--
INFO: Run Behavior\ShowPageTraceBehavior [ RunTime:0.000599s ]
INFO: [ app_end ] --END-- [ RunTime:0.000659s ]

[ 2016-06-17T16:04:18+08:00 ] 127.0.0.1 /admin.php?c=documentary&a=setDetail&id=240
INFO: [ app_init ] --START--
INFO: Run Behavior\BuildLiteBehavior [ RunTime:0.000024s ]
INFO: [ app_init ] --END-- [ RunTime:0.000455s ]
INFO: [ app_begin ] --START--
INFO: Run Behavior\ReadHtmlCacheBehavior [ RunTime:0.000537s ]
INFO: [ app_begin ] --END-- [ RunTime:0.000638s ]
SQL: SHOW COLUMNS FROM `sets` [ RunTime:0.1065s ]
SQL: SELECT * FROM `sets` WHERE ( documentaryId=240 )  [ RunTime:0.0967s ]
INFO: [ app_end ] --START--
INFO: Run Behavior\ShowPageTraceBehavior [ RunTime:0.000621s ]
INFO: [ app_end ] --END-- [ RunTime:0.000691s ]

[ 2016-06-17T16:04:19+08:00 ] 127.0.0.1 /admin.php
INFO: [ app_init ] --START--
INFO: Run Behavior\BuildLiteBehavior [ RunTime:0.000028s ]
INFO: [ app_init ] --END-- [ RunTime:0.000544s ]
INFO: [ app_begin ] --START--
INFO: Run Behavior\ReadHtmlCacheBehavior [ RunTime:0.000774s ]
INFO: [ app_begin ] --END-- [ RunTime:0.000900s ]
INFO: [ view_parse ] --START--
INFO: [ template_filter ] --START--
INFO: Run Behavior\ContentReplaceBehavior [ RunTime:0.000300s ]
INFO: [ template_filter ] --END-- [ RunTime:0.000681s ]
INFO: Run Behavior\ParseTemplateBehavior [ RunTime:0.033480s ]
INFO: [ view_parse ] --END-- [ RunTime:0.033611s ]
INFO: [ view_filter ] --START--
INFO: Run Behavior\WriteHtmlCacheBehavior [ RunTime:0.000413s ]
INFO: [ view_filter ] --END-- [ RunTime:0.000478s ]
INFO: [ app_end ] --START--
INFO: Run Behavior\ShowPageTraceBehavior [ RunTime:0.000573s ]
INFO: [ app_end ] --END-- [ RunTime:0.000671s ]

[ 2016-06-17T16:04:20+08:00 ] 127.0.0.1 /admin.php?c=documentary&a=setDetail&id=240
INFO: [ app_init ] --START--
INFO: Run Behavior\BuildLiteBehavior [ RunTime:0.000020s ]
INFO: [ app_init ] --END-- [ RunTime:0.000370s ]
INFO: [ app_begin ] --START--
INFO: Run Behavior\ReadHtmlCacheBehavior [ RunTime:0.000559s ]
INFO: [ app_begin ] --END-- [ RunTime:0.000665s ]
SQL: SHOW COLUMNS FROM `sets` [ RunTime:0.1164s ]
SQL: SELECT * FROM `sets` WHERE ( documentaryId=240 )  [ RunTime:0.0900s ]
INFO: [ app_end ] --START--
INFO: Run Behavior\ShowPageTraceBehavior [ RunTime:0.000583s ]
INFO: [ app_end ] --END-- [ RunTime:0.000646s ]

[ 2016-06-17T16:04:23+08:00 ] 127.0.0.1 /admin.php?c=article&a=newContent&id=17&articleType=6
INFO: [ app_init ] --START--
INFO: Run Behavior\BuildLiteBehavior [ RunTime:0.000037s ]
INFO: [ app_init ] --END-- [ RunTime:0.000752s ]
INFO: [ app_begin ] --START--
INFO: Run Behavior\ReadHtmlCacheBehavior [ RunTime:0.001187s ]
INFO: [ app_begin ] --END-- [ RunTime:0.001651s ]
NOTIC: [8] Use of undefined constant id - assumed 'id' G:\CODE\kepuwang\Application\Home\Controller\ArticleController.class.php 第 80 行.
SQL: SHOW COLUMNS FROM `sets` [ RunTime:0.1044s ]
SQL: SELECT `id`,`title`,`content` FROM `sets` WHERE `id` = 17  [ RunTime:0.0993s ]
INFO: [ app_end ] --START--
INFO: Run Behavior\ShowPageTraceBehavior [ RunTime:0.000609s ]
INFO: [ app_end ] --END-- [ RunTime:0.000677s ]

[ 2016-06-17T16:15:34+08:00 ] 127.0.0.1 /admin.php?c=documentary&a=setDetail&id=240
INFO: [ app_init ] --START--
INFO: Run Behavior\BuildLiteBehavior [ RunTime:0.000019s ]
INFO: [ app_init ] --END-- [ RunTime:0.000421s ]
INFO: [ app_begin ] --START--
INFO: Run Behavior\ReadHtmlCacheBehavior [ RunTime:0.000576s ]
INFO: [ app_begin ] --END-- [ RunTime:0.000651s ]
SQL: SHOW COLUMNS FROM `sets` [ RunTime:0.1029s ]
SQL: SELECT * FROM `sets` WHERE ( documentaryId=240 )  [ RunTime:0.1022s ]
INFO: [ app_end ] --START--
INFO: Run Behavior\ShowPageTraceBehavior [ RunTime:0.000625s ]
INFO: [ app_end ] --END-- [ RunTime:0.000691s ]

[ 2016-06-17T16:15:40+08:00 ] 127.0.0.1 /admin.php
INFO: [ app_init ] --START--
INFO: Run Behavior\BuildLiteBehavior [ RunTime:0.000052s ]
INFO: [ app_init ] --END-- [ RunTime:0.000431s ]
INFO: [ app_begin ] --START--
INFO: Run Behavior\ReadHtmlCacheBehavior [ RunTime:0.000414s ]
INFO: [ app_begin ] --END-- [ RunTime:0.000476s ]
INFO: [ view_parse ] --START--
INFO: [ template_filter ] --START--
INFO: Run Behavior\ContentReplaceBehavior [ RunTime:0.000124s ]
INFO: [ template_filter ] --END-- [ RunTime:0.000261s ]
INFO: Run Behavior\ParseTemplateBehavior [ RunTime:0.031927s ]
INFO: [ view_parse ] --END-- [ RunTime:0.032004s ]
INFO: [ view_filter ] --START--
INFO: Run Behavior\WriteHtmlCacheBehavior [ RunTime:0.000290s ]
INFO: [ view_filter ] --END-- [ RunTime:0.000340s ]
INFO: [ app_end ] --START--
INFO: Run Behavior\ShowPageTraceBehavior [ RunTime:0.000538s ]
INFO: [ app_end ] --END-- [ RunTime:0.000612s ]

[ 2016-06-17T16:17:01+08:00 ] 127.0.0.1 /admin.php
INFO: [ app_init ] --START--
INFO: Run Behavior\BuildLiteBehavior [ RunTime:0.000016s ]
INFO: [ app_init ] --END-- [ RunTime:0.000350s ]
INFO: [ app_begin ] --START--
INFO: Run Behavior\ReadHtmlCacheBehavior [ RunTime:0.000645s ]
INFO: [ app_begin ] --END-- [ RunTime:0.000736s ]
INFO: [ view_parse ] --START--
INFO: [ template_filter ] --START--
INFO: Run Behavior\ContentReplaceBehavior [ RunTime:0.000125s ]
INFO: [ template_filter ] --END-- [ RunTime:0.000230s ]
INFO: Run Behavior\ParseTemplateBehavior [ RunTime:0.026120s ]
INFO: [ view_parse ] --END-- [ RunTime:0.026222s ]
INFO: [ view_filter ] --START--
INFO: Run Behavior\WriteHtmlCacheBehavior [ RunTime:0.000473s ]
INFO: [ view_filter ] --END-- [ RunTime:0.000530s ]
INFO: [ app_end ] --START--
INFO: Run Behavior\ShowPageTraceBehavior [ RunTime:0.001127s ]
INFO: [ app_end ] --END-- [ RunTime:0.001252s ]

[ 2016-06-17T16:17:02+08:00 ] 127.0.0.1 /admin.php
INFO: [ app_init ] --START--
INFO: Run Behavior\BuildLiteBehavior [ RunTime:0.000062s ]
INFO: [ app_init ] --END-- [ RunTime:0.000410s ]
INFO: [ app_begin ] --START--
INFO: Run Behavior\ReadHtmlCacheBehavior [ RunTime:0.000535s ]
INFO: [ app_begin ] --END-- [ RunTime:0.000597s ]
INFO: [ view_parse ] --START--
INFO: [ template_filter ] --START--
INFO: Run Behavior\ContentReplaceBehavior [ RunTime:0.000081s ]
INFO: [ template_filter ] --END-- [ RunTime:0.000166s ]
INFO: Run Behavior\ParseTemplateBehavior [ RunTime:0.032888s ]
INFO: [ view_parse ] --END-- [ RunTime:0.032987s ]
INFO: [ view_filter ] --START--
INFO: Run Behavior\WriteHtmlCacheBehavior [ RunTime:0.000490s ]
INFO: [ view_filter ] --END-- [ RunTime:0.000556s ]
INFO: [ app_end ] --START--
INFO: Run Behavior\ShowPageTraceBehavior [ RunTime:0.000742s ]
INFO: [ app_end ] --END-- [ RunTime:0.000837s ]

[ 2016-06-17T16:17:03+08:00 ] 127.0.0.1 /admin.php
INFO: [ app_init ] --START--
INFO: Run Behavior\BuildLiteBehavior [ RunTime:0.000043s ]
INFO: [ app_init ] --END-- [ RunTime:0.000735s ]
INFO: [ app_begin ] --START--
INFO: Run Behavior\ReadHtmlCacheBehavior [ RunTime:0.001316s ]
INFO: [ app_begin ] --END-- [ RunTime:0.001492s ]
INFO: [ view_parse ] --START--
INFO: [ template_filter ] --START--
INFO: Run Behavior\ContentReplaceBehavior [ RunTime:0.000147s ]
INFO: [ template_filter ] --END-- [ RunTime:0.000337s ]
INFO: Run Behavior\ParseTemplateBehavior [ RunTime:0.045163s ]
INFO: [ view_parse ] --END-- [ RunTime:0.045301s ]
INFO: [ view_filter ] --START--
INFO: Run Behavior\WriteHtmlCacheBehavior [ RunTime:0.000352s ]
INFO: [ view_filter ] --END-- [ RunTime:0.000412s ]
INFO: [ app_end ] --START--
INFO: Run Behavior\ShowPageTraceBehavior [ RunTime:0.000842s ]
INFO: [ app_end ] --END-- [ RunTime:0.000954s ]

[ 2016-06-17T16:17:32+08:00 ] 127.0.0.1 /admin.php?c=documentary&a=setDetail&id=157
INFO: [ app_init ] --START--
INFO: Run Behavior\BuildLiteBehavior [ RunTime:0.000030s ]
INFO: [ app_init ] --END-- [ RunTime:0.000635s ]
INFO: [ app_begin ] --START--
INFO: Run Behavior\ReadHtmlCacheBehavior [ RunTime:0.000786s ]
INFO: [ app_begin ] --END-- [ RunTime:0.000936s ]
SQL: SHOW COLUMNS FROM `sets` [ RunTime:0.1111s ]
SQL: SELECT * FROM `sets` WHERE ( documentaryId=157 )  [ RunTime:0.0942s ]
INFO: [ app_end ] --START--
INFO: Run Behavior\ShowPageTraceBehavior [ RunTime:0.000528s ]
INFO: [ app_end ] --END-- [ RunTime:0.000588s ]

[ 2016-06-17T16:18:22+08:00 ] 127.0.0.1 /admin.php?c=documentary&a=newdocumentary
INFO: [ app_init ] --START--
INFO: Run Behavior\BuildLiteBehavior [ RunTime:0.000021s ]
INFO: [ app_init ] --END-- [ RunTime:0.000366s ]
INFO: [ app_begin ] --START--
INFO: Run Behavior\ReadHtmlCacheBehavior [ RunTime:0.000407s ]
INFO: [ app_begin ] --END-- [ RunTime:0.000472s ]
NOTIC: [8] Use of undefined constant title - assumed 'title' G:\CODE\kepuwang\Application\Home\Controller\DocumentaryController.class.php 第 13 行.
NOTIC: [8] Use of undefined constant maincontent - assumed 'maincontent' G:\CODE\kepuwang\Application\Home\Controller\DocumentaryController.class.php 第 14 行.
NOTIC: [8] Use of undefined constant thumbnail - assumed 'thumbnail' G:\CODE\kepuwang\Application\Home\Controller\DocumentaryController.class.php 第 15 行.
SQL: SHOW COLUMNS FROM `documentary` [ RunTime:0.1076s ]
SQL: INSERT INTO `documentary` (`title`,`maincontent`,`thumbnail`,`abstract`) VALUES ('测试标题','&lt;p&gt;发的发的是&lt;/p&gt;','','简介 简介') [ RunTime:0.0997s ]
SQL: SHOW COLUMNS FROM `sets` [ RunTime:0.1002s ]
SQL: DELETE FROM `sets` WHERE ( documentaryId=242 ) [ RunTime:0.1004s ]
NOTIC: [8] Use of undefined constant documentaryId - assumed 'documentaryId' G:\CODE\kepuwang\Application\Home\Controller\DocumentaryController.class.php 第 38 行.
NOTIC: [8] Use of undefined constant title - assumed 'title' G:\CODE\kepuwang\Application\Home\Controller\DocumentaryController.class.php 第 39 行.
NOTIC: [8] Use of undefined constant code - assumed 'code' G:\CODE\kepuwang\Application\Home\Controller\DocumentaryController.class.php 第 40 行.
SQL: INSERT INTO `sets` (`documentaryId`,`title`,`code`) VALUES ('242','第一集第一集','第一集代码') [ RunTime:0.1025s ]
NOTIC: [8] Use of undefined constant documentaryId - assumed 'documentaryId' G:\CODE\kepuwang\Application\Home\Controller\DocumentaryController.class.php 第 38 行.
NOTIC: [8] Use of undefined constant title - assumed 'title' G:\CODE\kepuwang\Application\Home\Controller\DocumentaryController.class.php 第 39 行.
NOTIC: [8] Use of undefined constant code - assumed 'code' G:\CODE\kepuwang\Application\Home\Controller\DocumentaryController.class.php 第 40 行.
SQL: INSERT INTO `sets` (`documentaryId`,`title`,`code`) VALUES ('242','第二集','第二集代码') [ RunTime:0.1015s ]
INFO: [ app_end ] --START--
INFO: Run Behavior\ShowPageTraceBehavior [ RunTime:0.000695s ]
INFO: [ app_end ] --END-- [ RunTime:0.000756s ]

[ 2016-06-17T16:18:29+08:00 ] 127.0.0.1 /admin.php?c=documentary&a=setDetail&id=242
INFO: [ app_init ] --START--
INFO: Run Behavior\BuildLiteBehavior [ RunTime:0.000024s ]
INFO: [ app_init ] --END-- [ RunTime:0.000468s ]
INFO: [ app_begin ] --START--
INFO: Run Behavior\ReadHtmlCacheBehavior [ RunTime:0.000646s ]
INFO: [ app_begin ] --END-- [ RunTime:0.000759s ]
SQL: SHOW COLUMNS FROM `sets` [ RunTime:0.0982s ]
SQL: SELECT * FROM `sets` WHERE ( documentaryId=242 )  [ RunTime:0.1025s ]
INFO: [ app_end ] --START--
INFO: Run Behavior\ShowPageTraceBehavior [ RunTime:0.000669s ]
INFO: [ app_end ] --END-- [ RunTime:0.000744s ]

[ 2016-06-17T16:18:33+08:00 ] 127.0.0.1 /admin.php?c=article&a=newContent&id=21&articleType=6
INFO: [ app_init ] --START--
INFO: Run Behavior\BuildLiteBehavior [ RunTime:0.000030s ]
INFO: [ app_init ] --END-- [ RunTime:0.000565s ]
INFO: [ app_begin ] --START--
INFO: Run Behavior\ReadHtmlCacheBehavior [ RunTime:0.000789s ]
INFO: [ app_begin ] --END-- [ RunTime:0.000930s ]
NOTIC: [8] Use of undefined constant id - assumed 'id' G:\CODE\kepuwang\Application\Home\Controller\ArticleController.class.php 第 80 行.
SQL: SHOW COLUMNS FROM `sets` [ RunTime:0.1060s ]
SQL: SELECT `id`,`title`,`content` FROM `sets` WHERE `id` = 21  [ RunTime:0.0984s ]
INFO: [ app_end ] --START--
INFO: Run Behavior\ShowPageTraceBehavior [ RunTime:0.000747s ]
INFO: [ app_end ] --END-- [ RunTime:0.000812s ]

[ 2016-06-17T16:20:10+08:00 ] 127.0.0.1 /admin.php?c=documentary&a=setDetail&id=242
INFO: [ app_init ] --START--
INFO: Run Behavior\BuildLiteBehavior [ RunTime:0.000030s ]
INFO: [ app_init ] --END-- [ RunTime:0.000618s ]
INFO: [ app_begin ] --START--
INFO: Run Behavior\ReadHtmlCacheBehavior [ RunTime:0.000860s ]
INFO: [ app_begin ] --END-- [ RunTime:0.000974s ]
SQL: SHOW COLUMNS FROM `sets` [ RunTime:0.1073s ]
SQL: SELECT * FROM `sets` WHERE ( documentaryId=242 )  [ RunTime:0.0993s ]
INFO: [ app_end ] --START--
INFO: Run Behavior\ShowPageTraceBehavior [ RunTime:0.000649s ]
INFO: [ app_end ] --END-- [ RunTime:0.000711s ]

[ 2016-06-17T16:22:07+08:00 ] 127.0.0.1 /admin.php
INFO: [ app_init ] --START--
INFO: Run Behavior\BuildLiteBehavior [ RunTime:0.000017s ]
INFO: [ app_init ] --END-- [ RunTime:0.000359s ]
INFO: [ app_begin ] --START--
INFO: Run Behavior\ReadHtmlCacheBehavior [ RunTime:0.000559s ]
INFO: [ app_begin ] --END-- [ RunTime:0.000632s ]
INFO: [ view_parse ] --START--
INFO: [ template_filter ] --START--
INFO: Run Behavior\ContentReplaceBehavior [ RunTime:0.000078s ]
INFO: [ template_filter ] --END-- [ RunTime:0.000160s ]
INFO: Run Behavior\ParseTemplateBehavior [ RunTime:0.026358s ]
INFO: [ view_parse ] --END-- [ RunTime:0.026442s ]
INFO: [ view_filter ] --START--
INFO: Run Behavior\WriteHtmlCacheBehavior [ RunTime:0.000394s ]
INFO: [ view_filter ] --END-- [ RunTime:0.000459s ]
INFO: [ app_end ] --START--
INFO: Run Behavior\ShowPageTraceBehavior [ RunTime:0.001060s ]
INFO: [ app_end ] --END-- [ RunTime:0.001189s ]

[ 2016-06-17T16:22:08+08:00 ] 127.0.0.1 /admin.php?c=documentary&a=setDetail&id=242
INFO: [ app_init ] --START--
INFO: Run Behavior\BuildLiteBehavior [ RunTime:0.000028s ]
INFO: [ app_init ] --END-- [ RunTime:0.000554s ]
INFO: [ app_begin ] --START--
INFO: Run Behavior\ReadHtmlCacheBehavior [ RunTime:0.000725s ]
INFO: [ app_begin ] --END-- [ RunTime:0.000835s ]
SQL: SHOW COLUMNS FROM `sets` [ RunTime:0.1061s ]
SQL: SELECT * FROM `sets` WHERE ( documentaryId=242 )  [ RunTime:0.0940s ]
INFO: [ app_end ] --START--
INFO: Run Behavior\ShowPageTraceBehavior [ RunTime:0.000709s ]
INFO: [ app_end ] --END-- [ RunTime:0.000774s ]

[ 2016-06-17T16:22:09+08:00 ] 127.0.0.1 /admin.php
INFO: [ app_init ] --START--
INFO: Run Behavior\BuildLiteBehavior [ RunTime:0.000033s ]
INFO: [ app_init ] --END-- [ RunTime:0.000696s ]
INFO: [ app_begin ] --START--
INFO: Run Behavior\ReadHtmlCacheBehavior [ RunTime:0.000435s ]
INFO: [ app_begin ] --END-- [ RunTime:0.000525s ]
INFO: [ view_parse ] --START--
INFO: [ template_filter ] --START--
INFO: Run Behavior\ContentReplaceBehavior [ RunTime:0.000072s ]
INFO: [ template_filter ] --END-- [ RunTime:0.000145s ]
INFO: Run Behavior\ParseTemplateBehavior [ RunTime:0.025335s ]
INFO: [ view_parse ] --END-- [ RunTime:0.025422s ]
INFO: [ view_filter ] --START--
INFO: Run Behavior\WriteHtmlCacheBehavior [ RunTime:0.000397s ]
INFO: [ view_filter ] --END-- [ RunTime:0.000460s ]
INFO: [ app_end ] --START--
INFO: Run Behavior\ShowPageTraceBehavior [ RunTime:0.000748s ]
INFO: [ app_end ] --END-- [ RunTime:0.000850s ]

[ 2016-06-17T16:22:10+08:00 ] 127.0.0.1 /admin.php?c=documentary&a=setDetail&id=242
INFO: [ app_init ] --START--
INFO: Run Behavior\BuildLiteBehavior [ RunTime:0.000029s ]
INFO: [ app_init ] --END-- [ RunTime:0.000650s ]
INFO: [ app_begin ] --START--
INFO: Run Behavior\ReadHtmlCacheBehavior [ RunTime:0.000636s ]
INFO: [ app_begin ] --END-- [ RunTime:0.000716s ]
SQL: SHOW COLUMNS FROM `sets` [ RunTime:0.1084s ]
SQL: SELECT * FROM `sets` WHERE ( documentaryId=242 )  [ RunTime:0.0982s ]
INFO: [ app_end ] --START--
INFO: Run Behavior\ShowPageTraceBehavior [ RunTime:0.000726s ]
INFO: [ app_end ] --END-- [ RunTime:0.000802s ]

[ 2016-06-17T16:22:17+08:00 ] 127.0.0.1 /admin.php?c=article&a=newContent&id=21&articleType=6
INFO: [ app_init ] --START--
INFO: Run Behavior\BuildLiteBehavior [ RunTime:0.000030s ]
INFO: [ app_init ] --END-- [ RunTime:0.000654s ]
INFO: [ app_begin ] --START--
INFO: Run Behavior\ReadHtmlCacheBehavior [ RunTime:0.001040s ]
INFO: [ app_begin ] --END-- [ RunTime:0.001174s ]
NOTIC: [8] Use of undefined constant id - assumed 'id' G:\CODE\kepuwang\Application\Home\Controller\ArticleController.class.php 第 80 行.
SQL: SHOW COLUMNS FROM `sets` [ RunTime:0.1017s ]
SQL: SELECT `id`,`title`,`content` FROM `sets` WHERE `id` = 21  [ RunTime:0.0988s ]
INFO: [ app_end ] --START--
INFO: Run Behavior\ShowPageTraceBehavior [ RunTime:0.001032s ]
INFO: [ app_end ] --END-- [ RunTime:0.001104s ]

[ 2016-06-17T16:24:51+08:00 ] 127.0.0.1 /admin.php
INFO: [ app_init ] --START--
INFO: Run Behavior\BuildLiteBehavior [ RunTime:0.000019s ]
INFO: [ app_init ] --END-- [ RunTime:0.000439s ]
INFO: [ app_begin ] --START--
INFO: Run Behavior\ReadHtmlCacheBehavior [ RunTime:0.000756s ]
INFO: [ app_begin ] --END-- [ RunTime:0.000920s ]
INFO: [ view_parse ] --START--
INFO: [ template_filter ] --START--
INFO: Run Behavior\ContentReplaceBehavior [ RunTime:0.000072s ]
INFO: [ template_filter ] --END-- [ RunTime:0.000143s ]
INFO: Run Behavior\ParseTemplateBehavior [ RunTime:0.025800s ]
INFO: [ view_parse ] --END-- [ RunTime:0.025881s ]
INFO: [ view_filter ] --START--
INFO: Run Behavior\WriteHtmlCacheBehavior [ RunTime:0.000483s ]
INFO: [ view_filter ] --END-- [ RunTime:0.000557s ]
INFO: [ app_end ] --START--
INFO: Run Behavior\ShowPageTraceBehavior [ RunTime:0.001126s ]
INFO: [ app_end ] --END-- [ RunTime:0.001252s ]

[ 2016-06-17T16:24:52+08:00 ] 127.0.0.1 /admin.php?c=article&a=newContent&id=21&articleType=6
INFO: [ app_init ] --START--
INFO: Run Behavior\BuildLiteBehavior [ RunTime:0.000030s ]
INFO: [ app_init ] --END-- [ RunTime:0.000599s ]
INFO: [ app_begin ] --START--
INFO: Run Behavior\ReadHtmlCacheBehavior [ RunTime:0.000840s ]
INFO: [ app_begin ] --END-- [ RunTime:0.000993s ]
NOTIC: [8] Use of undefined constant id - assumed 'id' G:\CODE\kepuwang\Application\Home\Controller\ArticleController.class.php 第 80 行.
SQL: SHOW COLUMNS FROM `sets` [ RunTime:0.0970s ]
SQL: SELECT `id`,`title`,`content` FROM `sets` WHERE `id` = 21  [ RunTime:0.0975s ]
INFO: [ app_end ] --START--
INFO: Run Behavior\ShowPageTraceBehavior [ RunTime:0.002159s ]
INFO: [ app_end ] --END-- [ RunTime:0.002292s ]

[ 2016-06-17T16:25:18+08:00 ] 127.0.0.1 /admin.php?c=article&a=newContent&id=21&articleType=6
INFO: [ app_init ] --START--
INFO: Run Behavior\BuildLiteBehavior [ RunTime:0.000027s ]
INFO: [ app_init ] --END-- [ RunTime:0.000535s ]
INFO: [ app_begin ] --START--
INFO: Run Behavior\ReadHtmlCacheBehavior [ RunTime:0.000667s ]
INFO: [ app_begin ] --END-- [ RunTime:0.000790s ]
NOTIC: [8] Use of undefined constant id - assumed 'id' G:\CODE\kepuwang\Application\Home\Controller\ArticleController.class.php 第 80 行.
SQL: SHOW COLUMNS FROM `sets` [ RunTime:0.1061s ]
SQL: SELECT `id`,`title`,`content` FROM `sets` WHERE `id` = 21  [ RunTime:0.1088s ]
INFO: [ app_end ] --START--
INFO: Run Behavior\ShowPageTraceBehavior [ RunTime:0.000527s ]
INFO: [ app_end ] --END-- [ RunTime:0.000586s ]

[ 2016-06-17T16:25:30+08:00 ] 127.0.0.1 /admin.php?c=article&a=newContent&id=21&articleType=6
INFO: [ app_init ] --START--
INFO: Run Behavior\BuildLiteBehavior [ RunTime:0.000022s ]
INFO: [ app_init ] --END-- [ RunTime:0.000451s ]
INFO: [ app_begin ] --START--
INFO: Run Behavior\ReadHtmlCacheBehavior [ RunTime:0.000644s ]
INFO: [ app_begin ] --END-- [ RunTime:0.000728s ]
NOTIC: [8] Use of undefined constant id - assumed 'id' G:\CODE\kepuwang\Application\Home\Controller\ArticleController.class.php 第 80 行.
SQL: SHOW COLUMNS FROM `sets` [ RunTime:0.1086s ]
SQL: SELECT `id`,`title`,`content` FROM `sets` WHERE `id` = 21  [ RunTime:0.0974s ]
INFO: [ app_end ] --START--
INFO: Run Behavior\ShowPageTraceBehavior [ RunTime:0.000906s ]
INFO: [ app_end ] --END-- [ RunTime:0.001013s ]

[ 2016-06-17T16:25:30+08:00 ] 127.0.0.1 /admin.php
INFO: [ app_init ] --START--
INFO: Run Behavior\BuildLiteBehavior [ RunTime:0.000035s ]
INFO: [ app_init ] --END-- [ RunTime:0.001384s ]
INFO: [ app_begin ] --START--
INFO: Run Behavior\ReadHtmlCacheBehavior [ RunTime:0.000489s ]
INFO: [ app_begin ] --END-- [ RunTime:0.000572s ]
INFO: [ view_parse ] --START--
INFO: [ template_filter ] --START--
INFO: Run Behavior\ContentReplaceBehavior [ RunTime:0.000122s ]
INFO: [ template_filter ] --END-- [ RunTime:0.000248s ]
INFO: Run Behavior\ParseTemplateBehavior [ RunTime:0.044141s ]
INFO: [ view_parse ] --END-- [ RunTime:0.044266s ]
INFO: [ view_filter ] --START--
INFO: Run Behavior\WriteHtmlCacheBehavior [ RunTime:0.000248s ]
INFO: [ view_filter ] --END-- [ RunTime:0.000304s ]
INFO: [ app_end ] --START--
INFO: Run Behavior\ShowPageTraceBehavior [ RunTime:0.000637s ]
INFO: [ app_end ] --END-- [ RunTime:0.000731s ]

[ 2016-06-17T16:25:31+08:00 ] 127.0.0.1 /admin.php?c=article&a=newContent&id=21&articleType=6
INFO: [ app_init ] --START--
INFO: Run Behavior\BuildLiteBehavior [ RunTime:0.000032s ]
INFO: [ app_init ] --END-- [ RunTime:0.000586s ]
INFO: [ app_begin ] --START--
INFO: Run Behavior\ReadHtmlCacheBehavior [ RunTime:0.000751s ]
INFO: [ app_begin ] --END-- [ RunTime:0.000880s ]
NOTIC: [8] Use of undefined constant id - assumed 'id' G:\CODE\kepuwang\Application\Home\Controller\ArticleController.class.php 第 80 行.
SQL: SHOW COLUMNS FROM `sets` [ RunTime:0.1057s ]
SQL: SELECT `id`,`title`,`content` FROM `sets` WHERE `id` = 21  [ RunTime:0.0986s ]
INFO: [ app_end ] --START--
INFO: Run Behavior\ShowPageTraceBehavior [ RunTime:0.000652s ]
INFO: [ app_end ] --END-- [ RunTime:0.000734s ]

[ 2016-06-17T16:25:32+08:00 ] 127.0.0.1 /admin.php
INFO: [ app_init ] --START--
INFO: Run Behavior\BuildLiteBehavior [ RunTime:0.000016s ]
INFO: [ app_init ] --END-- [ RunTime:0.000314s ]
INFO: [ app_begin ] --START--
INFO: Run Behavior\ReadHtmlCacheBehavior [ RunTime:0.000407s ]
INFO: [ app_begin ] --END-- [ RunTime:0.000468s ]
INFO: [ view_parse ] --START--
INFO: [ template_filter ] --START--
INFO: Run Behavior\ContentReplaceBehavior [ RunTime:0.000318s ]
INFO: [ template_filter ] --END-- [ RunTime:0.000722s ]
INFO: Run Behavior\ParseTemplateBehavior [ RunTime:0.034331s ]
INFO: [ view_parse ] --END-- [ RunTime:0.034409s ]
INFO: [ view_filter ] --START--
INFO: Run Behavior\WriteHtmlCacheBehavior [ RunTime:0.000226s ]
INFO: [ view_filter ] --END-- [ RunTime:0.000276s ]
INFO: [ app_end ] --START--
INFO: Run Behavior\ShowPageTraceBehavior [ RunTime:0.000493s ]
INFO: [ app_end ] --END-- [ RunTime:0.000581s ]

[ 2016-06-17T16:25:33+08:00 ] 127.0.0.1 /admin.php?c=article&a=newContent&id=21&articleType=6
INFO: [ app_init ] --START--
INFO: Run Behavior\BuildLiteBehavior [ RunTime:0.000020s ]
INFO: [ app_init ] --END-- [ RunTime:0.000568s ]
INFO: [ app_begin ] --START--
INFO: Run Behavior\ReadHtmlCacheBehavior [ RunTime:0.001031s ]
INFO: [ app_begin ] --END-- [ RunTime:0.001163s ]
NOTIC: [8] Use of undefined constant id - assumed 'id' G:\CODE\kepuwang\Application\Home\Controller\ArticleController.class.php 第 80 行.
SQL: SHOW COLUMNS FROM `sets` [ RunTime:0.1044s ]
SQL: SELECT `id`,`title`,`content` FROM `sets` WHERE `id` = 21  [ RunTime:0.1002s ]
INFO: [ app_end ] --START--
INFO: Run Behavior\ShowPageTraceBehavior [ RunTime:0.001689s ]
INFO: [ app_end ] --END-- [ RunTime:0.001910s ]

[ 2016-06-17T16:25:37+08:00 ] 127.0.0.1 /admin.php?c=documentary&a=documentaryDetail&id=242
INFO: [ app_init ] --START--
INFO: Run Behavior\BuildLiteBehavior [ RunTime:0.000032s ]
INFO: [ app_init ] --END-- [ RunTime:0.000678s ]
INFO: [ app_begin ] --START--
INFO: Run Behavior\ReadHtmlCacheBehavior [ RunTime:0.001047s ]
INFO: [ app_begin ] --END-- [ RunTime:0.001185s ]
SQL: SHOW COLUMNS FROM `documentary` [ RunTime:0.0880s ]
SQL: SELECT * FROM `documentary` WHERE ( id=242 ) LIMIT 1   [ RunTime:0.0940s ]
INFO: [ app_end ] --START--
INFO: Run Behavior\ShowPageTraceBehavior [ RunTime:0.000750s ]
INFO: [ app_end ] --END-- [ RunTime:0.000815s ]

[ 2016-06-17T16:25:47+08:00 ] 127.0.0.1 /admin.php?c=article&a=newContent&id=21&articleType=6
INFO: [ app_init ] --START--
INFO: Run Behavior\BuildLiteBehavior [ RunTime:0.000031s ]
INFO: [ app_init ] --END-- [ RunTime:0.000760s ]
INFO: [ app_begin ] --START--
INFO: Run Behavior\ReadHtmlCacheBehavior [ RunTime:0.001010s ]
INFO: [ app_begin ] --END-- [ RunTime:0.001142s ]
NOTIC: [8] Use of undefined constant id - assumed 'id' G:\CODE\kepuwang\Application\Home\Controller\ArticleController.class.php 第 80 行.
SQL: SHOW COLUMNS FROM `sets` [ RunTime:0.1019s ]
SQL: SELECT `id`,`title`,`content` FROM `sets` WHERE `id` = 21  [ RunTime:0.0990s ]
INFO: [ app_end ] --START--
INFO: Run Behavior\ShowPageTraceBehavior [ RunTime:0.001043s ]
INFO: [ app_end ] --END-- [ RunTime:0.001196s ]

[ 2016-06-17T16:28:23+08:00 ] 127.0.0.1 /admin.php?c=documentary&a=documentaryDetail&id=157
INFO: [ app_init ] --START--
INFO: Run Behavior\BuildLiteBehavior [ RunTime:0.000027s ]
INFO: [ app_init ] --END-- [ RunTime:0.000535s ]
INFO: [ app_begin ] --START--
INFO: Run Behavior\ReadHtmlCacheBehavior [ RunTime:0.000580s ]
INFO: [ app_begin ] --END-- [ RunTime:0.000649s ]
SQL: SHOW COLUMNS FROM `documentary` [ RunTime:0.1040s ]
SQL: SELECT * FROM `documentary` WHERE ( id=157 ) LIMIT 1   [ RunTime:0.1000s ]
INFO: [ app_end ] --START--
INFO: Run Behavior\ShowPageTraceBehavior [ RunTime:0.000656s ]
INFO: [ app_end ] --END-- [ RunTime:0.000718s ]

[ 2016-06-17T16:28:28+08:00 ] 127.0.0.1 /admin.php?c=documentary&a=documentaryDetail&id=157
INFO: [ app_init ] --START--
INFO: Run Behavior\BuildLiteBehavior [ RunTime:0.000018s ]
INFO: [ app_init ] --END-- [ RunTime:0.000372s ]
INFO: [ app_begin ] --START--
INFO: Run Behavior\ReadHtmlCacheBehavior [ RunTime:0.000922s ]
INFO: [ app_begin ] --END-- [ RunTime:0.001038s ]
SQL: SHOW COLUMNS FROM `documentary` [ RunTime:0.1032s ]
SQL: SELECT * FROM `documentary` WHERE ( id=157 ) LIMIT 1   [ RunTime:0.0998s ]
INFO: [ app_end ] --START--
INFO: Run Behavior\ShowPageTraceBehavior [ RunTime:0.000649s ]
INFO: [ app_end ] --END-- [ RunTime:0.000711s ]

[ 2016-06-17T16:28:45+08:00 ] 127.0.0.1 /admin.php?c=documentary&a=documentaryDetail&id=242
INFO: [ app_init ] --START--
INFO: Run Behavior\BuildLiteBehavior [ RunTime:0.000029s ]
INFO: [ app_init ] --END-- [ RunTime:0.000586s ]
INFO: [ app_begin ] --START--
INFO: Run Behavior\ReadHtmlCacheBehavior [ RunTime:0.001151s ]
INFO: [ app_begin ] --END-- [ RunTime:0.001510s ]
SQL: SHOW COLUMNS FROM `documentary` [ RunTime:0.1039s ]
SQL: SELECT * FROM `documentary` WHERE ( id=242 ) LIMIT 1   [ RunTime:0.1005s ]
INFO: [ app_end ] --START--
INFO: Run Behavior\ShowPageTraceBehavior [ RunTime:0.000532s ]
INFO: [ app_end ] --END-- [ RunTime:0.000594s ]

[ 2016-06-17T16:28:49+08:00 ] 127.0.0.1 /admin.php?c=documentary&a=setDetail&id=242
INFO: [ app_init ] --START--
INFO: Run Behavior\BuildLiteBehavior [ RunTime:0.000021s ]
INFO: [ app_init ] --END-- [ RunTime:0.000377s ]
INFO: [ app_begin ] --START--
INFO: Run Behavior\ReadHtmlCacheBehavior [ RunTime:0.000482s ]
INFO: [ app_begin ] --END-- [ RunTime:0.000558s ]
SQL: SHOW COLUMNS FROM `sets` [ RunTime:0.1038s ]
SQL: SELECT * FROM `sets` WHERE ( documentaryId=242 )  [ RunTime:0.1000s ]
INFO: [ app_end ] --START--
INFO: Run Behavior\ShowPageTraceBehavior [ RunTime:0.000689s ]
INFO: [ app_end ] --END-- [ RunTime:0.000820s ]

[ 2016-06-17T16:28:51+08:00 ] 127.0.0.1 /admin.php?c=article&a=newContent&id=21&articleType=6
INFO: [ app_init ] --START--
INFO: Run Behavior\BuildLiteBehavior [ RunTime:0.000026s ]
INFO: [ app_init ] --END-- [ RunTime:0.000523s ]
INFO: [ app_begin ] --START--
INFO: Run Behavior\ReadHtmlCacheBehavior [ RunTime:0.000724s ]
INFO: [ app_begin ] --END-- [ RunTime:0.000842s ]
NOTIC: [8] Use of undefined constant id - assumed 'id' G:\CODE\kepuwang\Application\Home\Controller\ArticleController.class.php 第 80 行.
SQL: SHOW COLUMNS FROM `sets` [ RunTime:0.1063s ]
SQL: SELECT `id`,`title`,`content` FROM `sets` WHERE `id` = 21  [ RunTime:0.0983s ]
INFO: [ app_end ] --START--
INFO: Run Behavior\ShowPageTraceBehavior [ RunTime:0.000641s ]
INFO: [ app_end ] --END-- [ RunTime:0.000702s ]

[ 2016-06-17T16:28:54+08:00 ] 127.0.0.1 /admin.php?c=documentary&a=setDetail&id=242
INFO: [ app_init ] --START--
INFO: Run Behavior\BuildLiteBehavior [ RunTime:0.000021s ]
INFO: [ app_init ] --END-- [ RunTime:0.000392s ]
INFO: [ app_begin ] --START--
INFO: Run Behavior\ReadHtmlCacheBehavior [ RunTime:0.000557s ]
INFO: [ app_begin ] --END-- [ RunTime:0.000656s ]
SQL: SHOW COLUMNS FROM `sets` [ RunTime:0.1039s ]
SQL: SELECT * FROM `sets` WHERE ( documentaryId=242 )  [ RunTime:0.0989s ]
INFO: [ app_end ] --START--
INFO: Run Behavior\ShowPageTraceBehavior [ RunTime:0.000649s ]
INFO: [ app_end ] --END-- [ RunTime:0.000711s ]

[ 2016-06-17T16:31:24+08:00 ] 127.0.0.1 /admin.php
INFO: [ app_init ] --START--
INFO: Run Behavior\BuildLiteBehavior [ RunTime:0.000016s ]
INFO: [ app_init ] --END-- [ RunTime:0.000382s ]
INFO: [ app_begin ] --START--
INFO: Run Behavior\ReadHtmlCacheBehavior [ RunTime:0.000610s ]
INFO: [ app_begin ] --END-- [ RunTime:0.000674s ]
INFO: [ view_parse ] --START--
INFO: [ template_filter ] --START--
INFO: Run Behavior\ContentReplaceBehavior [ RunTime:0.000088s ]
INFO: [ template_filter ] --END-- [ RunTime:0.000179s ]
INFO: Run Behavior\ParseTemplateBehavior [ RunTime:0.028040s ]
INFO: [ view_parse ] --END-- [ RunTime:0.028124s ]
INFO: [ view_filter ] --START--
INFO: Run Behavior\WriteHtmlCacheBehavior [ RunTime:0.000430s ]
INFO: [ view_filter ] --END-- [ RunTime:0.000489s ]
INFO: [ app_end ] --START--
INFO: Run Behavior\ShowPageTraceBehavior [ RunTime:0.001097s ]
INFO: [ app_end ] --END-- [ RunTime:0.001228s ]

[ 2016-06-17T16:31:25+08:00 ] 127.0.0.1 /admin.php?c=documentary&a=setDetail&id=242
INFO: [ app_init ] --START--
INFO: Run Behavior\BuildLiteBehavior [ RunTime:0.000019s ]
INFO: [ app_init ] --END-- [ RunTime:0.000366s ]
INFO: [ app_begin ] --START--
INFO: Run Behavior\ReadHtmlCacheBehavior [ RunTime:0.000493s ]
INFO: [ app_begin ] --END-- [ RunTime:0.000586s ]
SQL: SHOW COLUMNS FROM `sets` [ RunTime:0.1025s ]
SQL: SELECT * FROM `sets` WHERE ( documentaryId=242 )  [ RunTime:0.0979s ]
INFO: [ app_end ] --START--
INFO: Run Behavior\ShowPageTraceBehavior [ RunTime:0.000606s ]
INFO: [ app_end ] --END-- [ RunTime:0.000666s ]

[ 2016-06-17T16:31:56+08:00 ] 127.0.0.1 /admin.php?c=documentary&a=setDetail&id=242
INFO: [ app_init ] --START--
INFO: Run Behavior\BuildLiteBehavior [ RunTime:0.000138s ]
INFO: [ app_init ] --END-- [ RunTime:0.001066s ]
INFO: [ app_begin ] --START--
INFO: Run Behavior\ReadHtmlCacheBehavior [ RunTime:0.000752s ]
INFO: [ app_begin ] --END-- [ RunTime:0.000883s ]
SQL: SHOW COLUMNS FROM `sets` [ RunTime:0.1043s ]
SQL: SELECT * FROM `sets` WHERE ( documentaryId=242 )  [ RunTime:0.0998s ]
INFO: [ app_end ] --START--
INFO: Run Behavior\ShowPageTraceBehavior [ RunTime:0.000521s ]
INFO: [ app_end ] --END-- [ RunTime:0.000582s ]

[ 2016-06-17T16:31:57+08:00 ] 127.0.0.1 /admin.php
INFO: [ app_init ] --START--
INFO: Run Behavior\BuildLiteBehavior [ RunTime:0.000021s ]
INFO: [ app_init ] --END-- [ RunTime:0.000393s ]
INFO: [ app_begin ] --START--
INFO: Run Behavior\ReadHtmlCacheBehavior [ RunTime:0.000764s ]
INFO: [ app_begin ] --END-- [ RunTime:0.000865s ]
INFO: [ view_parse ] --START--
INFO: [ template_filter ] --START--
INFO: Run Behavior\ContentReplaceBehavior [ RunTime:0.000083s ]
INFO: [ template_filter ] --END-- [ RunTime:0.000160s ]
INFO: Run Behavior\ParseTemplateBehavior [ RunTime:0.026374s ]
INFO: [ view_parse ] --END-- [ RunTime:0.026459s ]
INFO: [ view_filter ] --START--
INFO: Run Behavior\WriteHtmlCacheBehavior [ RunTime:0.000293s ]
INFO: [ view_filter ] --END-- [ RunTime:0.000347s ]
INFO: [ app_end ] --START--
INFO: Run Behavior\ShowPageTraceBehavior [ RunTime:0.000765s ]
INFO: [ app_end ] --END-- [ RunTime:0.000884s ]

[ 2016-06-17T16:31:59+08:00 ] 127.0.0.1 /admin.php?c=documentary&a=setDetail&id=242
INFO: [ app_init ] --START--
INFO: Run Behavior\BuildLiteBehavior [ RunTime:0.000021s ]
INFO: [ app_init ] --END-- [ RunTime:0.000544s ]
INFO: [ app_begin ] --START--
INFO: Run Behavior\ReadHtmlCacheBehavior [ RunTime:0.000603s ]
INFO: [ app_begin ] --END-- [ RunTime:0.000679s ]
SQL: SHOW COLUMNS FROM `sets` [ RunTime:0.1053s ]
SQL: SELECT * FROM `sets` WHERE ( documentaryId=242 )  [ RunTime:0.1025s ]
INFO: [ app_end ] --START--
INFO: Run Behavior\ShowPageTraceBehavior [ RunTime:0.000710s ]
INFO: [ app_end ] --END-- [ RunTime:0.000776s ]

[ 2016-06-17T16:32:02+08:00 ] 127.0.0.1 /admin.php?c=documentary&a=documentaryDetail&id=242
INFO: [ app_init ] --START--
INFO: Run Behavior\BuildLiteBehavior [ RunTime:0.000031s ]
INFO: [ app_init ] --END-- [ RunTime:0.000606s ]
INFO: [ app_begin ] --START--
INFO: Run Behavior\ReadHtmlCacheBehavior [ RunTime:0.000933s ]
INFO: [ app_begin ] --END-- [ RunTime:0.001060s ]
SQL: SHOW COLUMNS FROM `documentary` [ RunTime:0.1009s ]
SQL: SELECT * FROM `documentary` WHERE ( id=242 ) LIMIT 1   [ RunTime:0.1140s ]
INFO: [ app_end ] --START--
INFO: Run Behavior\ShowPageTraceBehavior [ RunTime:0.000974s ]
INFO: [ app_end ] --END-- [ RunTime:0.001086s ]

[ 2016-06-17T16:32:05+08:00 ] 127.0.0.1 /admin.php?c=documentary&a=setDetail&id=242
INFO: [ app_init ] --START--
INFO: Run Behavior\BuildLiteBehavior [ RunTime:0.000021s ]
INFO: [ app_init ] --END-- [ RunTime:0.000408s ]
INFO: [ app_begin ] --START--
INFO: Run Behavior\ReadHtmlCacheBehavior [ RunTime:0.000492s ]
INFO: [ app_begin ] --END-- [ RunTime:0.000569s ]
SQL: SHOW COLUMNS FROM `sets` [ RunTime:0.1043s ]
SQL: SELECT * FROM `sets` WHERE ( documentaryId=242 )  [ RunTime:0.1015s ]
INFO: [ app_end ] --START--
INFO: Run Behavior\ShowPageTraceBehavior [ RunTime:0.000713s ]
INFO: [ app_end ] --END-- [ RunTime:0.000785s ]

[ 2016-06-17T16:32:14+08:00 ] 127.0.0.1 /admin.php?c=article&a=newContent&id=21&articleType=6
INFO: [ app_init ] --START--
INFO: Run Behavior\BuildLiteBehavior [ RunTime:0.000031s ]
INFO: [ app_init ] --END-- [ RunTime:0.000558s ]
INFO: [ app_begin ] --START--
INFO: Run Behavior\ReadHtmlCacheBehavior [ RunTime:0.000686s ]
INFO: [ app_begin ] --END-- [ RunTime:0.000797s ]
NOTIC: [8] Use of undefined constant id - assumed 'id' G:\CODE\kepuwang\Application\Home\Controller\ArticleController.class.php 第 80 行.
SQL: SHOW COLUMNS FROM `sets` [ RunTime:0.1103s ]
SQL: SELECT `id`,`title`,`content` FROM `sets` WHERE `id` = 21  [ RunTime:0.0931s ]
INFO: [ app_end ] --START--
INFO: Run Behavior\ShowPageTraceBehavior [ RunTime:0.000674s ]
INFO: [ app_end ] --END-- [ RunTime:0.000734s ]

[ 2016-06-17T16:32:22+08:00 ] 127.0.0.1 /admin.php?c=article&a=saveContent&articleType=6
INFO: [ app_init ] --START--
INFO: Run Behavior\BuildLiteBehavior [ RunTime:0.000016s ]
INFO: [ app_init ] --END-- [ RunTime:0.000320s ]
INFO: [ app_begin ] --START--
INFO: Run Behavior\ReadHtmlCacheBehavior [ RunTime:0.000403s ]
INFO: [ app_begin ] --END-- [ RunTime:0.000465s ]
NOTIC: [8] Use of undefined constant id - assumed 'id' G:\CODE\kepuwang\Application\Home\Controller\ArticleController.class.php 第 112 行.
NOTIC: [8] Use of undefined constant content - assumed 'content' G:\CODE\kepuwang\Application\Home\Controller\ArticleController.class.php 第 113 行.
SQL: SHOW COLUMNS FROM `sets` [ RunTime:0.1044s ]
SQL: UPDATE `sets` SET `content`='&lt;h4 style=&quot;margin: 10px 0px; padding: 0px; box-sizing: border-box; font-family: HelveticaNeue, &amp;quot;Helvetica Neue&amp;quot;, Helvetica, Arial, sans-serif; font-weight: 500; line-height: 1.1; color: rgb(51, 51, 51); font-size: 18px; white-space: normal; background-color: rgb(255, 255, 255);&quot;&gt;&lt;span class=&quot;ng-binding&quot; style=&quot;margin: 0px; padding: 0px; box-sizing: border-box; font-weight: 700;&quot;&gt;第一集第一集&lt;/span&gt;&lt;/h4&gt;&lt;h4 style=&quot;margin: 10px 0px; padding: 0px; box-sizing: border-box; font-family: HelveticaNeue, &amp;quot;Helvetica Neue&amp;quot;, Helvetica, Arial, sans-serif; font-weight: 500; line-height: 1.1; color: rgb(51, 51, 51); font-size: 18px; white-space: normal; background-color: rgb(255, 255, 255);&quot;&gt;&lt;span class=&quot;ng-binding&quot; style=&quot;margin: 0px; padding: 0px; box-sizing: border-box; font-weight: 700;&quot;&gt;第一集第一集&lt;/span&gt;&lt;/h4&gt;&lt;h4 style=&quot;margin: 10px 0px; padding: 0px; box-sizing: border-box; font-family: HelveticaNeue, &amp;quot;Helvetica Neue&amp;quot;, Helvetica, Arial, sans-serif; font-weight: 500; line-height: 1.1; color: rgb(51, 51, 51); font-size: 18px; white-space: normal; background-color: rgb(255, 255, 255);&quot;&gt;&lt;span class=&quot;ng-binding&quot; style=&quot;margin: 0px; padding: 0px; box-sizing: border-box; font-weight: 700;&quot;&gt;第一集第一集&lt;/span&gt;&lt;/h4&gt;&lt;h4 style=&quot;margin: 10px 0px; padding: 0px; box-sizing: border-box; font-family: HelveticaNeue, &amp;quot;Helvetica Neue&amp;quot;, Helvetica, Arial, sans-serif; font-weight: 500; line-height: 1.1; color: rgb(51, 51, 51); font-size: 18px; white-space: normal; background-color: rgb(255, 255, 255);&quot;&gt;&lt;span class=&quot;ng-binding&quot; style=&quot;margin: 0px; padding: 0px; box-sizing: border-box; font-weight: 700;&quot;&gt;第一集第一集&lt;/span&gt;&lt;/h4&gt;&lt;h4 style=&quot;margin: 10px 0px; padding: 0px; box-sizing: border-box; font-family: HelveticaNeue, &amp;quot;Helvetica Neue&amp;quot;, Helvetica, Arial, sans-serif; font-weight: 500; line-height: 1.1; color: rgb(51, 51, 51); font-size: 18px; white-space: normal; background-color: rgb(255, 255, 255);&quot;&gt;&lt;span class=&quot;ng-binding&quot; style=&quot;margin: 0px; padding: 0px; box-sizing: border-box; font-weight: 700;&quot;&gt;第一集第一集&lt;/span&gt;&lt;/h4&gt;&lt;h4 style=&quot;margin: 10px 0px; padding: 0px; box-sizing: border-box; font-family: HelveticaNeue, &amp;quot;Helvetica Neue&amp;quot;, Helvetica, Arial, sans-serif; font-weight: 500; line-height: 1.1; color: rgb(51, 51, 51); font-size: 18px; white-space: normal; background-color: rgb(255, 255, 255);&quot;&gt;&lt;span class=&quot;ng-binding&quot; style=&quot;margin: 0px; padding: 0px; box-sizing: border-box; font-weight: 700;&quot;&gt;第一集第一集&lt;/span&gt;&lt;/h4&gt;&lt;h4 style=&quot;margin: 10px 0px; padding: 0px; box-sizing: border-box; font-family: HelveticaNeue, &amp;quot;Helvetica Neue&amp;quot;, Helvetica, Arial, sans-serif; font-weight: 500; line-height: 1.1; color: rgb(51, 51, 51); font-size: 18px; white-space: normal; background-color: rgb(255, 255, 255);&quot;&gt;&lt;span class=&quot;ng-binding&quot; style=&quot;margin: 0px; padding: 0px; box-sizing: border-box; font-weight: 700;&quot;&gt;第一集第一集&lt;/span&gt;&lt;/h4&gt;&lt;h4 style=&quot;margin: 10px 0px; padding: 0px; box-sizing: border-box; font-family: HelveticaNeue, &amp;quot;Helvetica Neue&amp;quot;, Helvetica, Arial, sans-serif; font-weight: 500; line-height: 1.1; color: rgb(51, 51, 51); font-size: 18px; white-space: normal; background-color: rgb(255, 255, 255);&quot;&gt;&lt;span class=&quot;ng-binding&quot; style=&quot;margin: 0px; padding: 0px; box-sizing: border-box; font-weight: 700;&quot;&gt;第一集第一集&lt;/span&gt;&lt;span style=&quot;font-weight: 700; line-height: 1.1;&quot;&gt;第一集第一集&lt;/span&gt;&lt;/h4&gt;&lt;h4 style=&quot;margin: 10px 0px; padding: 0px; box-sizing: border-box; font-family: HelveticaNeue, &amp;quot;Helvetica Neue&amp;quot;, Helvetica, Arial, sans-serif; font-weight: 500; line-height: 1.1; color: rgb(51, 51, 51); font-size: 18px; white-space: normal; background-color: rgb(255, 255, 255);&quot;&gt;&lt;span class=&quot;ng-binding&quot; style=&quot;margin: 0px; padding: 0px; box-sizing: border-box; font-weight: 700;&quot;&gt;第一集第一集&lt;/span&gt;&lt;/h4&gt;&lt;h4 style=&quot;margin: 10px 0px; padding: 0px; box-sizing: border-box; font-family: HelveticaNeue, &amp;quot;Helvetica Neue&amp;quot;, Helvetica, Arial, sans-serif; font-weight: 500; line-height: 1.1; color: rgb(51, 51, 51); font-size: 18px; white-space: normal; background-color: rgb(255, 255, 255);&quot;&gt;&lt;span class=&quot;ng-binding&quot; style=&quot;margin: 0px; padding: 0px; box-sizing: border-box; font-weight: 700;&quot;&gt;第一集第一集&lt;/span&gt;&lt;/h4&gt;&lt;h4 style=&quot;margin: 10px 0px; padding: 0px; box-sizing: border-box; font-family: HelveticaNeue, &amp;quot;Helvetica Neue&amp;quot;, Helvetica, Arial, sans-serif; font-weight: 500; line-height: 1.1; color: rgb(51, 51, 51); font-size: 18px; white-space: normal; background-color: rgb(255, 255, 255);&quot;&gt;&lt;span class=&quot;ng-binding&quot; style=&quot;margin: 0px; padding: 0px; box-sizing: border-box; font-weight: 700;&quot;&gt;第一集第一集&lt;/span&gt;&lt;span style=&quot;font-weight: 700; line-height: 1.1;&quot;&gt;第一集第一集&lt;/span&gt;&lt;/h4&gt;&lt;h4 style=&quot;margin: 10px 0px; padding: 0px; box-sizing: border-box; font-family: HelveticaNeue, &amp;quot;Helvetica Neue&amp;quot;, Helvetica, Arial, sans-serif; font-weight: 500; line-height: 1.1; color: rgb(51, 51, 51); font-size: 18px; white-space: normal; background-color: rgb(255, 255, 255);&quot;&gt;&lt;span class=&quot;ng-binding&quot; style=&quot;margin: 0px; padding: 0px; box-sizing: border-box; font-weight: 700;&quot;&gt;第一集第一集&lt;/span&gt;&lt;span style=&quot;font-weight: 700; line-height: 1.1;&quot;&gt;第一集第一集&lt;/span&gt;&lt;span style=&quot;font-weight: 700; line-height: 1.1;&quot;&gt;第一集第一集&lt;/span&gt;&lt;span style=&quot;font-weight: 700; line-height: 1.1;&quot;&gt;第一集第一集&lt;/span&gt;&lt;/h4&gt;&lt;h4 style=&quot;margin: 10px 0px; padding: 0px; box-sizing: border-box; font-family: HelveticaNeue, &amp;quot;Helvetica Neue&amp;quot;, Helvetica, Arial, sans-serif; font-weight: 500; line-height: 1.1; color: rgb(51, 51, 51); font-size: 18px; white-space: normal; background-color: rgb(255, 255, 255);&quot;&gt;&lt;span class=&quot;ng-binding&quot; style=&quot;margin: 0px; padding: 0px; box-sizing: border-box; font-weight: 700;&quot;&gt;第一集第一集&lt;/span&gt;&lt;span style=&quot;font-weight: 700; line-height: 1.1;&quot;&gt;第一集第一集&lt;/span&gt;&lt;span style=&quot;font-weight: 700; line-height: 1.1;&quot;&gt;第一集第一集&lt;/span&gt;&lt;/h4&gt;&lt;h4 style=&quot;margin: 10px 0px; padding: 0px; box-sizing: border-box; font-family: HelveticaNeue, &amp;quot;Helvetica Neue&amp;quot;, Helvetica, Arial, sans-serif; font-weight: 500; line-height: 1.1; color: rgb(51, 51, 51); font-size: 18px; white-space: normal; background-color: rgb(255, 255, 255);&quot;&gt;&lt;span class=&quot;ng-binding&quot; style=&quot;margin: 0px; padding: 0px; box-sizing: border-box; font-weight: 700;&quot;&gt;第一集第一集&lt;/span&gt;&lt;span style=&quot;font-weight: 700; line-height: 1.1;&quot;&gt;第一集第一集&lt;/span&gt;&lt;span style=&quot;font-weight: 700; line-height: 1.1;&quot;&gt;第一集第一集&lt;/span&gt;&lt;span style=&quot;font-weight: 700; line-height: 1.1;&quot;&gt;第一集第一集&lt;/span&gt;&lt;/h4&gt;&lt;h4 style=&quot;margin: 10px 0px; padding: 0px; box-sizing: border-box; font-family: HelveticaNeue, &amp;quot;Helvetica Neue&amp;quot;, Helvetica, Arial, sans-serif; font-weight: 500; line-height: 1.1; color: rgb(51, 51, 51); font-size: 18px; white-space: normal; background-color: rgb(255, 255, 255);&quot;&gt;&lt;span class=&quot;ng-binding&quot; style=&quot;margin: 0px; padding: 0px; box-sizing: border-box; font-weight: 700;&quot;&gt;第一集第一集&lt;/span&gt;&lt;span style=&quot;font-weight: 700; line-height: 1.1;&quot;&gt;第一集第一集&lt;/span&gt;&lt;span style=&quot;font-weight: 700; line-height: 1.1;&quot;&gt;第一集第一集&lt;/span&gt;&lt;/h4&gt;&lt;h4 style=&quot;margin: 10px 0px; padding: 0px; box-sizing: border-box; font-family: HelveticaNeue, &amp;quot;Helvetica Neue&amp;quot;, Helvetica, Arial, sans-serif; font-weight: 500; line-height: 1.1; color: rgb(51, 51, 51); font-size: 18px; white-space: normal; background-color: rgb(255, 255, 255);&quot;&gt;&lt;span class=&quot;ng-binding&quot; style=&quot;margin: 0px; padding: 0px; box-sizing: border-box; font-weight: 700;&quot;&gt;第一集第一集&lt;/span&gt;&lt;span style=&quot;font-weight: 700; line-height: 1.1;&quot;&gt;第一集第一集&lt;/span&gt;&lt;span style=&quot;font-weight: 700; line-height: 1.1;&quot;&gt;第一集第一集&lt;/span&gt;&lt;span style=&quot;font-weight: 700; line-height: 1.1;&quot;&gt;第一集第一集&lt;/span&gt;&lt;/h4&gt;&lt;h4 style=&quot;margin: 10px 0px; padding: 0px; box-sizing: border-box; font-family: HelveticaNeue, &amp;quot;Helvetica Neue&amp;quot;, Helvetica, Arial, sans-serif; font-weight: 500; line-height: 1.1; color: rgb(51, 51, 51); font-size: 18px; white-space: normal; background-color: rgb(255, 255, 255);&quot;&gt;&lt;span class=&quot;ng-binding&quot; style=&quot;margin: 0px; padding: 0px; box-sizing: border-box; font-weight: 700;&quot;&gt;第一集第一集&lt;/span&gt;&lt;span style=&quot;font-weight: 700; line-height: 1.1;&quot;&gt;第一集第一集&lt;/span&gt;&lt;/h4&gt;&lt;h4 style=&quot;margin: 10px 0px; padding: 0px; box-sizing: border-box; font-family: HelveticaNeue, &amp;quot;Helvetica Neue&amp;quot;, Helvetica, Arial, sans-serif; font-weight: 500; line-height: 1.1; color: rgb(51, 51, 51); font-size: 18px; white-space: normal; background-color: rgb(255, 255, 255);&quot;&gt;&lt;span class=&quot;ng-binding&quot; style=&quot;margin: 0px; padding: 0px; box-sizing: border-box; font-weight: 700;&quot;&gt;第一集第一集&lt;/span&gt;&lt;span style=&quot;font-weight: 700; line-height: 1.1;&quot;&gt;第一集第一集&lt;/span&gt;&lt;span style=&quot;font-weight: 700; line-height: 1.1;&quot;&gt;第一集第一集&lt;/span&gt;&lt;/h4&gt;&lt;h4 style=&quot;margin: 10px 0px; padding: 0px; box-sizing: border-box; font-family: HelveticaNeue, &amp;quot;Helvetica Neue&amp;quot;, Helvetica, Arial, sans-serif; font-weight: 500; line-height: 1.1; color: rgb(51, 51, 51); font-size: 18px; white-space: normal; background-color: rgb(255, 255, 255);&quot;&gt;&lt;span class=&quot;ng-binding&quot; style=&quot;margin: 0px; padding: 0px; box-sizing: border-box; font-weight: 700;&quot;&gt;第一集第一集&lt;/span&gt;&lt;span style=&quot;font-weight: 700; line-height: 1.1;&quot;&gt;第一集第一集&lt;/span&gt;&lt;span style=&quot;font-weight: 700; line-height: 1.1;&quot;&gt;第一集第一集&lt;/span&gt;&lt;/h4&gt;&lt;h4 style=&quot;margin: 10px 0px; padding: 0px; box-sizing: border-box; font-family: HelveticaNeue, &amp;quot;Helvetica Neue&amp;quot;, Helvetica, Arial, sans-serif; font-weight: 500; line-height: 1.1; color: rgb(51, 51, 51); font-size: 18px; white-space: normal; background-color: rgb(255, 255, 255);&quot;&gt;&lt;span class=&quot;ng-binding&quot; style=&quot;margin: 0px; padding: 0px; box-sizing: border-box; font-weight: 700;&quot;&gt;第一集第一集&lt;/span&gt;&lt;span style=&quot;font-weight: 700; line-height: 1.1;&quot;&gt;第一集第一集&lt;/span&gt;&lt;span style=&quot;font-weight: 700; line-height: 1.1;&quot;&gt;第一集第一集&lt;/span&gt;&lt;/h4&gt;&lt;h4 style=&quot;margin: 10px 0px; padding: 0px; box-sizing: border-box; font-family: HelveticaNeue, &amp;quot;Helvetica Neue&amp;quot;, Helvetica, Arial, sans-serif; font-weight: 500; line-height: 1.1; color: rgb(51, 51, 51); font-size: 18px; white-space: normal; background-color: rgb(255, 255, 255);&quot;&gt;&lt;span class=&quot;ng-binding&quot; style=&quot;margin: 0px; padding: 0px; box-sizing: border-box; font-weight: 700;&quot;&gt;第一集第一集&lt;/span&gt;&lt;span style=&quot;font-weight: 700; line-height: 1.1;&quot;&gt;第一集第一集&lt;/span&gt;&lt;span style=&quot;font-weight: 700; line-height: 1.1;&quot;&gt;第一集第一集&lt;/span&gt;&lt;/h4&gt;&lt;h4 style=&quot;margin: 10px 0px; padding: 0px; box-sizing: border-box; font-family: HelveticaNeue, &amp;quot;Helvetica Neue&amp;quot;, Helvetica, Arial, sans-serif; font-weight: 500; line-height: 1.1; color: rgb(51, 51, 51); font-size: 18px; white-space: normal; background-color: rgb(255, 255, 255);&quot;&gt;&lt;span class=&quot;ng-binding&quot; style=&quot;margin: 0px; padding: 0px; box-sizing: border-box; font-weight: 700;&quot;&gt;第一集第一集&lt;/span&gt;&lt;span style=&quot;font-weight: 700; line-height: 1.1;&quot;&gt;第一集第一集&lt;/span&gt;&lt;/h4&gt;&lt;p&gt;&lt;br/&gt;&lt;/p&gt;' WHERE `id` = 21 [ RunTime:0.2043s ]
INFO: [ app_end ] --START--
INFO: Run Behavior\ShowPageTraceBehavior [ RunTime:0.000650s ]
INFO: [ app_end ] --END-- [ RunTime:0.000709s ]

[ 2016-06-17T16:32:26+08:00 ] 127.0.0.1 /admin.php?c=documentary&a=setDetail&id=242
INFO: [ app_init ] --START--
INFO: Run Behavior\BuildLiteBehavior [ RunTime:0.000073s ]
INFO: [ app_init ] --END-- [ RunTime:0.001010s ]
INFO: [ app_begin ] --START--
INFO: Run Behavior\ReadHtmlCacheBehavior [ RunTime:0.000650s ]
INFO: [ app_begin ] --END-- [ RunTime:0.000756s ]
SQL: SHOW COLUMNS FROM `sets` [ RunTime:0.1064s ]
SQL: SELECT * FROM `sets` WHERE ( documentaryId=242 )  [ RunTime:0.3084s ]
INFO: [ app_end ] --START--
INFO: Run Behavior\ShowPageTraceBehavior [ RunTime:0.001016s ]
INFO: [ app_end ] --END-- [ RunTime:0.001133s ]

[ 2016-06-17T16:32:26+08:00 ] 127.0.0.1 /admin.php
INFO: [ app_init ] --START--
INFO: Run Behavior\BuildLiteBehavior [ RunTime:0.000032s ]
INFO: [ app_init ] --END-- [ RunTime:0.000560s ]
INFO: [ app_begin ] --START--
INFO: Run Behavior\ReadHtmlCacheBehavior [ RunTime:0.000627s ]
INFO: [ app_begin ] --END-- [ RunTime:0.000734s ]
INFO: [ view_parse ] --START--
INFO: [ template_filter ] --START--
INFO: Run Behavior\ContentReplaceBehavior [ RunTime:0.000085s ]
INFO: [ template_filter ] --END-- [ RunTime:0.000160s ]
INFO: Run Behavior\ParseTemplateBehavior [ RunTime:0.029924s ]
INFO: [ view_parse ] --END-- [ RunTime:0.030018s ]
INFO: [ view_filter ] --START--
INFO: Run Behavior\WriteHtmlCacheBehavior [ RunTime:0.000357s ]
INFO: [ view_filter ] --END-- [ RunTime:0.000422s ]
INFO: [ app_end ] --START--
INFO: Run Behavior\ShowPageTraceBehavior [ RunTime:0.000686s ]
INFO: [ app_end ] --END-- [ RunTime:0.000779s ]

[ 2016-06-17T16:32:27+08:00 ] 127.0.0.1 /admin.php?c=documentary&a=setDetail&id=242
INFO: [ app_init ] --START--
INFO: Run Behavior\BuildLiteBehavior [ RunTime:0.000020s ]
INFO: [ app_init ] --END-- [ RunTime:0.000373s ]
INFO: [ app_begin ] --START--
INFO: Run Behavior\ReadHtmlCacheBehavior [ RunTime:0.000481s ]
INFO: [ app_begin ] --END-- [ RunTime:0.000554s ]
SQL: SHOW COLUMNS FROM `sets` [ RunTime:0.0996s ]
SQL: SELECT * FROM `sets` WHERE ( documentaryId=242 )  [ RunTime:0.3079s ]
INFO: [ app_end ] --START--
INFO: Run Behavior\ShowPageTraceBehavior [ RunTime:0.000895s ]
INFO: [ app_end ] --END-- [ RunTime:0.001007s ]

[ 2016-06-17T16:33:15+08:00 ] 127.0.0.1 /admin.php?c=article&a=newContent&id=21&articleType=6
INFO: [ app_init ] --START--
INFO: Run Behavior\BuildLiteBehavior [ RunTime:0.000028s ]
INFO: [ app_init ] --END-- [ RunTime:0.000543s ]
INFO: [ app_begin ] --START--
INFO: Run Behavior\ReadHtmlCacheBehavior [ RunTime:0.000849s ]
INFO: [ app_begin ] --END-- [ RunTime:0.000994s ]
NOTIC: [8] Use of undefined constant id - assumed 'id' G:\CODE\kepuwang\Application\Home\Controller\ArticleController.class.php 第 80 行.
SQL: SHOW COLUMNS FROM `sets` [ RunTime:0.1013s ]
SQL: SELECT `id`,`title`,`content` FROM `sets` WHERE `id` = 21  [ RunTime:0.3039s ]
INFO: [ app_end ] --START--
INFO: Run Behavior\ShowPageTraceBehavior [ RunTime:0.000817s ]
INFO: [ app_end ] --END-- [ RunTime:0.000916s ]

[ 2016-06-17T16:33:20+08:00 ] 127.0.0.1 /admin.php?c=article&a=saveContent&articleType=6
INFO: [ app_init ] --START--
INFO: Run Behavior\BuildLiteBehavior [ RunTime:0.000015s ]
INFO: [ app_init ] --END-- [ RunTime:0.000343s ]
INFO: [ app_begin ] --START--
INFO: Run Behavior\ReadHtmlCacheBehavior [ RunTime:0.000401s ]
INFO: [ app_begin ] --END-- [ RunTime:0.000463s ]
NOTIC: [8] Use of undefined constant id - assumed 'id' G:\CODE\kepuwang\Application\Home\Controller\ArticleController.class.php 第 112 行.
NOTIC: [8] Use of undefined constant content - assumed 'content' G:\CODE\kepuwang\Application\Home\Controller\ArticleController.class.php 第 113 行.
SQL: SHOW COLUMNS FROM `sets` [ RunTime:0.1054s ]
SQL: UPDATE `sets` SET `content`='&lt;h4 style=&quot;margin: 10px 0px; padding: 0px; box-sizing: border-box; font-family: HelveticaNeue, &quot; helvetica=&quot;&quot; font-weight:=&quot;&quot; line-height:=&quot;&quot; color:=&quot;&quot; font-size:=&quot;&quot; white-space:=&quot;&quot; background-color:=&quot;&quot;&gt;&lt;span class=&quot;ng-binding&quot; style=&quot;margin: 0px; padding: 0px; box-sizing: border-box; font-weight: 700;&quot;&gt;第一集第一集&lt;/span&gt;&lt;/h4&gt;&lt;h4 style=&quot;margin: 10px 0px; padding: 0px; box-sizing: border-box; font-family: HelveticaNeue, &quot; helvetica=&quot;&quot; font-weight:=&quot;&quot; line-height:=&quot;&quot; color:=&quot;&quot; font-size:=&quot;&quot; white-space:=&quot;&quot; background-color:=&quot;&quot;&gt;&lt;span class=&quot;ng-binding&quot; style=&quot;margin: 0px; padding: 0px; box-sizing: border-box; font-weight: 700;&quot;&gt;第一集第一集&lt;/span&gt;&lt;/h4&gt;&lt;h4 style=&quot;margin: 10px 0px; padding: 0px; box-sizing: border-box; font-family: HelveticaNeue, &quot; helvetica=&quot;&quot; font-weight:=&quot;&quot; line-height:=&quot;&quot; color:=&quot;&quot; font-size:=&quot;&quot; white-space:=&quot;&quot; background-color:=&quot;&quot;&gt;&lt;span class=&quot;ng-binding&quot; style=&quot;margin: 0px; padding: 0px; box-sizing: border-box; font-weight: 700;&quot;&gt;第一集第一集&lt;/span&gt;&lt;/h4&gt;&lt;h4 style=&quot;margin: 10px 0px; padding: 0px; box-sizing: border-box; font-family: HelveticaNeue, &quot; helvetica=&quot;&quot; font-weight:=&quot;&quot; line-height:=&quot;&quot; color:=&quot;&quot; font-size:=&quot;&quot; white-space:=&quot;&quot; background-color:=&quot;&quot;&gt;&lt;span class=&quot;ng-binding&quot; style=&quot;margin: 0px; padding: 0px; box-sizing: border-box; font-weight: 700;&quot;&gt;第一集第一集&lt;/span&gt;&lt;/h4&gt;&lt;h4 style=&quot;margin: 10px 0px; padding: 0px; box-sizing: border-box; font-family: HelveticaNeue, &quot; helvetica=&quot;&quot; font-weight:=&quot;&quot; line-height:=&quot;&quot; color:=&quot;&quot; font-size:=&quot;&quot; white-space:=&quot;&quot; background-color:=&quot;&quot;&gt;&lt;span class=&quot;ng-binding&quot; style=&quot;margin: 0px; padding: 0px; box-sizing: border-box; font-weight: 700;&quot;&gt;第一集第一集&lt;/span&gt;&lt;/h4&gt;&lt;h4 style=&quot;margin: 10px 0px; padding: 0px; box-sizing: border-box; font-family: HelveticaNeue, &quot; helvetica=&quot;&quot; font-weight:=&quot;&quot; line-height:=&quot;&quot; color:=&quot;&quot; font-size:=&quot;&quot; white-space:=&quot;&quot; background-color:=&quot;&quot;&gt;&lt;span class=&quot;ng-binding&quot; style=&quot;margin: 0px; padding: 0px; box-sizing: border-box; font-weight: 700;&quot;&gt;第一集第一集&lt;/span&gt;&lt;/h4&gt;&lt;h4 style=&quot;margin: 10px 0px; padding: 0px; box-sizing: border-box; font-family: HelveticaNeue, &quot; helvetica=&quot;&quot; font-weight:=&quot;&quot; line-height:=&quot;&quot; color:=&quot;&quot; font-size:=&quot;&quot; white-space:=&quot;&quot; background-color:=&quot;&quot;&gt;&lt;span class=&quot;ng-binding&quot; style=&quot;margin: 0px; padding: 0px; box-sizing: border-box; font-weight: 700;&quot;&gt;第一集第一集&lt;/span&gt;&lt;/h4&gt;&lt;h4 style=&quot;margin: 10px 0px; padding: 0px; box-sizing: border-box; font-family: HelveticaNeue, &quot; helvetica=&quot;&quot; font-weight:=&quot;&quot; line-height:=&quot;&quot; color:=&quot;&quot; font-size:=&quot;&quot; white-space:=&quot;&quot; background-color:=&quot;&quot;&gt;&lt;span class=&quot;ng-binding&quot; style=&quot;margin: 0px; padding: 0px; box-sizing: border-box; font-weight: 700;&quot;&gt;第一集第一集&lt;/span&gt;&lt;span style=&quot;font-weight: 700; line-height: 1.1;&quot;&gt;第一集第一集&lt;/span&gt;&lt;/h4&gt;&lt;h4 style=&quot;margin: 10px 0px; padding: 0px; box-sizing: border-box; font-family: HelveticaNeue, &quot; helvetica=&quot;&quot; font-weight:=&quot;&quot; line-height:=&quot;&quot; color:=&quot;&quot; font-size:=&quot;&quot; white-space:=&quot;&quot; background-color:=&quot;&quot;&gt;&lt;span class=&quot;ng-binding&quot; style=&quot;margin: 0px; padding: 0px; box-sizing: border-box; font-weight: 700;&quot;&gt;第一集第一集&lt;/span&gt;&lt;/h4&gt;&lt;h4 style=&quot;margin: 10px 0px; padding: 0px; box-sizing: border-box; font-family: HelveticaNeue, &quot; helvetica=&quot;&quot; font-weight:=&quot;&quot; line-height:=&quot;&quot; color:=&quot;&quot; font-size:=&quot;&quot; white-space:=&quot;&quot; background-color:=&quot;&quot;&gt;&lt;span class=&quot;ng-binding&quot; style=&quot;margin: 0px; padding: 0px; box-sizing: border-box; font-weight: 700;&quot;&gt;第一集第一集&lt;/span&gt;&lt;/h4&gt;&lt;h4 style=&quot;margin: 10px 0px; padding: 0px; box-sizing: border-box; font-family: HelveticaNeue, &quot; helvetica=&quot;&quot; font-weight:=&quot;&quot; line-height:=&quot;&quot; color:=&quot;&quot; font-size:=&quot;&quot; white-space:=&quot;&quot; background-color:=&quot;&quot;&gt;&lt;span class=&quot;ng-binding&quot; style=&quot;margin: 0px; padding: 0px; box-sizing: border-box; font-weight: 700;&quot;&gt;第一集第一集&lt;/span&gt;&lt;span style=&quot;font-weight: 700; line-height: 1.1;&quot;&gt;第一集第一集&lt;/span&gt;&lt;/h4&gt;&lt;h4 style=&quot;margin: 10px 0px; padding: 0px; box-sizing: border-box; font-family: HelveticaNeue, &quot; helvetica=&quot;&quot; font-weight:=&quot;&quot; line-height:=&quot;&quot; color:=&quot;&quot; font-size:=&quot;&quot; white-space:=&quot;&quot; background-color:=&quot;&quot;&gt;&amp;nbsp;&amp;nbsp;&lt;/h4&gt;&lt;p&gt;&lt;br/&gt;&lt;/p&gt;' WHERE `id` = 21 [ RunTime:0.1000s ]
INFO: [ app_end ] --START--
INFO: Run Behavior\ShowPageTraceBehavior [ RunTime:0.000566s ]
INFO: [ app_end ] --END-- [ RunTime:0.000641s ]

[ 2016-06-17T16:34:02+08:00 ] 127.0.0.1 /admin.php?c=documentary&a=documentaryDetail&id=242
INFO: [ app_init ] --START--
INFO: Run Behavior\BuildLiteBehavior [ RunTime:0.000031s ]
INFO: [ app_init ] --END-- [ RunTime:0.000548s ]
INFO: [ app_begin ] --START--
INFO: Run Behavior\ReadHtmlCacheBehavior [ RunTime:0.000785s ]
INFO: [ app_begin ] --END-- [ RunTime:0.000917s ]
SQL: SHOW COLUMNS FROM `documentary` [ RunTime:0.1019s ]
SQL: SELECT * FROM `documentary` WHERE ( id=242 ) LIMIT 1   [ RunTime:0.0988s ]
INFO: [ app_end ] --START--
INFO: Run Behavior\ShowPageTraceBehavior [ RunTime:0.002560s ]
INFO: [ app_end ] --END-- [ RunTime:0.002786s ]

[ 2016-06-17T16:34:06+08:00 ] 127.0.0.1 /admin.php?c=article&a=newContent&id=21&articleType=6
INFO: [ app_init ] --START--
INFO: Run Behavior\BuildLiteBehavior [ RunTime:0.000029s ]
INFO: [ app_init ] --END-- [ RunTime:0.000551s ]
INFO: [ app_begin ] --START--
INFO: Run Behavior\ReadHtmlCacheBehavior [ RunTime:0.000738s ]
INFO: [ app_begin ] --END-- [ RunTime:0.000862s ]
NOTIC: [8] Use of undefined constant id - assumed 'id' G:\CODE\kepuwang\Application\Home\Controller\ArticleController.class.php 第 80 行.
SQL: SHOW COLUMNS FROM `sets` [ RunTime:0.1027s ]
SQL: SELECT `id`,`title`,`content` FROM `sets` WHERE `id` = 21  [ RunTime:0.2109s ]
INFO: [ app_end ] --START--
INFO: Run Behavior\ShowPageTraceBehavior [ RunTime:0.000922s ]
INFO: [ app_end ] --END-- [ RunTime:0.001041s ]

[ 2016-06-17T16:34:09+08:00 ] 127.0.0.1 /admin.php?c=documentary&a=setDetail&id=242
INFO: [ app_init ] --START--
INFO: Run Behavior\BuildLiteBehavior [ RunTime:0.000030s ]
INFO: [ app_init ] --END-- [ RunTime:0.000543s ]
INFO: [ app_begin ] --START--
INFO: Run Behavior\ReadHtmlCacheBehavior [ RunTime:0.000731s ]
INFO: [ app_begin ] --END-- [ RunTime:0.000860s ]
SQL: SHOW COLUMNS FROM `sets` [ RunTime:0.1034s ]
SQL: SELECT * FROM `sets` WHERE ( documentaryId=242 )  [ RunTime:0.2015s ]
INFO: [ app_end ] --START--
INFO: Run Behavior\ShowPageTraceBehavior [ RunTime:0.000972s ]
INFO: [ app_end ] --END-- [ RunTime:0.001156s ]

[ 2016-06-17T16:35:45+08:00 ] 127.0.0.1 /admin.php
INFO: [ app_init ] --START--
INFO: Run Behavior\BuildLiteBehavior [ RunTime:0.000094s ]
INFO: [ app_init ] --END-- [ RunTime:0.003492s ]
INFO: [ app_begin ] --START--
INFO: Run Behavior\ReadHtmlCacheBehavior [ RunTime:0.001051s ]
INFO: [ app_begin ] --END-- [ RunTime:0.001191s ]
INFO: [ view_parse ] --START--
INFO: [ template_filter ] --START--
INFO: Run Behavior\ContentReplaceBehavior [ RunTime:0.000141s ]
INFO: [ template_filter ] --END-- [ RunTime:0.000295s ]
INFO: Run Behavior\ParseTemplateBehavior [ RunTime:0.095526s ]
INFO: [ view_parse ] --END-- [ RunTime:0.095670s ]
INFO: [ view_filter ] --START--
INFO: Run Behavior\WriteHtmlCacheBehavior [ RunTime:0.000768s ]
INFO: [ view_filter ] --END-- [ RunTime:0.000919s ]
INFO: [ app_end ] --START--
INFO: Run Behavior\ShowPageTraceBehavior [ RunTime:0.002276s ]
INFO: [ app_end ] --END-- [ RunTime:0.002455s ]

[ 2016-06-17T16:35:46+08:00 ] 127.0.0.1 /admin.php?c=documentary&a=setDetail&id=242
INFO: [ app_init ] --START--
INFO: Run Behavior\BuildLiteBehavior [ RunTime:0.000039s ]
INFO: [ app_init ] --END-- [ RunTime:0.000746s ]
INFO: [ app_begin ] --START--
INFO: Run Behavior\ReadHtmlCacheBehavior [ RunTime:0.001025s ]
INFO: [ app_begin ] --END-- [ RunTime:0.001183s ]
SQL: SHOW COLUMNS FROM `sets` [ RunTime:0.1055s ]
SQL: SELECT * FROM `sets` WHERE ( documentaryId=242 )  [ RunTime:0.2047s ]
INFO: [ app_end ] --START--
INFO: Run Behavior\ShowPageTraceBehavior [ RunTime:0.000900s ]
INFO: [ app_end ] --END-- [ RunTime:0.001072s ]

[ 2016-06-17T16:40:15+08:00 ] 127.0.0.1 /admin.php
INFO: [ app_init ] --START--
INFO: Run Behavior\BuildLiteBehavior [ RunTime:0.000017s ]
INFO: [ app_init ] --END-- [ RunTime:0.000361s ]
INFO: [ app_begin ] --START--
INFO: Run Behavior\ReadHtmlCacheBehavior [ RunTime:0.000562s ]
INFO: [ app_begin ] --END-- [ RunTime:0.000625s ]
INFO: [ view_parse ] --START--
INFO: [ template_filter ] --START--
INFO: Run Behavior\ContentReplaceBehavior [ RunTime:0.000072s ]
INFO: [ template_filter ] --END-- [ RunTime:0.000141s ]
INFO: Run Behavior\ParseTemplateBehavior [ RunTime:0.028093s ]
INFO: [ view_parse ] --END-- [ RunTime:0.028172s ]
INFO: [ view_filter ] --START--
INFO: Run Behavior\WriteHtmlCacheBehavior [ RunTime:0.000295s ]
INFO: [ view_filter ] --END-- [ RunTime:0.000347s ]
INFO: [ app_end ] --START--
INFO: Run Behavior\ShowPageTraceBehavior [ RunTime:0.004330s ]
INFO: [ app_end ] --END-- [ RunTime:0.004492s ]

[ 2016-06-17T16:40:16+08:00 ] 127.0.0.1 /admin.php?c=documentary&a=setDetail&id=242
INFO: [ app_init ] --START--
INFO: Run Behavior\BuildLiteBehavior [ RunTime:0.000034s ]
INFO: [ app_init ] --END-- [ RunTime:0.001843s ]
INFO: [ app_begin ] --START--
INFO: Run Behavior\ReadHtmlCacheBehavior [ RunTime:0.001864s ]
INFO: [ app_begin ] --END-- [ RunTime:0.002015s ]
SQL: SHOW COLUMNS FROM `sets` [ RunTime:0.0990s ]
SQL: SELECT * FROM `sets` WHERE ( documentaryId=242 )  [ RunTime:0.2177s ]
INFO: [ app_end ] --START--
INFO: Run Behavior\ShowPageTraceBehavior [ RunTime:0.000726s ]
INFO: [ app_end ] --END-- [ RunTime:0.000799s ]

[ 2016-06-17T16:40:27+08:00 ] 127.0.0.1 /admin.php
INFO: [ app_init ] --START--
INFO: Run Behavior\BuildLiteBehavior [ RunTime:0.000016s ]
INFO: [ app_init ] --END-- [ RunTime:0.000375s ]
INFO: [ app_begin ] --START--
INFO: Run Behavior\ReadHtmlCacheBehavior [ RunTime:0.000541s ]
INFO: [ app_begin ] --END-- [ RunTime:0.000605s ]
INFO: [ view_parse ] --START--
INFO: [ template_filter ] --START--
INFO: Run Behavior\ContentReplaceBehavior [ RunTime:0.000074s ]
INFO: [ template_filter ] --END-- [ RunTime:0.000156s ]
INFO: Run Behavior\ParseTemplateBehavior [ RunTime:0.026843s ]
INFO: [ view_parse ] --END-- [ RunTime:0.026925s ]
INFO: [ view_filter ] --START--
INFO: Run Behavior\WriteHtmlCacheBehavior [ RunTime:0.000385s ]
INFO: [ view_filter ] --END-- [ RunTime:0.000470s ]
INFO: [ app_end ] --START--
INFO: Run Behavior\ShowPageTraceBehavior [ RunTime:0.001094s ]
INFO: [ app_end ] --END-- [ RunTime:0.001221s ]

[ 2016-06-17T16:40:29+08:00 ] 127.0.0.1 /admin.php?c=documentary&a=setDetail&id=242
INFO: [ app_init ] --START--
INFO: Run Behavior\BuildLiteBehavior [ RunTime:0.000019s ]
INFO: [ app_init ] --END-- [ RunTime:0.000366s ]
INFO: [ app_begin ] --START--
INFO: Run Behavior\ReadHtmlCacheBehavior [ RunTime:0.000472s ]
INFO: [ app_begin ] --END-- [ RunTime:0.000547s ]
SQL: SHOW COLUMNS FROM `sets` [ RunTime:0.1044s ]
SQL: SELECT * FROM `sets` WHERE ( documentaryId=242 )  [ RunTime:0.2033s ]
INFO: [ app_end ] --START--
INFO: Run Behavior\ShowPageTraceBehavior [ RunTime:0.000679s ]
INFO: [ app_end ] --END-- [ RunTime:0.000781s ]

[ 2016-06-17T16:40:31+08:00 ] 127.0.0.1 /admin.php?c=documentary&a=documentaryDetail&id=242
INFO: [ app_init ] --START--
INFO: Run Behavior\BuildLiteBehavior [ RunTime:0.000030s ]
INFO: [ app_init ] --END-- [ RunTime:0.000545s ]
INFO: [ app_begin ] --START--
INFO: Run Behavior\ReadHtmlCacheBehavior [ RunTime:0.000723s ]
INFO: [ app_begin ] --END-- [ RunTime:0.000845s ]
SQL: SHOW COLUMNS FROM `documentary` [ RunTime:0.1051s ]
SQL: SELECT * FROM `documentary` WHERE ( id=242 ) LIMIT 1   [ RunTime:0.1008s ]
INFO: [ app_end ] --START--
INFO: Run Behavior\ShowPageTraceBehavior [ RunTime:0.000658s ]
INFO: [ app_end ] --END-- [ RunTime:0.000747s ]

[ 2016-06-17T16:40:36+08:00 ] 127.0.0.1 /admin.php?c=documentary&a=setDetail&id=242
INFO: [ app_init ] --START--
INFO: Run Behavior\BuildLiteBehavior [ RunTime:0.000018s ]
INFO: [ app_init ] --END-- [ RunTime:0.000392s ]
INFO: [ app_begin ] --START--
INFO: Run Behavior\ReadHtmlCacheBehavior [ RunTime:0.000552s ]
INFO: [ app_begin ] --END-- [ RunTime:0.000618s ]
SQL: SHOW COLUMNS FROM `sets` [ RunTime:0.1130s ]
SQL: SELECT * FROM `sets` WHERE ( documentaryId=242 )  [ RunTime:0.2049s ]
INFO: [ app_end ] --START--
INFO: Run Behavior\ShowPageTraceBehavior [ RunTime:0.000954s ]
INFO: [ app_end ] --END-- [ RunTime:0.001077s ]

[ 2016-06-17T16:40:47+08:00 ] 127.0.0.1 /admin.php?c=documentary&a=documentaryDetail&id=242
INFO: [ app_init ] --START--
INFO: Run Behavior\BuildLiteBehavior [ RunTime:0.000034s ]
INFO: [ app_init ] --END-- [ RunTime:0.000774s ]
INFO: [ app_begin ] --START--
INFO: Run Behavior\ReadHtmlCacheBehavior [ RunTime:0.001025s ]
INFO: [ app_begin ] --END-- [ RunTime:0.001188s ]
SQL: SHOW COLUMNS FROM `documentary` [ RunTime:0.1087s ]
SQL: SELECT * FROM `documentary` WHERE ( id=242 ) LIMIT 1   [ RunTime:0.1012s ]
INFO: [ app_end ] --START--
INFO: Run Behavior\ShowPageTraceBehavior [ RunTime:0.000769s ]
INFO: [ app_end ] --END-- [ RunTime:0.000838s ]

[ 2016-06-17T16:41:00+08:00 ] 127.0.0.1 /admin.php?c=documentary&a=documentaryDetail&id=242
INFO: [ app_init ] --START--
INFO: Run Behavior\BuildLiteBehavior [ RunTime:0.000018s ]
INFO: [ app_init ] --END-- [ RunTime:0.000433s ]
INFO: [ app_begin ] --START--
INFO: Run Behavior\ReadHtmlCacheBehavior [ RunTime:0.001022s ]
INFO: [ app_begin ] --END-- [ RunTime:0.001185s ]
SQL: SHOW COLUMNS FROM `documentary` [ RunTime:0.1025s ]
SQL: SELECT * FROM `documentary` WHERE ( id=242 ) LIMIT 1   [ RunTime:0.1086s ]
INFO: [ app_end ] --START--
INFO: Run Behavior\ShowPageTraceBehavior [ RunTime:0.000710s ]
INFO: [ app_end ] --END-- [ RunTime:0.000786s ]

[ 2016-06-17T16:41:03+08:00 ] 127.0.0.1 /admin.php?c=documentary&a=setDetail&id=242
INFO: [ app_init ] --START--
INFO: Run Behavior\BuildLiteBehavior [ RunTime:0.000028s ]
INFO: [ app_init ] --END-- [ RunTime:0.000620s ]
INFO: [ app_begin ] --START--
INFO: Run Behavior\ReadHtmlCacheBehavior [ RunTime:0.000632s ]
INFO: [ app_begin ] --END-- [ RunTime:0.000714s ]
SQL: SHOW COLUMNS FROM `sets` [ RunTime:0.1131s ]
SQL: SELECT * FROM `sets` WHERE ( documentaryId=242 )  [ RunTime:0.1923s ]
INFO: [ app_end ] --START--
INFO: Run Behavior\ShowPageTraceBehavior [ RunTime:0.000880s ]
INFO: [ app_end ] --END-- [ RunTime:0.000994s ]

[ 2016-06-17T16:41:04+08:00 ] 127.0.0.1 /admin.php
INFO: [ app_init ] --START--
INFO: Run Behavior\BuildLiteBehavior [ RunTime:0.000016s ]
INFO: [ app_init ] --END-- [ RunTime:0.000353s ]
INFO: [ app_begin ] --START--
INFO: Run Behavior\ReadHtmlCacheBehavior [ RunTime:0.001117s ]
INFO: [ app_begin ] --END-- [ RunTime:0.001299s ]
INFO: [ view_parse ] --START--
INFO: [ template_filter ] --START--
INFO: Run Behavior\ContentReplaceBehavior [ RunTime:0.000071s ]
INFO: [ template_filter ] --END-- [ RunTime:0.000137s ]
INFO: Run Behavior\ParseTemplateBehavior [ RunTime:0.025331s ]
INFO: [ view_parse ] --END-- [ RunTime:0.025416s ]
INFO: [ view_filter ] --START--
INFO: Run Behavior\WriteHtmlCacheBehavior [ RunTime:0.000365s ]
INFO: [ view_filter ] --END-- [ RunTime:0.000418s ]
INFO: [ app_end ] --START--
INFO: Run Behavior\ShowPageTraceBehavior [ RunTime:0.000723s ]
INFO: [ app_end ] --END-- [ RunTime:0.000818s ]

[ 2016-06-17T16:41:05+08:00 ] 127.0.0.1 /admin.php?c=documentary&a=setDetail&id=242
INFO: [ app_init ] --START--
INFO: Run Behavior\BuildLiteBehavior [ RunTime:0.000029s ]
INFO: [ app_init ] --END-- [ RunTime:0.000550s ]
INFO: [ app_begin ] --START--
INFO: Run Behavior\ReadHtmlCacheBehavior [ RunTime:0.000674s ]
INFO: [ app_begin ] --END-- [ RunTime:0.000773s ]
SQL: SHOW COLUMNS FROM `sets` [ RunTime:0.1047s ]
SQL: SELECT * FROM `sets` WHERE ( documentaryId=242 )  [ RunTime:0.2059s ]
INFO: [ app_end ] --START--
INFO: Run Behavior\ShowPageTraceBehavior [ RunTime:0.000754s ]
INFO: [ app_end ] --END-- [ RunTime:0.000827s ]

[ 2016-06-17T16:41:16+08:00 ] 127.0.0.1 /admin.php
INFO: [ app_init ] --START--
INFO: Run Behavior\BuildLiteBehavior [ RunTime:0.000017s ]
INFO: [ app_init ] --END-- [ RunTime:0.000360s ]
INFO: [ app_begin ] --START--
INFO: Run Behavior\ReadHtmlCacheBehavior [ RunTime:0.000454s ]
INFO: [ app_begin ] --END-- [ RunTime:0.000517s ]
INFO: [ view_parse ] --START--
INFO: [ template_filter ] --START--
INFO: Run Behavior\ContentReplaceBehavior [ RunTime:0.000069s ]
INFO: [ template_filter ] --END-- [ RunTime:0.000136s ]
INFO: Run Behavior\ParseTemplateBehavior [ RunTime:0.025111s ]
INFO: [ view_parse ] --END-- [ RunTime:0.025189s ]
INFO: [ view_filter ] --START--
INFO: Run Behavior\WriteHtmlCacheBehavior [ RunTime:0.000295s ]
INFO: [ view_filter ] --END-- [ RunTime:0.000347s ]
INFO: [ app_end ] --START--
INFO: Run Behavior\ShowPageTraceBehavior [ RunTime:0.001052s ]
INFO: [ app_end ] --END-- [ RunTime:0.001173s ]

[ 2016-06-17T16:41:17+08:00 ] 127.0.0.1 /admin.php?c=documentary&a=setDetail&id=242
INFO: [ app_init ] --START--
INFO: Run Behavior\BuildLiteBehavior [ RunTime:0.000032s ]
INFO: [ app_init ] --END-- [ RunTime:0.000590s ]
INFO: [ app_begin ] --START--
INFO: Run Behavior\ReadHtmlCacheBehavior [ RunTime:0.000766s ]
INFO: [ app_begin ] --END-- [ RunTime:0.000898s ]
SQL: SHOW COLUMNS FROM `sets` [ RunTime:0.1050s ]
SQL: SELECT * FROM `sets` WHERE ( documentaryId=242 )  [ RunTime:0.2023s ]
INFO: [ app_end ] --START--
INFO: Run Behavior\ShowPageTraceBehavior [ RunTime:0.000719s ]
INFO: [ app_end ] --END-- [ RunTime:0.000791s ]

