[ 2016-05-21T17:38:59+08:00 ] 127.0.0.1 /admin.php
INFO: [ app_init ] --START--
INFO: Run Behavior\BuildLiteBehavior [ RunTime:0.000041s ]
INFO: [ app_init ] --END-- [ RunTime:0.000759s ]
INFO: [ app_begin ] --START--
INFO: Run Behavior\ReadHtmlCacheBehavior [ RunTime:0.000849s ]
INFO: [ app_begin ] --END-- [ RunTime:0.000987s ]
INFO: [ view_parse ] --START--
INFO: [ template_filter ] --START--
INFO: Run Behavior\ContentReplaceBehavior [ RunTime:0.000123s ]
INFO: [ template_filter ] --END-- [ RunTime:0.000261s ]
INFO: Run Behavior\ParseTemplateBehavior [ RunTime:0.163987s ]
INFO: [ view_parse ] --END-- [ RunTime:0.164142s ]
INFO: [ view_filter ] --START--
INFO: Run Behavior\WriteHtmlCacheBehavior [ RunTime:0.000248s ]
INFO: [ view_filter ] --END-- [ RunTime:0.000303s ]
INFO: [ app_end ] --START--
INFO: Run Behavior\ShowPageTraceBehavior [ RunTime:0.000496s ]
INFO: [ app_end ] --END-- [ RunTime:0.000556s ]

[ 2016-05-21T17:44:33+08:00 ] 127.0.0.1 /admin.php?c=article&a=newArticle
INFO: [ app_init ] --START--
INFO: Run Behavior\BuildLiteBehavior [ RunTime:0.000017s ]
INFO: [ app_init ] --END-- [ RunTime:0.000370s ]
INFO: [ app_begin ] --START--
INFO: Run Behavior\ReadHtmlCacheBehavior [ RunTime:0.000406s ]
INFO: [ app_begin ] --END-- [ RunTime:0.000467s ]
NOTIC: [8] Use of undefined constant title - assumed 'title' G:\CODE\kepuwang\Application\Home\Controller\ArticleController.class.php 第 11 行.
NOTIC: [8] Use of undefined constant content - assumed 'content' G:\CODE\kepuwang\Application\Home\Controller\ArticleController.class.php 第 12 行.
NOTIC: [8] Use of undefined constant mainType - assumed 'mainType' G:\CODE\kepuwang\Application\Home\Controller\ArticleController.class.php 第 13 行.
NOTIC: [8] Use of undefined constant publishTime - assumed 'publishTime' G:\CODE\kepuwang\Application\Home\Controller\ArticleController.class.php 第 14 行.
SQL: SHOW COLUMNS FROM `article` [ RunTime:0.2383s ]
SQL: INSERT INTO `article` (`title`,`content`,`publishTime`) VALUES ('','&lt;p&gt;&lt;embed type=&quot;application/x-shockwave-flash&quot; class=&quot;edui-faked-video&quot; pluginspage=&quot;http://www.macromedia.com/go/getflashplayer&quot; src=&quot;http://player.youku.com/player.php/sid/XMTUyNzM2MTY3Mg==/v.swf?from=s1.8-1-1.2&quot; width=&quot;420&quot; height=&quot;280&quot; wmode=&quot;transparent&quot; play=&quot;true&quot; loop=&quot;false&quot; menu=&quot;false&quot; allowscriptaccess=&quot;never&quot; allowfullscreen=&quot;true&quot;/&gt;&lt;/p&gt;','1463823873') [ RunTime:0.0099s ]
INFO: [ app_end ] --START--
INFO: Run Behavior\ShowPageTraceBehavior [ RunTime:0.002355s ]
INFO: [ app_end ] --END-- [ RunTime:0.002716s ]

