[ 2016-06-14T10:22:57+08:00 ] 127.0.0.1 /admin.php?c=documentary&a=documentaryDetail&id=134
INFO: [ app_init ] --START--
INFO: Run Behavior\BuildLiteBehavior [ RunTime:0.000036s ]
INFO: [ app_init ] --END-- [ RunTime:0.000689s ]
INFO: [ app_begin ] --START--
INFO: Run Behavior\ReadHtmlCacheBehavior [ RunTime:0.000945s ]
INFO: [ app_begin ] --END-- [ RunTime:0.001075s ]
SQL: SHOW COLUMNS FROM `documentary` [ RunTime:0.0761s ]
SQL: SELECT * FROM `documentary` WHERE ( id=134 ) LIMIT 1   [ RunTime:0.1468s ]
INFO: [ app_end ] --START--
INFO: Run Behavior\ShowPageTraceBehavior [ RunTime:0.000718s ]
INFO: [ app_end ] --END-- [ RunTime:0.000796s ]

[ 2016-06-14T20:15:54+08:00 ] 127.0.0.1 /admin.php
INFO: [ app_init ] --START--
INFO: Run Behavior\BuildLiteBehavior [ RunTime:0.000019s ]
INFO: [ app_init ] --END-- [ RunTime:0.000461s ]
INFO: [ app_begin ] --START--
INFO: Run Behavior\ReadHtmlCacheBehavior [ RunTime:0.000572s ]
INFO: [ app_begin ] --END-- [ RunTime:0.000647s ]

[ 2016-06-14T20:15:55+08:00 ] 127.0.0.1 /admin.php?c=login
INFO: [ app_init ] --START--
INFO: Run Behavior\BuildLiteBehavior [ RunTime:0.000016s ]
INFO: [ app_init ] --END-- [ RunTime:0.000338s ]
INFO: [ app_begin ] --START--
INFO: Run Behavior\ReadHtmlCacheBehavior [ RunTime:0.000565s ]
INFO: [ app_begin ] --END-- [ RunTime:0.000628s ]
INFO: [ view_parse ] --START--
INFO: [ template_filter ] --START--
INFO: Run Behavior\ContentReplaceBehavior [ RunTime:0.000052s ]
INFO: [ template_filter ] --END-- [ RunTime:0.000125s ]
INFO: Run Behavior\ParseTemplateBehavior [ RunTime:0.063396s ]
INFO: [ view_parse ] --END-- [ RunTime:0.063516s ]
INFO: [ view_filter ] --START--
INFO: Run Behavior\WriteHtmlCacheBehavior [ RunTime:0.000528s ]
INFO: [ view_filter ] --END-- [ RunTime:0.000586s ]
INFO: [ app_end ] --START--
INFO: Run Behavior\ShowPageTraceBehavior [ RunTime:0.000541s ]
INFO: [ app_end ] --END-- [ RunTime:0.000596s ]

[ 2016-06-14T20:15:57+08:00 ] 127.0.0.1 /admin.php?c=login&a=auth
INFO: [ app_init ] --START--
INFO: Run Behavior\BuildLiteBehavior [ RunTime:0.000024s ]
INFO: [ app_init ] --END-- [ RunTime:0.000552s ]
INFO: [ app_begin ] --START--
INFO: Run Behavior\ReadHtmlCacheBehavior [ RunTime:0.000830s ]
INFO: [ app_begin ] --END-- [ RunTime:0.000976s ]
SQL: SHOW COLUMNS FROM `admin` [ RunTime:0.0758s ]
SQL: SELECT * FROM `admin` WHERE ( username='admin' ) LIMIT 1   [ RunTime:0.0730s ]
INFO: [ view_parse ] --START--
INFO: [ template_filter ] --START--
INFO: Run Behavior\ContentReplaceBehavior [ RunTime:0.000049s ]
INFO: [ template_filter ] --END-- [ RunTime:0.000117s ]
INFO: Run Behavior\ParseTemplateBehavior [ RunTime:0.045803s ]
INFO: [ view_parse ] --END-- [ RunTime:0.045911s ]
INFO: [ view_filter ] --START--
INFO: Run Behavior\WriteHtmlCacheBehavior [ RunTime:0.000561s ]
INFO: [ view_filter ] --END-- [ RunTime:0.000635s ]
INFO: [ app_end ] --START--
INFO: Run Behavior\ShowPageTraceBehavior [ RunTime:0.000561s ]
INFO: [ app_end ] --END-- [ RunTime:0.000621s ]

[ 2016-06-14T20:15:58+08:00 ] 127.0.0.1 /admin.php
INFO: [ app_init ] --START--
INFO: Run Behavior\BuildLiteBehavior [ RunTime:0.000035s ]
INFO: [ app_init ] --END-- [ RunTime:0.000662s ]
INFO: [ app_begin ] --START--
INFO: Run Behavior\ReadHtmlCacheBehavior [ RunTime:0.001044s ]
INFO: [ app_begin ] --END-- [ RunTime:0.001197s ]
INFO: [ view_parse ] --START--
INFO: [ template_filter ] --START--
INFO: Run Behavior\ContentReplaceBehavior [ RunTime:0.000070s ]
INFO: [ template_filter ] --END-- [ RunTime:0.000149s ]
INFO: Run Behavior\ParseTemplateBehavior [ RunTime:0.114776s ]
INFO: [ view_parse ] --END-- [ RunTime:0.114981s ]
INFO: [ view_filter ] --START--
INFO: Run Behavior\WriteHtmlCacheBehavior [ RunTime:0.000899s ]
INFO: [ view_filter ] --END-- [ RunTime:0.000977s ]
INFO: [ app_end ] --START--
INFO: Run Behavior\ShowPageTraceBehavior [ RunTime:0.000835s ]
INFO: [ app_end ] --END-- [ RunTime:0.000963s ]

[ 2016-06-14T20:16:36+08:00 ] 127.0.0.1 /admin.php?c=video&a=allVideo
INFO: [ app_init ] --START--
INFO: Run Behavior\BuildLiteBehavior [ RunTime:0.000015s ]
INFO: [ app_init ] --END-- [ RunTime:0.000346s ]
INFO: [ app_begin ] --START--
INFO: Run Behavior\ReadHtmlCacheBehavior [ RunTime:0.000898s ]
INFO: [ app_begin ] --END-- [ RunTime:0.001031s ]
SQL: SHOW COLUMNS FROM `video` [ RunTime:0.0756s ]
SQL: SELECT COUNT(*) AS tp_count FROM `video` LIMIT 1   [ RunTime:0.0731s ]
SQL: SELECT * FROM `video` ORDER BY publishTime DESC LIMIT 0,19   [ RunTime:0.0740s ]
INFO: [ app_end ] --START--
INFO: Run Behavior\ShowPageTraceBehavior [ RunTime:0.000752s ]
INFO: [ app_end ] --END-- [ RunTime:0.000820s ]

[ 2016-06-14T20:16:41+08:00 ] 127.0.0.1 /admin.php?c=video&a=videoDetail&id=119
INFO: [ app_init ] --START--
INFO: Run Behavior\BuildLiteBehavior [ RunTime:0.000051s ]
INFO: [ app_init ] --END-- [ RunTime:0.000710s ]
INFO: [ app_begin ] --START--
INFO: Run Behavior\ReadHtmlCacheBehavior [ RunTime:0.001054s ]
INFO: [ app_begin ] --END-- [ RunTime:0.001226s ]
SQL: SHOW COLUMNS FROM `video` [ RunTime:0.0776s ]
SQL: SELECT `id`,`mainType`,`thumbnail`,`title`,`abstract`,`type`,`videoCode` FROM `video` WHERE ( id = 119 )  [ RunTime:0.0754s ]
NOTIC: [8] Undefined index: videoCode G:\CODE\kepuwang\Application\Home\Controller\VideoController.class.php 第 55 行.
INFO: [ app_end ] --START--
INFO: Run Behavior\ShowPageTraceBehavior [ RunTime:0.001055s ]
INFO: [ app_end ] --END-- [ RunTime:0.001167s ]

[ 2016-06-14T20:16:51+08:00 ] 127.0.0.1 /admin.php?c=video&a=newVideo
INFO: [ app_init ] --START--
INFO: Run Behavior\BuildLiteBehavior [ RunTime:0.000017s ]
INFO: [ app_init ] --END-- [ RunTime:0.000429s ]
INFO: [ app_begin ] --START--
INFO: Run Behavior\ReadHtmlCacheBehavior [ RunTime:0.000548s ]
INFO: [ app_begin ] --END-- [ RunTime:0.000616s ]
NOTIC: [8] Use of undefined constant title - assumed 'title' G:\CODE\kepuwang\Application\Home\Controller\VideoController.class.php 第 11 行.
NOTIC: [8] Use of undefined constant thumbnail - assumed 'thumbnail' G:\CODE\kepuwang\Application\Home\Controller\VideoController.class.php 第 12 行.
NOTIC: [8] Use of undefined constant type - assumed 'type' G:\CODE\kepuwang\Application\Home\Controller\VideoController.class.php 第 13 行.
NOTIC: [8] Use of undefined constant videoCode - assumed 'videoCode' G:\CODE\kepuwang\Application\Home\Controller\VideoController.class.php 第 15 行.
NOTIC: [8] Use of undefined constant mainType - assumed 'mainType' G:\CODE\kepuwang\Application\Home\Controller\VideoController.class.php 第 16 行.
SQL: SHOW COLUMNS FROM `video` [ RunTime:0.0825s ]
SQL: UPDATE `video` SET `title`='鹰状星云',`thumbnail`='',`type`='3',`abstract`='哈勃望远镜拍摄到的太空照片不计其数，美到让人窒息，而其中一张一定能够脱颖而出，那就是被称为创世之柱的鹰状星云。',`videoCode`='http://player.youku.com/player.php/sid/XMTYwNzA3ODA3Mg==/v.swf',`mainType`='1' WHERE ( id=119 ) [ RunTime:0.0803s ]
INFO: [ app_end ] --START--
INFO: Run Behavior\ShowPageTraceBehavior [ RunTime:0.000870s ]
INFO: [ app_end ] --END-- [ RunTime:0.000963s ]

[ 2016-06-14T20:16:52+08:00 ] 127.0.0.1 /admin.php?c=article&a=newContent&id=119&articleType=4
INFO: [ app_init ] --START--
INFO: Run Behavior\BuildLiteBehavior [ RunTime:0.000029s ]
INFO: [ app_init ] --END-- [ RunTime:0.000644s ]
INFO: [ app_begin ] --START--
INFO: Run Behavior\ReadHtmlCacheBehavior [ RunTime:0.000971s ]
INFO: [ app_begin ] --END-- [ RunTime:0.001145s ]
SQL: SHOW COLUMNS FROM `video` [ RunTime:0.0775s ]
NOTIC: [8] Use of undefined constant id - assumed 'id' G:\CODE\kepuwang\Application\Home\Controller\ArticleController.class.php 第 100 行.
SQL: SELECT `id`,`title`,`content` FROM `video` WHERE `id` = 119  [ RunTime:0.0747s ]
INFO: [ app_end ] --START--
INFO: Run Behavior\ShowPageTraceBehavior [ RunTime:0.000668s ]
INFO: [ app_end ] --END-- [ RunTime:0.000731s ]

