[ 2016-06-13T00:00:57+08:00 ] 127.0.0.1 /admin.php
INFO: [ app_init ] --START--
INFO: Run Behavior\BuildLiteBehavior [ RunTime:0.000019s ]
INFO: [ app_init ] --END-- [ RunTime:0.000420s ]
INFO: [ app_begin ] --START--
INFO: Run Behavior\ReadHtmlCacheBehavior [ RunTime:0.000997s ]
INFO: [ app_begin ] --END-- [ RunTime:0.001113s ]
INFO: [ view_parse ] --START--
INFO: [ template_filter ] --START--
INFO: Run Behavior\ContentReplaceBehavior [ RunTime:0.000075s ]
INFO: [ template_filter ] --END-- [ RunTime:0.000166s ]
INFO: Run Behavior\ParseTemplateBehavior [ RunTime:0.034783s ]
INFO: [ view_parse ] --END-- [ RunTime:0.034885s ]
INFO: [ view_filter ] --START--
INFO: Run Behavior\WriteHtmlCacheBehavior [ RunTime:0.000525s ]
INFO: [ view_filter ] --END-- [ RunTime:0.000592s ]
INFO: [ app_end ] --START--
INFO: Run Behavior\ShowPageTraceBehavior [ RunTime:0.001743s ]
INFO: [ app_end ] --END-- [ RunTime:0.001891s ]

[ 2016-06-13T00:01:06+08:00 ] 127.0.0.1 /admin.php?c=documentary&a=documentaryDetail&id=121
INFO: [ app_init ] --START--
INFO: Run Behavior\BuildLiteBehavior [ RunTime:0.000034s ]
INFO: [ app_init ] --END-- [ RunTime:0.000670s ]
INFO: [ app_begin ] --START--
INFO: Run Behavior\ReadHtmlCacheBehavior [ RunTime:0.001175s ]
INFO: [ app_begin ] --END-- [ RunTime:0.001315s ]
SQL: SHOW COLUMNS FROM `documentary` [ RunTime:0.0796s ]
SQL: SELECT * FROM `documentary` WHERE ( id=121 ) LIMIT 1   [ RunTime:0.0776s ]
INFO: [ app_end ] --START--
INFO: Run Behavior\ShowPageTraceBehavior [ RunTime:0.001169s ]
INFO: [ app_end ] --END-- [ RunTime:0.001303s ]

[ 2016-06-13T00:01:12+08:00 ] 127.0.0.1 /admin.php
INFO: [ app_init ] --START--
INFO: Run Behavior\BuildLiteBehavior [ RunTime:0.000036s ]
INFO: [ app_init ] --END-- [ RunTime:0.000760s ]
INFO: [ app_begin ] --START--
INFO: Run Behavior\ReadHtmlCacheBehavior [ RunTime:0.001134s ]
INFO: [ app_begin ] --END-- [ RunTime:0.001311s ]
INFO: [ view_parse ] --START--
INFO: [ template_filter ] --START--
INFO: Run Behavior\ContentReplaceBehavior [ RunTime:0.000072s ]
INFO: [ template_filter ] --END-- [ RunTime:0.000151s ]
INFO: Run Behavior\ParseTemplateBehavior [ RunTime:0.043622s ]
INFO: [ view_parse ] --END-- [ RunTime:0.043821s ]
INFO: [ view_filter ] --START--
INFO: Run Behavior\WriteHtmlCacheBehavior [ RunTime:0.001143s ]
INFO: [ view_filter ] --END-- [ RunTime:0.001426s ]
INFO: [ app_end ] --START--
INFO: Run Behavior\ShowPageTraceBehavior [ RunTime:0.002716s ]
INFO: [ app_end ] --END-- [ RunTime:0.003069s ]

[ 2016-06-13T00:01:14+08:00 ] 127.0.0.1 /admin.php?c=documentary&a=documentaryDetail&id=121
INFO: [ app_init ] --START--
INFO: Run Behavior\BuildLiteBehavior [ RunTime:0.000018s ]
INFO: [ app_init ] --END-- [ RunTime:0.000434s ]
INFO: [ app_begin ] --START--
INFO: Run Behavior\ReadHtmlCacheBehavior [ RunTime:0.000769s ]
INFO: [ app_begin ] --END-- [ RunTime:0.000892s ]
SQL: SHOW COLUMNS FROM `documentary` [ RunTime:0.0794s ]
SQL: SELECT * FROM `documentary` WHERE ( id=121 ) LIMIT 1   [ RunTime:0.0774s ]
INFO: [ app_end ] --START--
INFO: Run Behavior\ShowPageTraceBehavior [ RunTime:0.000667s ]
INFO: [ app_end ] --END-- [ RunTime:0.000729s ]

[ 2016-06-13T00:02:44+08:00 ] 127.0.0.1 /admin.php
INFO: [ app_init ] --START--
INFO: Run Behavior\BuildLiteBehavior [ RunTime:0.000030s ]
INFO: [ app_init ] --END-- [ RunTime:0.000691s ]
INFO: [ app_begin ] --START--
INFO: Run Behavior\ReadHtmlCacheBehavior [ RunTime:0.000588s ]
INFO: [ app_begin ] --END-- [ RunTime:0.000667s ]
INFO: [ view_parse ] --START--
INFO: [ template_filter ] --START--
INFO: Run Behavior\ContentReplaceBehavior [ RunTime:0.000083s ]
INFO: [ template_filter ] --END-- [ RunTime:0.000159s ]
INFO: Run Behavior\ParseTemplateBehavior [ RunTime:0.030297s ]
INFO: [ view_parse ] --END-- [ RunTime:0.030471s ]
INFO: [ view_filter ] --START--
INFO: Run Behavior\WriteHtmlCacheBehavior [ RunTime:0.000339s ]
INFO: [ view_filter ] --END-- [ RunTime:0.000395s ]
INFO: [ app_end ] --START--
INFO: Run Behavior\ShowPageTraceBehavior [ RunTime:0.001365s ]
INFO: [ app_end ] --END-- [ RunTime:0.003150s ]

[ 2016-06-13T00:02:50+08:00 ] 127.0.0.1 /admin.php?c=documentary&a=documentaryDetail&id=121
INFO: [ app_init ] --START--
INFO: Run Behavior\BuildLiteBehavior [ RunTime:0.000032s ]
INFO: [ app_init ] --END-- [ RunTime:0.000698s ]
INFO: [ app_begin ] --START--
INFO: Run Behavior\ReadHtmlCacheBehavior [ RunTime:0.000730s ]
INFO: [ app_begin ] --END-- [ RunTime:0.000821s ]
SQL: SHOW COLUMNS FROM `documentary` [ RunTime:1.4318s ]
SQL: SELECT * FROM `documentary` WHERE ( id=121 ) LIMIT 1   [ RunTime:0.6207s ]
INFO: [ app_end ] --START--
INFO: Run Behavior\ShowPageTraceBehavior [ RunTime:0.000846s ]
INFO: [ app_end ] --END-- [ RunTime:0.000919s ]

[ 2016-06-13T00:02:54+08:00 ] 127.0.0.1 /admin.php
INFO: [ app_init ] --START--
INFO: Run Behavior\BuildLiteBehavior [ RunTime:0.000036s ]
INFO: [ app_init ] --END-- [ RunTime:0.001048s ]
INFO: [ app_begin ] --START--
INFO: Run Behavior\ReadHtmlCacheBehavior [ RunTime:0.000992s ]
INFO: [ app_begin ] --END-- [ RunTime:0.001107s ]
INFO: [ view_parse ] --START--
INFO: [ template_filter ] --START--
INFO: Run Behavior\ContentReplaceBehavior [ RunTime:0.000081s ]
INFO: [ template_filter ] --END-- [ RunTime:0.000165s ]
INFO: Run Behavior\ParseTemplateBehavior [ RunTime:0.037246s ]
INFO: [ view_parse ] --END-- [ RunTime:0.037413s ]
INFO: [ view_filter ] --START--
INFO: Run Behavior\WriteHtmlCacheBehavior [ RunTime:0.000585s ]
INFO: [ view_filter ] --END-- [ RunTime:0.000669s ]
INFO: [ app_end ] --START--
INFO: Run Behavior\ShowPageTraceBehavior [ RunTime:0.001895s ]
INFO: [ app_end ] --END-- [ RunTime:0.002035s ]

[ 2016-06-13T00:02:56+08:00 ] 127.0.0.1 /admin.php?c=documentary&a=documentaryDetail&id=121
INFO: [ app_init ] --START--
INFO: Run Behavior\BuildLiteBehavior [ RunTime:0.000034s ]
INFO: [ app_init ] --END-- [ RunTime:0.000882s ]
INFO: [ app_begin ] --START--
INFO: Run Behavior\ReadHtmlCacheBehavior [ RunTime:0.001322s ]
INFO: [ app_begin ] --END-- [ RunTime:0.001484s ]
SQL: SHOW COLUMNS FROM `documentary` [ RunTime:0.0772s ]
SQL: SELECT * FROM `documentary` WHERE ( id=121 ) LIMIT 1   [ RunTime:0.0751s ]
INFO: [ app_end ] --START--
INFO: Run Behavior\ShowPageTraceBehavior [ RunTime:0.001113s ]
INFO: [ app_end ] --END-- [ RunTime:0.001209s ]

[ 2016-06-13T00:03:24+08:00 ] 127.0.0.1 /admin.php?c=documentary&a=newdocumentary
INFO: [ app_init ] --START--
INFO: Run Behavior\BuildLiteBehavior [ RunTime:0.000038s ]
INFO: [ app_init ] --END-- [ RunTime:0.000762s ]
INFO: [ app_begin ] --START--
INFO: Run Behavior\ReadHtmlCacheBehavior [ RunTime:0.000605s ]
INFO: [ app_begin ] --END-- [ RunTime:0.000675s ]
NOTIC: [8] Use of undefined constant title - assumed 'title' G:\CODE\kepuwang\Application\Home\Controller\DocumentaryController.class.php 第 11 行.
NOTIC: [8] Use of undefined constant mainContent - assumed 'mainContent' G:\CODE\kepuwang\Application\Home\Controller\DocumentaryController.class.php 第 12 行.
NOTIC: [8] Use of undefined constant thumbnail - assumed 'thumbnail' G:\CODE\kepuwang\Application\Home\Controller\DocumentaryController.class.php 第 13 行.
NOTIC: [8] Use of undefined constant sets - assumed 'sets' G:\CODE\kepuwang\Application\Home\Controller\DocumentaryController.class.php 第 15 行.
SQL: SHOW COLUMNS FROM `documentary` [ RunTime:0.2021s ]
SQL: UPDATE `documentary` SET `title`='阿道夫',`thumbnail`='/Uploads/image/20160612/1465735184568019.jpg',`abstract`='地方',`sets`='[{&quot;title&quot;:&quot;&quot;,&quot;code&quot;:&quot;链接&quot;,&quot;$$hashKey&quot;:&quot;object:5&quot;,&quot;name&quot;:&quot;标题&quot;},{&quot;title&quot;:&quot;&quot;,&quot;code&quot;:&quot;标题标题标题&quot;,&quot;$$hashKey&quot;:&quot;object:9&quot;,&quot;name&quot;:&quot;标题标题标题&quot;}]' WHERE ( id=121 ) [ RunTime:0.1149s ]
INFO: [ app_end ] --START--
INFO: Run Behavior\ShowPageTraceBehavior [ RunTime:0.000744s ]
INFO: [ app_end ] --END-- [ RunTime:0.000804s ]

[ 2016-06-13T00:03:25+08:00 ] 127.0.0.1 /admin.php?c=article&a=newContent&id=121&articleType=5
INFO: [ app_init ] --START--
INFO: Run Behavior\BuildLiteBehavior [ RunTime:0.000037s ]
INFO: [ app_init ] --END-- [ RunTime:0.000846s ]
INFO: [ app_begin ] --START--
INFO: Run Behavior\ReadHtmlCacheBehavior [ RunTime:0.001220s ]
INFO: [ app_begin ] --END-- [ RunTime:0.001385s ]
SQL: SHOW COLUMNS FROM `documentary` [ RunTime:0.0774s ]
NOTIC: [8] Use of undefined constant id - assumed 'id' G:\CODE\kepuwang\Application\Home\Controller\ArticleController.class.php 第 98 行.
SQL: SELECT `id`,`title`,`content` FROM `documentary` WHERE `id` = 121  [ RunTime:0.0744s ]
INFO: [ app_end ] --START--
INFO: Run Behavior\ShowPageTraceBehavior [ RunTime:0.001305s ]
INFO: [ app_end ] --END-- [ RunTime:0.001371s ]

[ 2016-06-13T00:03:52+08:00 ] 127.0.0.1 /admin.php?c=documentary&a=documentaryDetail&id=121
INFO: [ app_init ] --START--
INFO: Run Behavior\BuildLiteBehavior [ RunTime:0.000020s ]
INFO: [ app_init ] --END-- [ RunTime:0.000504s ]
INFO: [ app_begin ] --START--
INFO: Run Behavior\ReadHtmlCacheBehavior [ RunTime:0.000948s ]
INFO: [ app_begin ] --END-- [ RunTime:0.001068s ]
SQL: SHOW COLUMNS FROM `documentary` [ RunTime:0.2697s ]
SQL: SELECT * FROM `documentary` WHERE ( id=121 ) LIMIT 1   [ RunTime:0.1697s ]
INFO: [ app_end ] --START--
INFO: Run Behavior\ShowPageTraceBehavior [ RunTime:0.000817s ]
INFO: [ app_end ] --END-- [ RunTime:0.000897s ]

[ 2016-06-13T00:06:10+08:00 ] 127.0.0.1 /admin.php
INFO: [ app_init ] --START--
INFO: Run Behavior\BuildLiteBehavior [ RunTime:0.000015s ]
INFO: [ app_init ] --END-- [ RunTime:0.000355s ]
INFO: [ app_begin ] --START--
INFO: Run Behavior\ReadHtmlCacheBehavior [ RunTime:0.001084s ]
INFO: [ app_begin ] --END-- [ RunTime:0.001204s ]
INFO: [ view_parse ] --START--
INFO: [ template_filter ] --START--
INFO: Run Behavior\ContentReplaceBehavior [ RunTime:0.000071s ]
INFO: [ template_filter ] --END-- [ RunTime:0.000139s ]
INFO: Run Behavior\ParseTemplateBehavior [ RunTime:0.030745s ]
INFO: [ view_parse ] --END-- [ RunTime:0.030888s ]
INFO: [ view_filter ] --START--
INFO: Run Behavior\WriteHtmlCacheBehavior [ RunTime:0.000573s ]
INFO: [ view_filter ] --END-- [ RunTime:0.000656s ]
INFO: [ app_end ] --START--
INFO: Run Behavior\ShowPageTraceBehavior [ RunTime:0.001338s ]
INFO: [ app_end ] --END-- [ RunTime:0.001472s ]

[ 2016-06-13T00:06:11+08:00 ] 127.0.0.1 /admin.php?c=documentary&a=documentaryDetail&id=121
INFO: [ app_init ] --START--
INFO: Run Behavior\BuildLiteBehavior [ RunTime:0.000033s ]
INFO: [ app_init ] --END-- [ RunTime:0.000712s ]
INFO: [ app_begin ] --START--
INFO: Run Behavior\ReadHtmlCacheBehavior [ RunTime:0.001149s ]
INFO: [ app_begin ] --END-- [ RunTime:0.001282s ]
SQL: SHOW COLUMNS FROM `documentary` [ RunTime:0.1299s ]
SQL: SELECT * FROM `documentary` WHERE ( id=121 ) LIMIT 1   [ RunTime:0.0862s ]
INFO: [ app_end ] --START--
INFO: Run Behavior\ShowPageTraceBehavior [ RunTime:0.000856s ]
INFO: [ app_end ] --END-- [ RunTime:0.000939s ]

[ 2016-06-13T00:10:10+08:00 ] 127.0.0.1 /admin.php?c=documentary&a=newdocumentary
INFO: [ app_init ] --START--
INFO: Run Behavior\BuildLiteBehavior [ RunTime:0.000020s ]
INFO: [ app_init ] --END-- [ RunTime:0.000770s ]
INFO: [ app_begin ] --START--
INFO: Run Behavior\ReadHtmlCacheBehavior [ RunTime:0.000796s ]
INFO: [ app_begin ] --END-- [ RunTime:0.000882s ]
NOTIC: [8] Use of undefined constant title - assumed 'title' G:\CODE\kepuwang\Application\Home\Controller\DocumentaryController.class.php 第 11 行.
NOTIC: [8] Use of undefined constant mainContent - assumed 'mainContent' G:\CODE\kepuwang\Application\Home\Controller\DocumentaryController.class.php 第 12 行.
NOTIC: [8] Use of undefined constant thumbnail - assumed 'thumbnail' G:\CODE\kepuwang\Application\Home\Controller\DocumentaryController.class.php 第 13 行.
NOTIC: [8] Use of undefined constant sets - assumed 'sets' G:\CODE\kepuwang\Application\Home\Controller\DocumentaryController.class.php 第 15 行.
SQL: SHOW COLUMNS FROM `documentary` [ RunTime:0.0584s ]
SQL: UPDATE `documentary` SET `title`='阿道夫',`thumbnail`='/Uploads/image/20160612/1465735184568019.jpg',`abstract`='地方',`sets`='[{&quot;title&quot;:&quot;&quot;,&quot;code&quot;:&quot;链接&quot;,&quot;$$hashKey&quot;:&quot;object:5&quot;,&quot;name&quot;:&quot;标题&quot;},{&quot;title&quot;:&quot;&quot;,&quot;code&quot;:&quot;标题标题标题&quot;,&quot;$$hashKey&quot;:&quot;object:9&quot;,&quot;name&quot;:&quot;标题标题标题&quot;}]' WHERE ( id=121 ) [ RunTime:0.0577s ]
INFO: [ app_end ] --START--
INFO: Run Behavior\ShowPageTraceBehavior [ RunTime:0.001048s ]
INFO: [ app_end ] --END-- [ RunTime:0.001181s ]

[ 2016-06-13T00:10:17+08:00 ] 127.0.0.1 /admin.php?c=article&a=newContent&id=121&articleType=5
INFO: [ app_init ] --START--
INFO: Run Behavior\BuildLiteBehavior [ RunTime:0.000035s ]
INFO: [ app_init ] --END-- [ RunTime:0.000821s ]
INFO: [ app_begin ] --START--
INFO: Run Behavior\ReadHtmlCacheBehavior [ RunTime:0.001286s ]
INFO: [ app_begin ] --END-- [ RunTime:0.001454s ]
SQL: SHOW COLUMNS FROM `documentary` [ RunTime:0.0726s ]
NOTIC: [8] Use of undefined constant id - assumed 'id' G:\CODE\kepuwang\Application\Home\Controller\ArticleController.class.php 第 98 行.
SQL: SELECT `id`,`title`,`content` FROM `documentary` WHERE `id` = 121  [ RunTime:0.0910s ]
INFO: [ app_end ] --START--
INFO: Run Behavior\ShowPageTraceBehavior [ RunTime:0.000750s ]
INFO: [ app_end ] --END-- [ RunTime:0.000809s ]

[ 2016-06-13T00:10:17+08:00 ] 127.0.0.1 /admin.php?c=documentary&a=documentaryDetail&id=121
INFO: [ app_init ] --START--
INFO: Run Behavior\BuildLiteBehavior [ RunTime:0.000021s ]
INFO: [ app_init ] --END-- [ RunTime:0.000641s ]
INFO: [ app_begin ] --START--
INFO: Run Behavior\ReadHtmlCacheBehavior [ RunTime:0.000618s ]
INFO: [ app_begin ] --END-- [ RunTime:0.000706s ]
SQL: SHOW COLUMNS FROM `documentary` [ RunTime:0.0854s ]
SQL: SELECT * FROM `documentary` WHERE ( id=121 ) LIMIT 1   [ RunTime:0.0662s ]
INFO: [ app_end ] --START--
INFO: Run Behavior\ShowPageTraceBehavior [ RunTime:0.000671s ]
INFO: [ app_end ] --END-- [ RunTime:0.000733s ]

[ 2016-06-13T00:10:35+08:00 ] 127.0.0.1 /admin.php
INFO: [ app_init ] --START--
INFO: Run Behavior\BuildLiteBehavior [ RunTime:0.000047s ]
INFO: [ app_init ] --END-- [ RunTime:0.001746s ]
INFO: [ app_begin ] --START--
INFO: Run Behavior\ReadHtmlCacheBehavior [ RunTime:0.000842s ]
INFO: [ app_begin ] --END-- [ RunTime:0.000948s ]
INFO: [ view_parse ] --START--
INFO: [ template_filter ] --START--
INFO: Run Behavior\ContentReplaceBehavior [ RunTime:0.000075s ]
INFO: [ template_filter ] --END-- [ RunTime:0.000156s ]
INFO: Run Behavior\ParseTemplateBehavior [ RunTime:0.044025s ]
INFO: [ view_parse ] --END-- [ RunTime:0.044448s ]
INFO: [ view_filter ] --START--
INFO: Run Behavior\WriteHtmlCacheBehavior [ RunTime:0.000510s ]
INFO: [ view_filter ] --END-- [ RunTime:0.000625s ]
INFO: [ app_end ] --START--
INFO: Run Behavior\ShowPageTraceBehavior [ RunTime:0.001164s ]
INFO: [ app_end ] --END-- [ RunTime:0.001305s ]

[ 2016-06-13T00:10:45+08:00 ] 127.0.0.1 /admin.php?c=documentary&a=documentaryDetail&id=121
INFO: [ app_init ] --START--
INFO: Run Behavior\BuildLiteBehavior [ RunTime:0.000034s ]
INFO: [ app_init ] --END-- [ RunTime:0.000645s ]
INFO: [ app_begin ] --START--
INFO: Run Behavior\ReadHtmlCacheBehavior [ RunTime:0.001083s ]
INFO: [ app_begin ] --END-- [ RunTime:0.001216s ]
SQL: SHOW COLUMNS FROM `documentary` [ RunTime:0.0681s ]
SQL: SELECT * FROM `documentary` WHERE ( id=121 ) LIMIT 1   [ RunTime:0.0664s ]
INFO: [ app_end ] --START--
INFO: Run Behavior\ShowPageTraceBehavior [ RunTime:0.000843s ]
INFO: [ app_end ] --END-- [ RunTime:0.000913s ]

[ 2016-06-13T00:11:08+08:00 ] 127.0.0.1 /admin.php
INFO: [ app_init ] --START--
INFO: Run Behavior\BuildLiteBehavior [ RunTime:0.000019s ]
INFO: [ app_init ] --END-- [ RunTime:0.000390s ]
INFO: [ app_begin ] --START--
INFO: Run Behavior\ReadHtmlCacheBehavior [ RunTime:0.002463s ]
INFO: [ app_begin ] --END-- [ RunTime:0.002642s ]
INFO: [ view_parse ] --START--
INFO: [ template_filter ] --START--
INFO: Run Behavior\ContentReplaceBehavior [ RunTime:0.000089s ]
INFO: [ template_filter ] --END-- [ RunTime:0.000179s ]
INFO: Run Behavior\ParseTemplateBehavior [ RunTime:0.036250s ]
INFO: [ view_parse ] --END-- [ RunTime:0.036352s ]
INFO: [ view_filter ] --START--
INFO: Run Behavior\WriteHtmlCacheBehavior [ RunTime:0.000526s ]
INFO: [ view_filter ] --END-- [ RunTime:0.000590s ]
INFO: [ app_end ] --START--
INFO: Run Behavior\ShowPageTraceBehavior [ RunTime:0.006873s ]
INFO: [ app_end ] --END-- [ RunTime:0.006995s ]

[ 2016-06-13T00:11:17+08:00 ] 127.0.0.1 /admin.php?c=documentary&a=documentaryDetail&id=121
INFO: [ app_init ] --START--
INFO: Run Behavior\BuildLiteBehavior [ RunTime:0.000036s ]
INFO: [ app_init ] --END-- [ RunTime:0.000919s ]
INFO: [ app_begin ] --START--
INFO: Run Behavior\ReadHtmlCacheBehavior [ RunTime:0.001257s ]
INFO: [ app_begin ] --END-- [ RunTime:0.001434s ]
SQL: SHOW COLUMNS FROM `documentary` [ RunTime:0.0569s ]
SQL: SELECT * FROM `documentary` WHERE ( id=121 ) LIMIT 1   [ RunTime:0.0555s ]
INFO: [ app_end ] --START--
INFO: Run Behavior\ShowPageTraceBehavior [ RunTime:0.000796s ]
INFO: [ app_end ] --END-- [ RunTime:0.000858s ]

[ 2016-06-13T00:12:17+08:00 ] 127.0.0.1 /admin.php
INFO: [ app_init ] --START--
INFO: Run Behavior\BuildLiteBehavior [ RunTime:0.000017s ]
INFO: [ app_init ] --END-- [ RunTime:0.000438s ]
INFO: [ app_begin ] --START--
INFO: Run Behavior\ReadHtmlCacheBehavior [ RunTime:0.000743s ]
INFO: [ app_begin ] --END-- [ RunTime:0.000832s ]
INFO: [ view_parse ] --START--
INFO: [ template_filter ] --START--
INFO: Run Behavior\ContentReplaceBehavior [ RunTime:0.000092s ]
INFO: [ template_filter ] --END-- [ RunTime:0.000254s ]
INFO: Run Behavior\ParseTemplateBehavior [ RunTime:0.043047s ]
INFO: [ view_parse ] --END-- [ RunTime:0.043139s ]
INFO: [ view_filter ] --START--
INFO: Run Behavior\WriteHtmlCacheBehavior [ RunTime:0.000469s ]
INFO: [ view_filter ] --END-- [ RunTime:0.000532s ]
INFO: [ app_end ] --START--
INFO: Run Behavior\ShowPageTraceBehavior [ RunTime:0.001504s ]
INFO: [ app_end ] --END-- [ RunTime:0.001693s ]

[ 2016-06-13T00:12:18+08:00 ] 127.0.0.1 /admin.php
INFO: [ app_init ] --START--
INFO: Run Behavior\BuildLiteBehavior [ RunTime:0.000035s ]
INFO: [ app_init ] --END-- [ RunTime:0.000635s ]
INFO: [ app_begin ] --START--
INFO: Run Behavior\ReadHtmlCacheBehavior [ RunTime:0.000985s ]
INFO: [ app_begin ] --END-- [ RunTime:0.001126s ]
INFO: [ view_parse ] --START--
INFO: [ template_filter ] --START--
INFO: Run Behavior\ContentReplaceBehavior [ RunTime:0.000157s ]
INFO: [ template_filter ] --END-- [ RunTime:0.000431s ]
INFO: Run Behavior\ParseTemplateBehavior [ RunTime:0.072974s ]
INFO: [ view_parse ] --END-- [ RunTime:0.073129s ]
INFO: [ view_filter ] --START--
INFO: Run Behavior\WriteHtmlCacheBehavior [ RunTime:0.000563s ]
INFO: [ view_filter ] --END-- [ RunTime:0.000678s ]
INFO: [ app_end ] --START--
INFO: Run Behavior\ShowPageTraceBehavior [ RunTime:0.001225s ]
INFO: [ app_end ] --END-- [ RunTime:0.001371s ]

[ 2016-06-13T00:12:21+08:00 ] 127.0.0.1 /admin.php?c=documentary&a=documentaryDetail&id=121
INFO: [ app_init ] --START--
INFO: Run Behavior\BuildLiteBehavior [ RunTime:0.000029s ]
INFO: [ app_init ] --END-- [ RunTime:0.000674s ]
INFO: [ app_begin ] --START--
INFO: Run Behavior\ReadHtmlCacheBehavior [ RunTime:0.001167s ]
INFO: [ app_begin ] --END-- [ RunTime:0.001307s ]
SQL: SHOW COLUMNS FROM `documentary` [ RunTime:2.0445s ]
SQL: SELECT * FROM `documentary` WHERE ( id=121 ) LIMIT 1   [ RunTime:0.4533s ]
INFO: [ app_end ] --START--
INFO: Run Behavior\ShowPageTraceBehavior [ RunTime:0.000772s ]
INFO: [ app_end ] --END-- [ RunTime:0.000833s ]

[ 2016-06-13T00:12:21+08:00 ] 127.0.0.1 /admin.php
INFO: [ app_init ] --START--
INFO: Run Behavior\BuildLiteBehavior [ RunTime:0.000030s ]
INFO: [ app_init ] --END-- [ RunTime:0.000672s ]
INFO: [ app_begin ] --START--
INFO: Run Behavior\ReadHtmlCacheBehavior [ RunTime:0.000970s ]
INFO: [ app_begin ] --END-- [ RunTime:0.001145s ]
INFO: [ view_parse ] --START--
INFO: [ template_filter ] --START--
INFO: Run Behavior\ContentReplaceBehavior [ RunTime:0.000083s ]
INFO: [ template_filter ] --END-- [ RunTime:0.000173s ]
INFO: Run Behavior\ParseTemplateBehavior [ RunTime:0.026988s ]
INFO: [ view_parse ] --END-- [ RunTime:0.027097s ]
INFO: [ view_filter ] --START--
INFO: Run Behavior\WriteHtmlCacheBehavior [ RunTime:0.000307s ]
INFO: [ view_filter ] --END-- [ RunTime:0.000363s ]
INFO: [ app_end ] --START--
INFO: Run Behavior\ShowPageTraceBehavior [ RunTime:0.000564s ]
INFO: [ app_end ] --END-- [ RunTime:0.000629s ]

[ 2016-06-13T00:12:21+08:00 ] 127.0.0.1 /admin.php
INFO: [ app_init ] --START--
INFO: Run Behavior\BuildLiteBehavior [ RunTime:0.000032s ]
INFO: [ app_init ] --END-- [ RunTime:0.000701s ]
INFO: [ app_begin ] --START--
INFO: Run Behavior\ReadHtmlCacheBehavior [ RunTime:0.001002s ]
INFO: [ app_begin ] --END-- [ RunTime:0.001136s ]
INFO: [ view_parse ] --START--
INFO: [ template_filter ] --START--
INFO: Run Behavior\ContentReplaceBehavior [ RunTime:0.000117s ]
INFO: [ template_filter ] --END-- [ RunTime:0.000197s ]
INFO: Run Behavior\ParseTemplateBehavior [ RunTime:0.028919s ]
INFO: [ view_parse ] --END-- [ RunTime:0.029082s ]
INFO: [ view_filter ] --START--
INFO: Run Behavior\WriteHtmlCacheBehavior [ RunTime:0.000470s ]
INFO: [ view_filter ] --END-- [ RunTime:0.000559s ]
INFO: [ app_end ] --START--
INFO: Run Behavior\ShowPageTraceBehavior [ RunTime:0.000987s ]
INFO: [ app_end ] --END-- [ RunTime:0.001096s ]

[ 2016-06-13T00:12:21+08:00 ] 127.0.0.1 /admin.php
INFO: [ app_init ] --START--
INFO: Run Behavior\BuildLiteBehavior [ RunTime:0.000034s ]
INFO: [ app_init ] --END-- [ RunTime:0.001007s ]
INFO: [ app_begin ] --START--
INFO: Run Behavior\ReadHtmlCacheBehavior [ RunTime:0.001207s ]
INFO: [ app_begin ] --END-- [ RunTime:0.001368s ]
INFO: [ view_parse ] --START--
INFO: [ template_filter ] --START--
INFO: Run Behavior\ContentReplaceBehavior [ RunTime:0.000072s ]
INFO: [ template_filter ] --END-- [ RunTime:0.000145s ]
INFO: Run Behavior\ParseTemplateBehavior [ RunTime:0.027702s ]
INFO: [ view_parse ] --END-- [ RunTime:0.027863s ]
INFO: [ view_filter ] --START--
INFO: Run Behavior\WriteHtmlCacheBehavior [ RunTime:0.000418s ]
INFO: [ view_filter ] --END-- [ RunTime:0.000476s ]
INFO: [ app_end ] --START--
INFO: Run Behavior\ShowPageTraceBehavior [ RunTime:0.000719s ]
INFO: [ app_end ] --END-- [ RunTime:0.000793s ]

[ 2016-06-13T00:12:21+08:00 ] 127.0.0.1 /admin.php
INFO: [ app_init ] --START--
INFO: Run Behavior\BuildLiteBehavior [ RunTime:0.000021s ]
INFO: [ app_init ] --END-- [ RunTime:0.000578s ]
INFO: [ app_begin ] --START--
INFO: Run Behavior\ReadHtmlCacheBehavior [ RunTime:0.001195s ]
INFO: [ app_begin ] --END-- [ RunTime:0.001351s ]
INFO: [ view_parse ] --START--
INFO: [ template_filter ] --START--
INFO: Run Behavior\ContentReplaceBehavior [ RunTime:0.000070s ]
INFO: [ template_filter ] --END-- [ RunTime:0.000148s ]
INFO: Run Behavior\ParseTemplateBehavior [ RunTime:0.026695s ]
INFO: [ view_parse ] --END-- [ RunTime:0.026794s ]
INFO: [ view_filter ] --START--
INFO: Run Behavior\WriteHtmlCacheBehavior [ RunTime:0.000466s ]
INFO: [ view_filter ] --END-- [ RunTime:0.000543s ]
INFO: [ app_end ] --START--
INFO: Run Behavior\ShowPageTraceBehavior [ RunTime:0.000869s ]
INFO: [ app_end ] --END-- [ RunTime:0.001008s ]

[ 2016-06-13T00:12:26+08:00 ] 127.0.0.1 /admin.php?c=documentary&a=documentaryDetail&id=121
INFO: [ app_init ] --START--
INFO: Run Behavior\BuildLiteBehavior [ RunTime:0.000021s ]
INFO: [ app_init ] --END-- [ RunTime:0.000604s ]
INFO: [ app_begin ] --START--
INFO: Run Behavior\ReadHtmlCacheBehavior [ RunTime:0.000985s ]
INFO: [ app_begin ] --END-- [ RunTime:0.001101s ]
SQL: SHOW COLUMNS FROM `documentary` [ RunTime:2.8623s ]
SQL: SELECT * FROM `documentary` WHERE ( id=121 ) LIMIT 1   [ RunTime:0.0660s ]
INFO: [ app_end ] --START--
INFO: Run Behavior\ShowPageTraceBehavior [ RunTime:0.000767s ]
INFO: [ app_end ] --END-- [ RunTime:0.000840s ]

[ 2016-06-13T00:12:43+08:00 ] 127.0.0.1 /admin.php?c=documentary&a=newdocumentary
INFO: [ app_init ] --START--
INFO: Run Behavior\BuildLiteBehavior [ RunTime:0.000039s ]
INFO: [ app_init ] --END-- [ RunTime:0.000873s ]
INFO: [ app_begin ] --START--
INFO: Run Behavior\ReadHtmlCacheBehavior [ RunTime:0.001459s ]
INFO: [ app_begin ] --END-- [ RunTime:0.001705s ]
NOTIC: [8] Use of undefined constant title - assumed 'title' G:\CODE\kepuwang\Application\Home\Controller\DocumentaryController.class.php 第 11 行.
NOTIC: [8] Use of undefined constant maincontent - assumed 'maincontent' G:\CODE\kepuwang\Application\Home\Controller\DocumentaryController.class.php 第 12 行.
NOTIC: [8] Use of undefined constant thumbnail - assumed 'thumbnail' G:\CODE\kepuwang\Application\Home\Controller\DocumentaryController.class.php 第 13 行.
NOTIC: [8] Use of undefined constant sets - assumed 'sets' G:\CODE\kepuwang\Application\Home\Controller\DocumentaryController.class.php 第 15 行.
SQL: SHOW COLUMNS FROM `documentary` [ RunTime:0.5771s ]
SQL: UPDATE `documentary` SET `title`='阿道夫',`maincontent`='&lt;p&gt;多舒服撒&lt;/p&gt;',`thumbnail`='/Uploads/image/20160612/1465735184568019.jpg',`abstract`='地方',`sets`='[{&quot;title&quot;:&quot;对方的&quot;,&quot;code&quot;:&quot;链接&quot;,&quot;$$hashKey&quot;:&quot;object:5&quot;,&quot;name&quot;:&quot;标题&quot;},{&quot;title&quot;:&quot;地方地方&quot;,&quot;code&quot;:&quot;标题标题标题&quot;,&quot;$$hashKey&quot;:&quot;object:9&quot;,&quot;name&quot;:&quot;标题标题标题&quot;}]' WHERE ( id=121 ) [ RunTime:0.0660s ]
INFO: [ app_end ] --START--
INFO: Run Behavior\ShowPageTraceBehavior [ RunTime:0.001051s ]
INFO: [ app_end ] --END-- [ RunTime:0.001151s ]

[ 2016-06-13T00:12:44+08:00 ] 127.0.0.1 /admin.php?c=article&a=newContent&id=121&articleType=5
INFO: [ app_init ] --START--
INFO: Run Behavior\BuildLiteBehavior [ RunTime:0.000031s ]
INFO: [ app_init ] --END-- [ RunTime:0.000656s ]
INFO: [ app_begin ] --START--
INFO: Run Behavior\ReadHtmlCacheBehavior [ RunTime:0.001048s ]
INFO: [ app_begin ] --END-- [ RunTime:0.001204s ]
SQL: SHOW COLUMNS FROM `documentary` [ RunTime:0.0682s ]
NOTIC: [8] Use of undefined constant id - assumed 'id' G:\CODE\kepuwang\Application\Home\Controller\ArticleController.class.php 第 98 行.
SQL: SELECT `id`,`title`,`content` FROM `documentary` WHERE `id` = 121  [ RunTime:0.0662s ]
INFO: [ app_end ] --START--
INFO: Run Behavior\ShowPageTraceBehavior [ RunTime:0.000778s ]
INFO: [ app_end ] --END-- [ RunTime:0.000860s ]

[ 2016-06-13T00:15:24+08:00 ] 127.0.0.1 /admin.php?c=documentary&a=documentaryDetail&id=121
INFO: [ app_init ] --START--
INFO: Run Behavior\BuildLiteBehavior [ RunTime:0.000031s ]
INFO: [ app_init ] --END-- [ RunTime:0.000695s ]
INFO: [ app_begin ] --START--
INFO: Run Behavior\ReadHtmlCacheBehavior [ RunTime:0.001171s ]
INFO: [ app_begin ] --END-- [ RunTime:0.001357s ]
SQL: SHOW COLUMNS FROM `documentary` [ RunTime:0.2367s ]
SQL: SELECT * FROM `documentary` WHERE ( id=121 ) LIMIT 1   [ RunTime:0.2131s ]
INFO: [ app_end ] --START--
INFO: Run Behavior\ShowPageTraceBehavior [ RunTime:0.000792s ]
INFO: [ app_end ] --END-- [ RunTime:0.000879s ]

[ 2016-06-13T00:22:04+08:00 ] 127.0.0.1 /admin.php
INFO: [ app_init ] --START--
INFO: Run Behavior\BuildLiteBehavior [ RunTime:0.000054s ]
INFO: [ app_init ] --END-- [ RunTime:0.000996s ]
INFO: [ app_begin ] --START--
INFO: Run Behavior\ReadHtmlCacheBehavior [ RunTime:0.001592s ]
INFO: [ app_begin ] --END-- [ RunTime:0.001794s ]
INFO: [ view_parse ] --START--
INFO: [ template_filter ] --START--
INFO: Run Behavior\ContentReplaceBehavior [ RunTime:0.000201s ]
INFO: [ template_filter ] --END-- [ RunTime:0.000474s ]
INFO: Run Behavior\ParseTemplateBehavior [ RunTime:0.051867s ]
INFO: [ view_parse ] --END-- [ RunTime:0.052016s ]
INFO: [ view_filter ] --START--
INFO: Run Behavior\WriteHtmlCacheBehavior [ RunTime:0.000720s ]
INFO: [ view_filter ] --END-- [ RunTime:0.003572s ]
INFO: [ app_end ] --START--
INFO: Run Behavior\ShowPageTraceBehavior [ RunTime:0.002922s ]
INFO: [ app_end ] --END-- [ RunTime:0.003125s ]

[ 2016-06-13T00:22:06+08:00 ] 127.0.0.1 /admin.php?c=documentary&a=documentaryDetail&id=121
INFO: [ app_init ] --START--
INFO: Run Behavior\BuildLiteBehavior [ RunTime:0.000030s ]
INFO: [ app_init ] --END-- [ RunTime:0.000655s ]
INFO: [ app_begin ] --START--
INFO: Run Behavior\ReadHtmlCacheBehavior [ RunTime:0.001032s ]
INFO: [ app_begin ] --END-- [ RunTime:0.001158s ]
SQL: SHOW COLUMNS FROM `documentary` [ RunTime:0.2834s ]
SQL: SELECT * FROM `documentary` WHERE ( id=121 ) LIMIT 1   [ RunTime:0.1087s ]
INFO: [ app_end ] --START--
INFO: Run Behavior\ShowPageTraceBehavior [ RunTime:0.000849s ]
INFO: [ app_end ] --END-- [ RunTime:0.000929s ]

[ 2016-06-13T00:22:30+08:00 ] 127.0.0.1 /admin.php?c=documentary&a=newdocumentary
INFO: [ app_init ] --START--
INFO: Run Behavior\BuildLiteBehavior [ RunTime:0.000016s ]
INFO: [ app_init ] --END-- [ RunTime:0.000395s ]
INFO: [ app_begin ] --START--
INFO: Run Behavior\ReadHtmlCacheBehavior [ RunTime:0.000819s ]
INFO: [ app_begin ] --END-- [ RunTime:0.000906s ]
NOTIC: [8] Use of undefined constant title - assumed 'title' G:\CODE\kepuwang\Application\Home\Controller\DocumentaryController.class.php 第 11 行.
NOTIC: [8] Use of undefined constant maincontent - assumed 'maincontent' G:\CODE\kepuwang\Application\Home\Controller\DocumentaryController.class.php 第 12 行.
NOTIC: [8] Use of undefined constant thumbnail - assumed 'thumbnail' G:\CODE\kepuwang\Application\Home\Controller\DocumentaryController.class.php 第 13 行.
NOTIC: [8] Use of undefined constant sets - assumed 'sets' G:\CODE\kepuwang\Application\Home\Controller\DocumentaryController.class.php 第 15 行.
SQL: SHOW COLUMNS FROM `documentary` [ RunTime:0.0680s ]
SQL: UPDATE `documentary` SET `title`='阿道夫',`maincontent`='&lt;p&gt;多舒服撒&lt;/p&gt;',`thumbnail`='/Uploads/image/20160612/1465735184568019.jpg',`abstract`='地方',`sets`='[{&quot;title&quot;:&quot;对方的&quot;,&quot;code&quot;:&quot;链接&quot;,&quot;$$hashKey&quot;:&quot;object:5&quot;,&quot;name&quot;:&quot;标题&quot;},{&quot;title&quot;:&quot;地方地方&quot;,&quot;code&quot;:&quot;标题标题标题&quot;,&quot;$$hashKey&quot;:&quot;object:9&quot;,&quot;name&quot;:&quot;标题标题标题&quot;}]' WHERE ( id=121 ) [ RunTime:0.0641s ]
INFO: [ app_end ] --START--
INFO: Run Behavior\ShowPageTraceBehavior [ RunTime:0.000751s ]
INFO: [ app_end ] --END-- [ RunTime:0.000811s ]

[ 2016-06-13T00:22:54+08:00 ] 127.0.0.1 /admin.php
INFO: [ app_init ] --START--
INFO: Run Behavior\BuildLiteBehavior [ RunTime:0.000033s ]
INFO: [ app_init ] --END-- [ RunTime:0.000802s ]
INFO: [ app_begin ] --START--
INFO: Run Behavior\ReadHtmlCacheBehavior [ RunTime:0.001283s ]
INFO: [ app_begin ] --END-- [ RunTime:0.001568s ]
INFO: [ view_parse ] --START--
INFO: [ template_filter ] --START--
INFO: Run Behavior\ContentReplaceBehavior [ RunTime:0.000342s ]
INFO: [ template_filter ] --END-- [ RunTime:0.000763s ]
INFO: Run Behavior\ParseTemplateBehavior [ RunTime:0.056521s ]
INFO: [ view_parse ] --END-- [ RunTime:0.056667s ]
INFO: [ view_filter ] --START--
INFO: Run Behavior\WriteHtmlCacheBehavior [ RunTime:0.000690s ]
INFO: [ view_filter ] --END-- [ RunTime:0.000785s ]
INFO: [ app_end ] --START--
INFO: Run Behavior\ShowPageTraceBehavior [ RunTime:0.001449s ]
INFO: [ app_end ] --END-- [ RunTime:0.001650s ]

[ 2016-06-13T00:22:55+08:00 ] 127.0.0.1 /admin.php?c=documentary&a=documentaryDetail&id=121
INFO: [ app_init ] --START--
INFO: Run Behavior\BuildLiteBehavior [ RunTime:0.000030s ]
INFO: [ app_init ] --END-- [ RunTime:0.000700s ]
INFO: [ app_begin ] --START--
INFO: Run Behavior\ReadHtmlCacheBehavior [ RunTime:0.001234s ]
INFO: [ app_begin ] --END-- [ RunTime:0.001389s ]
SQL: SHOW COLUMNS FROM `documentary` [ RunTime:0.0587s ]
SQL: SELECT * FROM `documentary` WHERE ( id=121 ) LIMIT 1   [ RunTime:0.0558s ]
INFO: [ app_end ] --START--
INFO: Run Behavior\ShowPageTraceBehavior [ RunTime:0.000999s ]
INFO: [ app_end ] --END-- [ RunTime:0.001077s ]

[ 2016-06-13T00:23:54+08:00 ] 127.0.0.1 /admin.php?c=article&articleType=5&a=publish&id=121
INFO: [ app_init ] --START--
INFO: Run Behavior\BuildLiteBehavior [ RunTime:0.000016s ]
INFO: [ app_init ] --END-- [ RunTime:0.000381s ]
INFO: [ app_begin ] --START--
INFO: Run Behavior\ReadHtmlCacheBehavior [ RunTime:0.000602s ]
INFO: [ app_begin ] --END-- [ RunTime:0.000665s ]
SQL: SHOW COLUMNS FROM `documentary` [ RunTime:0.2377s ]
NOTIC: [8] Use of undefined constant status - assumed 'status' G:\CODE\kepuwang\Application\Home\Controller\ArticleController.class.php 第 204 行.
SQL: UPDATE `documentary` SET `status`='1' WHERE ( id=121 ) [ RunTime:0.1035s ]
INFO: [ app_end ] --START--
INFO: Run Behavior\ShowPageTraceBehavior [ RunTime:0.000794s ]
INFO: [ app_end ] --END-- [ RunTime:0.000854s ]

[ 2016-06-13T00:23:55+08:00 ] 127.0.0.1 /admin.php
INFO: [ app_init ] --START--
INFO: Run Behavior\BuildLiteBehavior [ RunTime:0.000021s ]
INFO: [ app_init ] --END-- [ RunTime:0.000538s ]
INFO: [ app_begin ] --START--
INFO: Run Behavior\ReadHtmlCacheBehavior [ RunTime:0.000652s ]
INFO: [ app_begin ] --END-- [ RunTime:0.000744s ]
INFO: [ view_parse ] --START--
INFO: [ template_filter ] --START--
INFO: Run Behavior\ContentReplaceBehavior [ RunTime:0.000113s ]
INFO: [ template_filter ] --END-- [ RunTime:0.000229s ]
INFO: Run Behavior\ParseTemplateBehavior [ RunTime:0.044590s ]
INFO: [ view_parse ] --END-- [ RunTime:0.044707s ]
INFO: [ view_filter ] --START--
INFO: Run Behavior\WriteHtmlCacheBehavior [ RunTime:0.000452s ]
INFO: [ view_filter ] --END-- [ RunTime:0.000508s ]
INFO: [ app_end ] --START--
INFO: Run Behavior\ShowPageTraceBehavior [ RunTime:0.001645s ]
INFO: [ app_end ] --END-- [ RunTime:0.001848s ]

[ 2016-06-13T01:03:50+08:00 ] 127.0.0.1 /admin.php
INFO: [ app_init ] --START--
INFO: Run Behavior\BuildLiteBehavior [ RunTime:0.000019s ]
INFO: [ app_init ] --END-- [ RunTime:0.000417s ]
INFO: [ app_begin ] --START--
INFO: Run Behavior\ReadHtmlCacheBehavior [ RunTime:0.000656s ]
INFO: [ app_begin ] --END-- [ RunTime:0.000752s ]
INFO: [ view_parse ] --START--
INFO: [ template_filter ] --START--
INFO: Run Behavior\ContentReplaceBehavior [ RunTime:0.000082s ]
INFO: [ template_filter ] --END-- [ RunTime:0.000178s ]
INFO: Run Behavior\ParseTemplateBehavior [ RunTime:0.043961s ]
INFO: [ view_parse ] --END-- [ RunTime:0.044073s ]
INFO: [ view_filter ] --START--
INFO: Run Behavior\WriteHtmlCacheBehavior [ RunTime:0.000430s ]
INFO: [ view_filter ] --END-- [ RunTime:0.000507s ]
INFO: [ app_end ] --START--
INFO: Run Behavior\ShowPageTraceBehavior [ RunTime:0.002599s ]
INFO: [ app_end ] --END-- [ RunTime:0.002809s ]

[ 2016-06-13T01:04:53+08:00 ] 127.0.0.1 /admin.php?c=documentary&a=newdocumentary
INFO: [ app_init ] --START--
INFO: Run Behavior\BuildLiteBehavior [ RunTime:0.000018s ]
INFO: [ app_init ] --END-- [ RunTime:0.000413s ]
INFO: [ app_begin ] --START--
INFO: Run Behavior\ReadHtmlCacheBehavior [ RunTime:0.000689s ]
INFO: [ app_begin ] --END-- [ RunTime:0.000763s ]
NOTIC: [8] Use of undefined constant title - assumed 'title' G:\CODE\kepuwang\Application\Home\Controller\DocumentaryController.class.php 第 11 行.
NOTIC: [8] Use of undefined constant maincontent - assumed 'maincontent' G:\CODE\kepuwang\Application\Home\Controller\DocumentaryController.class.php 第 12 行.
NOTIC: [8] Use of undefined constant thumbnail - assumed 'thumbnail' G:\CODE\kepuwang\Application\Home\Controller\DocumentaryController.class.php 第 13 行.
NOTIC: [8] Use of undefined constant sets - assumed 'sets' G:\CODE\kepuwang\Application\Home\Controller\DocumentaryController.class.php 第 15 行.
SQL: SHOW COLUMNS FROM `documentary` [ RunTime:0.0688s ]
SQL: INSERT INTO `documentary` (`title`,`maincontent`,`thumbnail`,`abstract`,`sets`) VALUES ('测试纪录片标题','&lt;p&gt;基本信息：爽的是&lt;/p&gt;&lt;p&gt;基本信息：爽的是&lt;/p&gt;','/Uploads/image/20160613/1465751076129736.png','第一集名称第一集名称第一集名称第一集名称第一集名称第一集名称第一集名称第一集名称第一集名称第一集名称第一集名称第一集名称第一集名称第一集名称第一集名称第一集名称第一集名称第一集名称第一集名称第一集名称第一集名称第一集名称第一集名称第一集名称第一集名称第一集名称第一集名称第一集名称第一集名称第一集名称第一集名称第一集名称第一集名称第一集名称第一集名称第一集名称第一集名称第一集名称第一集名称第一集名称第一集名称','[{&quot;title&quot;:&quot;第一集名称&quot;,&quot;code&quot;:&quot;第一集名称&quot;,&quot;$$hashKey&quot;:&quot;object:4&quot;},{&quot;title&quot;:&quot;第2集名称&quot;,&quot;code&quot;:&quot;第2集名称&quot;,&quot;$$hashKey&quot;:&quot;object:10&quot;}]') [ RunTime:0.0659s ]
INFO: [ app_end ] --START--
INFO: Run Behavior\ShowPageTraceBehavior [ RunTime:0.000786s ]
INFO: [ app_end ] --END-- [ RunTime:0.000847s ]

[ 2016-06-13T01:04:54+08:00 ] 127.0.0.1 /admin.php?c=article&a=newContent&id=126&articleType=5
INFO: [ app_init ] --START--
INFO: Run Behavior\BuildLiteBehavior [ RunTime:0.000041s ]
INFO: [ app_init ] --END-- [ RunTime:0.000890s ]
INFO: [ app_begin ] --START--
INFO: Run Behavior\ReadHtmlCacheBehavior [ RunTime:0.001366s ]
INFO: [ app_begin ] --END-- [ RunTime:0.001577s ]
SQL: SHOW COLUMNS FROM `documentary` [ RunTime:0.0578s ]
NOTIC: [8] Use of undefined constant id - assumed 'id' G:\CODE\kepuwang\Application\Home\Controller\ArticleController.class.php 第 98 行.
SQL: SELECT `id`,`title`,`content` FROM `documentary` WHERE `id` = 126  [ RunTime:0.0551s ]
INFO: [ app_end ] --START--
INFO: Run Behavior\ShowPageTraceBehavior [ RunTime:0.000832s ]
INFO: [ app_end ] --END-- [ RunTime:0.000931s ]

[ 2016-06-13T01:05:35+08:00 ] 127.0.0.1 /admin.php?c=article&a=newContent&id=126&articleType=5
INFO: [ app_init ] --START--
INFO: Run Behavior\BuildLiteBehavior [ RunTime:0.000036s ]
INFO: [ app_init ] --END-- [ RunTime:0.000723s ]
INFO: [ app_begin ] --START--
INFO: Run Behavior\ReadHtmlCacheBehavior [ RunTime:0.001362s ]
INFO: [ app_begin ] --END-- [ RunTime:0.001543s ]
SQL: SHOW COLUMNS FROM `documentary` [ RunTime:0.0779s ]
NOTIC: [8] Use of undefined constant id - assumed 'id' G:\CODE\kepuwang\Application\Home\Controller\ArticleController.class.php 第 98 行.
SQL: SELECT `id`,`title`,`content` FROM `documentary` WHERE `id` = 126  [ RunTime:0.0669s ]
INFO: [ app_end ] --START--
INFO: Run Behavior\ShowPageTraceBehavior [ RunTime:0.000946s ]
INFO: [ app_end ] --END-- [ RunTime:0.001035s ]

[ 2016-06-13T01:07:23+08:00 ] 127.0.0.1 /admin.php?c=documentary&a=newdocumentary
INFO: [ app_init ] --START--
INFO: Run Behavior\BuildLiteBehavior [ RunTime:0.000030s ]
INFO: [ app_init ] --END-- [ RunTime:0.000730s ]
INFO: [ app_begin ] --START--
INFO: Run Behavior\ReadHtmlCacheBehavior [ RunTime:0.000515s ]
INFO: [ app_begin ] --END-- [ RunTime:0.000592s ]
NOTIC: [8] Use of undefined constant title - assumed 'title' G:\CODE\kepuwang\Application\Home\Controller\DocumentaryController.class.php 第 11 行.
NOTIC: [8] Use of undefined constant maincontent - assumed 'maincontent' G:\CODE\kepuwang\Application\Home\Controller\DocumentaryController.class.php 第 12 行.
NOTIC: [8] Use of undefined constant thumbnail - assumed 'thumbnail' G:\CODE\kepuwang\Application\Home\Controller\DocumentaryController.class.php 第 13 行.
NOTIC: [8] Use of undefined constant sets - assumed 'sets' G:\CODE\kepuwang\Application\Home\Controller\DocumentaryController.class.php 第 15 行.
SQL: SHOW COLUMNS FROM `documentary` [ RunTime:11.6663s ]
SQL: INSERT INTO `documentary` (`title`,`maincontent`,`thumbnail`,`abstract`,`sets`) VALUES ('','','','','[{&quot;title&quot;:&quot;是打发&quot;,&quot;code&quot;:&quot;是打发&quot;,&quot;$$hashKey&quot;:&quot;object:32&quot;}]') [ RunTime:0.0591s ]
INFO: [ app_end ] --START--
INFO: Run Behavior\ShowPageTraceBehavior [ RunTime:0.000828s ]
INFO: [ app_end ] --END-- [ RunTime:0.000915s ]

[ 2016-06-13T01:07:24+08:00 ] 127.0.0.1 /admin.php?c=article&a=newContent&id=127&articleType=5
INFO: [ app_init ] --START--
INFO: Run Behavior\BuildLiteBehavior [ RunTime:0.000029s ]
INFO: [ app_init ] --END-- [ RunTime:0.000667s ]
INFO: [ app_begin ] --START--
INFO: Run Behavior\ReadHtmlCacheBehavior [ RunTime:0.000862s ]
INFO: [ app_begin ] --END-- [ RunTime:0.001005s ]
SQL: SHOW COLUMNS FROM `documentary` [ RunTime:0.0568s ]
NOTIC: [8] Use of undefined constant id - assumed 'id' G:\CODE\kepuwang\Application\Home\Controller\ArticleController.class.php 第 98 行.
SQL: SELECT `id`,`title`,`content` FROM `documentary` WHERE `id` = 127  [ RunTime:0.0550s ]
INFO: [ app_end ] --START--
INFO: Run Behavior\ShowPageTraceBehavior [ RunTime:0.000725s ]
INFO: [ app_end ] --END-- [ RunTime:0.000794s ]

[ 2016-06-13T01:07:40+08:00 ] 127.0.0.1 /admin.php
INFO: [ app_init ] --START--
INFO: Run Behavior\BuildLiteBehavior [ RunTime:0.000033s ]
INFO: [ app_init ] --END-- [ RunTime:0.000694s ]
INFO: [ app_begin ] --START--
INFO: Run Behavior\ReadHtmlCacheBehavior [ RunTime:0.000539s ]
INFO: [ app_begin ] --END-- [ RunTime:0.000614s ]
INFO: [ view_parse ] --START--
INFO: [ template_filter ] --START--
INFO: Run Behavior\ContentReplaceBehavior [ RunTime:0.000106s ]
INFO: [ template_filter ] --END-- [ RunTime:0.000198s ]
INFO: Run Behavior\ParseTemplateBehavior [ RunTime:0.036488s ]
INFO: [ view_parse ] --END-- [ RunTime:0.036647s ]
INFO: [ view_filter ] --START--
INFO: Run Behavior\WriteHtmlCacheBehavior [ RunTime:0.000882s ]
INFO: [ view_filter ] --END-- [ RunTime:0.000987s ]
INFO: [ app_end ] --START--
INFO: Run Behavior\ShowPageTraceBehavior [ RunTime:0.001293s ]
INFO: [ app_end ] --END-- [ RunTime:0.002089s ]

[ 2016-06-13T01:07:42+08:00 ] 127.0.0.1 /admin.php?c=article&a=newContent&id=127&articleType=5
INFO: [ app_init ] --START--
INFO: Run Behavior\BuildLiteBehavior [ RunTime:0.000029s ]
INFO: [ app_init ] --END-- [ RunTime:0.000624s ]
INFO: [ app_begin ] --START--
INFO: Run Behavior\ReadHtmlCacheBehavior [ RunTime:0.001003s ]
INFO: [ app_begin ] --END-- [ RunTime:0.001137s ]
SQL: SHOW COLUMNS FROM `documentary` [ RunTime:0.1059s ]
NOTIC: [8] Use of undefined constant id - assumed 'id' G:\CODE\kepuwang\Application\Home\Controller\ArticleController.class.php 第 98 行.
SQL: SELECT `id`,`title`,`content` FROM `documentary` WHERE `id` = 127  [ RunTime:0.1250s ]
INFO: [ app_end ] --START--
INFO: Run Behavior\ShowPageTraceBehavior [ RunTime:0.000705s ]
INFO: [ app_end ] --END-- [ RunTime:0.000765s ]

[ 2016-06-13T01:07:44+08:00 ] 127.0.0.1 /admin.php
INFO: [ app_init ] --START--
INFO: Run Behavior\BuildLiteBehavior [ RunTime:0.000036s ]
INFO: [ app_init ] --END-- [ RunTime:0.001004s ]
INFO: [ app_begin ] --START--
INFO: Run Behavior\ReadHtmlCacheBehavior [ RunTime:0.000729s ]
INFO: [ app_begin ] --END-- [ RunTime:0.000842s ]
INFO: [ view_parse ] --START--
INFO: [ template_filter ] --START--
INFO: Run Behavior\ContentReplaceBehavior [ RunTime:0.000090s ]
INFO: [ template_filter ] --END-- [ RunTime:0.000181s ]
INFO: Run Behavior\ParseTemplateBehavior [ RunTime:0.031999s ]
INFO: [ view_parse ] --END-- [ RunTime:0.032414s ]
INFO: [ view_filter ] --START--
INFO: Run Behavior\WriteHtmlCacheBehavior [ RunTime:0.000684s ]
INFO: [ view_filter ] --END-- [ RunTime:0.000759s ]
INFO: [ app_end ] --START--
INFO: Run Behavior\ShowPageTraceBehavior [ RunTime:0.000726s ]
INFO: [ app_end ] --END-- [ RunTime:0.000825s ]

[ 2016-06-13T01:07:53+08:00 ] 127.0.0.1 /admin.php?c=documentary&a=newdocumentary
INFO: [ app_init ] --START--
INFO: Run Behavior\BuildLiteBehavior [ RunTime:0.000034s ]
INFO: [ app_init ] --END-- [ RunTime:0.000705s ]
INFO: [ app_begin ] --START--
INFO: Run Behavior\ReadHtmlCacheBehavior [ RunTime:0.001369s ]
INFO: [ app_begin ] --END-- [ RunTime:0.001560s ]
NOTIC: [8] Use of undefined constant title - assumed 'title' G:\CODE\kepuwang\Application\Home\Controller\DocumentaryController.class.php 第 11 行.
NOTIC: [8] Use of undefined constant maincontent - assumed 'maincontent' G:\CODE\kepuwang\Application\Home\Controller\DocumentaryController.class.php 第 12 行.
NOTIC: [8] Use of undefined constant thumbnail - assumed 'thumbnail' G:\CODE\kepuwang\Application\Home\Controller\DocumentaryController.class.php 第 13 行.
NOTIC: [8] Use of undefined constant sets - assumed 'sets' G:\CODE\kepuwang\Application\Home\Controller\DocumentaryController.class.php 第 15 行.
SQL: SHOW COLUMNS FROM `documentary` [ RunTime:0.1807s ]
SQL: INSERT INTO `documentary` (`title`,`maincontent`,`thumbnail`,`abstract`,`sets`) VALUES ('','','','','[{&quot;title&quot;:&quot;第三方&quot;,&quot;code&quot;:&quot;但是&quot;}]') [ RunTime:0.0974s ]
INFO: [ app_end ] --START--
INFO: Run Behavior\ShowPageTraceBehavior [ RunTime:0.000808s ]
INFO: [ app_end ] --END-- [ RunTime:0.000879s ]

[ 2016-06-13T01:07:55+08:00 ] 127.0.0.1 /admin.php?c=article&a=newContent&id=128&articleType=5
INFO: [ app_init ] --START--
INFO: Run Behavior\BuildLiteBehavior [ RunTime:0.000032s ]
INFO: [ app_init ] --END-- [ RunTime:0.000616s ]
INFO: [ app_begin ] --START--
INFO: Run Behavior\ReadHtmlCacheBehavior [ RunTime:0.001263s ]
INFO: [ app_begin ] --END-- [ RunTime:0.001530s ]
SQL: SHOW COLUMNS FROM `documentary` [ RunTime:0.2427s ]
NOTIC: [8] Use of undefined constant id - assumed 'id' G:\CODE\kepuwang\Application\Home\Controller\ArticleController.class.php 第 98 行.
SQL: SELECT `id`,`title`,`content` FROM `documentary` WHERE `id` = 128  [ RunTime:0.1000s ]
INFO: [ app_end ] --START--
INFO: Run Behavior\ShowPageTraceBehavior [ RunTime:0.000865s ]
INFO: [ app_end ] --END-- [ RunTime:0.000943s ]

[ 2016-06-13T01:08:20+08:00 ] 127.0.0.1 /admin.php?c=article&a=saveContent&articleType=5
INFO: [ app_init ] --START--
INFO: Run Behavior\BuildLiteBehavior [ RunTime:0.000018s ]
INFO: [ app_init ] --END-- [ RunTime:0.000378s ]
INFO: [ app_begin ] --START--
INFO: Run Behavior\ReadHtmlCacheBehavior [ RunTime:0.000642s ]
INFO: [ app_begin ] --END-- [ RunTime:0.000722s ]
NOTIC: [8] Use of undefined constant id - assumed 'id' G:\CODE\kepuwang\Application\Home\Controller\ArticleController.class.php 第 110 行.
NOTIC: [8] Use of undefined constant content - assumed 'content' G:\CODE\kepuwang\Application\Home\Controller\ArticleController.class.php 第 111 行.
SQL: SHOW COLUMNS FROM `documentary` [ RunTime:0.0680s ]
SQL: UPDATE `documentary` SET `content`='&lt;p&gt;地方地方&lt;/p&gt;' WHERE `id` = 128 [ RunTime:0.3149s ]
INFO: [ app_end ] --START--
INFO: Run Behavior\ShowPageTraceBehavior [ RunTime:0.001315s ]
INFO: [ app_end ] --END-- [ RunTime:0.001411s ]

[ 2016-06-13T01:10:06+08:00 ] 127.0.0.1 /admin.php
INFO: [ app_init ] --START--
INFO: Run Behavior\BuildLiteBehavior [ RunTime:0.000029s ]
INFO: [ app_init ] --END-- [ RunTime:0.000641s ]
INFO: [ app_begin ] --START--
INFO: Run Behavior\ReadHtmlCacheBehavior [ RunTime:0.001353s ]
INFO: [ app_begin ] --END-- [ RunTime:0.001533s ]
INFO: [ view_parse ] --START--
INFO: [ template_filter ] --START--
INFO: Run Behavior\ContentReplaceBehavior [ RunTime:0.000071s ]
INFO: [ template_filter ] --END-- [ RunTime:0.000144s ]
INFO: Run Behavior\ParseTemplateBehavior [ RunTime:0.036632s ]
INFO: [ view_parse ] --END-- [ RunTime:0.036738s ]
INFO: [ view_filter ] --START--
INFO: Run Behavior\WriteHtmlCacheBehavior [ RunTime:0.001426s ]
INFO: [ view_filter ] --END-- [ RunTime:0.001837s ]
INFO: [ app_end ] --START--
INFO: Run Behavior\ShowPageTraceBehavior [ RunTime:0.001280s ]
INFO: [ app_end ] --END-- [ RunTime:0.001505s ]

[ 2016-06-13T01:11:41+08:00 ] 127.0.0.1 /admin.php
INFO: [ app_init ] --START--
INFO: Run Behavior\BuildLiteBehavior [ RunTime:0.000022s ]
INFO: [ app_init ] --END-- [ RunTime:0.000464s ]
INFO: [ app_begin ] --START--
INFO: Run Behavior\ReadHtmlCacheBehavior [ RunTime:0.000561s ]
INFO: [ app_begin ] --END-- [ RunTime:0.000652s ]
INFO: [ view_parse ] --START--
INFO: [ template_filter ] --START--
INFO: Run Behavior\ContentReplaceBehavior [ RunTime:0.000075s ]
INFO: [ template_filter ] --END-- [ RunTime:0.000154s ]
INFO: Run Behavior\ParseTemplateBehavior [ RunTime:0.036025s ]
INFO: [ view_parse ] --END-- [ RunTime:0.036116s ]
INFO: [ view_filter ] --START--
INFO: Run Behavior\WriteHtmlCacheBehavior [ RunTime:0.000388s ]
INFO: [ view_filter ] --END-- [ RunTime:0.000444s ]
INFO: [ app_end ] --START--
INFO: Run Behavior\ShowPageTraceBehavior [ RunTime:0.001043s ]
INFO: [ app_end ] --END-- [ RunTime:0.001208s ]

[ 2016-06-13T01:12:30+08:00 ] 127.0.0.1 /admin.php
INFO: [ app_init ] --START--
INFO: Run Behavior\BuildLiteBehavior [ RunTime:0.000034s ]
INFO: [ app_init ] --END-- [ RunTime:0.000767s ]
INFO: [ app_begin ] --START--
INFO: Run Behavior\ReadHtmlCacheBehavior [ RunTime:0.001710s ]
INFO: [ app_begin ] --END-- [ RunTime:0.003099s ]
INFO: [ view_parse ] --START--
INFO: [ template_filter ] --START--
INFO: Run Behavior\ContentReplaceBehavior [ RunTime:0.000086s ]
INFO: [ template_filter ] --END-- [ RunTime:0.000176s ]
INFO: Run Behavior\ParseTemplateBehavior [ RunTime:0.034295s ]
INFO: [ view_parse ] --END-- [ RunTime:0.034390s ]
INFO: [ view_filter ] --START--
INFO: Run Behavior\WriteHtmlCacheBehavior [ RunTime:0.000358s ]
INFO: [ view_filter ] --END-- [ RunTime:0.000415s ]
INFO: [ app_end ] --START--
INFO: Run Behavior\ShowPageTraceBehavior [ RunTime:0.001315s ]
INFO: [ app_end ] --END-- [ RunTime:0.001459s ]

[ 2016-06-13T01:14:14+08:00 ] 127.0.0.1 /admin.php
INFO: [ app_init ] --START--
INFO: Run Behavior\BuildLiteBehavior [ RunTime:0.000016s ]
INFO: [ app_init ] --END-- [ RunTime:0.000388s ]
INFO: [ app_begin ] --START--
INFO: Run Behavior\ReadHtmlCacheBehavior [ RunTime:0.000594s ]
INFO: [ app_begin ] --END-- [ RunTime:0.000664s ]
INFO: [ view_parse ] --START--
INFO: [ template_filter ] --START--
INFO: Run Behavior\ContentReplaceBehavior [ RunTime:0.000090s ]
INFO: [ template_filter ] --END-- [ RunTime:0.000177s ]
INFO: Run Behavior\ParseTemplateBehavior [ RunTime:0.029767s ]
INFO: [ view_parse ] --END-- [ RunTime:0.029852s ]
INFO: [ view_filter ] --START--
INFO: Run Behavior\WriteHtmlCacheBehavior [ RunTime:0.000376s ]
INFO: [ view_filter ] --END-- [ RunTime:0.000434s ]
INFO: [ app_end ] --START--
INFO: Run Behavior\ShowPageTraceBehavior [ RunTime:0.001156s ]
INFO: [ app_end ] --END-- [ RunTime:0.001299s ]

[ 2016-06-13T01:15:14+08:00 ] 127.0.0.1 /admin.php
INFO: [ app_init ] --START--
INFO: Run Behavior\BuildLiteBehavior [ RunTime:0.000050s ]
INFO: [ app_init ] --END-- [ RunTime:0.001165s ]
INFO: [ app_begin ] --START--
INFO: Run Behavior\ReadHtmlCacheBehavior [ RunTime:0.000649s ]
INFO: [ app_begin ] --END-- [ RunTime:0.000733s ]
INFO: [ view_parse ] --START--
INFO: [ template_filter ] --START--
INFO: Run Behavior\ContentReplaceBehavior [ RunTime:0.000071s ]
INFO: [ template_filter ] --END-- [ RunTime:0.000143s ]
INFO: Run Behavior\ParseTemplateBehavior [ RunTime:0.030122s ]
INFO: [ view_parse ] --END-- [ RunTime:0.030209s ]
INFO: [ view_filter ] --START--
INFO: Run Behavior\WriteHtmlCacheBehavior [ RunTime:0.000411s ]
INFO: [ view_filter ] --END-- [ RunTime:0.000472s ]
INFO: [ app_end ] --START--
INFO: Run Behavior\ShowPageTraceBehavior [ RunTime:0.004692s ]
INFO: [ app_end ] --END-- [ RunTime:0.004927s ]

[ 2016-06-13T01:15:38+08:00 ] 127.0.0.1 /admin.php?c=article&articleType=5&a=publish&id=128
INFO: [ app_init ] --START--
INFO: Run Behavior\BuildLiteBehavior [ RunTime:0.000032s ]
INFO: [ app_init ] --END-- [ RunTime:0.001331s ]
INFO: [ app_begin ] --START--
INFO: Run Behavior\ReadHtmlCacheBehavior [ RunTime:0.000595s ]
INFO: [ app_begin ] --END-- [ RunTime:0.000669s ]
SQL: SHOW COLUMNS FROM `documentary` [ RunTime:0.0714s ]
NOTIC: [8] Use of undefined constant status - assumed 'status' G:\CODE\kepuwang\Application\Home\Controller\ArticleController.class.php 第 204 行.
SQL: UPDATE `documentary` SET `status`='1' WHERE ( id=128 ) [ RunTime:0.0998s ]
INFO: [ app_end ] --START--
INFO: Run Behavior\ShowPageTraceBehavior [ RunTime:0.000779s ]
INFO: [ app_end ] --END-- [ RunTime:0.000846s ]

[ 2016-06-13T01:15:38+08:00 ] 127.0.0.1 /admin.php
INFO: [ app_init ] --START--
INFO: Run Behavior\BuildLiteBehavior [ RunTime:0.000070s ]
INFO: [ app_init ] --END-- [ RunTime:0.001089s ]
INFO: [ app_begin ] --START--
INFO: Run Behavior\ReadHtmlCacheBehavior [ RunTime:0.000618s ]
INFO: [ app_begin ] --END-- [ RunTime:0.000686s ]
INFO: [ view_parse ] --START--
INFO: [ template_filter ] --START--
INFO: Run Behavior\ContentReplaceBehavior [ RunTime:0.000070s ]
INFO: [ template_filter ] --END-- [ RunTime:0.000141s ]
INFO: Run Behavior\ParseTemplateBehavior [ RunTime:0.028705s ]
INFO: [ view_parse ] --END-- [ RunTime:0.028862s ]
INFO: [ view_filter ] --START--
INFO: Run Behavior\WriteHtmlCacheBehavior [ RunTime:0.000901s ]
INFO: [ view_filter ] --END-- [ RunTime:0.001026s ]
INFO: [ app_end ] --START--
INFO: Run Behavior\ShowPageTraceBehavior [ RunTime:0.001375s ]
INFO: [ app_end ] --END-- [ RunTime:0.001580s ]

[ 2016-06-13T01:20:01+08:00 ] 127.0.0.1 /admin.php?c=documentary&a=newdocumentary
INFO: [ app_init ] --START--
INFO: Run Behavior\BuildLiteBehavior [ RunTime:0.000033s ]
INFO: [ app_init ] --END-- [ RunTime:0.000622s ]
INFO: [ app_begin ] --START--
INFO: Run Behavior\ReadHtmlCacheBehavior [ RunTime:0.001157s ]
INFO: [ app_begin ] --END-- [ RunTime:0.001314s ]
NOTIC: [8] Use of undefined constant title - assumed 'title' G:\CODE\kepuwang\Application\Home\Controller\DocumentaryController.class.php 第 11 行.
NOTIC: [8] Use of undefined constant maincontent - assumed 'maincontent' G:\CODE\kepuwang\Application\Home\Controller\DocumentaryController.class.php 第 12 行.
NOTIC: [8] Use of undefined constant thumbnail - assumed 'thumbnail' G:\CODE\kepuwang\Application\Home\Controller\DocumentaryController.class.php 第 13 行.
NOTIC: [8] Use of undefined constant sets - assumed 'sets' G:\CODE\kepuwang\Application\Home\Controller\DocumentaryController.class.php 第 15 行.
SQL: SHOW COLUMNS FROM `documentary` [ RunTime:0.2354s ]
SQL: INSERT INTO `documentary` (`title`,`maincontent`,`thumbnail`,`abstract`,`sets`) VALUES ('','','','','[{&quot;title&quot;:&quot;程序&quot;,&quot;code&quot;:&quot;地方&quot;,&quot;$$hashKey&quot;:&quot;object:44&quot;}]') [ RunTime:0.1588s ]
INFO: [ app_end ] --START--
INFO: Run Behavior\ShowPageTraceBehavior [ RunTime:0.000777s ]
INFO: [ app_end ] --END-- [ RunTime:0.000848s ]

[ 2016-06-13T01:20:16+08:00 ] 127.0.0.1 /admin.php?c=article&a=newContent&id=129&articleType=5
INFO: [ app_init ] --START--
INFO: Run Behavior\BuildLiteBehavior [ RunTime:0.000033s ]
INFO: [ app_init ] --END-- [ RunTime:0.000626s ]
INFO: [ app_begin ] --START--
INFO: Run Behavior\ReadHtmlCacheBehavior [ RunTime:0.001212s ]
INFO: [ app_begin ] --END-- [ RunTime:0.001369s ]
SQL: SHOW COLUMNS FROM `documentary` [ RunTime:0.5005s ]
NOTIC: [8] Use of undefined constant id - assumed 'id' G:\CODE\kepuwang\Application\Home\Controller\ArticleController.class.php 第 98 行.
SQL: SELECT `id`,`title`,`content` FROM `documentary` WHERE `id` = 129  [ RunTime:0.3690s ]
INFO: [ app_end ] --START--
INFO: Run Behavior\ShowPageTraceBehavior [ RunTime:0.000856s ]
INFO: [ app_end ] --END-- [ RunTime:0.000916s ]

[ 2016-06-13T01:20:28+08:00 ] 127.0.0.1 /admin.php
INFO: [ app_init ] --START--
INFO: Run Behavior\BuildLiteBehavior [ RunTime:0.000020s ]
INFO: [ app_init ] --END-- [ RunTime:0.000468s ]
INFO: [ app_begin ] --START--
INFO: Run Behavior\ReadHtmlCacheBehavior [ RunTime:0.000740s ]
INFO: [ app_begin ] --END-- [ RunTime:0.000827s ]
INFO: [ view_parse ] --START--
INFO: [ template_filter ] --START--
INFO: Run Behavior\ContentReplaceBehavior [ RunTime:0.000075s ]
INFO: [ template_filter ] --END-- [ RunTime:0.000187s ]
INFO: Run Behavior\ParseTemplateBehavior [ RunTime:0.046104s ]
INFO: [ view_parse ] --END-- [ RunTime:0.046194s ]
INFO: [ view_filter ] --START--
INFO: Run Behavior\WriteHtmlCacheBehavior [ RunTime:0.000507s ]
INFO: [ view_filter ] --END-- [ RunTime:0.000571s ]
INFO: [ app_end ] --START--
INFO: Run Behavior\ShowPageTraceBehavior [ RunTime:0.007187s ]
INFO: [ app_end ] --END-- [ RunTime:0.007492s ]

[ 2016-06-13T01:20:29+08:00 ] 127.0.0.1 /admin.php?c=article&a=newContent&id=129&articleType=5
INFO: [ app_init ] --START--
INFO: Run Behavior\BuildLiteBehavior [ RunTime:0.000025s ]
INFO: [ app_init ] --END-- [ RunTime:0.000661s ]
INFO: [ app_begin ] --START--
INFO: Run Behavior\ReadHtmlCacheBehavior [ RunTime:0.001348s ]
INFO: [ app_begin ] --END-- [ RunTime:0.001540s ]
SQL: SHOW COLUMNS FROM `documentary` [ RunTime:0.0680s ]
NOTIC: [8] Use of undefined constant id - assumed 'id' G:\CODE\kepuwang\Application\Home\Controller\ArticleController.class.php 第 98 行.
SQL: SELECT `id`,`title`,`content` FROM `documentary` WHERE `id` = 129  [ RunTime:0.0731s ]
INFO: [ app_end ] --START--
INFO: Run Behavior\ShowPageTraceBehavior [ RunTime:0.001636s ]
INFO: [ app_end ] --END-- [ RunTime:0.001946s ]

[ 2016-06-13T01:20:39+08:00 ] 127.0.0.1 /admin.php?c=documentary&a=newdocumentary
INFO: [ app_init ] --START--
INFO: Run Behavior\BuildLiteBehavior [ RunTime:0.000037s ]
INFO: [ app_init ] --END-- [ RunTime:0.000846s ]
INFO: [ app_begin ] --START--
INFO: Run Behavior\ReadHtmlCacheBehavior [ RunTime:0.001378s ]
INFO: [ app_begin ] --END-- [ RunTime:0.001685s ]
NOTIC: [8] Use of undefined constant title - assumed 'title' G:\CODE\kepuwang\Application\Home\Controller\DocumentaryController.class.php 第 11 行.
NOTIC: [8] Use of undefined constant maincontent - assumed 'maincontent' G:\CODE\kepuwang\Application\Home\Controller\DocumentaryController.class.php 第 12 行.
NOTIC: [8] Use of undefined constant thumbnail - assumed 'thumbnail' G:\CODE\kepuwang\Application\Home\Controller\DocumentaryController.class.php 第 13 行.
NOTIC: [8] Use of undefined constant sets - assumed 'sets' G:\CODE\kepuwang\Application\Home\Controller\DocumentaryController.class.php 第 15 行.
SQL: SHOW COLUMNS FROM `documentary` [ RunTime:0.1340s ]
SQL: INSERT INTO `documentary` (`title`,`maincontent`,`thumbnail`,`abstract`,`sets`) VALUES ('','','','','[{&quot;title&quot;:&quot;是的&quot;,&quot;code&quot;:&quot;是的&quot;}]') [ RunTime:0.0702s ]
INFO: [ app_end ] --START--
INFO: Run Behavior\ShowPageTraceBehavior [ RunTime:0.000806s ]
INFO: [ app_end ] --END-- [ RunTime:0.000877s ]

[ 2016-06-13T01:20:40+08:00 ] 127.0.0.1 /admin.php?c=article&a=newContent&id=130&articleType=5
INFO: [ app_init ] --START--
INFO: Run Behavior\BuildLiteBehavior [ RunTime:0.000020s ]
INFO: [ app_init ] --END-- [ RunTime:0.000463s ]
INFO: [ app_begin ] --START--
INFO: Run Behavior\ReadHtmlCacheBehavior [ RunTime:0.000534s ]
INFO: [ app_begin ] --END-- [ RunTime:0.000615s ]
SQL: SHOW COLUMNS FROM `documentary` [ RunTime:0.0700s ]
NOTIC: [8] Use of undefined constant id - assumed 'id' G:\CODE\kepuwang\Application\Home\Controller\ArticleController.class.php 第 98 行.
SQL: SELECT `id`,`title`,`content` FROM `documentary` WHERE `id` = 130  [ RunTime:0.0815s ]
INFO: [ app_end ] --START--
INFO: Run Behavior\ShowPageTraceBehavior [ RunTime:0.000695s ]
INFO: [ app_end ] --END-- [ RunTime:0.000755s ]

[ 2016-06-13T01:21:09+08:00 ] 127.0.0.1 /admin.php?c=documentary&a=newdocumentary
INFO: [ app_init ] --START--
INFO: Run Behavior\BuildLiteBehavior [ RunTime:0.000033s ]
INFO: [ app_init ] --END-- [ RunTime:0.000718s ]
INFO: [ app_begin ] --START--
INFO: Run Behavior\ReadHtmlCacheBehavior [ RunTime:0.001082s ]
INFO: [ app_begin ] --END-- [ RunTime:0.001249s ]
NOTIC: [8] Use of undefined constant title - assumed 'title' G:\CODE\kepuwang\Application\Home\Controller\DocumentaryController.class.php 第 11 行.
NOTIC: [8] Use of undefined constant maincontent - assumed 'maincontent' G:\CODE\kepuwang\Application\Home\Controller\DocumentaryController.class.php 第 12 行.
NOTIC: [8] Use of undefined constant thumbnail - assumed 'thumbnail' G:\CODE\kepuwang\Application\Home\Controller\DocumentaryController.class.php 第 13 行.
NOTIC: [8] Use of undefined constant sets - assumed 'sets' G:\CODE\kepuwang\Application\Home\Controller\DocumentaryController.class.php 第 15 行.
SQL: SHOW COLUMNS FROM `documentary` [ RunTime:0.0687s ]
SQL: INSERT INTO `documentary` (`title`,`maincontent`,`thumbnail`,`abstract`,`sets`) VALUES ('','','','','[{&quot;title&quot;:&quot;第三方&quot;,&quot;code&quot;:&quot;是打发&quot;}]') [ RunTime:0.0664s ]
INFO: [ app_end ] --START--
INFO: Run Behavior\ShowPageTraceBehavior [ RunTime:0.000830s ]
INFO: [ app_end ] --END-- [ RunTime:0.000920s ]

[ 2016-06-13T01:21:09+08:00 ] 127.0.0.1 /admin.php?c=article&a=newContent&id=131&articleType=5
INFO: [ app_init ] --START--
INFO: Run Behavior\BuildLiteBehavior [ RunTime:0.000028s ]
INFO: [ app_init ] --END-- [ RunTime:0.000628s ]
INFO: [ app_begin ] --START--
INFO: Run Behavior\ReadHtmlCacheBehavior [ RunTime:0.001109s ]
INFO: [ app_begin ] --END-- [ RunTime:0.001249s ]
SQL: SHOW COLUMNS FROM `documentary` [ RunTime:0.0683s ]
NOTIC: [8] Use of undefined constant id - assumed 'id' G:\CODE\kepuwang\Application\Home\Controller\ArticleController.class.php 第 98 行.
SQL: SELECT `id`,`title`,`content` FROM `documentary` WHERE `id` = 131  [ RunTime:0.0659s ]
INFO: [ app_end ] --START--
INFO: Run Behavior\ShowPageTraceBehavior [ RunTime:0.000803s ]
INFO: [ app_end ] --END-- [ RunTime:0.000906s ]

[ 2016-06-13T01:25:48+08:00 ] 127.0.0.1 /admin.php?c=documentary&a=newdocumentary
INFO: [ app_init ] --START--
INFO: Run Behavior\BuildLiteBehavior [ RunTime:0.000045s ]
INFO: [ app_init ] --END-- [ RunTime:0.000794s ]
INFO: [ app_begin ] --START--
INFO: Run Behavior\ReadHtmlCacheBehavior [ RunTime:0.001444s ]
INFO: [ app_begin ] --END-- [ RunTime:0.001656s ]
NOTIC: [8] Use of undefined constant title - assumed 'title' G:\CODE\kepuwang\Application\Home\Controller\DocumentaryController.class.php 第 11 行.
NOTIC: [8] Use of undefined constant maincontent - assumed 'maincontent' G:\CODE\kepuwang\Application\Home\Controller\DocumentaryController.class.php 第 12 行.
NOTIC: [8] Use of undefined constant thumbnail - assumed 'thumbnail' G:\CODE\kepuwang\Application\Home\Controller\DocumentaryController.class.php 第 13 行.
NOTIC: [8] Use of undefined constant sets - assumed 'sets' G:\CODE\kepuwang\Application\Home\Controller\DocumentaryController.class.php 第 15 行.
SQL: SHOW COLUMNS FROM `documentary` [ RunTime:0.1109s ]
SQL: INSERT INTO `documentary` (`title`,`maincontent`,`thumbnail`,`abstract`,`sets`) VALUES ('','','','','[{&quot;title&quot;:&quot;放到&quot;,&quot;code&quot;:&quot;风格&quot;}]') [ RunTime:0.1314s ]
INFO: [ app_end ] --START--
INFO: Run Behavior\ShowPageTraceBehavior [ RunTime:0.001179s ]
INFO: [ app_end ] --END-- [ RunTime:0.001311s ]

[ 2016-06-13T01:25:49+08:00 ] 127.0.0.1 /admin.php?c=article&a=newContent&id=132&articleType=5
INFO: [ app_init ] --START--
INFO: Run Behavior\BuildLiteBehavior [ RunTime:0.000034s ]
INFO: [ app_init ] --END-- [ RunTime:0.000670s ]
INFO: [ app_begin ] --START--
INFO: Run Behavior\ReadHtmlCacheBehavior [ RunTime:0.000943s ]
INFO: [ app_begin ] --END-- [ RunTime:0.001112s ]
SQL: SHOW COLUMNS FROM `documentary` [ RunTime:0.0681s ]
NOTIC: [8] Use of undefined constant id - assumed 'id' G:\CODE\kepuwang\Application\Home\Controller\ArticleController.class.php 第 98 行.
SQL: SELECT `id`,`title`,`content` FROM `documentary` WHERE `id` = 132  [ RunTime:0.0659s ]
INFO: [ app_end ] --START--
INFO: Run Behavior\ShowPageTraceBehavior [ RunTime:0.000765s ]
INFO: [ app_end ] --END-- [ RunTime:0.000837s ]

[ 2016-06-13T01:25:50+08:00 ] 127.0.0.1 /admin.php?c=documentary&a=newdocumentary
INFO: [ app_init ] --START--
INFO: Run Behavior\BuildLiteBehavior [ RunTime:0.000020s ]
INFO: [ app_init ] --END-- [ RunTime:0.000424s ]
INFO: [ app_begin ] --START--
INFO: Run Behavior\ReadHtmlCacheBehavior [ RunTime:0.000706s ]
INFO: [ app_begin ] --END-- [ RunTime:0.000783s ]
NOTIC: [8] Use of undefined constant title - assumed 'title' G:\CODE\kepuwang\Application\Home\Controller\DocumentaryController.class.php 第 11 行.
NOTIC: [8] Use of undefined constant maincontent - assumed 'maincontent' G:\CODE\kepuwang\Application\Home\Controller\DocumentaryController.class.php 第 12 行.
NOTIC: [8] Use of undefined constant thumbnail - assumed 'thumbnail' G:\CODE\kepuwang\Application\Home\Controller\DocumentaryController.class.php 第 13 行.
NOTIC: [8] Use of undefined constant sets - assumed 'sets' G:\CODE\kepuwang\Application\Home\Controller\DocumentaryController.class.php 第 15 行.
SQL: SHOW COLUMNS FROM `documentary` [ RunTime:0.0666s ]
SQL: INSERT INTO `documentary` (`title`,`maincontent`,`thumbnail`,`abstract`,`sets`) VALUES ('','','','','') [ RunTime:0.0642s ]
INFO: [ app_end ] --START--
INFO: Run Behavior\ShowPageTraceBehavior [ RunTime:0.000748s ]
INFO: [ app_end ] --END-- [ RunTime:0.000810s ]

[ 2016-06-13T01:40:14+08:00 ] 127.0.0.1 /admin.php?c=documentary&a=newdocumentary
INFO: [ app_init ] --START--
INFO: Run Behavior\BuildLiteBehavior [ RunTime:0.000029s ]
INFO: [ app_init ] --END-- [ RunTime:0.000648s ]
INFO: [ app_begin ] --START--
INFO: Run Behavior\ReadHtmlCacheBehavior [ RunTime:0.001240s ]
INFO: [ app_begin ] --END-- [ RunTime:0.001391s ]
NOTIC: [8] Use of undefined constant title - assumed 'title' G:\CODE\kepuwang\Application\Home\Controller\DocumentaryController.class.php 第 11 行.
NOTIC: [8] Use of undefined constant maincontent - assumed 'maincontent' G:\CODE\kepuwang\Application\Home\Controller\DocumentaryController.class.php 第 12 行.
NOTIC: [8] Use of undefined constant thumbnail - assumed 'thumbnail' G:\CODE\kepuwang\Application\Home\Controller\DocumentaryController.class.php 第 13 行.
NOTIC: [8] Use of undefined constant sets - assumed 'sets' G:\CODE\kepuwang\Application\Home\Controller\DocumentaryController.class.php 第 15 行.
SQL: SHOW COLUMNS FROM `documentary` [ RunTime:0.0569s ]
SQL: INSERT INTO `documentary` (`title`,`maincontent`,`thumbnail`,`abstract`,`sets`) VALUES ('胜多负少','&lt;p&gt;纪录片信息：纪录片信息&lt;/p&gt;','/Uploads/image/20160613/1465753197528387.png','从服务器端以JSON格式将数据传递到客户端后，通过JS显示在HTML页面时，有一些特殊字符不能直接显示，如后台传递过来的是 \'&lt;b&gt;msg&lt;/b&gt; #\' 通过JS显示在HTML页面中时，显示成了 msg # ，并不是msg #，这是由于&lt;与&gt;之间的内容看作是HTML标签了，而以&amp;开头的 与#为HTML实体，所以显示不正常。','[{&quot;title&quot;:&quot;但是&quot;,&quot;code&quot;:&quot;对方的&quot;}]') [ RunTime:0.0549s ]
INFO: [ app_end ] --START--
INFO: Run Behavior\ShowPageTraceBehavior [ RunTime:0.000825s ]
INFO: [ app_end ] --END-- [ RunTime:0.000885s ]

[ 2016-06-13T01:40:15+08:00 ] 127.0.0.1 /admin.php?c=article&a=newContent&id=134&articleType=5
INFO: [ app_init ] --START--
INFO: Run Behavior\BuildLiteBehavior [ RunTime:0.000027s ]
INFO: [ app_init ] --END-- [ RunTime:0.000468s ]
INFO: [ app_begin ] --START--
INFO: Run Behavior\ReadHtmlCacheBehavior [ RunTime:0.001257s ]
INFO: [ app_begin ] --END-- [ RunTime:0.001454s ]
SQL: SHOW COLUMNS FROM `documentary` [ RunTime:0.0572s ]
NOTIC: [8] Use of undefined constant id - assumed 'id' G:\CODE\kepuwang\Application\Home\Controller\ArticleController.class.php 第 98 行.
SQL: SELECT `id`,`title`,`content` FROM `documentary` WHERE `id` = 134  [ RunTime:0.0547s ]
INFO: [ app_end ] --START--
INFO: Run Behavior\ShowPageTraceBehavior [ RunTime:0.001047s ]
INFO: [ app_end ] --END-- [ RunTime:0.001163s ]

[ 2016-06-13T01:41:22+08:00 ] 127.0.0.1 /admin.php
INFO: [ app_init ] --START--
INFO: Run Behavior\BuildLiteBehavior [ RunTime:0.000019s ]
INFO: [ app_init ] --END-- [ RunTime:0.000355s ]
INFO: [ app_begin ] --START--
INFO: Run Behavior\ReadHtmlCacheBehavior [ RunTime:0.000700s ]
INFO: [ app_begin ] --END-- [ RunTime:0.000767s ]
INFO: [ view_parse ] --START--
INFO: [ template_filter ] --START--
INFO: Run Behavior\ContentReplaceBehavior [ RunTime:0.000100s ]
INFO: [ template_filter ] --END-- [ RunTime:0.000176s ]
INFO: Run Behavior\ParseTemplateBehavior [ RunTime:0.113124s ]
INFO: [ view_parse ] --END-- [ RunTime:0.113261s ]
INFO: [ view_filter ] --START--
INFO: Run Behavior\WriteHtmlCacheBehavior [ RunTime:0.000461s ]
INFO: [ view_filter ] --END-- [ RunTime:0.000515s ]
INFO: [ app_end ] --START--
INFO: Run Behavior\ShowPageTraceBehavior [ RunTime:0.001205s ]
INFO: [ app_end ] --END-- [ RunTime:0.001328s ]

[ 2016-06-13T01:41:49+08:00 ] 127.0.0.1 /admin.php?c=documentary&a=newdocumentary
INFO: [ app_init ] --START--
INFO: Run Behavior\BuildLiteBehavior [ RunTime:0.000036s ]
INFO: [ app_init ] --END-- [ RunTime:0.001113s ]
INFO: [ app_begin ] --START--
INFO: Run Behavior\ReadHtmlCacheBehavior [ RunTime:0.001056s ]
INFO: [ app_begin ] --END-- [ RunTime:0.001191s ]
NOTIC: [8] Use of undefined constant title - assumed 'title' G:\CODE\kepuwang\Application\Home\Controller\DocumentaryController.class.php 第 11 行.
NOTIC: [8] Use of undefined constant maincontent - assumed 'maincontent' G:\CODE\kepuwang\Application\Home\Controller\DocumentaryController.class.php 第 12 行.
NOTIC: [8] Use of undefined constant thumbnail - assumed 'thumbnail' G:\CODE\kepuwang\Application\Home\Controller\DocumentaryController.class.php 第 13 行.
NOTIC: [8] Use of undefined constant sets - assumed 'sets' G:\CODE\kepuwang\Application\Home\Controller\DocumentaryController.class.php 第 15 行.
SQL: SHOW COLUMNS FROM `documentary` [ RunTime:0.0683s ]
SQL: INSERT INTO `documentary` (`title`,`maincontent`,`thumbnail`,`abstract`,`sets`) VALUES ('地方','','','','[{&quot;title&quot;:&quot;&quot;,&quot;code&quot;:&quot;&quot;}]') [ RunTime:0.0676s ]
INFO: [ app_end ] --START--
INFO: Run Behavior\ShowPageTraceBehavior [ RunTime:0.000810s ]
INFO: [ app_end ] --END-- [ RunTime:0.000871s ]

[ 2016-06-13T01:41:50+08:00 ] 127.0.0.1 /admin.php?c=article&a=newContent&id=135&articleType=5
INFO: [ app_init ] --START--
INFO: Run Behavior\BuildLiteBehavior [ RunTime:0.000027s ]
INFO: [ app_init ] --END-- [ RunTime:0.000647s ]
INFO: [ app_begin ] --START--
INFO: Run Behavior\ReadHtmlCacheBehavior [ RunTime:0.001001s ]
INFO: [ app_begin ] --END-- [ RunTime:0.001144s ]
SQL: SHOW COLUMNS FROM `documentary` [ RunTime:0.0586s ]
NOTIC: [8] Use of undefined constant id - assumed 'id' G:\CODE\kepuwang\Application\Home\Controller\ArticleController.class.php 第 98 行.
SQL: SELECT `id`,`title`,`content` FROM `documentary` WHERE `id` = 135  [ RunTime:0.0550s ]
INFO: [ app_end ] --START--
INFO: Run Behavior\ShowPageTraceBehavior [ RunTime:0.000771s ]
INFO: [ app_end ] --END-- [ RunTime:0.000857s ]

[ 2016-06-13T01:43:24+08:00 ] 127.0.0.1 /admin.php?c=documentary&a=documentaryDetail&id=134
INFO: [ app_init ] --START--
INFO: Run Behavior\BuildLiteBehavior [ RunTime:0.000034s ]
INFO: [ app_init ] --END-- [ RunTime:0.000745s ]
INFO: [ app_begin ] --START--
INFO: Run Behavior\ReadHtmlCacheBehavior [ RunTime:0.000624s ]
INFO: [ app_begin ] --END-- [ RunTime:0.000705s ]
SQL: SHOW COLUMNS FROM `documentary` [ RunTime:0.2420s ]
SQL: SELECT * FROM `documentary` WHERE ( id=134 ) LIMIT 1   [ RunTime:0.0917s ]
INFO: [ app_end ] --START--
INFO: Run Behavior\ShowPageTraceBehavior [ RunTime:0.000987s ]
INFO: [ app_end ] --END-- [ RunTime:0.001069s ]

[ 2016-06-13T01:43:57+08:00 ] 127.0.0.1 /admin.php?c=documentary&a=newdocumentary
INFO: [ app_init ] --START--
INFO: Run Behavior\BuildLiteBehavior [ RunTime:0.000024s ]
INFO: [ app_init ] --END-- [ RunTime:0.000627s ]
INFO: [ app_begin ] --START--
INFO: Run Behavior\ReadHtmlCacheBehavior [ RunTime:0.000571s ]
INFO: [ app_begin ] --END-- [ RunTime:0.000637s ]
NOTIC: [8] Use of undefined constant title - assumed 'title' G:\CODE\kepuwang\Application\Home\Controller\DocumentaryController.class.php 第 11 行.
NOTIC: [8] Use of undefined constant maincontent - assumed 'maincontent' G:\CODE\kepuwang\Application\Home\Controller\DocumentaryController.class.php 第 12 行.
NOTIC: [8] Use of undefined constant thumbnail - assumed 'thumbnail' G:\CODE\kepuwang\Application\Home\Controller\DocumentaryController.class.php 第 13 行.
NOTIC: [8] Use of undefined constant sets - assumed 'sets' G:\CODE\kepuwang\Application\Home\Controller\DocumentaryController.class.php 第 15 行.
SQL: SHOW COLUMNS FROM `documentary` [ RunTime:0.0625s ]
SQL: UPDATE `documentary` SET `title`='测试纪录片发表',`maincontent`='&lt;p&gt;纪录片信息：纪录片信息&lt;/p&gt;',`thumbnail`='/Uploads/image/20160613/1465753197528387.png',`abstract`='从服务器端以JSON格式将数据传递到客户端后，通过JS显示在HTML页面时，有一些特殊字符不能直接显示，如后台传递过来的是 \'&amp;lt;b&amp;gt;msg&amp;lt;/b&amp;gt; #\' 通过JS显示在HTML页面中时，显示成了 msg # ，并不是msg #，这是由于&amp;lt;与&amp;gt;之间的内容看作是HTML标签了，而以&amp;amp;开头的 与#为HTML实体，所以显示不正常。',`sets`='[{&quot;title&quot;:&quot;第一集名称&quot;,&quot;code&quot;:&quot;对方的&quot;}]' WHERE ( id=134 ) [ RunTime:0.0696s ]
INFO: [ app_end ] --START--
INFO: Run Behavior\ShowPageTraceBehavior [ RunTime:0.000915s ]
INFO: [ app_end ] --END-- [ RunTime:0.001000s ]

[ 2016-06-13T01:44:11+08:00 ] 127.0.0.1 /admin.php?c=article&articleType=5&a=publish&id=134
INFO: [ app_init ] --START--
INFO: Run Behavior\BuildLiteBehavior [ RunTime:0.000050s ]
INFO: [ app_init ] --END-- [ RunTime:0.001056s ]
INFO: [ app_begin ] --START--
INFO: Run Behavior\ReadHtmlCacheBehavior [ RunTime:0.002550s ]
INFO: [ app_begin ] --END-- [ RunTime:0.003386s ]
SQL: SHOW COLUMNS FROM `documentary` [ RunTime:0.0569s ]
NOTIC: [8] Use of undefined constant status - assumed 'status' G:\CODE\kepuwang\Application\Home\Controller\ArticleController.class.php 第 204 行.
SQL: UPDATE `documentary` SET `status`='1' WHERE ( id=134 ) [ RunTime:0.0547s ]
INFO: [ app_end ] --START--
INFO: Run Behavior\ShowPageTraceBehavior [ RunTime:0.000722s ]
INFO: [ app_end ] --END-- [ RunTime:0.000783s ]

[ 2016-06-13T01:44:11+08:00 ] 127.0.0.1 /admin.php
INFO: [ app_init ] --START--
INFO: Run Behavior\BuildLiteBehavior [ RunTime:0.000024s ]
INFO: [ app_init ] --END-- [ RunTime:0.000599s ]
INFO: [ app_begin ] --START--
INFO: Run Behavior\ReadHtmlCacheBehavior [ RunTime:0.001172s ]
INFO: [ app_begin ] --END-- [ RunTime:0.001331s ]
INFO: [ view_parse ] --START--
INFO: [ template_filter ] --START--
INFO: Run Behavior\ContentReplaceBehavior [ RunTime:0.000133s ]
INFO: [ template_filter ] --END-- [ RunTime:0.000257s ]
INFO: Run Behavior\ParseTemplateBehavior [ RunTime:0.098778s ]
INFO: [ view_parse ] --END-- [ RunTime:0.099605s ]
INFO: [ view_filter ] --START--
INFO: Run Behavior\WriteHtmlCacheBehavior [ RunTime:0.000616s ]
INFO: [ view_filter ] --END-- [ RunTime:0.000683s ]
INFO: [ app_end ] --START--
INFO: Run Behavior\ShowPageTraceBehavior [ RunTime:0.001248s ]
INFO: [ app_end ] --END-- [ RunTime:0.001520s ]

[ 2016-06-13T01:50:58+08:00 ] 127.0.0.1 /admin.php
INFO: [ app_init ] --START--
INFO: Run Behavior\BuildLiteBehavior [ RunTime:0.000034s ]
INFO: [ app_init ] --END-- [ RunTime:0.000994s ]
INFO: [ app_begin ] --START--
INFO: Run Behavior\ReadHtmlCacheBehavior [ RunTime:0.001111s ]
INFO: [ app_begin ] --END-- [ RunTime:0.001332s ]
INFO: [ view_parse ] --START--
INFO: [ template_filter ] --START--
INFO: Run Behavior\ContentReplaceBehavior [ RunTime:0.000101s ]
INFO: [ template_filter ] --END-- [ RunTime:0.000203s ]
INFO: Run Behavior\ParseTemplateBehavior [ RunTime:0.044768s ]
INFO: [ view_parse ] --END-- [ RunTime:0.044894s ]
INFO: [ view_filter ] --START--
INFO: Run Behavior\WriteHtmlCacheBehavior [ RunTime:0.000397s ]
INFO: [ view_filter ] --END-- [ RunTime:0.000453s ]
INFO: [ app_end ] --START--
INFO: Run Behavior\ShowPageTraceBehavior [ RunTime:0.001469s ]
INFO: [ app_end ] --END-- [ RunTime:0.001604s ]

[ 2016-06-13T01:51:00+08:00 ] 127.0.0.1 /admin.php?c=article&a=newContent&id=134&articleType=5
INFO: [ app_init ] --START--
INFO: Run Behavior\BuildLiteBehavior [ RunTime:0.000032s ]
INFO: [ app_init ] --END-- [ RunTime:0.000705s ]
INFO: [ app_begin ] --START--
INFO: Run Behavior\ReadHtmlCacheBehavior [ RunTime:0.001026s ]
INFO: [ app_begin ] --END-- [ RunTime:0.001177s ]
NOTIC: [2] PDO::__construct() [<a href='pdo.--construct'>pdo.--construct</a>]: [2002] Ŀܾ޷ӡ
 (trying to connect via tcp://121.42.168.234:3306) G:\CODE\kepuwang\ThinkPHP\Library\Think\Db\Driver.class.php 第 103 行.
ERR: SQLSTATE[HY000] [2002] Ŀܾ޷ӡ


