[ 2016-06-12T00:13:23+08:00 ] 127.0.0.1 /admin.php
INFO: [ app_init ] --START--
INFO: Run Behavior\BuildLiteBehavior [ RunTime:0.000029s ]
INFO: [ app_init ] --END-- [ RunTime:0.010655s ]
INFO: [ app_begin ] --START--
INFO: Run Behavior\ReadHtmlCacheBehavior [ RunTime:0.009547s ]
INFO: [ app_begin ] --END-- [ RunTime:0.009634s ]

[ 2016-06-12T00:13:23+08:00 ] 127.0.0.1 /admin.php?c=login
INFO: [ app_init ] --START--
INFO: Run Behavior\BuildLiteBehavior [ RunTime:0.000016s ]
INFO: [ app_init ] --END-- [ RunTime:0.000362s ]
INFO: [ app_begin ] --START--
INFO: Run Behavior\ReadHtmlCacheBehavior [ RunTime:0.000543s ]
INFO: [ app_begin ] --END-- [ RunTime:0.000605s ]
INFO: [ view_parse ] --START--
INFO: [ template_filter ] --START--
INFO: Run Behavior\ContentReplaceBehavior [ RunTime:0.000091s ]
INFO: [ template_filter ] --END-- [ RunTime:0.000178s ]
INFO: Run Behavior\ParseTemplateBehavior [ RunTime:0.198440s ]
INFO: [ view_parse ] --END-- [ RunTime:0.198532s ]
INFO: [ view_filter ] --START--
INFO: Run Behavior\WriteHtmlCacheBehavior [ RunTime:0.006367s ]
INFO: [ view_filter ] --END-- [ RunTime:0.006442s ]
INFO: [ app_end ] --START--
INFO: Run Behavior\ShowPageTraceBehavior [ RunTime:0.017963s ]
INFO: [ app_end ] --END-- [ RunTime:0.018065s ]

[ 2016-06-12T00:13:59+08:00 ] 127.0.0.1 /admin.php?c=login&a=auth
INFO: [ app_init ] --START--
INFO: Run Behavior\BuildLiteBehavior [ RunTime:0.000041s ]
INFO: [ app_init ] --END-- [ RunTime:0.000789s ]
INFO: [ app_begin ] --START--
INFO: Run Behavior\ReadHtmlCacheBehavior [ RunTime:0.000713s ]
INFO: [ app_begin ] --END-- [ RunTime:0.000794s ]
SQL: SHOW COLUMNS FROM `admin` [ RunTime:0.0587s ]
SQL: SELECT * FROM `admin` WHERE ( username='admin' ) LIMIT 1   [ RunTime:0.0558s ]
INFO: [ view_parse ] --START--
INFO: [ template_filter ] --START--
INFO: Run Behavior\ContentReplaceBehavior [ RunTime:0.000051s ]
INFO: [ template_filter ] --END-- [ RunTime:0.000120s ]
INFO: Run Behavior\ParseTemplateBehavior [ RunTime:0.144490s ]
INFO: [ view_parse ] --END-- [ RunTime:0.144578s ]
INFO: [ view_filter ] --START--
INFO: Run Behavior\WriteHtmlCacheBehavior [ RunTime:0.000362s ]
INFO: [ view_filter ] --END-- [ RunTime:0.000412s ]
INFO: [ app_end ] --START--
INFO: Run Behavior\ShowPageTraceBehavior [ RunTime:0.000619s ]
INFO: [ app_end ] --END-- [ RunTime:0.000686s ]

[ 2016-06-12T00:14:00+08:00 ] 127.0.0.1 /admin.php
INFO: [ app_init ] --START--
INFO: Run Behavior\BuildLiteBehavior [ RunTime:0.000015s ]
INFO: [ app_init ] --END-- [ RunTime:0.000387s ]
INFO: [ app_begin ] --START--
INFO: Run Behavior\ReadHtmlCacheBehavior [ RunTime:0.000657s ]
INFO: [ app_begin ] --END-- [ RunTime:0.000741s ]
INFO: [ view_parse ] --START--
INFO: [ template_filter ] --START--
INFO: Run Behavior\ContentReplaceBehavior [ RunTime:0.000081s ]
INFO: [ template_filter ] --END-- [ RunTime:0.000192s ]
INFO: Run Behavior\ParseTemplateBehavior [ RunTime:0.121052s ]
INFO: [ view_parse ] --END-- [ RunTime:0.121254s ]
INFO: [ view_filter ] --START--
INFO: Run Behavior\WriteHtmlCacheBehavior [ RunTime:0.000413s ]
INFO: [ view_filter ] --END-- [ RunTime:0.000470s ]
INFO: [ app_end ] --START--
INFO: Run Behavior\ShowPageTraceBehavior [ RunTime:0.001126s ]
INFO: [ app_end ] --END-- [ RunTime:0.001275s ]

[ 2016-06-12T00:17:33+08:00 ] 127.0.0.1 /admin.php?c=pic&a=allPic
INFO: [ app_init ] --START--
INFO: Run Behavior\BuildLiteBehavior [ RunTime:0.000025s ]
INFO: [ app_init ] --END-- [ RunTime:0.000593s ]
INFO: [ app_begin ] --START--
INFO: Run Behavior\ReadHtmlCacheBehavior [ RunTime:0.000923s ]
INFO: [ app_begin ] --END-- [ RunTime:0.001026s ]
SQL: SHOW COLUMNS FROM `pic` [ RunTime:0.0574s ]
SQL: SELECT COUNT(*) AS tp_count FROM `pic` LIMIT 1   [ RunTime:0.0560s ]
SQL: SELECT * FROM `pic` ORDER BY publishTime DESC LIMIT 0,10   [ RunTime:0.0564s ]
INFO: [ app_end ] --START--
INFO: Run Behavior\ShowPageTraceBehavior [ RunTime:0.000704s ]
INFO: [ app_end ] --END-- [ RunTime:0.000764s ]

[ 2016-06-12T00:29:46+08:00 ] 127.0.0.1 /admin.php?c=article&a=allArticle&type=0&status=0
INFO: [ app_init ] --START--
INFO: Run Behavior\BuildLiteBehavior [ RunTime:0.000025s ]
INFO: [ app_init ] --END-- [ RunTime:0.000581s ]
INFO: [ app_begin ] --START--
INFO: Run Behavior\ReadHtmlCacheBehavior [ RunTime:0.000951s ]
INFO: [ app_begin ] --END-- [ RunTime:0.001090s ]
NOTIC: [8] Use of undefined constant status - assumed 'status' G:\CODE\kepuwang\Application\Home\Controller\ArticleController.class.php 第 56 行.
SQL: SHOW COLUMNS FROM `article` [ RunTime:0.0681s ]
SQL: SELECT COUNT(*) AS tp_count FROM `article` WHERE `status` = 0 LIMIT 1   [ RunTime:0.0662s ]
SQL: SELECT * FROM `article` WHERE `status` = 0 ORDER BY publishTime desc LIMIT 0,10   [ RunTime:0.0660s ]
INFO: [ app_end ] --START--
INFO: Run Behavior\ShowPageTraceBehavior [ RunTime:0.000678s ]
INFO: [ app_end ] --END-- [ RunTime:0.000737s ]

[ 2016-06-12T00:29:49+08:00 ] 127.0.0.1 /admin.php?c=article&a=allArticle&type=0&status=2
INFO: [ app_init ] --START--
INFO: Run Behavior\BuildLiteBehavior [ RunTime:0.000015s ]
INFO: [ app_init ] --END-- [ RunTime:0.000310s ]
INFO: [ app_begin ] --START--
INFO: Run Behavior\ReadHtmlCacheBehavior [ RunTime:0.000800s ]
INFO: [ app_begin ] --END-- [ RunTime:0.000889s ]
NOTIC: [8] Use of undefined constant status - assumed 'status' G:\CODE\kepuwang\Application\Home\Controller\ArticleController.class.php 第 56 行.
SQL: SHOW COLUMNS FROM `article` [ RunTime:0.0686s ]
SQL: SELECT COUNT(*) AS tp_count FROM `article` WHERE `status` = 2 LIMIT 1   [ RunTime:0.0660s ]
SQL: SELECT * FROM `article` WHERE `status` = 2 ORDER BY publishTime desc LIMIT 0,10   [ RunTime:0.1361s ]
INFO: [ app_end ] --START--
INFO: Run Behavior\ShowPageTraceBehavior [ RunTime:0.000923s ]
INFO: [ app_end ] --END-- [ RunTime:0.001050s ]

[ 2016-06-12T00:31:06+08:00 ] 127.0.0.1 /admin.php?c=article&a=allArticle&type=0&status=undefined&name=%E9%9C%8D%E9%87%91
INFO: [ app_init ] --START--
INFO: Run Behavior\BuildLiteBehavior [ RunTime:0.000016s ]
INFO: [ app_init ] --END-- [ RunTime:0.000402s ]
INFO: [ app_begin ] --START--
INFO: Run Behavior\ReadHtmlCacheBehavior [ RunTime:0.000851s ]
INFO: [ app_begin ] --END-- [ RunTime:0.000922s ]
NOTIC: [8] Use of undefined constant status - assumed 'status' G:\CODE\kepuwang\Application\Home\Controller\ArticleController.class.php 第 56 行.
SQL: SHOW COLUMNS FROM `article` [ RunTime:0.0688s ]
SQL: SELECT COUNT(*) AS tp_count FROM `article` WHERE `status` = 0 AND `title` LIKE '%霍金%' LIMIT 1   [ RunTime:0.0663s ]
SQL: SELECT * FROM `article` WHERE `status` = 0 AND `title` LIKE '%霍金%' ORDER BY publishTime desc LIMIT 0,10   [ RunTime:0.0667s ]
INFO: [ app_end ] --START--
INFO: Run Behavior\ShowPageTraceBehavior [ RunTime:0.000755s ]
INFO: [ app_end ] --END-- [ RunTime:0.000820s ]

[ 2016-06-12T00:31:12+08:00 ] 127.0.0.1 /admin.php?c=article&a=allArticle&type=0&status=9&name=%E9%9C%8D%E9%87%91
INFO: [ app_init ] --START--
INFO: Run Behavior\BuildLiteBehavior [ RunTime:0.000016s ]
INFO: [ app_init ] --END-- [ RunTime:0.000411s ]
INFO: [ app_begin ] --START--
INFO: Run Behavior\ReadHtmlCacheBehavior [ RunTime:0.000590s ]
INFO: [ app_begin ] --END-- [ RunTime:0.000671s ]
SQL: SHOW COLUMNS FROM `article` [ RunTime:0.0682s ]
SQL: SELECT COUNT(*) AS tp_count FROM `article` WHERE `title` LIKE '%霍金%' LIMIT 1   [ RunTime:0.0664s ]
SQL: SELECT * FROM `article` WHERE `title` LIKE '%霍金%' ORDER BY publishTime desc LIMIT 0,10   [ RunTime:0.1996s ]
INFO: [ app_end ] --START--
INFO: Run Behavior\ShowPageTraceBehavior [ RunTime:0.001148s ]
INFO: [ app_end ] --END-- [ RunTime:0.001282s ]

[ 2016-06-12T00:31:24+08:00 ] 127.0.0.1 /admin.php
INFO: [ app_init ] --START--
INFO: Run Behavior\BuildLiteBehavior [ RunTime:0.000024s ]
INFO: [ app_init ] --END-- [ RunTime:0.000571s ]
INFO: [ app_begin ] --START--
INFO: Run Behavior\ReadHtmlCacheBehavior [ RunTime:0.000598s ]
INFO: [ app_begin ] --END-- [ RunTime:0.000669s ]
INFO: [ view_parse ] --START--
INFO: [ template_filter ] --START--
INFO: Run Behavior\ContentReplaceBehavior [ RunTime:0.000082s ]
INFO: [ template_filter ] --END-- [ RunTime:0.000170s ]
INFO: Run Behavior\ParseTemplateBehavior [ RunTime:0.091943s ]
INFO: [ view_parse ] --END-- [ RunTime:0.092025s ]
INFO: [ view_filter ] --START--
INFO: Run Behavior\WriteHtmlCacheBehavior [ RunTime:0.000376s ]
INFO: [ view_filter ] --END-- [ RunTime:0.000439s ]
INFO: [ app_end ] --START--
INFO: Run Behavior\ShowPageTraceBehavior [ RunTime:0.001559s ]
INFO: [ app_end ] --END-- [ RunTime:0.001709s ]

[ 2016-06-12T00:31:25+08:00 ] 127.0.0.1 /admin.php?c=article&a=allArticle&type=0&status=2
INFO: [ app_init ] --START--
INFO: Run Behavior\BuildLiteBehavior [ RunTime:0.000031s ]
INFO: [ app_init ] --END-- [ RunTime:0.000651s ]
INFO: [ app_begin ] --START--
INFO: Run Behavior\ReadHtmlCacheBehavior [ RunTime:0.000703s ]
INFO: [ app_begin ] --END-- [ RunTime:0.000788s ]
NOTIC: [8] Use of undefined constant status - assumed 'status' G:\CODE\kepuwang\Application\Home\Controller\ArticleController.class.php 第 56 行.
SQL: SHOW COLUMNS FROM `article` [ RunTime:0.0673s ]
SQL: SELECT COUNT(*) AS tp_count FROM `article` WHERE `status` = 2 LIMIT 1   [ RunTime:0.0646s ]
SQL: SELECT * FROM `article` WHERE `status` = 2 ORDER BY publishTime desc LIMIT 0,10   [ RunTime:0.1974s ]
INFO: [ app_end ] --START--
INFO: Run Behavior\ShowPageTraceBehavior [ RunTime:0.001229s ]
INFO: [ app_end ] --END-- [ RunTime:0.001351s ]

[ 2016-06-12T00:31:45+08:00 ] 127.0.0.1 /admin.php?c=article&a=allArticle&type=0&status=1
INFO: [ app_init ] --START--
INFO: Run Behavior\BuildLiteBehavior [ RunTime:0.000016s ]
INFO: [ app_init ] --END-- [ RunTime:0.000413s ]
INFO: [ app_begin ] --START--
INFO: Run Behavior\ReadHtmlCacheBehavior [ RunTime:0.000576s ]
INFO: [ app_begin ] --END-- [ RunTime:0.000672s ]
NOTIC: [8] Use of undefined constant status - assumed 'status' G:\CODE\kepuwang\Application\Home\Controller\ArticleController.class.php 第 56 行.
SQL: SHOW COLUMNS FROM `article` [ RunTime:0.0616s ]
SQL: SELECT COUNT(*) AS tp_count FROM `article` WHERE `status` = 1 LIMIT 1   [ RunTime:0.0599s ]
SQL: SELECT * FROM `article` WHERE `status` = 1 ORDER BY publishTime desc LIMIT 0,10   [ RunTime:0.1810s ]
INFO: [ app_end ] --START--
INFO: Run Behavior\ShowPageTraceBehavior [ RunTime:0.001227s ]
INFO: [ app_end ] --END-- [ RunTime:0.001376s ]

[ 2016-06-12T00:31:52+08:00 ] 127.0.0.1 /admin.php?c=article&a=allArticle&type=0&status=2
INFO: [ app_init ] --START--
INFO: Run Behavior\BuildLiteBehavior [ RunTime:0.000043s ]
INFO: [ app_init ] --END-- [ RunTime:0.000394s ]
INFO: [ app_begin ] --START--
INFO: Run Behavior\ReadHtmlCacheBehavior [ RunTime:0.000616s ]
INFO: [ app_begin ] --END-- [ RunTime:0.000685s ]
NOTIC: [8] Use of undefined constant status - assumed 'status' G:\CODE\kepuwang\Application\Home\Controller\ArticleController.class.php 第 56 行.
SQL: SHOW COLUMNS FROM `article` [ RunTime:0.0694s ]
SQL: SELECT COUNT(*) AS tp_count FROM `article` WHERE `status` = 2 LIMIT 1   [ RunTime:0.0673s ]
SQL: SELECT * FROM `article` WHERE `status` = 2 ORDER BY publishTime desc LIMIT 0,10   [ RunTime:0.2043s ]
INFO: [ app_end ] --START--
INFO: Run Behavior\ShowPageTraceBehavior [ RunTime:0.001226s ]
INFO: [ app_end ] --END-- [ RunTime:0.001366s ]

[ 2016-06-12T00:31:57+08:00 ] 127.0.0.1 /admin.php?c=article&a=allArticle&type=1&status=1
INFO: [ app_init ] --START--
INFO: Run Behavior\BuildLiteBehavior [ RunTime:0.000029s ]
INFO: [ app_init ] --END-- [ RunTime:0.000393s ]
INFO: [ app_begin ] --START--
INFO: Run Behavior\ReadHtmlCacheBehavior [ RunTime:0.000598s ]
INFO: [ app_begin ] --END-- [ RunTime:0.000670s ]
NOTIC: [8] Use of undefined constant status - assumed 'status' G:\CODE\kepuwang\Application\Home\Controller\ArticleController.class.php 第 56 行.
SQL: SHOW COLUMNS FROM `article` [ RunTime:0.0682s ]
SQL: SELECT COUNT(*) AS tp_count FROM `article` WHERE `status` = 1 AND `type` = 1 LIMIT 1   [ RunTime:0.0661s ]
SQL: SELECT * FROM `article` WHERE `status` = 1 AND `type` = 1 ORDER BY publishTime desc LIMIT 0,10   [ RunTime:0.0661s ]
INFO: [ app_end ] --START--
INFO: Run Behavior\ShowPageTraceBehavior [ RunTime:0.000710s ]
INFO: [ app_end ] --END-- [ RunTime:0.000770s ]

[ 2016-06-12T00:31:58+08:00 ] 127.0.0.1 /admin.php?c=article&a=allArticle&type=0&status=2
INFO: [ app_init ] --START--
INFO: Run Behavior\BuildLiteBehavior [ RunTime:0.000016s ]
INFO: [ app_init ] --END-- [ RunTime:0.000381s ]
INFO: [ app_begin ] --START--
INFO: Run Behavior\ReadHtmlCacheBehavior [ RunTime:0.000793s ]
INFO: [ app_begin ] --END-- [ RunTime:0.001142s ]
NOTIC: [8] Use of undefined constant status - assumed 'status' G:\CODE\kepuwang\Application\Home\Controller\ArticleController.class.php 第 56 行.
SQL: SHOW COLUMNS FROM `article` [ RunTime:0.0573s ]
SQL: SELECT COUNT(*) AS tp_count FROM `article` WHERE `status` = 2 LIMIT 1   [ RunTime:0.0551s ]
SQL: SELECT * FROM `article` WHERE `status` = 2 ORDER BY publishTime desc LIMIT 0,10   [ RunTime:0.1694s ]
INFO: [ app_end ] --START--
INFO: Run Behavior\ShowPageTraceBehavior [ RunTime:0.001300s ]
INFO: [ app_end ] --END-- [ RunTime:0.001437s ]

[ 2016-06-12T00:31:59+08:00 ] 127.0.0.1 /admin.php?c=article&a=allArticle&type=0&status=0
INFO: [ app_init ] --START--
INFO: Run Behavior\BuildLiteBehavior [ RunTime:0.000015s ]
INFO: [ app_init ] --END-- [ RunTime:0.000379s ]
INFO: [ app_begin ] --START--
INFO: Run Behavior\ReadHtmlCacheBehavior [ RunTime:0.000545s ]
INFO: [ app_begin ] --END-- [ RunTime:0.000611s ]
NOTIC: [8] Use of undefined constant status - assumed 'status' G:\CODE\kepuwang\Application\Home\Controller\ArticleController.class.php 第 56 行.
SQL: SHOW COLUMNS FROM `article` [ RunTime:0.0682s ]
SQL: SELECT COUNT(*) AS tp_count FROM `article` WHERE `status` = 0 LIMIT 1   [ RunTime:0.0654s ]
SQL: SELECT * FROM `article` WHERE `status` = 0 ORDER BY publishTime desc LIMIT 0,10   [ RunTime:0.0655s ]
INFO: [ app_end ] --START--
INFO: Run Behavior\ShowPageTraceBehavior [ RunTime:0.000707s ]
INFO: [ app_end ] --END-- [ RunTime:0.000766s ]

[ 2016-06-12T00:32:08+08:00 ] 127.0.0.1 /admin.php?c=pic&a=allPic
INFO: [ app_init ] --START--
INFO: Run Behavior\BuildLiteBehavior [ RunTime:0.000015s ]
INFO: [ app_init ] --END-- [ RunTime:0.000386s ]
INFO: [ app_begin ] --START--
INFO: Run Behavior\ReadHtmlCacheBehavior [ RunTime:0.000581s ]
INFO: [ app_begin ] --END-- [ RunTime:0.000650s ]
SQL: SHOW COLUMNS FROM `pic` [ RunTime:0.0696s ]
SQL: SELECT COUNT(*) AS tp_count FROM `pic` LIMIT 1   [ RunTime:0.0675s ]
SQL: SELECT * FROM `pic` ORDER BY publishTime DESC LIMIT 0,10   [ RunTime:0.0687s ]
INFO: [ app_end ] --START--
INFO: Run Behavior\ShowPageTraceBehavior [ RunTime:0.000722s ]
INFO: [ app_end ] --END-- [ RunTime:0.000788s ]

[ 2016-06-12T00:32:10+08:00 ] 127.0.0.1 /admin.php?c=pic&a=allPic&type=2
INFO: [ app_init ] --START--
INFO: Run Behavior\BuildLiteBehavior [ RunTime:0.000016s ]
INFO: [ app_init ] --END-- [ RunTime:0.000385s ]
INFO: [ app_begin ] --START--
INFO: Run Behavior\ReadHtmlCacheBehavior [ RunTime:0.000540s ]
INFO: [ app_begin ] --END-- [ RunTime:0.000607s ]
SQL: SHOW COLUMNS FROM `pic` [ RunTime:0.0683s ]
SQL: SELECT COUNT(*) AS tp_count FROM `pic` WHERE `type` = 2 LIMIT 1   [ RunTime:0.0659s ]
SQL: SELECT * FROM `pic` WHERE `type` = 2 ORDER BY publishTime DESC LIMIT 0,10   [ RunTime:0.0661s ]
INFO: [ app_end ] --START--
INFO: Run Behavior\ShowPageTraceBehavior [ RunTime:0.000775s ]
INFO: [ app_end ] --END-- [ RunTime:0.000834s ]

[ 2016-06-12T00:32:12+08:00 ] 127.0.0.1 /admin.php?c=pic&a=allPic&type=3
INFO: [ app_init ] --START--
INFO: Run Behavior\BuildLiteBehavior [ RunTime:0.000016s ]
INFO: [ app_init ] --END-- [ RunTime:0.000390s ]
INFO: [ app_begin ] --START--
INFO: Run Behavior\ReadHtmlCacheBehavior [ RunTime:0.000686s ]
INFO: [ app_begin ] --END-- [ RunTime:0.000793s ]
SQL: SHOW COLUMNS FROM `pic` [ RunTime:0.0669s ]
SQL: SELECT COUNT(*) AS tp_count FROM `pic` WHERE `type` = 3 LIMIT 1   [ RunTime:0.0644s ]
SQL: SELECT * FROM `pic` WHERE `type` = 3 ORDER BY publishTime DESC LIMIT 0,10   [ RunTime:0.0658s ]
INFO: [ app_end ] --START--
INFO: Run Behavior\ShowPageTraceBehavior [ RunTime:0.000840s ]
INFO: [ app_end ] --END-- [ RunTime:0.000927s ]

[ 2016-06-12T00:32:13+08:00 ] 127.0.0.1 /admin.php?c=pic&a=allPic&status=2
INFO: [ app_init ] --START--
INFO: Run Behavior\BuildLiteBehavior [ RunTime:0.000016s ]
INFO: [ app_init ] --END-- [ RunTime:0.000412s ]
INFO: [ app_begin ] --START--
INFO: Run Behavior\ReadHtmlCacheBehavior [ RunTime:0.000642s ]
INFO: [ app_begin ] --END-- [ RunTime:0.000709s ]
SQL: SHOW COLUMNS FROM `pic` [ RunTime:0.0670s ]
SQL: SELECT COUNT(*) AS tp_count FROM `pic` WHERE `status` = 2 LIMIT 1   [ RunTime:0.0650s ]
SQL: SELECT * FROM `pic` WHERE `status` = 2 ORDER BY publishTime DESC LIMIT 0,10   [ RunTime:0.0655s ]
INFO: [ app_end ] --START--
INFO: Run Behavior\ShowPageTraceBehavior [ RunTime:0.000728s ]
INFO: [ app_end ] --END-- [ RunTime:0.000809s ]

[ 2016-06-12T00:32:19+08:00 ] 127.0.0.1 /admin.php?c=pic&a=allPic&status=0
INFO: [ app_init ] --START--
INFO: Run Behavior\BuildLiteBehavior [ RunTime:0.000015s ]
INFO: [ app_init ] --END-- [ RunTime:0.000358s ]
INFO: [ app_begin ] --START--
INFO: Run Behavior\ReadHtmlCacheBehavior [ RunTime:0.000584s ]
INFO: [ app_begin ] --END-- [ RunTime:0.000651s ]
SQL: SHOW COLUMNS FROM `pic` [ RunTime:0.0620s ]
SQL: SELECT COUNT(*) AS tp_count FROM `pic` WHERE `status` = 0 LIMIT 1   [ RunTime:0.0601s ]
SQL: SELECT * FROM `pic` WHERE `status` = 0 ORDER BY publishTime DESC LIMIT 0,10   [ RunTime:0.0600s ]
INFO: [ app_end ] --START--
INFO: Run Behavior\ShowPageTraceBehavior [ RunTime:0.000759s ]
INFO: [ app_end ] --END-- [ RunTime:0.000819s ]

[ 2016-06-12T01:12:50+08:00 ] 127.0.0.1 /admin.php?c=video&a=allVideo
INFO: [ app_init ] --START--
INFO: Run Behavior\BuildLiteBehavior [ RunTime:0.000034s ]
INFO: [ app_init ] --END-- [ RunTime:0.000447s ]
INFO: [ app_begin ] --START--
INFO: Run Behavior\ReadHtmlCacheBehavior [ RunTime:0.000659s ]
INFO: [ app_begin ] --END-- [ RunTime:0.000756s ]
SQL: SHOW COLUMNS FROM `video` [ RunTime:0.0697s ]
SQL: SELECT COUNT(*) AS tp_count FROM `video` LIMIT 1   [ RunTime:0.0658s ]
SQL: SELECT * FROM `video` ORDER BY publishTime DESC LIMIT 0,19   [ RunTime:0.1341s ]
INFO: [ app_end ] --START--
INFO: Run Behavior\ShowPageTraceBehavior [ RunTime:0.001271s ]
INFO: [ app_end ] --END-- [ RunTime:0.001390s ]

[ 2016-06-12T01:12:56+08:00 ] 127.0.0.1 /admin.php?c=video&a=allVideo&type=2
INFO: [ app_init ] --START--
INFO: Run Behavior\BuildLiteBehavior [ RunTime:0.000016s ]
INFO: [ app_init ] --END-- [ RunTime:0.000414s ]
INFO: [ app_begin ] --START--
INFO: Run Behavior\ReadHtmlCacheBehavior [ RunTime:0.000901s ]
INFO: [ app_begin ] --END-- [ RunTime:0.000981s ]
SQL: SHOW COLUMNS FROM `video` [ RunTime:0.0693s ]
SQL: SELECT COUNT(*) AS tp_count FROM `video` WHERE `type` = 2 LIMIT 1   [ RunTime:0.0670s ]
SQL: SELECT * FROM `video` WHERE `type` = 2 ORDER BY publishTime DESC LIMIT 0,19   [ RunTime:0.0678s ]
INFO: [ app_end ] --START--
INFO: Run Behavior\ShowPageTraceBehavior [ RunTime:0.000789s ]
INFO: [ app_end ] --END-- [ RunTime:0.000849s ]

[ 2016-06-12T01:16:53+08:00 ] 127.0.0.1 /admin.php?c=video&a=newVideo
INFO: [ app_init ] --START--
INFO: Run Behavior\BuildLiteBehavior [ RunTime:0.000016s ]
INFO: [ app_init ] --END-- [ RunTime:0.000404s ]
INFO: [ app_begin ] --START--
INFO: Run Behavior\ReadHtmlCacheBehavior [ RunTime:0.000534s ]
INFO: [ app_begin ] --END-- [ RunTime:0.000598s ]
NOTIC: [8] Use of undefined constant title - assumed 'title' G:\CODE\kepuwang\Application\Home\Controller\VideoController.class.php 第 11 行.
NOTIC: [8] Use of undefined constant thumbnail - assumed 'thumbnail' G:\CODE\kepuwang\Application\Home\Controller\VideoController.class.php 第 12 行.
NOTIC: [8] Use of undefined constant type - assumed 'type' G:\CODE\kepuwang\Application\Home\Controller\VideoController.class.php 第 13 行.
NOTIC: [8] Use of undefined constant videoCode - assumed 'videoCode' G:\CODE\kepuwang\Application\Home\Controller\VideoController.class.php 第 15 行.
NOTIC: [8] Use of undefined constant mainType - assumed 'mainType' G:\CODE\kepuwang\Application\Home\Controller\VideoController.class.php 第 16 行.
SQL: SHOW COLUMNS FROM `video` [ RunTime:0.0672s ]
SQL: INSERT INTO `video` (`title`,`thumbnail`,`type`,`abstract`,`videoCode`,`mainType`) VALUES ('NASA宣布发现第2个“地球”，外行星Kepler-452b','/Uploads/image/20160612/1465665383818077.png','3','NASA宣布发现第2个“地球”，外行星Kepler-452b','http://player.youku.com/player.php/Type/Folder/Fid/25942301/Ob/1/sid/XMTI5MjA5OTgzMg==/v.swf','1') [ RunTime:0.0644s ]
INFO: [ app_end ] --START--
INFO: Run Behavior\ShowPageTraceBehavior [ RunTime:0.000701s ]
INFO: [ app_end ] --END-- [ RunTime:0.000763s ]

[ 2016-06-12T01:16:54+08:00 ] 127.0.0.1 /admin.php?c=article&a=newContent&id=118&articleType=4
INFO: [ app_init ] --START--
INFO: Run Behavior\BuildLiteBehavior [ RunTime:0.000050s ]
INFO: [ app_init ] --END-- [ RunTime:0.000866s ]
INFO: [ app_begin ] --START--
INFO: Run Behavior\ReadHtmlCacheBehavior [ RunTime:0.001069s ]
INFO: [ app_begin ] --END-- [ RunTime:0.001227s ]
SQL: SHOW COLUMNS FROM `video` [ RunTime:0.0692s ]
NOTIC: [8] Use of undefined constant id - assumed 'id' G:\CODE\kepuwang\Application\Home\Controller\ArticleController.class.php 第 95 行.
SQL: SELECT `id`,`title`,`content` FROM `video` WHERE `id` = 118  [ RunTime:0.0664s ]
INFO: [ app_end ] --START--
INFO: Run Behavior\ShowPageTraceBehavior [ RunTime:0.000729s ]
INFO: [ app_end ] --END-- [ RunTime:0.000801s ]

[ 2016-06-12T01:17:16+08:00 ] 127.0.0.1 /admin.php?c=article&a=saveContent&articleType=4
INFO: [ app_init ] --START--
INFO: Run Behavior\BuildLiteBehavior [ RunTime:0.000016s ]
INFO: [ app_init ] --END-- [ RunTime:0.000408s ]
INFO: [ app_begin ] --START--
INFO: Run Behavior\ReadHtmlCacheBehavior [ RunTime:0.000589s ]
INFO: [ app_begin ] --END-- [ RunTime:0.000655s ]
NOTIC: [8] Use of undefined constant id - assumed 'id' G:\CODE\kepuwang\Application\Home\Controller\ArticleController.class.php 第 107 行.
NOTIC: [8] Use of undefined constant content - assumed 'content' G:\CODE\kepuwang\Application\Home\Controller\ArticleController.class.php 第 108 行.
SQL: SHOW COLUMNS FROM `video` [ RunTime:0.0683s ]
SQL: UPDATE `video` SET `content`='&lt;h4 style=&quot;margin: 10px 0px; padding: 0px; box-sizing: border-box; font-family: HelveticaNeue, &amp;quot;Helvetica Neue&amp;quot;, Helvetica, Arial, sans-serif; font-weight: 500; line-height: 1.1; color: rgb(51, 51, 51); font-size: 18px; white-space: normal; background-color: rgb(255, 255, 255);&quot;&gt;&lt;span class=&quot;ng-binding&quot; style=&quot;margin: 0px; padding: 0px; box-sizing: border-box; font-weight: 700;&quot;&gt;NASA宣布发现第2个“地球”，外行星Kepler-452b&lt;/span&gt;&lt;/h4&gt;&lt;p&gt;&lt;br/&gt;&lt;/p&gt;&lt;h4 style=&quot;margin: 10px 0px; padding: 0px; box-sizing: border-box; font-family: HelveticaNeue, &amp;quot;Helvetica Neue&amp;quot;, Helvetica, Arial, sans-serif; font-weight: 500; line-height: 1.1; color: rgb(51, 51, 51); font-size: 18px; white-space: normal; background-color: rgb(255, 255, 255);&quot;&gt;&lt;span class=&quot;ng-binding&quot; style=&quot;margin: 0px; padding: 0px; box-sizing: border-box; font-weight: 700;&quot;&gt;NASA宣布发现第2个“地球”，外行星Kepler-452b&lt;/span&gt;&lt;/h4&gt;&lt;p&gt;&lt;br/&gt;&lt;/p&gt;&lt;h4 style=&quot;margin: 10px 0px; padding: 0px; box-sizing: border-box; font-family: HelveticaNeue, &amp;quot;Helvetica Neue&amp;quot;, Helvetica, Arial, sans-serif; font-weight: 500; line-height: 1.1; color: rgb(51, 51, 51); font-size: 18px; white-space: normal; background-color: rgb(255, 255, 255);&quot;&gt;&lt;span class=&quot;ng-binding&quot; style=&quot;margin: 0px; padding: 0px; box-sizing: border-box; font-weight: 700;&quot;&gt;NASA宣布发现第2个“地球”，外行星Kepler-452b&lt;/span&gt;&lt;/h4&gt;&lt;p&gt;&lt;br/&gt;&lt;/p&gt;&lt;h4 style=&quot;margin: 10px 0px; padding: 0px; box-sizing: border-box; font-family: HelveticaNeue, &amp;quot;Helvetica Neue&amp;quot;, Helvetica, Arial, sans-serif; font-weight: 500; line-height: 1.1; color: rgb(51, 51, 51); font-size: 18px; white-space: normal; background-color: rgb(255, 255, 255);&quot;&gt;&lt;span class=&quot;ng-binding&quot; style=&quot;margin: 0px; padding: 0px; box-sizing: border-box; font-weight: 700;&quot;&gt;NASA宣布发现第2个“地球”，外行星Kepler-452b&lt;/span&gt;&lt;/h4&gt;&lt;p&gt;&lt;br/&gt;&lt;/p&gt;' WHERE `id` = 118 [ RunTime:0.0669s ]
INFO: [ app_end ] --START--
INFO: Run Behavior\ShowPageTraceBehavior [ RunTime:0.000812s ]
INFO: [ app_end ] --END-- [ RunTime:0.000890s ]

[ 2016-06-12T01:17:23+08:00 ] 127.0.0.1 /admin.php?c=video&a=allVideo&status=2
INFO: [ app_init ] --START--
INFO: Run Behavior\BuildLiteBehavior [ RunTime:0.000020s ]
INFO: [ app_init ] --END-- [ RunTime:0.001146s ]
INFO: [ app_begin ] --START--
INFO: Run Behavior\ReadHtmlCacheBehavior [ RunTime:0.000610s ]
INFO: [ app_begin ] --END-- [ RunTime:0.000675s ]
SQL: SHOW COLUMNS FROM `video` [ RunTime:0.0574s ]
SQL: SELECT COUNT(*) AS tp_count FROM `video` WHERE `status` = 2 LIMIT 1   [ RunTime:0.0549s ]
SQL: SELECT * FROM `video` WHERE `status` = 2 ORDER BY publishTime DESC LIMIT 0,19   [ RunTime:0.0555s ]
INFO: [ app_end ] --START--
INFO: Run Behavior\ShowPageTraceBehavior [ RunTime:0.000784s ]
INFO: [ app_end ] --END-- [ RunTime:0.000858s ]

[ 2016-06-12T01:17:36+08:00 ] 127.0.0.1 /admin.php?c=article&articleType=4&a=publish&id=118
INFO: [ app_init ] --START--
INFO: Run Behavior\BuildLiteBehavior [ RunTime:0.000020s ]
INFO: [ app_init ] --END-- [ RunTime:0.000479s ]
INFO: [ app_begin ] --START--
INFO: Run Behavior\ReadHtmlCacheBehavior [ RunTime:0.000572s ]
INFO: [ app_begin ] --END-- [ RunTime:0.000640s ]
SQL: SHOW COLUMNS FROM `video` [ RunTime:0.0667s ]
NOTIC: [8] Use of undefined constant status - assumed 'status' G:\CODE\kepuwang\Application\Home\Controller\ArticleController.class.php 第 192 行.
SQL: UPDATE `video` SET `status`='1' WHERE ( id=118 ) [ RunTime:0.0646s ]
INFO: [ app_end ] --START--
INFO: Run Behavior\ShowPageTraceBehavior [ RunTime:0.000698s ]
INFO: [ app_end ] --END-- [ RunTime:0.000768s ]

[ 2016-06-12T01:17:36+08:00 ] 127.0.0.1 /admin.php
INFO: [ app_init ] --START--
INFO: Run Behavior\BuildLiteBehavior [ RunTime:0.000028s ]
INFO: [ app_init ] --END-- [ RunTime:0.000830s ]
INFO: [ app_begin ] --START--
INFO: Run Behavior\ReadHtmlCacheBehavior [ RunTime:0.000874s ]
INFO: [ app_begin ] --END-- [ RunTime:0.001009s ]
INFO: [ view_parse ] --START--
INFO: [ template_filter ] --START--
INFO: Run Behavior\ContentReplaceBehavior [ RunTime:0.000069s ]
INFO: [ template_filter ] --END-- [ RunTime:0.000140s ]
INFO: Run Behavior\ParseTemplateBehavior [ RunTime:0.032117s ]
INFO: [ view_parse ] --END-- [ RunTime:0.032232s ]
INFO: [ view_filter ] --START--
INFO: Run Behavior\WriteHtmlCacheBehavior [ RunTime:0.000411s ]
INFO: [ view_filter ] --END-- [ RunTime:0.000468s ]
INFO: [ app_end ] --START--
INFO: Run Behavior\ShowPageTraceBehavior [ RunTime:0.001198s ]
INFO: [ app_end ] --END-- [ RunTime:0.001329s ]

[ 2016-06-12T01:17:37+08:00 ] 127.0.0.1 /admin.php?c=video&a=allVideo&status=2
INFO: [ app_init ] --START--
INFO: Run Behavior\BuildLiteBehavior [ RunTime:0.000032s ]
INFO: [ app_init ] --END-- [ RunTime:0.000683s ]
INFO: [ app_begin ] --START--
INFO: Run Behavior\ReadHtmlCacheBehavior [ RunTime:0.001137s ]
INFO: [ app_begin ] --END-- [ RunTime:0.001313s ]
SQL: SHOW COLUMNS FROM `video` [ RunTime:0.0696s ]
SQL: SELECT COUNT(*) AS tp_count FROM `video` WHERE `status` = 2 LIMIT 1   [ RunTime:0.0672s ]
SQL: SELECT * FROM `video` WHERE `status` = 2 ORDER BY publishTime DESC LIMIT 0,19   [ RunTime:0.0671s ]
INFO: [ app_end ] --START--
INFO: Run Behavior\ShowPageTraceBehavior [ RunTime:0.000727s ]
INFO: [ app_end ] --END-- [ RunTime:0.000786s ]

