[ 2016-06-20T14:35:08+08:00 ] 127.0.0.1 /admin.php?c=relation&a=allRelative&articleType=2&id=73
INFO: [ app_init ] --START--
INFO: Run Behavior\BuildLiteBehavior [ RunTime:0.000012s ]
INFO: [ app_init ] --END-- [ RunTime:0.000262s ]
INFO: [ app_begin ] --START--
INFO: Run Behavior\ReadHtmlCacheBehavior [ RunTime:0.000478s ]
INFO: [ app_begin ] --END-- [ RunTime:0.000526s ]
SQL: SHOW COLUMNS FROM `pic` [ RunTime:0.0574s ]
SQL: SHOW COLUMNS FROM `relation` [ RunTime:0.0571s ]
SQL: SELECT * FROM `relation` WHERE ( articleType=2 and aid=73 )  [ RunTime:0.0549s ]
SQL: SELECT * FROM `pic` WHERE ( id=71 ) LIMIT 1   [ RunTime:0.0561s ]
INFO: [ app_end ] --START--
INFO: Run Behavior\ShowPageTraceBehavior [ RunTime:0.002181s ]
INFO: [ app_end ] --END-- [ RunTime:0.002377s ]

[ 2016-06-20T14:35:13+08:00 ] 127.0.0.1 /admin.php?c=relation&a=allRelative&articleType=2&id=73
INFO: [ app_init ] --START--
INFO: Run Behavior\BuildLiteBehavior [ RunTime:0.000013s ]
INFO: [ app_init ] --END-- [ RunTime:0.000340s ]
INFO: [ app_begin ] --START--
INFO: Run Behavior\ReadHtmlCacheBehavior [ RunTime:0.000459s ]
INFO: [ app_begin ] --END-- [ RunTime:0.000508s ]
SQL: SHOW COLUMNS FROM `pic` [ RunTime:0.0699s ]
SQL: SHOW COLUMNS FROM `relation` [ RunTime:0.0693s ]
SQL: SELECT * FROM `relation` WHERE ( articleType=2 and aid=73 )  [ RunTime:0.0673s ]
SQL: SELECT * FROM `pic` WHERE ( id=71 ) LIMIT 1   [ RunTime:0.0678s ]
INFO: [ app_end ] --START--
INFO: Run Behavior\ShowPageTraceBehavior [ RunTime:0.002172s ]
INFO: [ app_end ] --END-- [ RunTime:0.002431s ]

[ 2016-06-20T14:38:28+08:00 ] 127.0.0.1 /admin.php
INFO: [ app_init ] --START--
INFO: Run Behavior\BuildLiteBehavior [ RunTime:0.000013s ]
INFO: [ app_init ] --END-- [ RunTime:0.000329s ]
INFO: [ app_begin ] --START--
INFO: Run Behavior\ReadHtmlCacheBehavior [ RunTime:0.000485s ]
INFO: [ app_begin ] --END-- [ RunTime:0.000533s ]

[ 2016-06-20T14:38:28+08:00 ] 127.0.0.1 /admin.php?c=login
INFO: [ app_init ] --START--
INFO: Run Behavior\BuildLiteBehavior [ RunTime:0.000011s ]
INFO: [ app_init ] --END-- [ RunTime:0.000265s ]
INFO: [ app_begin ] --START--
INFO: Run Behavior\ReadHtmlCacheBehavior [ RunTime:0.000339s ]
INFO: [ app_begin ] --END-- [ RunTime:0.000387s ]
INFO: [ view_parse ] --START--
INFO: [ template_filter ] --START--
INFO: Run Behavior\ContentReplaceBehavior [ RunTime:0.000041s ]
INFO: [ template_filter ] --END-- [ RunTime:0.000089s ]
INFO: Run Behavior\ParseTemplateBehavior [ RunTime:0.007619s ]
INFO: [ view_parse ] --END-- [ RunTime:0.007682s ]
INFO: [ view_filter ] --START--
INFO: Run Behavior\WriteHtmlCacheBehavior [ RunTime:0.000331s ]
INFO: [ view_filter ] --END-- [ RunTime:0.000372s ]
INFO: [ app_end ] --START--
INFO: Run Behavior\ShowPageTraceBehavior [ RunTime:0.000451s ]
INFO: [ app_end ] --END-- [ RunTime:0.000493s ]

[ 2016-06-20T14:38:35+08:00 ] 127.0.0.1 /admin.php?c=login&a=auth
INFO: [ app_init ] --START--
INFO: Run Behavior\BuildLiteBehavior [ RunTime:0.000012s ]
INFO: [ app_init ] --END-- [ RunTime:0.000320s ]
INFO: [ app_begin ] --START--
INFO: Run Behavior\ReadHtmlCacheBehavior [ RunTime:0.000499s ]
INFO: [ app_begin ] --END-- [ RunTime:0.000550s ]
SQL: SHOW COLUMNS FROM `admin` [ RunTime:0.0668s ]
SQL: SELECT * FROM `admin` WHERE ( username='admin' ) LIMIT 1   [ RunTime:0.0645s ]
INFO: [ view_parse ] --START--
INFO: [ template_filter ] --START--
INFO: Run Behavior\ContentReplaceBehavior [ RunTime:0.000100s ]
INFO: [ template_filter ] --END-- [ RunTime:0.000243s ]
INFO: Run Behavior\ParseTemplateBehavior [ RunTime:0.024188s ]
INFO: [ view_parse ] --END-- [ RunTime:0.024313s ]
INFO: [ view_filter ] --START--
INFO: Run Behavior\WriteHtmlCacheBehavior [ RunTime:0.000856s ]
INFO: [ view_filter ] --END-- [ RunTime:0.000967s ]

[ 2016-06-20T14:38:40+08:00 ] 127.0.0.1 /admin.php?c=login&a=auth
INFO: [ app_init ] --START--
INFO: Run Behavior\BuildLiteBehavior [ RunTime:0.000012s ]
INFO: [ app_init ] --END-- [ RunTime:0.000314s ]
INFO: [ app_begin ] --START--
INFO: Run Behavior\ReadHtmlCacheBehavior [ RunTime:0.000464s ]
INFO: [ app_begin ] --END-- [ RunTime:0.000513s ]
SQL: SHOW COLUMNS FROM `admin` [ RunTime:0.0573s ]
SQL: SELECT * FROM `admin` WHERE ( username='admin' ) LIMIT 1   [ RunTime:0.0553s ]
INFO: [ view_parse ] --START--
INFO: [ template_filter ] --START--
INFO: Run Behavior\ContentReplaceBehavior [ RunTime:0.000096s ]
INFO: [ template_filter ] --END-- [ RunTime:0.000220s ]
INFO: Run Behavior\ParseTemplateBehavior [ RunTime:0.013150s ]
INFO: [ view_parse ] --END-- [ RunTime:0.013321s ]
INFO: [ view_filter ] --START--
INFO: Run Behavior\WriteHtmlCacheBehavior [ RunTime:0.000863s ]
INFO: [ view_filter ] --END-- [ RunTime:0.000972s ]
INFO: [ app_end ] --START--
INFO: Run Behavior\ShowPageTraceBehavior [ RunTime:0.001356s ]
INFO: [ app_end ] --END-- [ RunTime:0.001504s ]

[ 2016-06-20T14:38:41+08:00 ] 127.0.0.1 /admin.php
INFO: [ app_init ] --START--
INFO: Run Behavior\BuildLiteBehavior [ RunTime:0.000028s ]
INFO: [ app_init ] --END-- [ RunTime:0.000659s ]
INFO: [ app_begin ] --START--
INFO: Run Behavior\ReadHtmlCacheBehavior [ RunTime:0.000891s ]
INFO: [ app_begin ] --END-- [ RunTime:0.001011s ]
INFO: [ view_parse ] --START--
INFO: [ template_filter ] --START--
INFO: Run Behavior\ContentReplaceBehavior [ RunTime:0.000076s ]
INFO: [ template_filter ] --END-- [ RunTime:0.000151s ]
INFO: Run Behavior\ParseTemplateBehavior [ RunTime:0.022913s ]
INFO: [ view_parse ] --END-- [ RunTime:0.023008s ]
INFO: [ view_filter ] --START--
INFO: Run Behavior\WriteHtmlCacheBehavior [ RunTime:0.000307s ]
INFO: [ view_filter ] --END-- [ RunTime:0.000364s ]
INFO: [ app_end ] --START--
INFO: Run Behavior\ShowPageTraceBehavior [ RunTime:0.000955s ]
INFO: [ app_end ] --END-- [ RunTime:0.001029s ]

[ 2016-06-20T14:38:50+08:00 ] 127.0.0.1 /admin.php?c=pic&a=allPic
INFO: [ app_init ] --START--
INFO: Run Behavior\BuildLiteBehavior [ RunTime:0.000012s ]
INFO: [ app_init ] --END-- [ RunTime:0.000279s ]
INFO: [ app_begin ] --START--
INFO: Run Behavior\ReadHtmlCacheBehavior [ RunTime:0.000351s ]
INFO: [ app_begin ] --END-- [ RunTime:0.000402s ]
SQL: SHOW COLUMNS FROM `pic` [ RunTime:0.0703s ]
SQL: SELECT COUNT(*) AS tp_count FROM `pic` LIMIT 1   [ RunTime:0.0676s ]
SQL: SELECT * FROM `pic` ORDER BY publishTime DESC LIMIT 0,10   [ RunTime:0.2020s ]
INFO: [ app_end ] --START--
INFO: Run Behavior\ShowPageTraceBehavior [ RunTime:0.001778s ]
INFO: [ app_end ] --END-- [ RunTime:0.001978s ]

[ 2016-06-20T14:38:54+08:00 ] 127.0.0.1 /admin.php?c=pic&a=picDetail&id=77
INFO: [ app_init ] --START--
INFO: Run Behavior\BuildLiteBehavior [ RunTime:0.000013s ]
INFO: [ app_init ] --END-- [ RunTime:0.000272s ]
INFO: [ app_begin ] --START--
INFO: Run Behavior\ReadHtmlCacheBehavior [ RunTime:0.000330s ]
INFO: [ app_begin ] --END-- [ RunTime:0.000375s ]
SQL: SHOW COLUMNS FROM `pic` [ RunTime:0.0698s ]
SQL: SELECT * FROM `pic` WHERE ( id = 77 ) LIMIT 1   [ RunTime:0.0676s ]
SQL: SHOW COLUMNS FROM `attachment` [ RunTime:0.0693s ]
SQL: SELECT * FROM `attachment` WHERE ( articleType=2 and articleId=77 )  [ RunTime:0.0670s ]
INFO: [ app_end ] --START--
INFO: Run Behavior\ShowPageTraceBehavior [ RunTime:0.000732s ]
INFO: [ app_end ] --END-- [ RunTime:0.000788s ]

[ 2016-06-20T14:40:12+08:00 ] 127.0.0.1 /admin.php
INFO: [ app_init ] --START--
INFO: Run Behavior\BuildLiteBehavior [ RunTime:0.000043s ]
INFO: [ app_init ] --END-- [ RunTime:0.000690s ]
INFO: [ app_begin ] --START--
INFO: Run Behavior\ReadHtmlCacheBehavior [ RunTime:0.000671s ]
INFO: [ app_begin ] --END-- [ RunTime:0.000763s ]
INFO: [ view_parse ] --START--
INFO: [ template_filter ] --START--
INFO: Run Behavior\ContentReplaceBehavior [ RunTime:0.000096s ]
INFO: [ template_filter ] --END-- [ RunTime:0.000182s ]
INFO: Run Behavior\ParseTemplateBehavior [ RunTime:0.022520s ]
INFO: [ view_parse ] --END-- [ RunTime:0.022608s ]
INFO: [ view_filter ] --START--
INFO: Run Behavior\WriteHtmlCacheBehavior [ RunTime:0.000308s ]
INFO: [ view_filter ] --END-- [ RunTime:0.000352s ]
INFO: [ app_end ] --START--
INFO: Run Behavior\ShowPageTraceBehavior [ RunTime:0.000838s ]
INFO: [ app_end ] --END-- [ RunTime:0.000984s ]

[ 2016-06-20T14:40:13+08:00 ] 127.0.0.1 /admin.php?c=pic&a=picDetail&id=77
INFO: [ app_init ] --START--
INFO: Run Behavior\BuildLiteBehavior [ RunTime:0.000013s ]
INFO: [ app_init ] --END-- [ RunTime:0.000284s ]
INFO: [ app_begin ] --START--
INFO: Run Behavior\ReadHtmlCacheBehavior [ RunTime:0.000361s ]
INFO: [ app_begin ] --END-- [ RunTime:0.000410s ]
SQL: SHOW COLUMNS FROM `pic` [ RunTime:0.0690s ]
SQL: SELECT * FROM `pic` WHERE ( id = 77 ) LIMIT 1   [ RunTime:0.0672s ]
SQL: SHOW COLUMNS FROM `attachment` [ RunTime:0.0687s ]
SQL: SELECT * FROM `attachment` WHERE ( articleType=2 and articleId=77 )  [ RunTime:0.0674s ]
INFO: [ app_end ] --START--
INFO: Run Behavior\ShowPageTraceBehavior [ RunTime:0.001561s ]
INFO: [ app_end ] --END-- [ RunTime:0.001693s ]

[ 2016-06-20T14:40:52+08:00 ] 127.0.0.1 /admin.php?c=pic&a=newPic
INFO: [ app_init ] --START--
INFO: Run Behavior\BuildLiteBehavior [ RunTime:0.000014s ]
INFO: [ app_init ] --END-- [ RunTime:0.000369s ]
INFO: [ app_begin ] --START--
INFO: Run Behavior\ReadHtmlCacheBehavior [ RunTime:0.000607s ]
INFO: [ app_begin ] --END-- [ RunTime:0.000657s ]
NOTIC: [8] Use of undefined constant title - assumed 'title' G:\code\kepuwang\Application\Home\Controller\PicController.class.php 第 13 行.
NOTIC: [8] Use of undefined constant thumbnail - assumed 'thumbnail' G:\code\kepuwang\Application\Home\Controller\PicController.class.php 第 14 行.
NOTIC: [8] Use of undefined constant img_src - assumed 'img_src' G:\code\kepuwang\Application\Home\Controller\PicController.class.php 第 15 行.
NOTIC: [8] Use of undefined constant type - assumed 'type' G:\code\kepuwang\Application\Home\Controller\PicController.class.php 第 16 行.
NOTIC: [8] Use of undefined constant mainType - assumed 'mainType' G:\code\kepuwang\Application\Home\Controller\PicController.class.php 第 18 行.
NOTIC: [8] Use of undefined constant mainContent - assumed 'mainContent' G:\code\kepuwang\Application\Home\Controller\PicController.class.php 第 19 行.
NOTIC: [8] Use of undefined constant publishTime - assumed 'publishTime' G:\code\kepuwang\Application\Home\Controller\PicController.class.php 第 20 行.
SQL: SHOW COLUMNS FROM `pic` [ RunTime:0.0625s ]
SQL: UPDATE `pic` SET `title`='墨西哥帽星系',`thumbnail`='/Uploads/image/20160620/1466398750445981.jpg',`img_src`='/Uploads/image/20160620/1466398740245711.jpg',`type`='3',`abstract`='这个星系可以说是宇宙中最庄严、最上相的一个星系，它看起来像一顶墨西哥帽子，因此得名墨西哥帽星系。这个星系拥有一个亮白色的核球，这个核球被周围的充满厚厚尘埃的旋臂包围着。',`mainType`='1',`mainContent`='&lt;p&gt;&lt;span style=&quot;font-size: 16px; font-family: 微软雅黑, &quot; microsoft=&quot;&quot;&gt;名称：M104&lt;/span&gt;&lt;/p&gt;&lt;p&gt;&lt;span style=&quot;font-size: 16px; font-family: 微软雅黑, &quot; microsoft=&quot;&quot;&gt;类型：漩涡星系&lt;/span&gt;&lt;/p&gt;&lt;p&gt;&lt;span style=&quot;font-size: 16px; font-family: 微软雅黑, &quot; microsoft=&quot;&quot;&gt;距离：3000万光年&lt;/span&gt;&lt;/p&gt;&lt;p&gt;&lt;span style=&quot;font-size: 16px; font-family: 微软雅黑, &quot; microsoft=&quot;&quot;&gt;隶属星座：室女座&lt;/span&gt;&lt;/p&gt;&lt;p&gt;&lt;br/&gt;&lt;/p&gt;',`publishTime`='1466404851' WHERE ( id=77 ) [ RunTime:0.0601s ]
SQL: SHOW COLUMNS FROM `attachment` [ RunTime:0.0614s ]
SQL: DELETE FROM `attachment` WHERE ( articleId=77 ) [ RunTime:0.0597s ]
NOTIC: [8] Use of undefined constant articleId - assumed 'articleId' G:\code\kepuwang\Application\Home\Controller\PicController.class.php 第 44 行.
NOTIC: [8] Use of undefined constant articleType - assumed 'articleType' G:\code\kepuwang\Application\Home\Controller\PicController.class.php 第 45 行.
NOTIC: [8] Use of undefined constant name - assumed 'name' G:\code\kepuwang\Application\Home\Controller\PicController.class.php 第 46 行.
NOTIC: [8] Use of undefined constant url - assumed 'url' G:\code\kepuwang\Application\Home\Controller\PicController.class.php 第 47 行.
SQL: INSERT INTO `attachment` (`articleId`,`articleType`,`name`,`url`) VALUES ('77','2','dgd','/attachment/file/20160620/1466404826107609.docx') [ RunTime:0.0593s ]
NOTIC: [8] Use of undefined constant articleId - assumed 'articleId' G:\code\kepuwang\Application\Home\Controller\PicController.class.php 第 44 行.
NOTIC: [8] Use of undefined constant articleType - assumed 'articleType' G:\code\kepuwang\Application\Home\Controller\PicController.class.php 第 45 行.
NOTIC: [8] Use of undefined constant name - assumed 'name' G:\code\kepuwang\Application\Home\Controller\PicController.class.php 第 46 行.
NOTIC: [8] Use of undefined constant url - assumed 'url' G:\code\kepuwang\Application\Home\Controller\PicController.class.php 第 47 行.
SQL: INSERT INTO `attachment` (`articleId`,`articleType`,`name`,`url`) VALUES ('77','2','gdd','/attachment/file/20160620/1466404847120372.zip') [ RunTime:0.0591s ]
INFO: [ app_end ] --START--
INFO: Run Behavior\ShowPageTraceBehavior [ RunTime:0.002292s ]
INFO: [ app_end ] --END-- [ RunTime:0.002425s ]

[ 2016-06-20T14:40:54+08:00 ] 127.0.0.1 /admin.php
INFO: [ app_init ] --START--
INFO: Run Behavior\BuildLiteBehavior [ RunTime:0.000012s ]
INFO: [ app_init ] --END-- [ RunTime:0.000308s ]
INFO: [ app_begin ] --START--
INFO: Run Behavior\ReadHtmlCacheBehavior [ RunTime:0.000607s ]
INFO: [ app_begin ] --END-- [ RunTime:0.000653s ]
INFO: [ view_parse ] --START--
INFO: [ template_filter ] --START--
INFO: Run Behavior\ContentReplaceBehavior [ RunTime:0.000085s ]
INFO: [ template_filter ] --END-- [ RunTime:0.000135s ]
INFO: Run Behavior\ParseTemplateBehavior [ RunTime:0.016793s ]
INFO: [ view_parse ] --END-- [ RunTime:0.016865s ]
INFO: [ view_filter ] --START--
INFO: Run Behavior\WriteHtmlCacheBehavior [ RunTime:0.000421s ]
INFO: [ view_filter ] --END-- [ RunTime:0.000459s ]
INFO: [ app_end ] --START--
INFO: Run Behavior\ShowPageTraceBehavior [ RunTime:0.000677s ]
INFO: [ app_end ] --END-- [ RunTime:0.000725s ]

[ 2016-06-20T14:40:55+08:00 ] 127.0.0.1 /admin.php?c=pic&a=picDetail&id=77
INFO: [ app_init ] --START--
INFO: Run Behavior\BuildLiteBehavior [ RunTime:0.000012s ]
INFO: [ app_init ] --END-- [ RunTime:0.000266s ]
INFO: [ app_begin ] --START--
INFO: Run Behavior\ReadHtmlCacheBehavior [ RunTime:0.000344s ]
INFO: [ app_begin ] --END-- [ RunTime:0.000389s ]
SQL: SHOW COLUMNS FROM `pic` [ RunTime:0.0686s ]
SQL: SELECT * FROM `pic` WHERE ( id = 77 ) LIMIT 1   [ RunTime:0.0671s ]
SQL: SHOW COLUMNS FROM `attachment` [ RunTime:0.0683s ]
SQL: SELECT * FROM `attachment` WHERE ( articleType=2 and articleId=77 )  [ RunTime:0.0669s ]
INFO: [ app_end ] --START--
INFO: Run Behavior\ShowPageTraceBehavior [ RunTime:0.001612s ]
INFO: [ app_end ] --END-- [ RunTime:0.001756s ]

[ 2016-06-20T14:42:04+08:00 ] 127.0.0.1 /admin.php
INFO: [ app_init ] --START--
INFO: Run Behavior\BuildLiteBehavior [ RunTime:0.000015s ]
INFO: [ app_init ] --END-- [ RunTime:0.000357s ]
INFO: [ app_begin ] --START--
INFO: Run Behavior\ReadHtmlCacheBehavior [ RunTime:0.000440s ]
INFO: [ app_begin ] --END-- [ RunTime:0.000501s ]
INFO: [ view_parse ] --START--
INFO: [ template_filter ] --START--
INFO: Run Behavior\ContentReplaceBehavior [ RunTime:0.000069s ]
INFO: [ template_filter ] --END-- [ RunTime:0.000140s ]
INFO: Run Behavior\ParseTemplateBehavior [ RunTime:0.022070s ]
INFO: [ view_parse ] --END-- [ RunTime:0.022151s ]
INFO: [ view_filter ] --START--
INFO: Run Behavior\WriteHtmlCacheBehavior [ RunTime:0.000416s ]
INFO: [ view_filter ] --END-- [ RunTime:0.000466s ]
INFO: [ app_end ] --START--
INFO: Run Behavior\ShowPageTraceBehavior [ RunTime:0.000493s ]
INFO: [ app_end ] --END-- [ RunTime:0.000553s ]

[ 2016-06-20T14:42:06+08:00 ] 127.0.0.1 /admin.php?c=pic&a=picDetail&id=77
INFO: [ app_init ] --START--
INFO: Run Behavior\BuildLiteBehavior [ RunTime:0.000013s ]
INFO: [ app_init ] --END-- [ RunTime:0.000290s ]
INFO: [ app_begin ] --START--
INFO: Run Behavior\ReadHtmlCacheBehavior [ RunTime:0.000380s ]
INFO: [ app_begin ] --END-- [ RunTime:0.000436s ]
SQL: SHOW COLUMNS FROM `pic` [ RunTime:0.0702s ]
SQL: SELECT * FROM `pic` WHERE ( id = 77 ) LIMIT 1   [ RunTime:0.0688s ]
SQL: SHOW COLUMNS FROM `attachment` [ RunTime:0.0697s ]
SQL: SELECT * FROM `attachment` WHERE ( articleType=2 and articleId=77 )  [ RunTime:0.0680s ]
INFO: [ app_end ] --START--
INFO: Run Behavior\ShowPageTraceBehavior [ RunTime:0.000715s ]
INFO: [ app_end ] --END-- [ RunTime:0.000760s ]

[ 2016-06-20T14:42:44+08:00 ] 127.0.0.1 /admin.php
INFO: [ app_init ] --START--
INFO: Run Behavior\BuildLiteBehavior [ RunTime:0.000021s ]
INFO: [ app_init ] --END-- [ RunTime:0.000500s ]
INFO: [ app_begin ] --START--
INFO: Run Behavior\ReadHtmlCacheBehavior [ RunTime:0.000823s ]
INFO: [ app_begin ] --END-- [ RunTime:0.000907s ]
INFO: [ view_parse ] --START--
INFO: [ template_filter ] --START--
INFO: Run Behavior\ContentReplaceBehavior [ RunTime:0.000089s ]
INFO: [ template_filter ] --END-- [ RunTime:0.000176s ]
INFO: Run Behavior\ParseTemplateBehavior [ RunTime:0.028088s ]
INFO: [ view_parse ] --END-- [ RunTime:0.028187s ]
INFO: [ view_filter ] --START--
INFO: Run Behavior\WriteHtmlCacheBehavior [ RunTime:0.000527s ]
INFO: [ view_filter ] --END-- [ RunTime:0.000606s ]
INFO: [ app_end ] --START--
INFO: Run Behavior\ShowPageTraceBehavior [ RunTime:0.001107s ]
INFO: [ app_end ] --END-- [ RunTime:0.001193s ]

[ 2016-06-20T14:42:45+08:00 ] 127.0.0.1 /admin.php?c=pic&a=picDetail&id=77
INFO: [ app_init ] --START--
INFO: Run Behavior\BuildLiteBehavior [ RunTime:0.000011s ]
INFO: [ app_init ] --END-- [ RunTime:0.000250s ]
INFO: [ app_begin ] --START--
INFO: Run Behavior\ReadHtmlCacheBehavior [ RunTime:0.000346s ]
INFO: [ app_begin ] --END-- [ RunTime:0.000389s ]
SQL: SHOW COLUMNS FROM `pic` [ RunTime:0.0713s ]
SQL: SELECT * FROM `pic` WHERE ( id = 77 ) LIMIT 1   [ RunTime:0.0673s ]
SQL: SHOW COLUMNS FROM `attachment` [ RunTime:0.0688s ]
SQL: SELECT * FROM `attachment` WHERE ( articleType=2 and articleId=77 )  [ RunTime:0.0669s ]
INFO: [ app_end ] --START--
INFO: Run Behavior\ShowPageTraceBehavior [ RunTime:0.000551s ]
INFO: [ app_end ] --END-- [ RunTime:0.000606s ]

[ 2016-06-20T14:42:52+08:00 ] 127.0.0.1 /admin.php?c=pic&a=newPic
INFO: [ app_init ] --START--
INFO: Run Behavior\BuildLiteBehavior [ RunTime:0.000012s ]
INFO: [ app_init ] --END-- [ RunTime:0.000296s ]
INFO: [ app_begin ] --START--
INFO: Run Behavior\ReadHtmlCacheBehavior [ RunTime:0.000342s ]
INFO: [ app_begin ] --END-- [ RunTime:0.000391s ]
NOTIC: [8] Use of undefined constant title - assumed 'title' G:\code\kepuwang\Application\Home\Controller\PicController.class.php 第 13 行.
NOTIC: [8] Use of undefined constant thumbnail - assumed 'thumbnail' G:\code\kepuwang\Application\Home\Controller\PicController.class.php 第 14 行.
NOTIC: [8] Use of undefined constant img_src - assumed 'img_src' G:\code\kepuwang\Application\Home\Controller\PicController.class.php 第 15 行.
NOTIC: [8] Use of undefined constant type - assumed 'type' G:\code\kepuwang\Application\Home\Controller\PicController.class.php 第 16 行.
NOTIC: [8] Use of undefined constant mainType - assumed 'mainType' G:\code\kepuwang\Application\Home\Controller\PicController.class.php 第 18 行.
NOTIC: [8] Use of undefined constant mainContent - assumed 'mainContent' G:\code\kepuwang\Application\Home\Controller\PicController.class.php 第 19 行.
NOTIC: [8] Use of undefined constant publishTime - assumed 'publishTime' G:\code\kepuwang\Application\Home\Controller\PicController.class.php 第 20 行.
SQL: SHOW COLUMNS FROM `pic` [ RunTime:0.0575s ]
SQL: UPDATE `pic` SET `title`='墨西哥帽星系',`thumbnail`='/Uploads/image/20160620/1466398750445981.jpg',`img_src`='/Uploads/image/20160620/1466398740245711.jpg',`type`='3',`abstract`='这个星系可以说是宇宙中最庄严、最上相的一个星系，它看起来像一顶墨西哥帽子，因此得名墨西哥帽星系。这个星系拥有一个亮白色的核球，这个核球被周围的充满厚厚尘埃的旋臂包围着。',`mainType`='1',`mainContent`='&lt;p&gt;&lt;span style=&quot;font-size: 16px; font-family: 微软雅黑, &quot; microsoft=&quot;&quot;&gt;名称：M104&lt;/span&gt;&lt;/p&gt;&lt;p&gt;&lt;span style=&quot;font-size: 16px; font-family: 微软雅黑, &quot; microsoft=&quot;&quot;&gt;类型：漩涡星系&lt;/span&gt;&lt;/p&gt;&lt;p&gt;&lt;span style=&quot;font-size: 16px; font-family: 微软雅黑, &quot; microsoft=&quot;&quot;&gt;距离：3000万光年&lt;/span&gt;&lt;/p&gt;&lt;p&gt;&lt;span style=&quot;font-size: 16px; font-family: 微软雅黑, &quot; microsoft=&quot;&quot;&gt;隶属星座：室女座&lt;/span&gt;&lt;/p&gt;&lt;p&gt;&lt;br/&gt;&lt;/p&gt;',`publishTime`='1466404972' WHERE ( id=77 ) [ RunTime:0.0555s ]
SQL: SHOW COLUMNS FROM `attachment` [ RunTime:0.0572s ]
SQL: DELETE FROM `attachment` WHERE ( articleId=77 ) [ RunTime:0.0550s ]
INFO: [ app_end ] --START--
INFO: Run Behavior\ShowPageTraceBehavior [ RunTime:0.001739s ]
INFO: [ app_end ] --END-- [ RunTime:0.001948s ]

[ 2016-06-20T14:42:56+08:00 ] 127.0.0.1 /admin.php
INFO: [ app_init ] --START--
INFO: Run Behavior\BuildLiteBehavior [ RunTime:0.000013s ]
INFO: [ app_init ] --END-- [ RunTime:0.000281s ]
INFO: [ app_begin ] --START--
INFO: Run Behavior\ReadHtmlCacheBehavior [ RunTime:0.000351s ]
INFO: [ app_begin ] --END-- [ RunTime:0.000400s ]
INFO: [ view_parse ] --START--
INFO: [ template_filter ] --START--
INFO: Run Behavior\ContentReplaceBehavior [ RunTime:0.000054s ]
INFO: [ template_filter ] --END-- [ RunTime:0.000101s ]
INFO: Run Behavior\ParseTemplateBehavior [ RunTime:0.016082s ]
INFO: [ view_parse ] --END-- [ RunTime:0.016146s ]
INFO: [ view_filter ] --START--
INFO: Run Behavior\WriteHtmlCacheBehavior [ RunTime:0.000213s ]
INFO: [ view_filter ] --END-- [ RunTime:0.000251s ]
INFO: [ app_end ] --START--
INFO: Run Behavior\ShowPageTraceBehavior [ RunTime:0.000374s ]
INFO: [ app_end ] --END-- [ RunTime:0.000420s ]

[ 2016-06-20T14:42:56+08:00 ] 127.0.0.1 /admin.php?c=pic&a=picDetail&id=77
INFO: [ app_init ] --START--
INFO: Run Behavior\BuildLiteBehavior [ RunTime:0.000022s ]
INFO: [ app_init ] --END-- [ RunTime:0.000449s ]
INFO: [ app_begin ] --START--
INFO: Run Behavior\ReadHtmlCacheBehavior [ RunTime:0.000865s ]
INFO: [ app_begin ] --END-- [ RunTime:0.000925s ]
SQL: SHOW COLUMNS FROM `pic` [ RunTime:0.0689s ]
SQL: SELECT * FROM `pic` WHERE ( id = 77 ) LIMIT 1   [ RunTime:0.0681s ]
SQL: SHOW COLUMNS FROM `attachment` [ RunTime:0.0690s ]
SQL: SELECT * FROM `attachment` WHERE ( articleType=2 and articleId=77 )  [ RunTime:0.0677s ]
INFO: [ app_end ] --START--
INFO: Run Behavior\ShowPageTraceBehavior [ RunTime:0.001745s ]
INFO: [ app_end ] --END-- [ RunTime:0.001907s ]

[ 2016-06-20T16:24:53+08:00 ] 127.0.0.1 /admin.php
INFO: [ app_init ] --START--
INFO: Run Behavior\BuildLiteBehavior [ RunTime:0.000024s ]
INFO: [ app_init ] --END-- [ RunTime:0.000681s ]
INFO: [ app_begin ] --START--
INFO: Run Behavior\ReadHtmlCacheBehavior [ RunTime:0.000694s ]
INFO: [ app_begin ] --END-- [ RunTime:0.000800s ]
INFO: [ view_parse ] --START--
INFO: [ template_filter ] --START--
INFO: Run Behavior\ContentReplaceBehavior [ RunTime:0.000077s ]
INFO: [ template_filter ] --END-- [ RunTime:0.000171s ]
INFO: Run Behavior\ParseTemplateBehavior [ RunTime:0.066416s ]
INFO: [ view_parse ] --END-- [ RunTime:0.066535s ]
INFO: [ view_filter ] --START--
INFO: Run Behavior\WriteHtmlCacheBehavior [ RunTime:0.000388s ]
INFO: [ view_filter ] --END-- [ RunTime:0.000462s ]
INFO: [ app_end ] --START--
INFO: Run Behavior\ShowPageTraceBehavior [ RunTime:0.001802s ]
INFO: [ app_end ] --END-- [ RunTime:0.001985s ]

[ 2016-06-20T16:25:16+08:00 ] 127.0.0.1 /admin.php?c=pic&a=allPic
INFO: [ app_init ] --START--
INFO: Run Behavior\BuildLiteBehavior [ RunTime:0.000036s ]
INFO: [ app_init ] --END-- [ RunTime:0.000629s ]
INFO: [ app_begin ] --START--
INFO: Run Behavior\ReadHtmlCacheBehavior [ RunTime:0.000837s ]
INFO: [ app_begin ] --END-- [ RunTime:0.000954s ]
SQL: SHOW COLUMNS FROM `pic` [ RunTime:0.0653s ]
SQL: SELECT COUNT(*) AS tp_count FROM `pic` LIMIT 1   [ RunTime:0.0624s ]
SQL: SELECT * FROM `pic` ORDER BY publishTime DESC LIMIT 0,10   [ RunTime:0.2800s ]
INFO: [ app_end ] --START--
INFO: Run Behavior\ShowPageTraceBehavior [ RunTime:0.000842s ]
INFO: [ app_end ] --END-- [ RunTime:0.000929s ]

[ 2016-06-20T16:25:32+08:00 ] 127.0.0.1 /admin.php?c=pic&a=picDetail&id=78
INFO: [ app_init ] --START--
INFO: Run Behavior\BuildLiteBehavior [ RunTime:0.000254s ]
INFO: [ app_init ] --END-- [ RunTime:0.000999s ]
INFO: [ app_begin ] --START--
INFO: Run Behavior\ReadHtmlCacheBehavior [ RunTime:0.000751s ]
INFO: [ app_begin ] --END-- [ RunTime:0.000883s ]
SQL: SHOW COLUMNS FROM `pic` [ RunTime:0.0654s ]
SQL: SELECT * FROM `pic` WHERE ( id = 78 ) LIMIT 1   [ RunTime:0.0636s ]
SQL: SHOW COLUMNS FROM `attachment` [ RunTime:0.0707s ]
SQL: SELECT * FROM `attachment` WHERE ( articleType=2 and articleId=78 )  [ RunTime:0.0639s ]
INFO: [ app_end ] --START--
INFO: Run Behavior\ShowPageTraceBehavior [ RunTime:0.000614s ]
INFO: [ app_end ] --END-- [ RunTime:0.000709s ]

[ 2016-06-20T16:25:49+08:00 ] 127.0.0.1 /admin.php
INFO: [ app_init ] --START--
INFO: Run Behavior\BuildLiteBehavior [ RunTime:0.000019s ]
INFO: [ app_init ] --END-- [ RunTime:0.000669s ]
INFO: [ app_begin ] --START--
INFO: Run Behavior\ReadHtmlCacheBehavior [ RunTime:0.000573s ]
INFO: [ app_begin ] --END-- [ RunTime:0.000644s ]
INFO: [ view_parse ] --START--
INFO: [ template_filter ] --START--
INFO: Run Behavior\ContentReplaceBehavior [ RunTime:0.000072s ]
INFO: [ template_filter ] --END-- [ RunTime:0.000138s ]
INFO: Run Behavior\ParseTemplateBehavior [ RunTime:0.027622s ]
INFO: [ view_parse ] --END-- [ RunTime:0.027735s ]
INFO: [ view_filter ] --START--
INFO: Run Behavior\WriteHtmlCacheBehavior [ RunTime:0.000314s ]
INFO: [ view_filter ] --END-- [ RunTime:0.000372s ]
INFO: [ app_end ] --START--
INFO: Run Behavior\ShowPageTraceBehavior [ RunTime:0.000925s ]
INFO: [ app_end ] --END-- [ RunTime:0.001063s ]

[ 2016-06-20T16:25:50+08:00 ] 127.0.0.1 /admin.php?c=pic&a=picDetail&id=78
INFO: [ app_init ] --START--
INFO: Run Behavior\BuildLiteBehavior [ RunTime:0.000018s ]
INFO: [ app_init ] --END-- [ RunTime:0.000377s ]
INFO: [ app_begin ] --START--
INFO: Run Behavior\ReadHtmlCacheBehavior [ RunTime:0.000483s ]
INFO: [ app_begin ] --END-- [ RunTime:0.000559s ]
SQL: SHOW COLUMNS FROM `pic` [ RunTime:0.0591s ]
SQL: SELECT * FROM `pic` WHERE ( id = 78 ) LIMIT 1   [ RunTime:0.0574s ]
SQL: SHOW COLUMNS FROM `attachment` [ RunTime:0.0528s ]
SQL: SELECT * FROM `attachment` WHERE ( articleType=2 and articleId=78 )  [ RunTime:0.0516s ]
INFO: [ app_end ] --START--
INFO: Run Behavior\ShowPageTraceBehavior [ RunTime:0.000575s ]
INFO: [ app_end ] --END-- [ RunTime:0.000641s ]

[ 2016-06-20T16:26:00+08:00 ] 127.0.0.1 /admin.php
INFO: [ app_init ] --START--
INFO: Run Behavior\BuildLiteBehavior [ RunTime:0.000018s ]
INFO: [ app_init ] --END-- [ RunTime:0.000379s ]
INFO: [ app_begin ] --START--
INFO: Run Behavior\ReadHtmlCacheBehavior [ RunTime:0.000483s ]
INFO: [ app_begin ] --END-- [ RunTime:0.000557s ]
INFO: [ view_parse ] --START--
INFO: [ template_filter ] --START--
INFO: Run Behavior\ContentReplaceBehavior [ RunTime:0.000084s ]
INFO: [ template_filter ] --END-- [ RunTime:0.000169s ]
INFO: Run Behavior\ParseTemplateBehavior [ RunTime:0.031485s ]
INFO: [ view_parse ] --END-- [ RunTime:0.031576s ]
INFO: [ view_filter ] --START--
INFO: Run Behavior\WriteHtmlCacheBehavior [ RunTime:0.000267s ]
INFO: [ view_filter ] --END-- [ RunTime:0.000322s ]
INFO: [ app_end ] --START--
INFO: Run Behavior\ShowPageTraceBehavior [ RunTime:0.000892s ]
INFO: [ app_end ] --END-- [ RunTime:0.001023s ]

[ 2016-06-20T16:26:01+08:00 ] 127.0.0.1 /admin.php?c=pic&a=picDetail&id=78
INFO: [ app_init ] --START--
INFO: Run Behavior\BuildLiteBehavior [ RunTime:0.000027s ]
INFO: [ app_init ] --END-- [ RunTime:0.000525s ]
INFO: [ app_begin ] --START--
INFO: Run Behavior\ReadHtmlCacheBehavior [ RunTime:0.000713s ]
INFO: [ app_begin ] --END-- [ RunTime:0.000828s ]
SQL: SHOW COLUMNS FROM `pic` [ RunTime:0.0587s ]
SQL: SELECT * FROM `pic` WHERE ( id = 78 ) LIMIT 1   [ RunTime:0.0546s ]
SQL: SHOW COLUMNS FROM `attachment` [ RunTime:0.0629s ]
SQL: SELECT * FROM `attachment` WHERE ( articleType=2 and articleId=78 )  [ RunTime:0.0514s ]
INFO: [ app_end ] --START--
INFO: Run Behavior\ShowPageTraceBehavior [ RunTime:0.000576s ]
INFO: [ app_end ] --END-- [ RunTime:0.000651s ]

[ 2016-06-20T16:26:07+08:00 ] 127.0.0.1 /admin.php?c=video&a=allVideo
INFO: [ app_init ] --START--
INFO: Run Behavior\BuildLiteBehavior [ RunTime:0.000020s ]
INFO: [ app_init ] --END-- [ RunTime:0.000424s ]
INFO: [ app_begin ] --START--
INFO: Run Behavior\ReadHtmlCacheBehavior [ RunTime:0.000585s ]
INFO: [ app_begin ] --END-- [ RunTime:0.000654s ]
SQL: SHOW COLUMNS FROM `video` [ RunTime:0.0693s ]
SQL: SELECT COUNT(*) AS tp_count FROM `video` LIMIT 1   [ RunTime:0.0752s ]
SQL: SELECT * FROM `video` ORDER BY publishTime DESC LIMIT 0,19   [ RunTime:0.2788s ]
INFO: [ app_end ] --START--
INFO: Run Behavior\ShowPageTraceBehavior [ RunTime:0.001003s ]
INFO: [ app_end ] --END-- [ RunTime:0.001155s ]

[ 2016-06-20T16:26:10+08:00 ] 127.0.0.1 /admin.php?c=relation&a=allRelative&articleType=4&id=152
INFO: [ app_init ] --START--
INFO: Run Behavior\BuildLiteBehavior [ RunTime:0.000032s ]
INFO: [ app_init ] --END-- [ RunTime:0.000749s ]
INFO: [ app_begin ] --START--
INFO: Run Behavior\ReadHtmlCacheBehavior [ RunTime:0.000977s ]
INFO: [ app_begin ] --END-- [ RunTime:0.001123s ]
SQL: SHOW COLUMNS FROM `video` [ RunTime:0.0584s ]
SQL: SHOW COLUMNS FROM `relation` [ RunTime:0.0588s ]
SQL: SELECT * FROM `relation` WHERE ( articleType=4 and aid=152 )  [ RunTime:0.0646s ]
SQL: SELECT * FROM `video` WHERE ( id=151 ) LIMIT 1   [ RunTime:0.0647s ]
SQL: SELECT * FROM `video` WHERE ( id=149 ) LIMIT 1   [ RunTime:0.0590s ]
SQL: SELECT * FROM `video` WHERE ( id=148 ) LIMIT 1   [ RunTime:0.0559s ]
SQL: SELECT * FROM `video` WHERE ( id=150 ) LIMIT 1   [ RunTime:0.0581s ]
INFO: [ app_end ] --START--
INFO: Run Behavior\ShowPageTraceBehavior [ RunTime:0.000629s ]
INFO: [ app_end ] --END-- [ RunTime:0.000691s ]

[ 2016-06-20T16:26:11+08:00 ] 127.0.0.1 /admin.php?c=video&a=videoDetail&id=152
INFO: [ app_init ] --START--
INFO: Run Behavior\BuildLiteBehavior [ RunTime:0.000027s ]
INFO: [ app_init ] --END-- [ RunTime:0.000646s ]
INFO: [ app_begin ] --START--
INFO: Run Behavior\ReadHtmlCacheBehavior [ RunTime:0.001075s ]
INFO: [ app_begin ] --END-- [ RunTime:0.001218s ]
SQL: SHOW COLUMNS FROM `video` [ RunTime:0.0648s ]
SQL: SELECT `id`,`mainType`,`thumbnail`,`title`,`abstract`,`type`,`videoCode` FROM `video` WHERE ( id = 152 )  [ RunTime:0.0628s ]
NOTIC: [8] Undefined index: videoCode G:\CODE\kepuwang\Application\Home\Controller\VideoController.class.php 第 78 行.
SQL: SHOW COLUMNS FROM `attachment` [ RunTime:0.0643s ]
SQL: SELECT * FROM `attachment` WHERE ( articleType=4 and articleId=152 )  [ RunTime:0.0628s ]
INFO: [ app_end ] --START--
INFO: Run Behavior\ShowPageTraceBehavior [ RunTime:0.000805s ]
INFO: [ app_end ] --END-- [ RunTime:0.000872s ]

[ 2016-06-20T16:26:18+08:00 ] 127.0.0.1 /admin.php?c=video&a=newVideo
INFO: [ app_init ] --START--
INFO: Run Behavior\BuildLiteBehavior [ RunTime:0.000017s ]
INFO: [ app_init ] --END-- [ RunTime:0.000408s ]
INFO: [ app_begin ] --START--
INFO: Run Behavior\ReadHtmlCacheBehavior [ RunTime:0.000605s ]
INFO: [ app_begin ] --END-- [ RunTime:0.000674s ]
NOTIC: [8] Use of undefined constant title - assumed 'title' G:\CODE\kepuwang\Application\Home\Controller\VideoController.class.php 第 11 行.
NOTIC: [8] Use of undefined constant thumbnail - assumed 'thumbnail' G:\CODE\kepuwang\Application\Home\Controller\VideoController.class.php 第 12 行.
NOTIC: [8] Use of undefined constant type - assumed 'type' G:\CODE\kepuwang\Application\Home\Controller\VideoController.class.php 第 13 行.
NOTIC: [8] Use of undefined constant videoCode - assumed 'videoCode' G:\CODE\kepuwang\Application\Home\Controller\VideoController.class.php 第 15 行.
NOTIC: [8] Use of undefined constant mainType - assumed 'mainType' G:\CODE\kepuwang\Application\Home\Controller\VideoController.class.php 第 16 行.
SQL: SHOW COLUMNS FROM `video` [ RunTime:0.0533s ]
SQL: UPDATE `video` SET `title`='嫦娥三号探月全过程3D模拟',`thumbnail`='/Uploads/image/20160619/1466341833463064.jpg',`type`='3',`abstract`='嫦娥三号探测器于2013年12月2日发射，并于当月14日在月球虹湾地区成功软着陆。',`videoCode`='http://player.youku.com/player.php/sid/XMTYxMzg0MjU1Mg==/v.swf',`mainType`='1' WHERE ( id=152 ) [ RunTime:0.0533s ]
SQL: SHOW COLUMNS FROM `attachment` [ RunTime:0.0535s ]
SQL: DELETE FROM `attachment` WHERE ( articleType=4 and  articleId=152 ) [ RunTime:0.0513s ]
NOTIC: [8] Use of undefined constant articleId - assumed 'articleId' G:\CODE\kepuwang\Application\Home\Controller\VideoController.class.php 第 39 行.
NOTIC: [8] Use of undefined constant articleType - assumed 'articleType' G:\CODE\kepuwang\Application\Home\Controller\VideoController.class.php 第 40 行.
NOTIC: [8] Use of undefined constant name - assumed 'name' G:\CODE\kepuwang\Application\Home\Controller\VideoController.class.php 第 41 行.
NOTIC: [8] Use of undefined constant url - assumed 'url' G:\CODE\kepuwang\Application\Home\Controller\VideoController.class.php 第 42 行.
INFO: [ app_end ] --START--
INFO: Run Behavior\ShowPageTraceBehavior [ RunTime:0.001024s ]
INFO: [ app_end ] --END-- [ RunTime:0.001135s ]

[ 2016-06-20T16:26:25+08:00 ] 127.0.0.1 /admin.php?c=pic&a=allPic
INFO: [ app_init ] --START--
INFO: Run Behavior\BuildLiteBehavior [ RunTime:0.000015s ]
INFO: [ app_init ] --END-- [ RunTime:0.000385s ]
INFO: [ app_begin ] --START--
INFO: Run Behavior\ReadHtmlCacheBehavior [ RunTime:0.000578s ]
INFO: [ app_begin ] --END-- [ RunTime:0.000643s ]
SQL: SHOW COLUMNS FROM `pic` [ RunTime:0.0592s ]
SQL: SELECT COUNT(*) AS tp_count FROM `pic` LIMIT 1   [ RunTime:0.0776s ]
SQL: SELECT * FROM `pic` ORDER BY publishTime DESC LIMIT 0,10   [ RunTime:0.2405s ]
INFO: [ app_end ] --START--
INFO: Run Behavior\ShowPageTraceBehavior [ RunTime:0.001117s ]
INFO: [ app_end ] --END-- [ RunTime:0.001240s ]

[ 2016-06-20T16:26:29+08:00 ] 127.0.0.1 /admin.php?c=pic&a=picDetail&id=80
INFO: [ app_init ] --START--
INFO: Run Behavior\BuildLiteBehavior [ RunTime:0.000038s ]
INFO: [ app_init ] --END-- [ RunTime:0.000945s ]
INFO: [ app_begin ] --START--
INFO: Run Behavior\ReadHtmlCacheBehavior [ RunTime:0.001202s ]
INFO: [ app_begin ] --END-- [ RunTime:0.001398s ]
SQL: SHOW COLUMNS FROM `pic` [ RunTime:0.0756s ]
SQL: SELECT * FROM `pic` WHERE ( id = 80 ) LIMIT 1   [ RunTime:0.0743s ]
SQL: SHOW COLUMNS FROM `attachment` [ RunTime:0.1072s ]
SQL: SELECT * FROM `attachment` WHERE ( articleType=2 and articleId=80 )  [ RunTime:0.0811s ]
INFO: [ app_end ] --START--
INFO: Run Behavior\ShowPageTraceBehavior [ RunTime:0.000598s ]
INFO: [ app_end ] --END-- [ RunTime:0.000666s ]

[ 2016-06-20T22:09:17+08:00 ] 127.0.0.1 /admin.php?c=relation&a=allRelative&articleType=1&id=undefined
INFO: [ app_init ] --START--
INFO: Run Behavior\BuildLiteBehavior [ RunTime:0.000031s ]
INFO: [ app_init ] --END-- [ RunTime:0.000600s ]
INFO: [ app_begin ] --START--
INFO: Run Behavior\ReadHtmlCacheBehavior [ RunTime:0.001625s ]
INFO: [ app_begin ] --END-- [ RunTime:0.001881s ]
SQL: SHOW COLUMNS FROM `article` [ RunTime:0.0833s ]
SQL: SHOW COLUMNS FROM `relation` [ RunTime:0.0832s ]
ERR: 1054:Unknown column 'undefined' in 'where clause'
 [ SQL语句 ] : SELECT * FROM `relation` WHERE ( articleType=1 and aid=undefined ) 
ERR: 1054:Unknown column 'undefined' in 'where clause'
 [ SQL语句 ] : SELECT * FROM `relation` WHERE ( articleType=1 and aid=undefined ) 

[ 2016-06-20T22:09:41+08:00 ] 127.0.0.1 /admin.php?c=relation&a=allRelative&articleType=1&id=undefined
INFO: [ app_init ] --START--
INFO: Run Behavior\BuildLiteBehavior [ RunTime:0.000034s ]
INFO: [ app_init ] --END-- [ RunTime:0.000666s ]
INFO: [ app_begin ] --START--
INFO: Run Behavior\ReadHtmlCacheBehavior [ RunTime:0.000928s ]
INFO: [ app_begin ] --END-- [ RunTime:0.001078s ]
SQL: SHOW COLUMNS FROM `article` [ RunTime:0.0806s ]
SQL: SHOW COLUMNS FROM `relation` [ RunTime:0.0802s ]
ERR: 1054:Unknown column 'undefined' in 'where clause'
 [ SQL语句 ] : SELECT * FROM `relation` WHERE ( articleType=1 and aid=undefined ) 
ERR: 1054:Unknown column 'undefined' in 'where clause'
 [ SQL语句 ] : SELECT * FROM `relation` WHERE ( articleType=1 and aid=undefined ) 

[ 2016-06-20T22:10:07+08:00 ] 127.0.0.1 /admin.php?c=relation&a=allRelative&articleType=1&id=undefined
INFO: [ app_init ] --START--
INFO: Run Behavior\BuildLiteBehavior [ RunTime:0.000030s ]
INFO: [ app_init ] --END-- [ RunTime:0.000548s ]
INFO: [ app_begin ] --START--
INFO: Run Behavior\ReadHtmlCacheBehavior [ RunTime:0.000742s ]
INFO: [ app_begin ] --END-- [ RunTime:0.000866s ]
SQL: SHOW COLUMNS FROM `article` [ RunTime:0.0881s ]
SQL: SHOW COLUMNS FROM `relation` [ RunTime:0.0888s ]
ERR: 1054:Unknown column 'undefined' in 'where clause'
 [ SQL语句 ] : SELECT * FROM `relation` WHERE ( articleType=1 and aid=undefined ) 
ERR: 1054:Unknown column 'undefined' in 'where clause'
 [ SQL语句 ] : SELECT * FROM `relation` WHERE ( articleType=1 and aid=undefined ) 

[ 2016-06-20T22:11:05+08:00 ] 127.0.0.1 /admin.php?c=relation&a=allRelative&articleType=1&id=undefined
INFO: [ app_init ] --START--
INFO: Run Behavior\BuildLiteBehavior [ RunTime:0.000030s ]
INFO: [ app_init ] --END-- [ RunTime:0.000785s ]
INFO: [ app_begin ] --START--
INFO: Run Behavior\ReadHtmlCacheBehavior [ RunTime:0.000930s ]
INFO: [ app_begin ] --END-- [ RunTime:0.001073s ]
SQL: SHOW COLUMNS FROM `article` [ RunTime:0.0843s ]
SQL: SHOW COLUMNS FROM `relation` [ RunTime:0.0839s ]
ERR: 1054:Unknown column 'undefined' in 'where clause'
 [ SQL语句 ] : SELECT * FROM `relation` WHERE ( articleType=1 and aid=undefined ) 
ERR: 1054:Unknown column 'undefined' in 'where clause'
 [ SQL语句 ] : SELECT * FROM `relation` WHERE ( articleType=1 and aid=undefined ) 

[ 2016-06-20T22:11:50+08:00 ] 127.0.0.1 /admin.php?c=relation&a=allRelative&articleType=1&id=undefined
INFO: [ app_init ] --START--
INFO: Run Behavior\BuildLiteBehavior [ RunTime:0.000025s ]
INFO: [ app_init ] --END-- [ RunTime:0.000576s ]
INFO: [ app_begin ] --START--
INFO: Run Behavior\ReadHtmlCacheBehavior [ RunTime:0.001015s ]
INFO: [ app_begin ] --END-- [ RunTime:0.001158s ]
SQL: SHOW COLUMNS FROM `article` [ RunTime:0.0839s ]
SQL: SHOW COLUMNS FROM `relation` [ RunTime:0.0833s ]
ERR: 1054:Unknown column 'undefined' in 'where clause'
 [ SQL语句 ] : SELECT * FROM `relation` WHERE ( articleType=1 and aid=undefined ) 
ERR: 1054:Unknown column 'undefined' in 'where clause'
 [ SQL语句 ] : SELECT * FROM `relation` WHERE ( articleType=1 and aid=undefined ) 

[ 2016-06-20T22:12:02+08:00 ] 127.0.0.1 /admin.php?c=relation&a=allRelative&articleType=1&id=undefined
INFO: [ app_init ] --START--
INFO: Run Behavior\BuildLiteBehavior [ RunTime:0.000030s ]
INFO: [ app_init ] --END-- [ RunTime:0.000569s ]
INFO: [ app_begin ] --START--
INFO: Run Behavior\ReadHtmlCacheBehavior [ RunTime:0.000778s ]
INFO: [ app_begin ] --END-- [ RunTime:0.000919s ]
SQL: SHOW COLUMNS FROM `article` [ RunTime:0.3711s ]
SQL: SHOW COLUMNS FROM `relation` [ RunTime:0.0838s ]
ERR: 1054:Unknown column 'undefined' in 'where clause'
 [ SQL语句 ] : SELECT * FROM `relation` WHERE ( articleType=1 and aid=undefined ) 
ERR: 1054:Unknown column 'undefined' in 'where clause'
 [ SQL语句 ] : SELECT * FROM `relation` WHERE ( articleType=1 and aid=undefined ) 

[ 2016-06-20T22:12:11+08:00 ] 127.0.0.1 /admin.php?c=relation&a=allRelative&articleType=1&id=undefined
INFO: [ app_init ] --START--
INFO: Run Behavior\BuildLiteBehavior [ RunTime:0.000025s ]
INFO: [ app_init ] --END-- [ RunTime:0.000526s ]
INFO: [ app_begin ] --START--
INFO: Run Behavior\ReadHtmlCacheBehavior [ RunTime:0.000791s ]
INFO: [ app_begin ] --END-- [ RunTime:0.000947s ]
SQL: SHOW COLUMNS FROM `article` [ RunTime:0.0818s ]
SQL: SHOW COLUMNS FROM `relation` [ RunTime:0.0828s ]
ERR: 1054:Unknown column 'undefined' in 'where clause'
 [ SQL语句 ] : SELECT * FROM `relation` WHERE ( articleType=1 and aid=undefined ) 
ERR: 1054:Unknown column 'undefined' in 'where clause'
 [ SQL语句 ] : SELECT * FROM `relation` WHERE ( articleType=1 and aid=undefined ) 

[ 2016-06-20T22:16:16+08:00 ] 127.0.0.1 /admin.php?c=relation&a=allRelative&articleType=1&id=undefined
INFO: [ app_init ] --START--
INFO: Run Behavior\BuildLiteBehavior [ RunTime:0.000033s ]
INFO: [ app_init ] --END-- [ RunTime:0.000597s ]
INFO: [ app_begin ] --START--
INFO: Run Behavior\ReadHtmlCacheBehavior [ RunTime:0.000519s ]
INFO: [ app_begin ] --END-- [ RunTime:0.000616s ]
SQL: SHOW COLUMNS FROM `article` [ RunTime:0.0570s ]
SQL: SHOW COLUMNS FROM `relation` [ RunTime:0.0577s ]
ERR: 1054:Unknown column 'undefined' in 'where clause'
 [ SQL语句 ] : SELECT * FROM `relation` WHERE ( articleType=1 and aid=undefined ) 
ERR: 1054:Unknown column 'undefined' in 'where clause'
 [ SQL语句 ] : SELECT * FROM `relation` WHERE ( articleType=1 and aid=undefined ) 

[ 2016-06-20T22:16:38+08:00 ] 127.0.0.1 /admin.php?c=relation&a=allRelative&articleType=1&id=undefined
INFO: [ app_init ] --START--
INFO: Run Behavior\BuildLiteBehavior [ RunTime:0.000029s ]
INFO: [ app_init ] --END-- [ RunTime:0.000573s ]
INFO: [ app_begin ] --START--
INFO: Run Behavior\ReadHtmlCacheBehavior [ RunTime:0.000798s ]
INFO: [ app_begin ] --END-- [ RunTime:0.000929s ]
SQL: SHOW COLUMNS FROM `article` [ RunTime:0.0621s ]
SQL: SHOW COLUMNS FROM `relation` [ RunTime:0.0617s ]
ERR: 1054:Unknown column 'undefined' in 'where clause'
 [ SQL语句 ] : SELECT * FROM `relation` WHERE ( articleType=1 and aid=undefined ) 
ERR: 1054:Unknown column 'undefined' in 'where clause'
 [ SQL语句 ] : SELECT * FROM `relation` WHERE ( articleType=1 and aid=undefined ) 

[ 2016-06-20T22:17:10+08:00 ] 127.0.0.1 /admin.php?c=relation&a=allRelative&articleType=1&id=undefined
INFO: [ app_init ] --START--
INFO: Run Behavior\BuildLiteBehavior [ RunTime:0.000031s ]
INFO: [ app_init ] --END-- [ RunTime:0.000699s ]
INFO: [ app_begin ] --START--
INFO: Run Behavior\ReadHtmlCacheBehavior [ RunTime:0.000841s ]
INFO: [ app_begin ] --END-- [ RunTime:0.000964s ]
SQL: SHOW COLUMNS FROM `article` [ RunTime:0.0832s ]
SQL: SHOW COLUMNS FROM `relation` [ RunTime:0.0826s ]
ERR: 1054:Unknown column 'undefined' in 'where clause'
 [ SQL语句 ] : SELECT * FROM `relation` WHERE ( articleType=1 and aid=undefined ) 
ERR: 1054:Unknown column 'undefined' in 'where clause'
 [ SQL语句 ] : SELECT * FROM `relation` WHERE ( articleType=1 and aid=undefined ) 

[ 2016-06-20T22:17:29+08:00 ] 127.0.0.1 /admin.php?c=relation&a=allRelative&articleType=1&id=undefined
INFO: [ app_init ] --START--
INFO: Run Behavior\BuildLiteBehavior [ RunTime:0.000031s ]
INFO: [ app_init ] --END-- [ RunTime:0.000549s ]
INFO: [ app_begin ] --START--
INFO: Run Behavior\ReadHtmlCacheBehavior [ RunTime:0.000845s ]
INFO: [ app_begin ] --END-- [ RunTime:0.001078s ]
SQL: SHOW COLUMNS FROM `article` [ RunTime:0.0830s ]
SQL: SHOW COLUMNS FROM `relation` [ RunTime:0.0826s ]
ERR: 1054:Unknown column 'undefined' in 'where clause'
 [ SQL语句 ] : SELECT * FROM `relation` WHERE ( articleType=1 and aid=undefined ) 
ERR: 1054:Unknown column 'undefined' in 'where clause'
 [ SQL语句 ] : SELECT * FROM `relation` WHERE ( articleType=1 and aid=undefined ) 

[ 2016-06-20T22:18:01+08:00 ] 127.0.0.1 /admin.php?c=relation&a=allRelative&articleType=1&id=undefined
INFO: [ app_init ] --START--
INFO: Run Behavior\BuildLiteBehavior [ RunTime:0.000026s ]
INFO: [ app_init ] --END-- [ RunTime:0.000541s ]
INFO: [ app_begin ] --START--
INFO: Run Behavior\ReadHtmlCacheBehavior [ RunTime:0.000744s ]
INFO: [ app_begin ] --END-- [ RunTime:0.000877s ]
SQL: SHOW COLUMNS FROM `article` [ RunTime:0.0808s ]
SQL: SHOW COLUMNS FROM `relation` [ RunTime:0.0815s ]
ERR: 1054:Unknown column 'undefined' in 'where clause'
 [ SQL语句 ] : SELECT * FROM `relation` WHERE ( articleType=1 and aid=undefined ) 
ERR: 1054:Unknown column 'undefined' in 'where clause'
 [ SQL语句 ] : SELECT * FROM `relation` WHERE ( articleType=1 and aid=undefined ) 

[ 2016-06-20T22:18:18+08:00 ] 127.0.0.1 /admin.php?c=relation&a=allRelative&articleType=1&id=undefined
INFO: [ app_init ] --START--
INFO: Run Behavior\BuildLiteBehavior [ RunTime:0.000032s ]
INFO: [ app_init ] --END-- [ RunTime:0.000670s ]
INFO: [ app_begin ] --START--
INFO: Run Behavior\ReadHtmlCacheBehavior [ RunTime:0.001019s ]
INFO: [ app_begin ] --END-- [ RunTime:0.001237s ]
SQL: SHOW COLUMNS FROM `article` [ RunTime:0.0835s ]
SQL: SHOW COLUMNS FROM `relation` [ RunTime:0.0843s ]
ERR: 1054:Unknown column 'undefined' in 'where clause'
 [ SQL语句 ] : SELECT * FROM `relation` WHERE ( articleType=1 and aid=undefined ) 
ERR: 1054:Unknown column 'undefined' in 'where clause'
 [ SQL语句 ] : SELECT * FROM `relation` WHERE ( articleType=1 and aid=undefined ) 

[ 2016-06-20T22:18:24+08:00 ] 127.0.0.1 /admin.php?c=relation&a=allRelative&articleType=1&id=undefined
INFO: [ app_init ] --START--
INFO: Run Behavior\BuildLiteBehavior [ RunTime:0.000035s ]
INFO: [ app_init ] --END-- [ RunTime:0.000611s ]
INFO: [ app_begin ] --START--
INFO: Run Behavior\ReadHtmlCacheBehavior [ RunTime:0.001471s ]
INFO: [ app_begin ] --END-- [ RunTime:0.001711s ]
SQL: SHOW COLUMNS FROM `article` [ RunTime:0.3738s ]
SQL: SHOW COLUMNS FROM `relation` [ RunTime:0.0822s ]
ERR: 1054:Unknown column 'undefined' in 'where clause'
 [ SQL语句 ] : SELECT * FROM `relation` WHERE ( articleType=1 and aid=undefined ) 
ERR: 1054:Unknown column 'undefined' in 'where clause'
 [ SQL语句 ] : SELECT * FROM `relation` WHERE ( articleType=1 and aid=undefined ) 

[ 2016-06-20T22:18:48+08:00 ] 127.0.0.1 /admin.php?c=relation&a=allRelative&articleType=1&id=undefined
INFO: [ app_init ] --START--
INFO: Run Behavior\BuildLiteBehavior [ RunTime:0.000028s ]
INFO: [ app_init ] --END-- [ RunTime:0.000589s ]
INFO: [ app_begin ] --START--
INFO: Run Behavior\ReadHtmlCacheBehavior [ RunTime:0.000990s ]
INFO: [ app_begin ] --END-- [ RunTime:0.001126s ]
SQL: SHOW COLUMNS FROM `article` [ RunTime:0.0884s ]
SQL: SHOW COLUMNS FROM `relation` [ RunTime:0.0893s ]
ERR: 1054:Unknown column 'undefined' in 'where clause'
 [ SQL语句 ] : SELECT * FROM `relation` WHERE ( articleType=1 and aid=undefined ) 
ERR: 1054:Unknown column 'undefined' in 'where clause'
 [ SQL语句 ] : SELECT * FROM `relation` WHERE ( articleType=1 and aid=undefined ) 

[ 2016-06-20T22:19:10+08:00 ] 127.0.0.1 /admin.php?c=relation&a=allRelative&articleType=1&id=undefined
INFO: [ app_init ] --START--
INFO: Run Behavior\BuildLiteBehavior [ RunTime:0.000036s ]
INFO: [ app_init ] --END-- [ RunTime:0.000643s ]
INFO: [ app_begin ] --START--
INFO: Run Behavior\ReadHtmlCacheBehavior [ RunTime:0.001280s ]
INFO: [ app_begin ] --END-- [ RunTime:0.001555s ]
SQL: SHOW COLUMNS FROM `article` [ RunTime:0.0826s ]
SQL: SHOW COLUMNS FROM `relation` [ RunTime:0.0829s ]
ERR: 1054:Unknown column 'undefined' in 'where clause'
 [ SQL语句 ] : SELECT * FROM `relation` WHERE ( articleType=1 and aid=undefined ) 
ERR: 1054:Unknown column 'undefined' in 'where clause'
 [ SQL语句 ] : SELECT * FROM `relation` WHERE ( articleType=1 and aid=undefined ) 

[ 2016-06-20T22:19:58+08:00 ] 127.0.0.1 /admin.php?c=relation&a=allRelative&articleType=1&id=undefined
INFO: [ app_init ] --START--
INFO: Run Behavior\BuildLiteBehavior [ RunTime:0.000029s ]
INFO: [ app_init ] --END-- [ RunTime:0.000564s ]
INFO: [ app_begin ] --START--
INFO: Run Behavior\ReadHtmlCacheBehavior [ RunTime:0.000741s ]
INFO: [ app_begin ] --END-- [ RunTime:0.000872s ]
SQL: SHOW COLUMNS FROM `article` [ RunTime:0.0843s ]
SQL: SHOW COLUMNS FROM `relation` [ RunTime:0.0832s ]
ERR: 1054:Unknown column 'undefined' in 'where clause'
 [ SQL语句 ] : SELECT * FROM `relation` WHERE ( articleType=1 and aid=undefined ) 
ERR: 1054:Unknown column 'undefined' in 'where clause'
 [ SQL语句 ] : SELECT * FROM `relation` WHERE ( articleType=1 and aid=undefined ) 

[ 2016-06-20T22:21:30+08:00 ] 127.0.0.1 /admin.php?c=relation&a=allRelative&articleType=1&id=undefined
INFO: [ app_init ] --START--
INFO: Run Behavior\BuildLiteBehavior [ RunTime:0.000030s ]
INFO: [ app_init ] --END-- [ RunTime:0.000568s ]
INFO: [ app_begin ] --START--
INFO: Run Behavior\ReadHtmlCacheBehavior [ RunTime:0.001036s ]
INFO: [ app_begin ] --END-- [ RunTime:0.001245s ]
SQL: SHOW COLUMNS FROM `article` [ RunTime:0.0908s ]
SQL: SHOW COLUMNS FROM `relation` [ RunTime:0.0928s ]
ERR: 1054:Unknown column 'undefined' in 'where clause'
 [ SQL语句 ] : SELECT * FROM `relation` WHERE ( articleType=1 and aid=undefined ) 
ERR: 1054:Unknown column 'undefined' in 'where clause'
 [ SQL语句 ] : SELECT * FROM `relation` WHERE ( articleType=1 and aid=undefined ) 

[ 2016-06-20T22:21:47+08:00 ] 127.0.0.1 /admin.php?c=relation&a=allRelative&articleType=1&id=undefined
INFO: [ app_init ] --START--
INFO: Run Behavior\BuildLiteBehavior [ RunTime:0.000025s ]
INFO: [ app_init ] --END-- [ RunTime:0.000499s ]
INFO: [ app_begin ] --START--
INFO: Run Behavior\ReadHtmlCacheBehavior [ RunTime:0.000745s ]
INFO: [ app_begin ] --END-- [ RunTime:0.000869s ]
SQL: SHOW COLUMNS FROM `article` [ RunTime:0.0958s ]
SQL: SHOW COLUMNS FROM `relation` [ RunTime:0.0893s ]
ERR: 1054:Unknown column 'undefined' in 'where clause'
 [ SQL语句 ] : SELECT * FROM `relation` WHERE ( articleType=1 and aid=undefined ) 
ERR: 1054:Unknown column 'undefined' in 'where clause'
 [ SQL语句 ] : SELECT * FROM `relation` WHERE ( articleType=1 and aid=undefined ) 

[ 2016-06-20T23:07:19+08:00 ] 127.0.0.1 /admin.php?c=relation&a=allRelative&articleType=1&id=undefined
INFO: [ app_init ] --START--
INFO: Run Behavior\BuildLiteBehavior [ RunTime:0.000034s ]
INFO: [ app_init ] --END-- [ RunTime:0.000696s ]
INFO: [ app_begin ] --START--
INFO: Run Behavior\ReadHtmlCacheBehavior [ RunTime:0.000962s ]
INFO: [ app_begin ] --END-- [ RunTime:0.001086s ]
SQL: SHOW COLUMNS FROM `article` [ RunTime:0.0837s ]
SQL: SHOW COLUMNS FROM `relation` [ RunTime:0.0820s ]
ERR: 1054:Unknown column 'undefined' in 'where clause'
 [ SQL语句 ] : SELECT * FROM `relation` WHERE ( articleType=1 and aid=undefined ) 
ERR: 1054:Unknown column 'undefined' in 'where clause'
 [ SQL语句 ] : SELECT * FROM `relation` WHERE ( articleType=1 and aid=undefined ) 

[ 2016-06-20T23:21:01+08:00 ] 127.0.0.1 /admin.php?c=relation&a=allRelative&articleType=2&id=84
INFO: [ app_init ] --START--
INFO: Run Behavior\BuildLiteBehavior [ RunTime:0.000030s ]
INFO: [ app_init ] --END-- [ RunTime:0.000642s ]
INFO: [ app_begin ] --START--
INFO: Run Behavior\ReadHtmlCacheBehavior [ RunTime:0.000885s ]
INFO: [ app_begin ] --END-- [ RunTime:0.001017s ]
SQL: SHOW COLUMNS FROM `pic` [ RunTime:0.0739s ]
SQL: SHOW COLUMNS FROM `relation` [ RunTime:0.0713s ]
SQL: SELECT * FROM `relation` WHERE ( articleType=2 and aid=84 )  [ RunTime:0.0693s ]
INFO: [ app_end ] --START--
INFO: Run Behavior\ShowPageTraceBehavior [ RunTime:0.000674s ]
INFO: [ app_end ] --END-- [ RunTime:0.000749s ]

[ 2016-06-20T23:21:23+08:00 ] 127.0.0.1 /admin.php?c=relation&a=allRelative&articleType=1&id=85
INFO: [ app_init ] --START--
INFO: Run Behavior\BuildLiteBehavior [ RunTime:0.000030s ]
INFO: [ app_init ] --END-- [ RunTime:0.000625s ]
INFO: [ app_begin ] --START--
INFO: Run Behavior\ReadHtmlCacheBehavior [ RunTime:0.001004s ]
INFO: [ app_begin ] --END-- [ RunTime:0.001146s ]
SQL: SHOW COLUMNS FROM `article` [ RunTime:0.0729s ]
SQL: SHOW COLUMNS FROM `relation` [ RunTime:0.0729s ]
SQL: SELECT * FROM `relation` WHERE ( articleType=1 and aid=85 )  [ RunTime:0.0708s ]
INFO: [ app_end ] --START--
INFO: Run Behavior\ShowPageTraceBehavior [ RunTime:0.000784s ]
INFO: [ app_end ] --END-- [ RunTime:0.000854s ]

