[ 2016-06-16T00:00:57+08:00 ] 127.0.0.1 /
INFO: [ app_init ] --START--
INFO: Run Behavior\BuildLiteBehavior [ RunTime:0.000016s ]
INFO: [ app_init ] --END-- [ RunTime:0.000354s ]
INFO: [ app_begin ] --START--
INFO: Run Behavior\ReadHtmlCacheBehavior [ RunTime:0.000618s ]
INFO: [ app_begin ] --END-- [ RunTime:0.000686s ]
INFO: [ view_parse ] --START--
INFO: [ template_filter ] --START--
INFO: Run Behavior\ContentReplaceBehavior [ RunTime:0.000050s ]
INFO: [ template_filter ] --END-- [ RunTime:0.000122s ]
INFO: Run Behavior\ParseTemplateBehavior [ RunTime:0.007135s ]
INFO: [ view_parse ] --END-- [ RunTime:0.007306s ]
INFO: [ view_filter ] --START--
INFO: Run Behavior\WriteHtmlCacheBehavior [ RunTime:0.000359s ]
INFO: [ view_filter ] --END-- [ RunTime:0.000411s ]
INFO: [ app_end ] --START--
INFO: Run Behavior\ShowPageTraceBehavior [ RunTime:0.000599s ]
INFO: [ app_end ] --END-- [ RunTime:0.000654s ]

[ 2016-06-16T00:00:58+08:00 ] 127.0.0.1 /public/js/jquery.min.map
INFO: [ app_init ] --START--
INFO: Run Behavior\BuildLiteBehavior [ RunTime:0.000027s ]
INFO: [ app_init ] --END-- [ RunTime:0.000605s ]
INFO: [ app_begin ] --START--
INFO: Run Behavior\ReadHtmlCacheBehavior [ RunTime:0.000661s ]
INFO: [ app_begin ] --END-- [ RunTime:0.000756s ]
ERR: 无法加载控制器:Public

[ 2016-06-16T00:00:58+08:00 ] 127.0.0.1 /public/js/angular-route.min.js.map
INFO: [ app_init ] --START--
INFO: Run Behavior\BuildLiteBehavior [ RunTime:0.000030s ]
INFO: [ app_init ] --END-- [ RunTime:0.000608s ]
INFO: [ app_begin ] --START--
INFO: Run Behavior\ReadHtmlCacheBehavior [ RunTime:0.001021s ]
INFO: [ app_begin ] --END-- [ RunTime:0.001131s ]
ERR: 无法加载控制器:Public

[ 2016-06-16T00:00:59+08:00 ] 127.0.0.1 /index.php?c=video&a=videoDetail&id=126
INFO: [ app_init ] --START--
INFO: Run Behavior\BuildLiteBehavior [ RunTime:0.000029s ]
INFO: [ app_init ] --END-- [ RunTime:0.000630s ]
INFO: [ app_begin ] --START--
INFO: Run Behavior\ReadHtmlCacheBehavior [ RunTime:0.001089s ]
INFO: [ app_begin ] --END-- [ RunTime:0.001218s ]
SQL: SHOW COLUMNS FROM `video` [ RunTime:0.0795s ]
SQL: SELECT `id`,`mainType`,`thumbnail`,`title`,`abstract`,`content`,`type`,`videoCode`,`publishTime` FROM `video` WHERE ( id = 126 )  [ RunTime:0.0784s ]
SQL: SHOW COLUMNS FROM `attachment` [ RunTime:0.0788s ]
SQL: SELECT * FROM `attachment` WHERE ( articleType=4 and articleId=126 )  [ RunTime:0.0766s ]
SQL: SELECT * FROM `video` WHERE ( status=1 ) ORDER BY publishTime desc LIMIT 0,5   [ RunTime:0.1555s ]
INFO: [ app_end ] --START--
INFO: Run Behavior\ShowPageTraceBehavior [ RunTime:0.001196s ]
INFO: [ app_end ] --END-- [ RunTime:0.001345s ]

[ 2016-06-16T00:00:59+08:00 ] 127.0.0.1 /Uploads/image/20160615/1465958691150353.jpg
INFO: [ app_init ] --START--
INFO: Run Behavior\BuildLiteBehavior [ RunTime:0.000034s ]
INFO: [ app_init ] --END-- [ RunTime:0.001642s ]

[ 2016-06-16T00:00:59+08:00 ] 127.0.0.1 /Uploads/image/20160615/1465960367123113.jpg
INFO: [ app_init ] --START--
INFO: Run Behavior\BuildLiteBehavior [ RunTime:0.000028s ]
INFO: [ app_init ] --END-- [ RunTime:0.000603s ]

[ 2016-06-16T00:00:59+08:00 ] 127.0.0.1 /Uploads/image/20160615/1465955276107230.jpg
INFO: [ app_init ] --START--
INFO: Run Behavior\BuildLiteBehavior [ RunTime:0.000030s ]
INFO: [ app_init ] --END-- [ RunTime:0.000614s ]

[ 2016-06-16T00:00:59+08:00 ] 127.0.0.1 /Uploads/image/20160615/1465958465803145.jpg
INFO: [ app_init ] --START--
INFO: Run Behavior\BuildLiteBehavior [ RunTime:0.000025s ]
INFO: [ app_init ] --END-- [ RunTime:0.000581s ]

[ 2016-06-16T00:00:59+08:00 ] 127.0.0.1 /Uploads/image/20160615/1465959026459794.jpg
INFO: [ app_init ] --START--
INFO: Run Behavior\BuildLiteBehavior [ RunTime:0.000031s ]
INFO: [ app_init ] --END-- [ RunTime:0.000905s ]

[ 2016-06-16T00:01:23+08:00 ] 127.0.0.1 /
INFO: [ app_init ] --START--
INFO: Run Behavior\BuildLiteBehavior [ RunTime:0.000016s ]
INFO: [ app_init ] --END-- [ RunTime:0.000316s ]
INFO: [ app_begin ] --START--
INFO: Run Behavior\ReadHtmlCacheBehavior [ RunTime:0.000494s ]
INFO: [ app_begin ] --END-- [ RunTime:0.000555s ]
INFO: [ view_parse ] --START--
INFO: [ template_filter ] --START--
INFO: Run Behavior\ContentReplaceBehavior [ RunTime:0.000045s ]
INFO: [ template_filter ] --END-- [ RunTime:0.000116s ]
INFO: Run Behavior\ParseTemplateBehavior [ RunTime:0.007095s ]
INFO: [ view_parse ] --END-- [ RunTime:0.007164s ]
INFO: [ view_filter ] --START--
INFO: Run Behavior\WriteHtmlCacheBehavior [ RunTime:0.000278s ]
INFO: [ view_filter ] --END-- [ RunTime:0.000328s ]
INFO: [ app_end ] --START--
INFO: Run Behavior\ShowPageTraceBehavior [ RunTime:0.000569s ]
INFO: [ app_end ] --END-- [ RunTime:0.000625s ]

[ 2016-06-16T00:01:23+08:00 ] 127.0.0.1 /public/js/jquery.min.map
INFO: [ app_init ] --START--
INFO: Run Behavior\BuildLiteBehavior [ RunTime:0.000019s ]
INFO: [ app_init ] --END-- [ RunTime:0.000417s ]
INFO: [ app_begin ] --START--
INFO: Run Behavior\ReadHtmlCacheBehavior [ RunTime:0.000676s ]
INFO: [ app_begin ] --END-- [ RunTime:0.000755s ]
ERR: 无法加载控制器:Public

[ 2016-06-16T00:01:23+08:00 ] 127.0.0.1 /public/js/angular-route.min.js.map
INFO: [ app_init ] --START--
INFO: Run Behavior\BuildLiteBehavior [ RunTime:0.000020s ]
INFO: [ app_init ] --END-- [ RunTime:0.000447s ]
INFO: [ app_begin ] --START--
INFO: Run Behavior\ReadHtmlCacheBehavior [ RunTime:0.000653s ]
INFO: [ app_begin ] --END-- [ RunTime:0.000730s ]
ERR: 无法加载控制器:Public

[ 2016-06-16T00:01:24+08:00 ] 127.0.0.1 /index.php?c=video&a=videoDetail&id=126
INFO: [ app_init ] --START--
INFO: Run Behavior\BuildLiteBehavior [ RunTime:0.000037s ]
INFO: [ app_init ] --END-- [ RunTime:0.000877s ]
INFO: [ app_begin ] --START--
INFO: Run Behavior\ReadHtmlCacheBehavior [ RunTime:0.001125s ]
INFO: [ app_begin ] --END-- [ RunTime:0.001380s ]
SQL: SHOW COLUMNS FROM `video` [ RunTime:0.0822s ]
SQL: SELECT `id`,`mainType`,`thumbnail`,`title`,`abstract`,`content`,`type`,`videoCode`,`publishTime` FROM `video` WHERE ( id = 126 )  [ RunTime:0.0776s ]
SQL: SHOW COLUMNS FROM `attachment` [ RunTime:0.0795s ]
SQL: SELECT * FROM `attachment` WHERE ( articleType=4 and articleId=126 )  [ RunTime:0.0771s ]
SQL: SELECT * FROM `video` WHERE ( status=1 ) ORDER BY publishTime desc LIMIT 0,5   [ RunTime:0.1570s ]
INFO: [ app_end ] --START--
INFO: Run Behavior\ShowPageTraceBehavior [ RunTime:0.001300s ]
INFO: [ app_end ] --END-- [ RunTime:0.001456s ]

[ 2016-06-16T00:01:24+08:00 ] 127.0.0.1 /Uploads/image/20160615/1465959026459794.jpg
INFO: [ app_init ] --START--
INFO: Run Behavior\BuildLiteBehavior [ RunTime:0.000034s ]
INFO: [ app_init ] --END-- [ RunTime:0.001409s ]

[ 2016-06-16T00:01:24+08:00 ] 127.0.0.1 /Uploads/image/20160615/1465958691150353.jpg
INFO: [ app_init ] --START--
INFO: Run Behavior\BuildLiteBehavior [ RunTime:0.000029s ]
INFO: [ app_init ] --END-- [ RunTime:0.000625s ]

[ 2016-06-16T00:01:24+08:00 ] 127.0.0.1 /Uploads/image/20160615/1465955276107230.jpg
INFO: [ app_init ] --START--
INFO: Run Behavior\BuildLiteBehavior [ RunTime:0.000026s ]
INFO: [ app_init ] --END-- [ RunTime:0.000520s ]

[ 2016-06-16T00:01:24+08:00 ] 127.0.0.1 /Uploads/image/20160615/1465960367123113.jpg
INFO: [ app_init ] --START--
INFO: Run Behavior\BuildLiteBehavior [ RunTime:0.000033s ]
INFO: [ app_init ] --END-- [ RunTime:0.000750s ]

[ 2016-06-16T00:01:24+08:00 ] 127.0.0.1 /Uploads/image/20160615/1465958465803145.jpg
INFO: [ app_init ] --START--
INFO: Run Behavior\BuildLiteBehavior [ RunTime:0.000031s ]
INFO: [ app_init ] --END-- [ RunTime:0.000755s ]

[ 2016-06-16T00:16:30+08:00 ] 127.0.0.1 /
INFO: [ app_init ] --START--
INFO: Run Behavior\BuildLiteBehavior [ RunTime:0.000016s ]
INFO: [ app_init ] --END-- [ RunTime:0.000379s ]
INFO: [ app_begin ] --START--
INFO: Run Behavior\ReadHtmlCacheBehavior [ RunTime:0.000642s ]
INFO: [ app_begin ] --END-- [ RunTime:0.000705s ]
INFO: [ view_parse ] --START--
INFO: [ template_filter ] --START--
INFO: Run Behavior\ContentReplaceBehavior [ RunTime:0.000046s ]
INFO: [ template_filter ] --END-- [ RunTime:0.000116s ]
INFO: Run Behavior\ParseTemplateBehavior [ RunTime:0.006841s ]
INFO: [ view_parse ] --END-- [ RunTime:0.006933s ]
INFO: [ view_filter ] --START--
INFO: Run Behavior\WriteHtmlCacheBehavior [ RunTime:0.000373s ]
INFO: [ view_filter ] --END-- [ RunTime:0.000436s ]
INFO: [ app_end ] --START--
INFO: Run Behavior\ShowPageTraceBehavior [ RunTime:0.000561s ]
INFO: [ app_end ] --END-- [ RunTime:0.000618s ]

[ 2016-06-16T00:16:31+08:00 ] 127.0.0.1 /index.php?c=video&a=videoDetail&id=126
INFO: [ app_init ] --START--
INFO: Run Behavior\BuildLiteBehavior [ RunTime:0.000019s ]
INFO: [ app_init ] --END-- [ RunTime:0.000413s ]
INFO: [ app_begin ] --START--
INFO: Run Behavior\ReadHtmlCacheBehavior [ RunTime:0.000628s ]
INFO: [ app_begin ] --END-- [ RunTime:0.000702s ]
SQL: SHOW COLUMNS FROM `video` [ RunTime:0.0703s ]
SQL: SELECT `id`,`mainType`,`thumbnail`,`title`,`abstract`,`content`,`type`,`videoCode`,`publishTime` FROM `video` WHERE ( id = 126 )  [ RunTime:0.0687s ]
SQL: SHOW COLUMNS FROM `attachment` [ RunTime:0.0695s ]
SQL: SELECT * FROM `attachment` WHERE ( articleType=4 and articleId=126 )  [ RunTime:0.0716s ]
SQL: SELECT * FROM `video` WHERE ( status=1 ) ORDER BY publishTime desc LIMIT 0,5   [ RunTime:0.1387s ]
INFO: [ app_end ] --START--
INFO: Run Behavior\ShowPageTraceBehavior [ RunTime:0.001026s ]
INFO: [ app_end ] --END-- [ RunTime:0.001117s ]

[ 2016-06-16T00:16:31+08:00 ] 127.0.0.1 /Uploads/image/20160615/1465958465803145.jpg
INFO: [ app_init ] --START--
INFO: Run Behavior\BuildLiteBehavior [ RunTime:0.000025s ]
INFO: [ app_init ] --END-- [ RunTime:0.001060s ]

[ 2016-06-16T00:16:31+08:00 ] 127.0.0.1 /Uploads/image/20160615/1465960367123113.jpg
INFO: [ app_init ] --START--
INFO: Run Behavior\BuildLiteBehavior [ RunTime:0.000027s ]
INFO: [ app_init ] --END-- [ RunTime:0.000873s ]

[ 2016-06-16T00:16:31+08:00 ] 127.0.0.1 /Uploads/image/20160615/1465958691150353.jpg
INFO: [ app_init ] --START--
INFO: Run Behavior\BuildLiteBehavior [ RunTime:0.000025s ]
INFO: [ app_init ] --END-- [ RunTime:0.000573s ]

[ 2016-06-16T00:16:31+08:00 ] 127.0.0.1 /Uploads/image/20160615/1465959026459794.jpg
INFO: [ app_init ] --START--
INFO: Run Behavior\BuildLiteBehavior [ RunTime:0.000080s ]
INFO: [ app_init ] --END-- [ RunTime:0.000965s ]

[ 2016-06-16T00:16:31+08:00 ] 127.0.0.1 /Uploads/image/20160615/1465955276107230.jpg
INFO: [ app_init ] --START--
INFO: Run Behavior\BuildLiteBehavior [ RunTime:0.000046s ]
INFO: [ app_init ] --END-- [ RunTime:0.001440s ]

[ 2016-06-16T00:17:12+08:00 ] 127.0.0.1 /
INFO: [ app_init ] --START--
INFO: Run Behavior\BuildLiteBehavior [ RunTime:0.000015s ]
INFO: [ app_init ] --END-- [ RunTime:0.000393s ]
INFO: [ app_begin ] --START--
INFO: Run Behavior\ReadHtmlCacheBehavior [ RunTime:0.000617s ]
INFO: [ app_begin ] --END-- [ RunTime:0.000688s ]
INFO: [ view_parse ] --START--
INFO: [ template_filter ] --START--
INFO: Run Behavior\ContentReplaceBehavior [ RunTime:0.000045s ]
INFO: [ template_filter ] --END-- [ RunTime:0.000112s ]
INFO: Run Behavior\ParseTemplateBehavior [ RunTime:0.006049s ]
INFO: [ view_parse ] --END-- [ RunTime:0.006131s ]
INFO: [ view_filter ] --START--
INFO: Run Behavior\WriteHtmlCacheBehavior [ RunTime:0.000355s ]
INFO: [ view_filter ] --END-- [ RunTime:0.000407s ]
INFO: [ app_end ] --START--
INFO: Run Behavior\ShowPageTraceBehavior [ RunTime:0.000704s ]
INFO: [ app_end ] --END-- [ RunTime:0.000760s ]

[ 2016-06-16T00:17:13+08:00 ] 127.0.0.1 /index.php?c=video&a=videoDetail&id=126
INFO: [ app_init ] --START--
INFO: Run Behavior\BuildLiteBehavior [ RunTime:0.000039s ]
INFO: [ app_init ] --END-- [ RunTime:0.000547s ]
INFO: [ app_begin ] --START--
INFO: Run Behavior\ReadHtmlCacheBehavior [ RunTime:0.000749s ]
INFO: [ app_begin ] --END-- [ RunTime:0.000843s ]
SQL: SHOW COLUMNS FROM `video` [ RunTime:0.0669s ]
SQL: SELECT `id`,`mainType`,`thumbnail`,`title`,`abstract`,`content`,`type`,`videoCode`,`publishTime` FROM `video` WHERE ( id = 126 )  [ RunTime:0.0651s ]
SQL: SHOW COLUMNS FROM `attachment` [ RunTime:0.0666s ]
SQL: SELECT * FROM `attachment` WHERE ( articleType=4 and articleId=126 )  [ RunTime:0.0648s ]
SQL: SELECT * FROM `video` WHERE ( status=1 ) ORDER BY publishTime desc LIMIT 0,5   [ RunTime:0.1311s ]
INFO: [ app_end ] --START--
INFO: Run Behavior\ShowPageTraceBehavior [ RunTime:0.002288s ]
INFO: [ app_end ] --END-- [ RunTime:0.002434s ]

[ 2016-06-16T00:17:13+08:00 ] 127.0.0.1 /Uploads/image/20160615/1465960367123113.jpg
INFO: [ app_init ] --START--
INFO: Run Behavior\BuildLiteBehavior [ RunTime:0.000028s ]
INFO: [ app_init ] --END-- [ RunTime:0.000532s ]

[ 2016-06-16T00:17:13+08:00 ] 127.0.0.1 /Uploads/image/20160615/1465958465803145.jpg
INFO: [ app_init ] --START--
INFO: Run Behavior\BuildLiteBehavior [ RunTime:0.000028s ]
INFO: [ app_init ] --END-- [ RunTime:0.000578s ]

[ 2016-06-16T00:17:13+08:00 ] 127.0.0.1 /Uploads/image/20160615/1465958691150353.jpg
INFO: [ app_init ] --START--
INFO: Run Behavior\BuildLiteBehavior [ RunTime:0.000027s ]
INFO: [ app_init ] --END-- [ RunTime:0.000568s ]

[ 2016-06-16T00:17:13+08:00 ] 127.0.0.1 /Uploads/image/20160615/1465955276107230.jpg
INFO: [ app_init ] --START--
INFO: Run Behavior\BuildLiteBehavior [ RunTime:0.000025s ]
INFO: [ app_init ] --END-- [ RunTime:0.000606s ]

[ 2016-06-16T00:17:13+08:00 ] 127.0.0.1 /Uploads/image/20160615/1465959026459794.jpg
INFO: [ app_init ] --START--
INFO: Run Behavior\BuildLiteBehavior [ RunTime:0.000031s ]
INFO: [ app_init ] --END-- [ RunTime:0.000643s ]

[ 2016-06-16T00:18:03+08:00 ] 127.0.0.1 /
INFO: [ app_init ] --START--
INFO: Run Behavior\BuildLiteBehavior [ RunTime:0.000017s ]
INFO: [ app_init ] --END-- [ RunTime:0.000415s ]
INFO: [ app_begin ] --START--
INFO: Run Behavior\ReadHtmlCacheBehavior [ RunTime:0.000539s ]
INFO: [ app_begin ] --END-- [ RunTime:0.000601s ]
INFO: [ view_parse ] --START--
INFO: [ template_filter ] --START--
INFO: Run Behavior\ContentReplaceBehavior [ RunTime:0.000044s ]
INFO: [ template_filter ] --END-- [ RunTime:0.000110s ]
INFO: Run Behavior\ParseTemplateBehavior [ RunTime:0.006686s ]
INFO: [ view_parse ] --END-- [ RunTime:0.006960s ]
INFO: [ view_filter ] --START--
INFO: Run Behavior\WriteHtmlCacheBehavior [ RunTime:0.000403s ]
INFO: [ view_filter ] --END-- [ RunTime:0.000535s ]
INFO: [ app_end ] --START--
INFO: Run Behavior\ShowPageTraceBehavior [ RunTime:0.000563s ]
INFO: [ app_end ] --END-- [ RunTime:0.000620s ]

[ 2016-06-16T00:18:04+08:00 ] 127.0.0.1 /index.php?c=video&a=videoDetail&id=126
INFO: [ app_init ] --START--
INFO: Run Behavior\BuildLiteBehavior [ RunTime:0.000020s ]
INFO: [ app_init ] --END-- [ RunTime:0.000605s ]
INFO: [ app_begin ] --START--
INFO: Run Behavior\ReadHtmlCacheBehavior [ RunTime:0.000794s ]
INFO: [ app_begin ] --END-- [ RunTime:0.000888s ]
SQL: SHOW COLUMNS FROM `video` [ RunTime:0.0618s ]
SQL: SELECT `id`,`mainType`,`thumbnail`,`title`,`abstract`,`content`,`type`,`videoCode`,`publishTime` FROM `video` WHERE ( id = 126 )  [ RunTime:0.0604s ]
SQL: SHOW COLUMNS FROM `attachment` [ RunTime:0.0614s ]
SQL: SELECT * FROM `attachment` WHERE ( articleType=4 and articleId=126 )  [ RunTime:0.0599s ]
SQL: SELECT * FROM `video` WHERE ( status=1 ) ORDER BY publishTime desc LIMIT 0,5   [ RunTime:0.1208s ]
INFO: [ app_end ] --START--
INFO: Run Behavior\ShowPageTraceBehavior [ RunTime:0.001154s ]
INFO: [ app_end ] --END-- [ RunTime:0.001280s ]

[ 2016-06-16T00:18:04+08:00 ] 127.0.0.1 /Uploads/image/20160615/1465958465803145.jpg
INFO: [ app_init ] --START--
INFO: Run Behavior\BuildLiteBehavior [ RunTime:0.000033s ]
INFO: [ app_init ] --END-- [ RunTime:0.000641s ]

[ 2016-06-16T00:18:04+08:00 ] 127.0.0.1 /Uploads/image/20160615/1465959026459794.jpg
INFO: [ app_init ] --START--
INFO: Run Behavior\BuildLiteBehavior [ RunTime:0.000048s ]
INFO: [ app_init ] --END-- [ RunTime:0.000686s ]

[ 2016-06-16T00:18:04+08:00 ] 127.0.0.1 /Uploads/image/20160615/1465955276107230.jpg
INFO: [ app_init ] --START--
INFO: Run Behavior\BuildLiteBehavior [ RunTime:0.000027s ]
INFO: [ app_init ] --END-- [ RunTime:0.000626s ]

[ 2016-06-16T00:18:04+08:00 ] 127.0.0.1 /Uploads/image/20160615/1465960367123113.jpg
INFO: [ app_init ] --START--
INFO: Run Behavior\BuildLiteBehavior [ RunTime:0.000036s ]
INFO: [ app_init ] --END-- [ RunTime:0.000800s ]

[ 2016-06-16T00:18:04+08:00 ] 127.0.0.1 /Uploads/image/20160615/1465958691150353.jpg
INFO: [ app_init ] --START--
INFO: Run Behavior\BuildLiteBehavior [ RunTime:0.000028s ]
INFO: [ app_init ] --END-- [ RunTime:0.000604s ]

[ 2016-06-16T00:18:17+08:00 ] 127.0.0.1 /
INFO: [ app_init ] --START--
INFO: Run Behavior\BuildLiteBehavior [ RunTime:0.000028s ]
INFO: [ app_init ] --END-- [ RunTime:0.000583s ]
INFO: [ app_begin ] --START--
INFO: Run Behavior\ReadHtmlCacheBehavior [ RunTime:0.000669s ]
INFO: [ app_begin ] --END-- [ RunTime:0.000761s ]
INFO: [ view_parse ] --START--
INFO: [ template_filter ] --START--
INFO: Run Behavior\ContentReplaceBehavior [ RunTime:0.000051s ]
INFO: [ template_filter ] --END-- [ RunTime:0.000131s ]
INFO: Run Behavior\ParseTemplateBehavior [ RunTime:0.007773s ]
INFO: [ view_parse ] --END-- [ RunTime:0.007872s ]
INFO: [ view_filter ] --START--
INFO: Run Behavior\WriteHtmlCacheBehavior [ RunTime:0.000529s ]
INFO: [ view_filter ] --END-- [ RunTime:0.000611s ]
INFO: [ app_end ] --START--
INFO: Run Behavior\ShowPageTraceBehavior [ RunTime:0.000814s ]
INFO: [ app_end ] --END-- [ RunTime:0.000896s ]

[ 2016-06-16T00:18:18+08:00 ] 127.0.0.1 /index.php?c=video&a=videoDetail&id=126
INFO: [ app_init ] --START--
INFO: Run Behavior\BuildLiteBehavior [ RunTime:0.000031s ]
INFO: [ app_init ] --END-- [ RunTime:0.000557s ]
INFO: [ app_begin ] --START--
INFO: Run Behavior\ReadHtmlCacheBehavior [ RunTime:0.000940s ]
INFO: [ app_begin ] --END-- [ RunTime:0.001060s ]
SQL: SHOW COLUMNS FROM `video` [ RunTime:0.0710s ]
SQL: SELECT `id`,`mainType`,`thumbnail`,`title`,`abstract`,`content`,`type`,`videoCode`,`publishTime` FROM `video` WHERE ( id = 126 )  [ RunTime:0.0694s ]
SQL: SHOW COLUMNS FROM `attachment` [ RunTime:0.0711s ]
SQL: SELECT * FROM `attachment` WHERE ( articleType=4 and articleId=126 )  [ RunTime:0.0690s ]
SQL: SELECT * FROM `video` WHERE ( status=1 ) ORDER BY publishTime desc LIMIT 0,5   [ RunTime:0.1428s ]
INFO: [ app_end ] --START--
INFO: Run Behavior\ShowPageTraceBehavior [ RunTime:0.001168s ]
INFO: [ app_end ] --END-- [ RunTime:0.001301s ]

[ 2016-06-16T00:18:18+08:00 ] 127.0.0.1 /Uploads/image/20160615/1465958691150353.jpg
INFO: [ app_init ] --START--
INFO: Run Behavior\BuildLiteBehavior [ RunTime:0.000028s ]
INFO: [ app_init ] --END-- [ RunTime:0.000635s ]

[ 2016-06-16T00:18:18+08:00 ] 127.0.0.1 /Uploads/image/20160615/1465959026459794.jpg
INFO: [ app_init ] --START--
INFO: Run Behavior\BuildLiteBehavior [ RunTime:0.000027s ]
INFO: [ app_init ] --END-- [ RunTime:0.000635s ]

[ 2016-06-16T00:18:18+08:00 ] 127.0.0.1 /Uploads/image/20160615/1465960367123113.jpg
INFO: [ app_init ] --START--
INFO: Run Behavior\BuildLiteBehavior [ RunTime:0.000028s ]
INFO: [ app_init ] --END-- [ RunTime:0.000643s ]

[ 2016-06-16T00:18:18+08:00 ] 127.0.0.1 /Uploads/image/20160615/1465955276107230.jpg
INFO: [ app_init ] --START--
INFO: Run Behavior\BuildLiteBehavior [ RunTime:0.000106s ]
INFO: [ app_init ] --END-- [ RunTime:0.001633s ]

[ 2016-06-16T00:18:18+08:00 ] 127.0.0.1 /Uploads/image/20160615/1465958465803145.jpg
INFO: [ app_init ] --START--
INFO: Run Behavior\BuildLiteBehavior [ RunTime:0.000042s ]
INFO: [ app_init ] --END-- [ RunTime:0.001245s ]

[ 2016-06-16T00:18:28+08:00 ] 127.0.0.1 /
INFO: [ app_init ] --START--
INFO: Run Behavior\BuildLiteBehavior [ RunTime:0.000014s ]
INFO: [ app_init ] --END-- [ RunTime:0.000314s ]
INFO: [ app_begin ] --START--
INFO: Run Behavior\ReadHtmlCacheBehavior [ RunTime:0.000449s ]
INFO: [ app_begin ] --END-- [ RunTime:0.000508s ]
INFO: [ view_parse ] --START--
INFO: [ template_filter ] --START--
INFO: Run Behavior\ContentReplaceBehavior [ RunTime:0.000053s ]
INFO: [ template_filter ] --END-- [ RunTime:0.000123s ]
INFO: Run Behavior\ParseTemplateBehavior [ RunTime:0.005446s ]
INFO: [ view_parse ] --END-- [ RunTime:0.005527s ]
INFO: [ view_filter ] --START--
INFO: Run Behavior\WriteHtmlCacheBehavior [ RunTime:0.000291s ]
INFO: [ view_filter ] --END-- [ RunTime:0.000342s ]
INFO: [ app_end ] --START--
INFO: Run Behavior\ShowPageTraceBehavior [ RunTime:0.000650s ]
INFO: [ app_end ] --END-- [ RunTime:0.000728s ]

[ 2016-06-16T00:18:29+08:00 ] 127.0.0.1 /index.php?c=video&a=videoDetail&id=126
INFO: [ app_init ] --START--
INFO: Run Behavior\BuildLiteBehavior [ RunTime:0.000041s ]
INFO: [ app_init ] --END-- [ RunTime:0.000798s ]
INFO: [ app_begin ] --START--
INFO: Run Behavior\ReadHtmlCacheBehavior [ RunTime:0.001122s ]
INFO: [ app_begin ] --END-- [ RunTime:0.001270s ]
SQL: SHOW COLUMNS FROM `video` [ RunTime:0.0726s ]
SQL: SELECT `id`,`mainType`,`thumbnail`,`title`,`abstract`,`content`,`type`,`videoCode`,`publishTime` FROM `video` WHERE ( id = 126 )  [ RunTime:0.0714s ]
SQL: SHOW COLUMNS FROM `attachment` [ RunTime:0.0727s ]
SQL: SELECT * FROM `attachment` WHERE ( articleType=4 and articleId=126 )  [ RunTime:0.0714s ]
SQL: SELECT * FROM `video` WHERE ( status=1 ) ORDER BY publishTime desc LIMIT 0,5   [ RunTime:0.1448s ]
INFO: [ app_end ] --START--
INFO: Run Behavior\ShowPageTraceBehavior [ RunTime:0.003029s ]
INFO: [ app_end ] --END-- [ RunTime:0.003206s ]

[ 2016-06-16T00:18:29+08:00 ] 127.0.0.1 /Uploads/image/20160615/1465958465803145.jpg
INFO: [ app_init ] --START--
INFO: Run Behavior\BuildLiteBehavior [ RunTime:0.000028s ]
INFO: [ app_init ] --END-- [ RunTime:0.000535s ]

[ 2016-06-16T00:18:29+08:00 ] 127.0.0.1 /Uploads/image/20160615/1465959026459794.jpg
INFO: [ app_init ] --START--
INFO: Run Behavior\BuildLiteBehavior [ RunTime:0.000029s ]
INFO: [ app_init ] --END-- [ RunTime:0.000581s ]

[ 2016-06-16T00:18:29+08:00 ] 127.0.0.1 /Uploads/image/20160615/1465955276107230.jpg
INFO: [ app_init ] --START--
INFO: Run Behavior\BuildLiteBehavior [ RunTime:0.000028s ]
INFO: [ app_init ] --END-- [ RunTime:0.000577s ]

[ 2016-06-16T00:18:29+08:00 ] 127.0.0.1 /Uploads/image/20160615/1465958691150353.jpg
INFO: [ app_init ] --START--
INFO: Run Behavior\BuildLiteBehavior [ RunTime:0.000028s ]
INFO: [ app_init ] --END-- [ RunTime:0.000660s ]

[ 2016-06-16T00:18:29+08:00 ] 127.0.0.1 /Uploads/image/20160615/1465960367123113.jpg
INFO: [ app_init ] --START--
INFO: Run Behavior\BuildLiteBehavior [ RunTime:0.000030s ]
INFO: [ app_init ] --END-- [ RunTime:0.000619s ]

[ 2016-06-16T00:19:56+08:00 ] 127.0.0.1 /public/js/jquery.min.map
INFO: [ app_init ] --START--
INFO: Run Behavior\BuildLiteBehavior [ RunTime:0.000027s ]
INFO: [ app_init ] --END-- [ RunTime:0.000581s ]
INFO: [ app_begin ] --START--
INFO: Run Behavior\ReadHtmlCacheBehavior [ RunTime:0.000898s ]
INFO: [ app_begin ] --END-- [ RunTime:0.001038s ]
ERR: 无法加载控制器:Public

[ 2016-06-16T00:19:56+08:00 ] 127.0.0.1 /public/js/angular-route.min.js.map
INFO: [ app_init ] --START--
INFO: Run Behavior\BuildLiteBehavior [ RunTime:0.000025s ]
INFO: [ app_init ] --END-- [ RunTime:0.000681s ]
INFO: [ app_begin ] --START--
INFO: Run Behavior\ReadHtmlCacheBehavior [ RunTime:0.000743s ]
INFO: [ app_begin ] --END-- [ RunTime:0.000825s ]
ERR: 无法加载控制器:Public

[ 2016-06-16T00:20:03+08:00 ] 127.0.0.1 /
INFO: [ app_init ] --START--
INFO: Run Behavior\BuildLiteBehavior [ RunTime:0.000063s ]
INFO: [ app_init ] --END-- [ RunTime:0.000441s ]
INFO: [ app_begin ] --START--
INFO: Run Behavior\ReadHtmlCacheBehavior [ RunTime:0.000583s ]
INFO: [ app_begin ] --END-- [ RunTime:0.000662s ]
INFO: [ view_parse ] --START--
INFO: [ template_filter ] --START--
INFO: Run Behavior\ContentReplaceBehavior [ RunTime:0.000047s ]
INFO: [ template_filter ] --END-- [ RunTime:0.000117s ]
INFO: Run Behavior\ParseTemplateBehavior [ RunTime:0.006681s ]
INFO: [ view_parse ] --END-- [ RunTime:0.006772s ]
INFO: [ view_filter ] --START--
INFO: Run Behavior\WriteHtmlCacheBehavior [ RunTime:0.000828s ]
INFO: [ view_filter ] --END-- [ RunTime:0.001097s ]
INFO: [ app_end ] --START--
INFO: Run Behavior\ShowPageTraceBehavior [ RunTime:0.000926s ]
INFO: [ app_end ] --END-- [ RunTime:0.001043s ]

[ 2016-06-16T00:20:03+08:00 ] 127.0.0.1 /public/js/jquery.min.map
INFO: [ app_init ] --START--
INFO: Run Behavior\BuildLiteBehavior [ RunTime:0.000023s ]
INFO: [ app_init ] --END-- [ RunTime:0.000723s ]
INFO: [ app_begin ] --START--
INFO: Run Behavior\ReadHtmlCacheBehavior [ RunTime:0.001206s ]
INFO: [ app_begin ] --END-- [ RunTime:0.001348s ]
ERR: 无法加载控制器:Public

[ 2016-06-16T00:20:03+08:00 ] 127.0.0.1 /public/js/angular-route.min.js.map
INFO: [ app_init ] --START--
INFO: Run Behavior\BuildLiteBehavior [ RunTime:0.000019s ]
INFO: [ app_init ] --END-- [ RunTime:0.000413s ]
INFO: [ app_begin ] --START--
INFO: Run Behavior\ReadHtmlCacheBehavior [ RunTime:0.002044s ]
INFO: [ app_begin ] --END-- [ RunTime:0.002205s ]
ERR: 无法加载控制器:Public

[ 2016-06-16T00:20:04+08:00 ] 127.0.0.1 /index.php?c=video&a=videoDetail&id=126
INFO: [ app_init ] --START--
INFO: Run Behavior\BuildLiteBehavior [ RunTime:0.000035s ]
INFO: [ app_init ] --END-- [ RunTime:0.001066s ]
INFO: [ app_begin ] --START--
INFO: Run Behavior\ReadHtmlCacheBehavior [ RunTime:0.001066s ]
INFO: [ app_begin ] --END-- [ RunTime:0.001195s ]
SQL: SHOW COLUMNS FROM `video` [ RunTime:0.0714s ]
SQL: SELECT `id`,`mainType`,`thumbnail`,`title`,`abstract`,`content`,`type`,`videoCode`,`publishTime` FROM `video` WHERE ( id = 126 )  [ RunTime:0.0739s ]
SQL: SHOW COLUMNS FROM `attachment` [ RunTime:0.0779s ]
SQL: SELECT * FROM `attachment` WHERE ( articleType=4 and articleId=126 )  [ RunTime:0.0689s ]
SQL: SELECT * FROM `video` WHERE ( status=1 ) ORDER BY publishTime desc LIMIT 0,5   [ RunTime:0.1429s ]
INFO: [ app_end ] --START--
INFO: Run Behavior\ShowPageTraceBehavior [ RunTime:0.001090s ]
INFO: [ app_end ] --END-- [ RunTime:0.001199s ]

[ 2016-06-16T00:20:04+08:00 ] 127.0.0.1 /Uploads/image/20160615/1465960367123113.jpg
INFO: [ app_init ] --START--
INFO: Run Behavior\BuildLiteBehavior [ RunTime:0.000029s ]
INFO: [ app_init ] --END-- [ RunTime:0.000694s ]

[ 2016-06-16T00:20:04+08:00 ] 127.0.0.1 /Uploads/image/20160615/1465955276107230.jpg
INFO: [ app_init ] --START--
INFO: Run Behavior\BuildLiteBehavior [ RunTime:0.000027s ]
INFO: [ app_init ] --END-- [ RunTime:0.000689s ]

[ 2016-06-16T00:20:04+08:00 ] 127.0.0.1 /Uploads/image/20160615/1465959026459794.jpg
INFO: [ app_init ] --START--
INFO: Run Behavior\BuildLiteBehavior [ RunTime:0.000041s ]
INFO: [ app_init ] --END-- [ RunTime:0.000632s ]

[ 2016-06-16T00:20:04+08:00 ] 127.0.0.1 /Uploads/image/20160615/1465958465803145.jpg
INFO: [ app_init ] --START--
INFO: Run Behavior\BuildLiteBehavior [ RunTime:0.000025s ]
INFO: [ app_init ] --END-- [ RunTime:0.000554s ]

[ 2016-06-16T00:20:04+08:00 ] 127.0.0.1 /Uploads/image/20160615/1465958691150353.jpg
INFO: [ app_init ] --START--
INFO: Run Behavior\BuildLiteBehavior [ RunTime:0.000029s ]
INFO: [ app_init ] --END-- [ RunTime:0.000624s ]

[ 2016-06-16T00:20:55+08:00 ] 127.0.0.1 /
INFO: [ app_init ] --START--
INFO: Run Behavior\BuildLiteBehavior [ RunTime:0.000033s ]
INFO: [ app_init ] --END-- [ RunTime:0.000695s ]
INFO: [ app_begin ] --START--
INFO: Run Behavior\ReadHtmlCacheBehavior [ RunTime:0.001393s ]
INFO: [ app_begin ] --END-- [ RunTime:0.001543s ]
INFO: [ view_parse ] --START--
INFO: [ template_filter ] --START--
INFO: Run Behavior\ContentReplaceBehavior [ RunTime:0.000081s ]
INFO: [ template_filter ] --END-- [ RunTime:0.000207s ]
INFO: Run Behavior\ParseTemplateBehavior [ RunTime:0.011279s ]
INFO: [ view_parse ] --END-- [ RunTime:0.011427s ]
INFO: [ view_filter ] --START--
INFO: Run Behavior\WriteHtmlCacheBehavior [ RunTime:0.000957s ]
INFO: [ view_filter ] --END-- [ RunTime:0.001076s ]
INFO: [ app_end ] --START--
INFO: Run Behavior\ShowPageTraceBehavior [ RunTime:0.001341s ]
INFO: [ app_end ] --END-- [ RunTime:0.001452s ]

[ 2016-06-16T00:20:55+08:00 ] 127.0.0.1 /public/js/jquery.min.map
INFO: [ app_init ] --START--
INFO: Run Behavior\BuildLiteBehavior [ RunTime:0.000120s ]
INFO: [ app_init ] --END-- [ RunTime:0.001037s ]
INFO: [ app_begin ] --START--
INFO: Run Behavior\ReadHtmlCacheBehavior [ RunTime:0.000968s ]
INFO: [ app_begin ] --END-- [ RunTime:0.001133s ]
ERR: 无法加载控制器:Public

[ 2016-06-16T00:20:56+08:00 ] 127.0.0.1 /public/js/angular-route.min.js.map
INFO: [ app_init ] --START--
INFO: Run Behavior\BuildLiteBehavior [ RunTime:0.000033s ]
INFO: [ app_init ] --END-- [ RunTime:0.000769s ]
INFO: [ app_begin ] --START--
INFO: Run Behavior\ReadHtmlCacheBehavior [ RunTime:0.002030s ]
INFO: [ app_begin ] --END-- [ RunTime:0.002256s ]
ERR: 无法加载控制器:Public

[ 2016-06-16T00:20:56+08:00 ] 127.0.0.1 /index.php?c=video&a=videoDetail&id=126
INFO: [ app_init ] --START--
INFO: Run Behavior\BuildLiteBehavior [ RunTime:0.000031s ]
INFO: [ app_init ] --END-- [ RunTime:0.000704s ]
INFO: [ app_begin ] --START--
INFO: Run Behavior\ReadHtmlCacheBehavior [ RunTime:0.001005s ]
INFO: [ app_begin ] --END-- [ RunTime:0.001129s ]
SQL: SHOW COLUMNS FROM `video` [ RunTime:0.0714s ]
SQL: SELECT `id`,`mainType`,`thumbnail`,`title`,`abstract`,`content`,`type`,`videoCode`,`publishTime` FROM `video` WHERE ( id = 126 )  [ RunTime:0.0721s ]
SQL: SHOW COLUMNS FROM `attachment` [ RunTime:0.0727s ]
SQL: SELECT * FROM `attachment` WHERE ( articleType=4 and articleId=126 )  [ RunTime:0.0691s ]
SQL: SELECT * FROM `video` WHERE ( status=1 ) ORDER BY publishTime desc LIMIT 0,5   [ RunTime:0.1397s ]
INFO: [ app_end ] --START--
INFO: Run Behavior\ShowPageTraceBehavior [ RunTime:0.001155s ]
INFO: [ app_end ] --END-- [ RunTime:0.001298s ]

[ 2016-06-16T00:20:56+08:00 ] 127.0.0.1 /Uploads/image/20160615/1465959026459794.jpg
INFO: [ app_init ] --START--
INFO: Run Behavior\BuildLiteBehavior [ RunTime:0.000027s ]
INFO: [ app_init ] --END-- [ RunTime:0.000524s ]

[ 2016-06-16T00:20:56+08:00 ] 127.0.0.1 /Uploads/image/20160615/1465960367123113.jpg
INFO: [ app_init ] --START--
INFO: Run Behavior\BuildLiteBehavior [ RunTime:0.000029s ]
INFO: [ app_init ] --END-- [ RunTime:0.000592s ]

[ 2016-06-16T00:20:56+08:00 ] 127.0.0.1 /Uploads/image/20160615/1465958691150353.jpg
INFO: [ app_init ] --START--
INFO: Run Behavior\BuildLiteBehavior [ RunTime:0.000029s ]
INFO: [ app_init ] --END-- [ RunTime:0.000675s ]

[ 2016-06-16T00:20:56+08:00 ] 127.0.0.1 /Uploads/image/20160615/1465955276107230.jpg
INFO: [ app_init ] --START--
INFO: Run Behavior\BuildLiteBehavior [ RunTime:0.000052s ]
INFO: [ app_init ] --END-- [ RunTime:0.001347s ]

[ 2016-06-16T00:20:57+08:00 ] 127.0.0.1 /Uploads/image/20160615/1465958465803145.jpg
INFO: [ app_init ] --START--
INFO: Run Behavior\BuildLiteBehavior [ RunTime:0.000031s ]
INFO: [ app_init ] --END-- [ RunTime:0.000933s ]

[ 2016-06-16T00:21:06+08:00 ] 127.0.0.1 /index.php?c=pic&a=allPic&page=1
INFO: [ app_init ] --START--
INFO: Run Behavior\BuildLiteBehavior [ RunTime:0.000021s ]
INFO: [ app_init ] --END-- [ RunTime:0.000757s ]
INFO: [ app_begin ] --START--
INFO: Run Behavior\ReadHtmlCacheBehavior [ RunTime:0.001377s ]
INFO: [ app_begin ] --END-- [ RunTime:0.001531s ]
NOTIC: [8] Use of undefined constant type - assumed 'type' G:\CODE\kepuwang\Application\Main\Controller\PicController.class.php 第 20 行.
NOTIC: [8] Use of undefined constant status - assumed 'status' G:\CODE\kepuwang\Application\Main\Controller\PicController.class.php 第 21 行.
SQL: SHOW COLUMNS FROM `pic` [ RunTime:0.0695s ]
SQL: SELECT COUNT(*) AS tp_count FROM `pic` WHERE `type` = 3 AND `status` = 1 LIMIT 1   [ RunTime:0.0666s ]
SQL: SELECT * FROM `pic` WHERE `type` = 3 AND `status` = 1 ORDER BY publishTime desc LIMIT 0,18   [ RunTime:0.1486s ]
INFO: [ app_end ] --START--
INFO: Run Behavior\ShowPageTraceBehavior [ RunTime:0.000993s ]
INFO: [ app_end ] --END-- [ RunTime:0.001103s ]

[ 2016-06-16T00:21:06+08:00 ] 127.0.0.1 /index.php?c=pic&a=allPic&page=1
INFO: [ app_init ] --START--
INFO: Run Behavior\BuildLiteBehavior [ RunTime:0.000017s ]
INFO: [ app_init ] --END-- [ RunTime:0.000663s ]
INFO: [ app_begin ] --START--
INFO: Run Behavior\ReadHtmlCacheBehavior [ RunTime:0.000547s ]
INFO: [ app_begin ] --END-- [ RunTime:0.000608s ]
NOTIC: [8] Use of undefined constant type - assumed 'type' G:\CODE\kepuwang\Application\Main\Controller\PicController.class.php 第 20 行.
NOTIC: [8] Use of undefined constant status - assumed 'status' G:\CODE\kepuwang\Application\Main\Controller\PicController.class.php 第 21 行.
SQL: SHOW COLUMNS FROM `pic` [ RunTime:0.0701s ]
SQL: SELECT COUNT(*) AS tp_count FROM `pic` WHERE `type` = 3 AND `status` = 1 LIMIT 1   [ RunTime:0.0684s ]
SQL: SELECT * FROM `pic` WHERE `type` = 3 AND `status` = 1 ORDER BY publishTime desc LIMIT 0,18   [ RunTime:0.1374s ]
INFO: [ app_end ] --START--
INFO: Run Behavior\ShowPageTraceBehavior [ RunTime:0.000783s ]
INFO: [ app_end ] --END-- [ RunTime:0.000853s ]

[ 2016-06-16T00:21:06+08:00 ] 127.0.0.1 /Uploads/image/20160612/1465700774960125.jpg
INFO: [ app_init ] --START--
INFO: Run Behavior\BuildLiteBehavior [ RunTime:0.000017s ]
INFO: [ app_init ] --END-- [ RunTime:0.000422s ]

[ 2016-06-16T00:21:09+08:00 ] 127.0.0.1 /index.php?c=pic&a=picDetail&id=73
INFO: [ app_init ] --START--
INFO: Run Behavior\BuildLiteBehavior [ RunTime:0.000031s ]
INFO: [ app_init ] --END-- [ RunTime:0.000661s ]
INFO: [ app_begin ] --START--
INFO: Run Behavior\ReadHtmlCacheBehavior [ RunTime:0.000673s ]
INFO: [ app_begin ] --END-- [ RunTime:0.000762s ]
SQL: SHOW COLUMNS FROM `pic` [ RunTime:0.0730s ]
SQL: SELECT `id`,`title`,`content`,`type`,`likes`,`img_src`,`mainContent` FROM `pic` WHERE ( id = 73 )  [ RunTime:0.0714s ]
SQL: SHOW COLUMNS FROM `attachment` [ RunTime:0.0732s ]
SQL: SELECT * FROM `attachment` WHERE ( articleType=2 and articleId=73 )  [ RunTime:0.0701s ]
INFO: [ app_end ] --START--
INFO: Run Behavior\ShowPageTraceBehavior [ RunTime:0.000702s ]
INFO: [ app_end ] --END-- [ RunTime:0.000763s ]

[ 2016-06-16T00:21:09+08:00 ] 127.0.0.1 /index.php?c=pic&a=relativePic
INFO: [ app_init ] --START--
INFO: Run Behavior\BuildLiteBehavior [ RunTime:0.000016s ]
INFO: [ app_init ] --END-- [ RunTime:0.000393s ]
INFO: [ app_begin ] --START--
INFO: Run Behavior\ReadHtmlCacheBehavior [ RunTime:0.001138s ]
INFO: [ app_begin ] --END-- [ RunTime:0.001221s ]
SQL: SHOW COLUMNS FROM `pic` [ RunTime:0.0721s ]
SQL: SELECT * FROM `pic` WHERE ( status=1 ) ORDER BY publishTime desc LIMIT 0,10   [ RunTime:0.1422s ]
INFO: [ app_end ] --START--
INFO: Run Behavior\ShowPageTraceBehavior [ RunTime:0.000749s ]
INFO: [ app_end ] --END-- [ RunTime:0.000823s ]

[ 2016-06-16T00:21:09+08:00 ] 127.0.0.1 /Uploads/image/20160612/1465700774960125.jpg
INFO: [ app_init ] --START--
INFO: Run Behavior\BuildLiteBehavior [ RunTime:0.000047s ]
INFO: [ app_init ] --END-- [ RunTime:0.000465s ]

[ 2016-06-16T00:21:22+08:00 ] 127.0.0.1 /index.php?c=article&a=allArticle&page=1
INFO: [ app_init ] --START--
INFO: Run Behavior\BuildLiteBehavior [ RunTime:0.000030s ]
INFO: [ app_init ] --END-- [ RunTime:0.000626s ]
INFO: [ app_begin ] --START--
INFO: Run Behavior\ReadHtmlCacheBehavior [ RunTime:0.000779s ]
INFO: [ app_begin ] --END-- [ RunTime:0.000875s ]
SQL: SHOW COLUMNS FROM `article` [ RunTime:0.0581s ]
NOTIC: [8] Undefined variable: condition G:\CODE\kepuwang\Application\Main\Controller\ArticleController.class.php 第 32 行.
SQL: SELECT COUNT(*) AS tp_count FROM `article` LIMIT 1   [ RunTime:0.0554s ]
SQL: SELECT * FROM `article` WHERE (  status = 1  ) ORDER BY publishTime desc LIMIT 0,18   [ RunTime:1.3745s ]
INFO: [ app_end ] --START--
INFO: Run Behavior\ShowPageTraceBehavior [ RunTime:0.001201s ]
INFO: [ app_end ] --END-- [ RunTime:0.001536s ]

[ 2016-06-16T00:21:23+08:00 ] 127.0.0.1 /Uploads/image/20160614/1465871197645950.jpg
INFO: [ app_init ] --START--
INFO: Run Behavior\BuildLiteBehavior [ RunTime:0.000029s ]
INFO: [ app_init ] --END-- [ RunTime:0.000519s ]

[ 2016-06-16T00:21:23+08:00 ] 127.0.0.1 /Uploads/image/20160615/1466004481237578.jpg
INFO: [ app_init ] --START--
INFO: Run Behavior\BuildLiteBehavior [ RunTime:0.000028s ]
INFO: [ app_init ] --END-- [ RunTime:0.000574s ]

[ 2016-06-16T00:21:23+08:00 ] 127.0.0.1 /Uploads/image/20160614/1465875211909777.jpg
INFO: [ app_init ] --START--
INFO: Run Behavior\BuildLiteBehavior [ RunTime:0.000028s ]
INFO: [ app_init ] --END-- [ RunTime:0.000668s ]

[ 2016-06-16T00:21:23+08:00 ] 127.0.0.1 /Uploads/image/20160614/1465836694138136.jpg
INFO: [ app_init ] --START--
INFO: Run Behavior\BuildLiteBehavior [ RunTime:0.000026s ]
INFO: [ app_init ] --END-- [ RunTime:0.000630s ]

[ 2016-06-16T00:21:23+08:00 ] 127.0.0.1 /Uploads/image/20160614/1465889125781241.jpg
INFO: [ app_init ] --START--
INFO: Run Behavior\BuildLiteBehavior [ RunTime:0.000042s ]
INFO: [ app_init ] --END-- [ RunTime:0.000785s ]

[ 2016-06-16T00:21:23+08:00 ] 127.0.0.1 /Uploads/image/20160613/1465827430675297.jpg
INFO: [ app_init ] --START--
INFO: Run Behavior\BuildLiteBehavior [ RunTime:0.000029s ]
INFO: [ app_init ] --END-- [ RunTime:0.000539s ]

[ 2016-06-16T00:21:23+08:00 ] 127.0.0.1 /Uploads/image/20160614/1465835066116400.jpg
INFO: [ app_init ] --START--
INFO: Run Behavior\BuildLiteBehavior [ RunTime:0.000024s ]
INFO: [ app_init ] --END-- [ RunTime:0.000648s ]

[ 2016-06-16T00:21:23+08:00 ] 127.0.0.1 /Uploads/image/20160614/1465835710970969.jpg
INFO: [ app_init ] --START--
INFO: Run Behavior\BuildLiteBehavior [ RunTime:0.000028s ]
INFO: [ app_init ] --END-- [ RunTime:0.000573s ]

[ 2016-06-16T00:21:23+08:00 ] 127.0.0.1 /Uploads/image/20160614/1465834586172514.jpg
INFO: [ app_init ] --START--
INFO: Run Behavior\BuildLiteBehavior [ RunTime:0.000034s ]
INFO: [ app_init ] --END-- [ RunTime:0.002413s ]

[ 2016-06-16T00:21:23+08:00 ] 127.0.0.1 /Uploads/image/20160613/1465818283470423.jpg
INFO: [ app_init ] --START--
INFO: Run Behavior\BuildLiteBehavior [ RunTime:0.000030s ]
INFO: [ app_init ] --END-- [ RunTime:0.000528s ]

[ 2016-06-16T00:21:23+08:00 ] 127.0.0.1 /Uploads/image/20160613/1465820326269292.jpg
INFO: [ app_init ] --START--
INFO: Run Behavior\BuildLiteBehavior [ RunTime:0.000029s ]
INFO: [ app_init ] --END-- [ RunTime:0.000660s ]

[ 2016-06-16T00:21:23+08:00 ] 127.0.0.1 /Uploads/image/20160614/1465870119542200.jpg
INFO: [ app_init ] --START--
INFO: Run Behavior\BuildLiteBehavior [ RunTime:0.000026s ]
INFO: [ app_init ] --END-- [ RunTime:0.000572s ]

[ 2016-06-16T00:21:23+08:00 ] 127.0.0.1 /Uploads/image/20160612/1465747145626800.jpg
INFO: [ app_init ] --START--
INFO: Run Behavior\BuildLiteBehavior [ RunTime:0.000029s ]
INFO: [ app_init ] --END-- [ RunTime:0.000524s ]

[ 2016-06-16T00:21:23+08:00 ] 127.0.0.1 /Uploads/image/20160612/1465717388113806.jpg
INFO: [ app_init ] --START--
INFO: Run Behavior\BuildLiteBehavior [ RunTime:0.000027s ]
INFO: [ app_init ] --END-- [ RunTime:0.000635s ]

[ 2016-06-16T00:21:23+08:00 ] 127.0.0.1 /Uploads/image/20160613/1465816588482816.jpg
INFO: [ app_init ] --START--
INFO: Run Behavior\BuildLiteBehavior [ RunTime:0.000031s ]
INFO: [ app_init ] --END-- [ RunTime:0.000604s ]

[ 2016-06-16T00:21:23+08:00 ] 127.0.0.1 /Uploads/image/20160612/1465718623542200.jpg
INFO: [ app_init ] --START--
INFO: Run Behavior\BuildLiteBehavior [ RunTime:0.000029s ]
INFO: [ app_init ] --END-- [ RunTime:0.000582s ]

[ 2016-06-16T00:30:58+08:00 ] 127.0.0.1 /index.php?c=video&a=allVideo&page=1
INFO: [ app_init ] --START--
INFO: Run Behavior\BuildLiteBehavior [ RunTime:0.000023s ]
INFO: [ app_init ] --END-- [ RunTime:0.000573s ]
INFO: [ app_begin ] --START--
INFO: Run Behavior\ReadHtmlCacheBehavior [ RunTime:0.001531s ]
INFO: [ app_begin ] --END-- [ RunTime:0.001751s ]
NOTIC: [8] Use of undefined constant type - assumed 'type' G:\CODE\kepuwang\Application\Main\Controller\VideoController.class.php 第 15 行.
NOTIC: [8] Use of undefined constant status - assumed 'status' G:\CODE\kepuwang\Application\Main\Controller\VideoController.class.php 第 16 行.
SQL: SHOW COLUMNS FROM `video` [ RunTime:0.0718s ]
SQL: SELECT COUNT(*) AS tp_count FROM `video` WHERE `type` = 3 AND `status` = 1 LIMIT 1   [ RunTime:0.0693s ]
SQL: SELECT * FROM `video` WHERE `type` = 3 AND `status` = 1 ORDER BY publishTime desc LIMIT 0,18   [ RunTime:0.2098s ]
INFO: [ app_end ] --START--
INFO: Run Behavior\ShowPageTraceBehavior [ RunTime:0.001120s ]
INFO: [ app_end ] --END-- [ RunTime:0.001251s ]

[ 2016-06-16T00:30:58+08:00 ] 127.0.0.1 /Uploads/image/20160615/1465960367123113.jpg
INFO: [ app_init ] --START--
INFO: Run Behavior\BuildLiteBehavior [ RunTime:0.000029s ]
INFO: [ app_init ] --END-- [ RunTime:0.000622s ]

[ 2016-06-16T00:30:58+08:00 ] 127.0.0.1 /Uploads/image/20160615/1465955276107230.jpg
INFO: [ app_init ] --START--
INFO: Run Behavior\BuildLiteBehavior [ RunTime:0.000031s ]
INFO: [ app_init ] --END-- [ RunTime:0.000648s ]

[ 2016-06-16T00:30:58+08:00 ] 127.0.0.1 /Uploads/image/20160615/1465958691150353.jpg
INFO: [ app_init ] --START--
INFO: Run Behavior\BuildLiteBehavior [ RunTime:0.000029s ]
INFO: [ app_init ] --END-- [ RunTime:0.000650s ]

[ 2016-06-16T00:30:58+08:00 ] 127.0.0.1 /Uploads/image/20160615/1465958465803145.jpg
INFO: [ app_init ] --START--
INFO: Run Behavior\BuildLiteBehavior [ RunTime:0.000028s ]
INFO: [ app_init ] --END-- [ RunTime:0.000677s ]

[ 2016-06-16T00:30:58+08:00 ] 127.0.0.1 /Uploads/image/20160615/1465959026459794.jpg
INFO: [ app_init ] --START--
INFO: Run Behavior\BuildLiteBehavior [ RunTime:0.000030s ]
INFO: [ app_init ] --END-- [ RunTime:0.000609s ]

[ 2016-06-16T00:30:58+08:00 ] 127.0.0.1 /Uploads/image/20160614/1465918012967612.jpg
INFO: [ app_init ] --START--
INFO: Run Behavior\BuildLiteBehavior [ RunTime:0.000029s ]
INFO: [ app_init ] --END-- [ RunTime:0.001109s ]

[ 2016-06-16T00:30:58+08:00 ] 127.0.0.1 /Uploads/image/20160615/1465954846693371.jpg
INFO: [ app_init ] --START--
INFO: Run Behavior\BuildLiteBehavior [ RunTime:0.000032s ]
INFO: [ app_init ] --END-- [ RunTime:0.000903s ]

[ 2016-06-16T00:30:58+08:00 ] 127.0.0.1 /Uploads/image/20160614/1465917455420936.jpg
INFO: [ app_init ] --START--
INFO: Run Behavior\BuildLiteBehavior [ RunTime:0.000114s ]
INFO: [ app_init ] --END-- [ RunTime:0.001689s ]

[ 2016-06-16T00:30:59+08:00 ] 127.0.0.1 /index.php?c=video&a=videoDetail&id=125
INFO: [ app_init ] --START--
INFO: Run Behavior\BuildLiteBehavior [ RunTime:0.000034s ]
INFO: [ app_init ] --END-- [ RunTime:0.000928s ]
INFO: [ app_begin ] --START--
INFO: Run Behavior\ReadHtmlCacheBehavior [ RunTime:0.001037s ]
INFO: [ app_begin ] --END-- [ RunTime:0.001172s ]
SQL: SHOW COLUMNS FROM `video` [ RunTime:0.0598s ]
SQL: SELECT `id`,`mainType`,`thumbnail`,`title`,`abstract`,`content`,`type`,`videoCode`,`publishTime` FROM `video` WHERE ( id = 125 )  [ RunTime:0.0622s ]
SQL: SHOW COLUMNS FROM `attachment` [ RunTime:0.0590s ]
SQL: SELECT * FROM `attachment` WHERE ( articleType=4 and articleId=125 )  [ RunTime:0.0570s ]
SQL: SELECT * FROM `video` WHERE ( status=1 ) ORDER BY publishTime desc LIMIT 0,5   [ RunTime:0.1162s ]
INFO: [ app_end ] --START--
INFO: Run Behavior\ShowPageTraceBehavior [ RunTime:0.001009s ]
INFO: [ app_end ] --END-- [ RunTime:0.001111s ]

[ 2016-06-16T00:30:59+08:00 ] 127.0.0.1 /Uploads/image/20160615/1465955276107230.jpg
INFO: [ app_init ] --START--
INFO: Run Behavior\BuildLiteBehavior [ RunTime:0.000027s ]
INFO: [ app_init ] --END-- [ RunTime:0.000516s ]

[ 2016-06-16T00:30:59+08:00 ] 127.0.0.1 /Uploads/image/20160615/1465959026459794.jpg
INFO: [ app_init ] --START--
INFO: Run Behavior\BuildLiteBehavior [ RunTime:0.000027s ]
INFO: [ app_init ] --END-- [ RunTime:0.000568s ]

[ 2016-06-16T00:30:59+08:00 ] 127.0.0.1 /Uploads/image/20160615/1465958691150353.jpg
INFO: [ app_init ] --START--
INFO: Run Behavior\BuildLiteBehavior [ RunTime:0.000025s ]
INFO: [ app_init ] --END-- [ RunTime:0.000584s ]

[ 2016-06-16T00:30:59+08:00 ] 127.0.0.1 /Uploads/image/20160615/1465960367123113.jpg
INFO: [ app_init ] --START--
INFO: Run Behavior\BuildLiteBehavior [ RunTime:0.000025s ]
INFO: [ app_init ] --END-- [ RunTime:0.000619s ]

[ 2016-06-16T00:30:59+08:00 ] 127.0.0.1 /Uploads/image/20160615/1465958465803145.jpg
INFO: [ app_init ] --START--
INFO: Run Behavior\BuildLiteBehavior [ RunTime:0.000021s ]
INFO: [ app_init ] --END-- [ RunTime:0.000536s ]

[ 2016-06-16T00:31:04+08:00 ] 127.0.0.1 /public/js/jquery.min.map
INFO: [ app_init ] --START--
INFO: Run Behavior\BuildLiteBehavior [ RunTime:0.000030s ]
INFO: [ app_init ] --END-- [ RunTime:0.000548s ]
INFO: [ app_begin ] --START--
INFO: Run Behavior\ReadHtmlCacheBehavior [ RunTime:0.001512s ]
INFO: [ app_begin ] --END-- [ RunTime:0.001651s ]
ERR: 无法加载控制器:Public

[ 2016-06-16T00:31:04+08:00 ] 127.0.0.1 /public/js/angular-route.min.js.map
INFO: [ app_init ] --START--
INFO: Run Behavior\BuildLiteBehavior [ RunTime:0.000027s ]
INFO: [ app_init ] --END-- [ RunTime:0.000620s ]
INFO: [ app_begin ] --START--
INFO: Run Behavior\ReadHtmlCacheBehavior [ RunTime:0.001005s ]
INFO: [ app_begin ] --END-- [ RunTime:0.001147s ]
ERR: 无法加载控制器:Public

[ 2016-06-16T00:33:52+08:00 ] 127.0.0.1 /
INFO: [ app_init ] --START--
INFO: Run Behavior\BuildLiteBehavior [ RunTime:0.000017s ]
INFO: [ app_init ] --END-- [ RunTime:0.000389s ]
INFO: [ app_begin ] --START--
INFO: Run Behavior\ReadHtmlCacheBehavior [ RunTime:0.000548s ]
INFO: [ app_begin ] --END-- [ RunTime:0.000610s ]
INFO: [ view_parse ] --START--
INFO: [ template_filter ] --START--
INFO: Run Behavior\ContentReplaceBehavior [ RunTime:0.000048s ]
INFO: [ template_filter ] --END-- [ RunTime:0.000120s ]
INFO: Run Behavior\ParseTemplateBehavior [ RunTime:0.006722s ]
INFO: [ view_parse ] --END-- [ RunTime:0.006801s ]
INFO: [ view_filter ] --START--
INFO: Run Behavior\WriteHtmlCacheBehavior [ RunTime:0.000373s ]
INFO: [ view_filter ] --END-- [ RunTime:0.000427s ]
INFO: [ app_end ] --START--
INFO: Run Behavior\ShowPageTraceBehavior [ RunTime:0.000575s ]
INFO: [ app_end ] --END-- [ RunTime:0.000632s ]

[ 2016-06-16T00:33:53+08:00 ] 127.0.0.1 /index.php?c=video&a=videoDetail&id=125
INFO: [ app_init ] --START--
INFO: Run Behavior\BuildLiteBehavior [ RunTime:0.000030s ]
INFO: [ app_init ] --END-- [ RunTime:0.000579s ]
INFO: [ app_begin ] --START--
INFO: Run Behavior\ReadHtmlCacheBehavior [ RunTime:0.001008s ]
INFO: [ app_begin ] --END-- [ RunTime:0.001126s ]
SQL: SHOW COLUMNS FROM `video` [ RunTime:0.0772s ]
SQL: SELECT `id`,`mainType`,`thumbnail`,`title`,`abstract`,`content`,`type`,`videoCode`,`publishTime` FROM `video` WHERE ( id = 125 )  [ RunTime:0.0761s ]
SQL: SHOW COLUMNS FROM `attachment` [ RunTime:0.0770s ]
SQL: SELECT * FROM `attachment` WHERE ( articleType=4 and articleId=125 )  [ RunTime:0.0752s ]
SQL: SELECT * FROM `video` WHERE ( status=1 ) ORDER BY publishTime desc LIMIT 0,5   [ RunTime:0.1521s ]
INFO: [ app_end ] --START--
INFO: Run Behavior\ShowPageTraceBehavior [ RunTime:0.001038s ]
INFO: [ app_end ] --END-- [ RunTime:0.001158s ]

[ 2016-06-16T00:33:53+08:00 ] 127.0.0.1 /Uploads/image/20160615/1465960367123113.jpg
INFO: [ app_init ] --START--
INFO: Run Behavior\BuildLiteBehavior [ RunTime:0.000031s ]
INFO: [ app_init ] --END-- [ RunTime:0.000587s ]

[ 2016-06-16T00:33:53+08:00 ] 127.0.0.1 /Uploads/image/20160615/1465959026459794.jpg
INFO: [ app_init ] --START--
INFO: Run Behavior\BuildLiteBehavior [ RunTime:0.000028s ]
INFO: [ app_init ] --END-- [ RunTime:0.000615s ]

[ 2016-06-16T00:33:53+08:00 ] 127.0.0.1 /Uploads/image/20160615/1465958465803145.jpg
INFO: [ app_init ] --START--
INFO: Run Behavior\BuildLiteBehavior [ RunTime:0.000027s ]
INFO: [ app_init ] --END-- [ RunTime:0.000635s ]

[ 2016-06-16T00:33:53+08:00 ] 127.0.0.1 /Uploads/image/20160615/1465955276107230.jpg
INFO: [ app_init ] --START--
INFO: Run Behavior\BuildLiteBehavior [ RunTime:0.000031s ]
INFO: [ app_init ] --END-- [ RunTime:0.000673s ]

[ 2016-06-16T00:33:53+08:00 ] 127.0.0.1 /Uploads/image/20160615/1465958691150353.jpg
INFO: [ app_init ] --START--
INFO: Run Behavior\BuildLiteBehavior [ RunTime:0.000032s ]
INFO: [ app_init ] --END-- [ RunTime:0.001098s ]

[ 2016-06-16T00:34:18+08:00 ] 127.0.0.1 /index.php?c=article&a=allArticle&page=1
INFO: [ app_init ] --START--
INFO: Run Behavior\BuildLiteBehavior [ RunTime:0.000034s ]
INFO: [ app_init ] --END-- [ RunTime:0.000416s ]
INFO: [ app_begin ] --START--
INFO: Run Behavior\ReadHtmlCacheBehavior [ RunTime:0.001120s ]
INFO: [ app_begin ] --END-- [ RunTime:0.001280s ]
SQL: SHOW COLUMNS FROM `article` [ RunTime:0.0791s ]
NOTIC: [8] Undefined variable: condition G:\CODE\kepuwang\Application\Main\Controller\ArticleController.class.php 第 32 行.
SQL: SELECT COUNT(*) AS tp_count FROM `article` LIMIT 1   [ RunTime:0.0768s ]
SQL: SELECT * FROM `article` WHERE (  status = 1  ) ORDER BY publishTime desc LIMIT 0,18   [ RunTime:2.0100s ]
INFO: [ app_end ] --START--
INFO: Run Behavior\ShowPageTraceBehavior [ RunTime:0.001112s ]
INFO: [ app_end ] --END-- [ RunTime:0.001256s ]

[ 2016-06-16T00:34:18+08:00 ] 127.0.0.1 /Uploads/image/20160615/1466004481237578.jpg
INFO: [ app_init ] --START--
INFO: Run Behavior\BuildLiteBehavior [ RunTime:0.000029s ]
INFO: [ app_init ] --END-- [ RunTime:0.000611s ]

[ 2016-06-16T00:34:18+08:00 ] 127.0.0.1 /Uploads/image/20160614/1465889125781241.jpg
INFO: [ app_init ] --START--
INFO: Run Behavior\BuildLiteBehavior [ RunTime:0.000025s ]
INFO: [ app_init ] --END-- [ RunTime:0.000584s ]

[ 2016-06-16T00:34:18+08:00 ] 127.0.0.1 /Uploads/image/20160614/1465875211909777.jpg
INFO: [ app_init ] --START--
INFO: Run Behavior\BuildLiteBehavior [ RunTime:0.000028s ]
INFO: [ app_init ] --END-- [ RunTime:0.000585s ]

[ 2016-06-16T00:34:18+08:00 ] 127.0.0.1 /Uploads/image/20160614/1465871197645950.jpg
INFO: [ app_init ] --START--
INFO: Run Behavior\BuildLiteBehavior [ RunTime:0.000025s ]
INFO: [ app_init ] --END-- [ RunTime:0.000556s ]

[ 2016-06-16T00:34:18+08:00 ] 127.0.0.1 /Uploads/image/20160614/1465835710970969.jpg
INFO: [ app_init ] --START--
INFO: Run Behavior\BuildLiteBehavior [ RunTime:0.000027s ]
INFO: [ app_init ] --END-- [ RunTime:0.000596s ]

[ 2016-06-16T00:34:18+08:00 ] 127.0.0.1 /Uploads/image/20160614/1465835066116400.jpg
INFO: [ app_init ] --START--
INFO: Run Behavior\BuildLiteBehavior [ RunTime:0.000029s ]
INFO: [ app_init ] --END-- [ RunTime:0.000662s ]

[ 2016-06-16T00:34:18+08:00 ] 127.0.0.1 /Uploads/image/20160614/1465836694138136.jpg
INFO: [ app_init ] --START--
INFO: Run Behavior\BuildLiteBehavior [ RunTime:0.000029s ]
INFO: [ app_init ] --END-- [ RunTime:0.000603s ]

[ 2016-06-16T00:34:18+08:00 ] 127.0.0.1 /Uploads/image/20160614/1465870119542200.jpg
INFO: [ app_init ] --START--
INFO: Run Behavior\BuildLiteBehavior [ RunTime:0.000031s ]
INFO: [ app_init ] --END-- [ RunTime:0.000648s ]

[ 2016-06-16T00:34:18+08:00 ] 127.0.0.1 /Uploads/image/20160614/1465834586172514.jpg
INFO: [ app_init ] --START--
INFO: Run Behavior\BuildLiteBehavior [ RunTime:0.000033s ]
INFO: [ app_init ] --END-- [ RunTime:0.000776s ]

[ 2016-06-16T00:34:18+08:00 ] 127.0.0.1 /Uploads/image/20160613/1465827430675297.jpg
INFO: [ app_init ] --START--
INFO: Run Behavior\BuildLiteBehavior [ RunTime:0.000027s ]
INFO: [ app_init ] --END-- [ RunTime:0.000625s ]

[ 2016-06-16T00:34:18+08:00 ] 127.0.0.1 /Uploads/image/20160613/1465818283470423.jpg
INFO: [ app_init ] --START--
INFO: Run Behavior\BuildLiteBehavior [ RunTime:0.000028s ]
INFO: [ app_init ] --END-- [ RunTime:0.000624s ]

[ 2016-06-16T00:34:18+08:00 ] 127.0.0.1 /Uploads/image/20160613/1465816588482816.jpg
INFO: [ app_init ] --START--
INFO: Run Behavior\BuildLiteBehavior [ RunTime:0.000032s ]
INFO: [ app_init ] --END-- [ RunTime:0.000611s ]

[ 2016-06-16T00:34:18+08:00 ] 127.0.0.1 /Uploads/image/20160613/1465820326269292.jpg
INFO: [ app_init ] --START--
INFO: Run Behavior\BuildLiteBehavior [ RunTime:0.000027s ]
INFO: [ app_init ] --END-- [ RunTime:0.000584s ]

[ 2016-06-16T00:34:18+08:00 ] 127.0.0.1 /Uploads/image/20160612/1465718623542200.jpg
INFO: [ app_init ] --START--
INFO: Run Behavior\BuildLiteBehavior [ RunTime:0.000029s ]
INFO: [ app_init ] --END-- [ RunTime:0.000519s ]

[ 2016-06-16T00:34:18+08:00 ] 127.0.0.1 /Uploads/image/20160613/1465815076847295.jpg
INFO: [ app_init ] --START--
INFO: Run Behavior\BuildLiteBehavior [ RunTime:0.000027s ]
INFO: [ app_init ] --END-- [ RunTime:0.000581s ]

[ 2016-06-16T00:34:18+08:00 ] 127.0.0.1 /Uploads/image/20160612/1465747145626800.jpg
INFO: [ app_init ] --START--
INFO: Run Behavior\BuildLiteBehavior [ RunTime:0.000030s ]
INFO: [ app_init ] --END-- [ RunTime:0.000644s ]

[ 2016-06-16T00:34:18+08:00 ] 127.0.0.1 /Uploads/image/20160612/1465717388113806.jpg
INFO: [ app_init ] --START--
INFO: Run Behavior\BuildLiteBehavior [ RunTime:0.000065s ]
INFO: [ app_init ] --END-- [ RunTime:0.001440s ]

[ 2016-06-16T00:34:18+08:00 ] 127.0.0.1 /Uploads/image/20160611/1465634537346836.jpg
INFO: [ app_init ] --START--
INFO: Run Behavior\BuildLiteBehavior [ RunTime:0.000117s ]
INFO: [ app_init ] --END-- [ RunTime:0.001630s ]

[ 2016-06-16T00:34:32+08:00 ] 127.0.0.1 /index.php?c=article&a=allArticle&page=2
INFO: [ app_init ] --START--
INFO: Run Behavior\BuildLiteBehavior [ RunTime:0.000022s ]
INFO: [ app_init ] --END-- [ RunTime:0.000797s ]
INFO: [ app_begin ] --START--
INFO: Run Behavior\ReadHtmlCacheBehavior [ RunTime:0.000544s ]
INFO: [ app_begin ] --END-- [ RunTime:0.000605s ]
SQL: SHOW COLUMNS FROM `article` [ RunTime:0.0880s ]
NOTIC: [8] Undefined variable: condition G:\CODE\kepuwang\Application\Main\Controller\ArticleController.class.php 第 32 行.
SQL: SELECT COUNT(*) AS tp_count FROM `article` LIMIT 1   [ RunTime:0.0857s ]
SQL: SELECT * FROM `article` WHERE (  status = 1  ) ORDER BY publishTime desc LIMIT 18,36   [ RunTime:0.5209s ]
INFO: [ app_end ] --START--
INFO: Run Behavior\ShowPageTraceBehavior [ RunTime:0.001093s ]
INFO: [ app_end ] --END-- [ RunTime:0.001240s ]

[ 2016-06-16T00:34:32+08:00 ] 127.0.0.1 /Uploads/image/20160612/1465696513120781.jpg
INFO: [ app_init ] --START--
INFO: Run Behavior\BuildLiteBehavior [ RunTime:0.000026s ]
INFO: [ app_init ] --END-- [ RunTime:0.000523s ]

[ 2016-06-16T00:34:32+08:00 ] 127.0.0.1 /Uploads/image/20160612/1465661095725860.jpg
INFO: [ app_init ] --START--
INFO: Run Behavior\BuildLiteBehavior [ RunTime:0.000028s ]
INFO: [ app_init ] --END-- [ RunTime:0.000630s ]

[ 2016-06-16T00:34:32+08:00 ] 127.0.0.1 /Uploads/image/20160612/1465664925296488.jpg
INFO: [ app_init ] --START--
INFO: Run Behavior\BuildLiteBehavior [ RunTime:0.000026s ]
INFO: [ app_init ] --END-- [ RunTime:0.000562s ]

[ 2016-06-16T00:34:32+08:00 ] 127.0.0.1 /Uploads/image/20160612/1465694371406951.jpg
INFO: [ app_init ] --START--
INFO: Run Behavior\BuildLiteBehavior [ RunTime:0.000024s ]
INFO: [ app_init ] --END-- [ RunTime:0.000568s ]

[ 2016-06-16T00:34:32+08:00 ] 127.0.0.1 /Uploads/image/20160612/1465665678204443.jpg
INFO: [ app_init ] --START--
INFO: Run Behavior\BuildLiteBehavior [ RunTime:0.000026s ]
INFO: [ app_init ] --END-- [ RunTime:0.000632s ]

[ 2016-06-16T00:34:32+08:00 ] 127.0.0.1 /Uploads/image/20160612/1465664789761318.jpg
INFO: [ app_init ] --START--
INFO: Run Behavior\BuildLiteBehavior [ RunTime:0.000027s ]
INFO: [ app_init ] --END-- [ RunTime:0.000593s ]

[ 2016-06-16T00:34:32+08:00 ] 127.0.0.1 /Uploads/image/20160612/1465695531106942.jpg
INFO: [ app_init ] --START--
INFO: Run Behavior\BuildLiteBehavior [ RunTime:0.000028s ]
INFO: [ app_init ] --END-- [ RunTime:0.000648s ]

[ 2016-06-16T00:34:32+08:00 ] 127.0.0.1 /Uploads/image/20160612/1465693132462333.jpg
INFO: [ app_init ] --START--
INFO: Run Behavior\BuildLiteBehavior [ RunTime:0.000026s ]
INFO: [ app_init ] --END-- [ RunTime:0.000678s ]

[ 2016-06-16T00:34:40+08:00 ] 127.0.0.1 /index.php?c=article&a=allArticle&page=3
INFO: [ app_init ] --START--
INFO: Run Behavior\BuildLiteBehavior [ RunTime:0.000027s ]
INFO: [ app_init ] --END-- [ RunTime:0.000374s ]
INFO: [ app_begin ] --START--
INFO: Run Behavior\ReadHtmlCacheBehavior [ RunTime:0.000576s ]
INFO: [ app_begin ] --END-- [ RunTime:0.000650s ]
SQL: SHOW COLUMNS FROM `article` [ RunTime:0.0823s ]
NOTIC: [8] Undefined variable: condition G:\CODE\kepuwang\Application\Main\Controller\ArticleController.class.php 第 32 行.
SQL: SELECT COUNT(*) AS tp_count FROM `article` LIMIT 1   [ RunTime:0.0796s ]
SQL: SELECT * FROM `article` WHERE (  status = 1  ) ORDER BY publishTime desc LIMIT 36,54   [ RunTime:0.0804s ]
INFO: [ app_end ] --START--
INFO: Run Behavior\ShowPageTraceBehavior [ RunTime:0.000956s ]
INFO: [ app_end ] --END-- [ RunTime:0.001055s ]

[ 2016-06-16T00:35:11+08:00 ] 127.0.0.1 /
INFO: [ app_init ] --START--
INFO: Run Behavior\BuildLiteBehavior [ RunTime:0.000016s ]
INFO: [ app_init ] --END-- [ RunTime:0.000377s ]
INFO: [ app_begin ] --START--
INFO: Run Behavior\ReadHtmlCacheBehavior [ RunTime:0.000548s ]
INFO: [ app_begin ] --END-- [ RunTime:0.000614s ]
INFO: [ view_parse ] --START--
INFO: [ template_filter ] --START--
INFO: Run Behavior\ContentReplaceBehavior [ RunTime:0.000048s ]
INFO: [ template_filter ] --END-- [ RunTime:0.000123s ]
INFO: Run Behavior\ParseTemplateBehavior [ RunTime:0.007715s ]
INFO: [ view_parse ] --END-- [ RunTime:0.007803s ]
INFO: [ view_filter ] --START--
INFO: Run Behavior\WriteHtmlCacheBehavior [ RunTime:0.000370s ]
INFO: [ view_filter ] --END-- [ RunTime:0.000426s ]
INFO: [ app_end ] --START--
INFO: Run Behavior\ShowPageTraceBehavior [ RunTime:0.000577s ]
INFO: [ app_end ] --END-- [ RunTime:0.000635s ]

[ 2016-06-16T00:35:14+08:00 ] 127.0.0.1 /index.php?c=article&a=allArticle&page=1
INFO: [ app_init ] --START--
INFO: Run Behavior\BuildLiteBehavior [ RunTime:0.000018s ]
INFO: [ app_init ] --END-- [ RunTime:0.000426s ]
INFO: [ app_begin ] --START--
INFO: Run Behavior\ReadHtmlCacheBehavior [ RunTime:0.000621s ]
INFO: [ app_begin ] --END-- [ RunTime:0.000695s ]
SQL: SHOW COLUMNS FROM `article` [ RunTime:0.0803s ]
NOTIC: [8] Undefined variable: condition G:\CODE\kepuwang\Application\Main\Controller\ArticleController.class.php 第 32 行.
SQL: SELECT COUNT(*) AS tp_count FROM `article` LIMIT 1   [ RunTime:0.0766s ]
SQL: SELECT * FROM `article` WHERE (  status = 1  ) ORDER BY publishTime desc LIMIT 0,18   [ RunTime:1.6991s ]
INFO: [ app_end ] --START--
INFO: Run Behavior\ShowPageTraceBehavior [ RunTime:0.001239s ]
INFO: [ app_end ] --END-- [ RunTime:0.001408s ]

[ 2016-06-16T00:35:14+08:00 ] 127.0.0.1 /public/js/jquery.min.map
INFO: [ app_init ] --START--
INFO: Run Behavior\BuildLiteBehavior [ RunTime:0.000032s ]
INFO: [ app_init ] --END-- [ RunTime:0.000602s ]
INFO: [ app_begin ] --START--
INFO: Run Behavior\ReadHtmlCacheBehavior [ RunTime:0.000979s ]
INFO: [ app_begin ] --END-- [ RunTime:0.001112s ]
ERR: 无法加载控制器:Public

[ 2016-06-16T00:35:14+08:00 ] 127.0.0.1 /public/js/angular-route.min.js.map
INFO: [ app_init ] --START--
INFO: Run Behavior\BuildLiteBehavior [ RunTime:0.000029s ]
INFO: [ app_init ] --END-- [ RunTime:0.000594s ]
INFO: [ app_begin ] --START--
INFO: Run Behavior\ReadHtmlCacheBehavior [ RunTime:0.000937s ]
INFO: [ app_begin ] --END-- [ RunTime:0.001085s ]
ERR: 无法加载控制器:Public

[ 2016-06-16T00:35:14+08:00 ] 127.0.0.1 /Uploads/image/20160615/1466004481237578.jpg
INFO: [ app_init ] --START--
INFO: Run Behavior\BuildLiteBehavior [ RunTime:0.000029s ]
INFO: [ app_init ] --END-- [ RunTime:0.000860s ]

[ 2016-06-16T00:35:14+08:00 ] 127.0.0.1 /Uploads/image/20160614/1465889125781241.jpg
INFO: [ app_init ] --START--
INFO: Run Behavior\BuildLiteBehavior [ RunTime:0.000027s ]
INFO: [ app_init ] --END-- [ RunTime:0.001478s ]

[ 2016-06-16T00:35:14+08:00 ] 127.0.0.1 /Uploads/image/20160614/1465870119542200.jpg
INFO: [ app_init ] --START--
INFO: Run Behavior\BuildLiteBehavior [ RunTime:0.000026s ]
INFO: [ app_init ] --END-- [ RunTime:0.000662s ]

[ 2016-06-16T00:35:14+08:00 ] 127.0.0.1 /Uploads/image/20160614/1465875211909777.jpg
INFO: [ app_init ] --START--
INFO: Run Behavior\BuildLiteBehavior [ RunTime:0.000026s ]
INFO: [ app_init ] --END-- [ RunTime:0.000617s ]

[ 2016-06-16T00:35:14+08:00 ] 127.0.0.1 /Uploads/image/20160614/1465871197645950.jpg
INFO: [ app_init ] --START--
INFO: Run Behavior\BuildLiteBehavior [ RunTime:0.000029s ]
INFO: [ app_init ] --END-- [ RunTime:0.000659s ]

[ 2016-06-16T00:35:14+08:00 ] 127.0.0.1 /Uploads/image/20160614/1465836694138136.jpg
INFO: [ app_init ] --START--
INFO: Run Behavior\BuildLiteBehavior [ RunTime:0.000025s ]
INFO: [ app_init ] --END-- [ RunTime:0.000522s ]

[ 2016-06-16T00:35:14+08:00 ] 127.0.0.1 /Uploads/image/20160614/1465835066116400.jpg
INFO: [ app_init ] --START--
INFO: Run Behavior\BuildLiteBehavior [ RunTime:0.000028s ]
INFO: [ app_init ] --END-- [ RunTime:0.000599s ]

[ 2016-06-16T00:35:14+08:00 ] 127.0.0.1 /Uploads/image/20160613/1465827430675297.jpg
INFO: [ app_init ] --START--
INFO: Run Behavior\BuildLiteBehavior [ RunTime:0.000030s ]
INFO: [ app_init ] --END-- [ RunTime:0.000659s ]

[ 2016-06-16T00:35:14+08:00 ] 127.0.0.1 /Uploads/image/20160614/1465835710970969.jpg
INFO: [ app_init ] --START--
INFO: Run Behavior\BuildLiteBehavior [ RunTime:0.000030s ]
INFO: [ app_init ] --END-- [ RunTime:0.000616s ]

[ 2016-06-16T00:35:14+08:00 ] 127.0.0.1 /Uploads/image/20160612/1465747145626800.jpg
INFO: [ app_init ] --START--
INFO: Run Behavior\BuildLiteBehavior [ RunTime:0.000027s ]
INFO: [ app_init ] --END-- [ RunTime:0.000559s ]

[ 2016-06-16T00:35:14+08:00 ] 127.0.0.1 /Uploads/image/20160613/1465815076847295.jpg
INFO: [ app_init ] --START--
INFO: Run Behavior\BuildLiteBehavior [ RunTime:0.000027s ]
INFO: [ app_init ] --END-- [ RunTime:0.000626s ]

[ 2016-06-16T00:35:14+08:00 ] 127.0.0.1 /Uploads/image/20160613/1465816588482816.jpg
INFO: [ app_init ] --START--
INFO: Run Behavior\BuildLiteBehavior [ RunTime:0.000021s ]
INFO: [ app_init ] --END-- [ RunTime:0.000625s ]

[ 2016-06-16T00:35:14+08:00 ] 127.0.0.1 /Uploads/image/20160613/1465820326269292.jpg
INFO: [ app_init ] --START--
INFO: Run Behavior\BuildLiteBehavior [ RunTime:0.000027s ]
INFO: [ app_init ] --END-- [ RunTime:0.000685s ]

[ 2016-06-16T00:35:14+08:00 ] 127.0.0.1 /Uploads/image/20160614/1465834586172514.jpg
INFO: [ app_init ] --START--
INFO: Run Behavior\BuildLiteBehavior [ RunTime:0.000030s ]
INFO: [ app_init ] --END-- [ RunTime:0.000760s ]

[ 2016-06-16T00:35:14+08:00 ] 127.0.0.1 /Uploads/image/20160612/1465718623542200.jpg
INFO: [ app_init ] --START--
INFO: Run Behavior\BuildLiteBehavior [ RunTime:0.000029s ]
INFO: [ app_init ] --END-- [ RunTime:0.000538s ]

[ 2016-06-16T00:35:14+08:00 ] 127.0.0.1 /Uploads/image/20160611/1465634537346836.jpg
INFO: [ app_init ] --START--
INFO: Run Behavior\BuildLiteBehavior [ RunTime:0.000030s ]
INFO: [ app_init ] --END-- [ RunTime:0.000613s ]

[ 2016-06-16T00:35:14+08:00 ] 127.0.0.1 /Uploads/image/20160612/1465717388113806.jpg
INFO: [ app_init ] --START--
INFO: Run Behavior\BuildLiteBehavior [ RunTime:0.000035s ]
INFO: [ app_init ] --END-- [ RunTime:0.000736s ]

[ 2016-06-16T00:35:21+08:00 ] 127.0.0.1 /
INFO: [ app_init ] --START--
INFO: Run Behavior\BuildLiteBehavior [ RunTime:0.000032s ]
INFO: [ app_init ] --END-- [ RunTime:0.000928s ]
INFO: [ app_begin ] --START--
INFO: Run Behavior\ReadHtmlCacheBehavior [ RunTime:0.003801s ]
INFO: [ app_begin ] --END-- [ RunTime:0.004079s ]
INFO: [ view_parse ] --START--
INFO: [ template_filter ] --START--
INFO: Run Behavior\ContentReplaceBehavior [ RunTime:0.000045s ]
INFO: [ template_filter ] --END-- [ RunTime:0.000112s ]
INFO: Run Behavior\ParseTemplateBehavior [ RunTime:0.005781s ]
INFO: [ view_parse ] --END-- [ RunTime:0.005863s ]
INFO: [ view_filter ] --START--
INFO: Run Behavior\WriteHtmlCacheBehavior [ RunTime:0.000362s ]
INFO: [ view_filter ] --END-- [ RunTime:0.000417s ]
INFO: [ app_end ] --START--
INFO: Run Behavior\ShowPageTraceBehavior [ RunTime:0.000639s ]
INFO: [ app_end ] --END-- [ RunTime:0.000696s ]

[ 2016-06-16T00:35:22+08:00 ] 127.0.0.1 /public/js/jquery.min.map
INFO: [ app_init ] --START--
INFO: Run Behavior\BuildLiteBehavior [ RunTime:0.000031s ]
INFO: [ app_init ] --END-- [ RunTime:0.000718s ]
INFO: [ app_begin ] --START--
INFO: Run Behavior\ReadHtmlCacheBehavior [ RunTime:0.000971s ]
INFO: [ app_begin ] --END-- [ RunTime:0.001128s ]
ERR: 无法加载控制器:Public

[ 2016-06-16T00:35:22+08:00 ] 127.0.0.1 /public/js/angular-route.min.js.map
INFO: [ app_init ] --START--
INFO: Run Behavior\BuildLiteBehavior [ RunTime:0.000039s ]
INFO: [ app_init ] --END-- [ RunTime:0.000755s ]
INFO: [ app_begin ] --START--
INFO: Run Behavior\ReadHtmlCacheBehavior [ RunTime:0.001015s ]
INFO: [ app_begin ] --END-- [ RunTime:0.001143s ]
ERR: 无法加载控制器:Public

[ 2016-06-16T00:35:24+08:00 ] 127.0.0.1 /index.php?c=article&a=allArticle&page=1
INFO: [ app_init ] --START--
INFO: Run Behavior\BuildLiteBehavior [ RunTime:0.000031s ]
INFO: [ app_init ] --END-- [ RunTime:0.000695s ]
INFO: [ app_begin ] --START--
INFO: Run Behavior\ReadHtmlCacheBehavior [ RunTime:0.001512s ]
INFO: [ app_begin ] --END-- [ RunTime:0.001669s ]
SQL: SHOW COLUMNS FROM `article` [ RunTime:0.0742s ]
NOTIC: [8] Undefined variable: condition G:\CODE\kepuwang\Application\Main\Controller\ArticleController.class.php 第 32 行.
SQL: SELECT COUNT(*) AS tp_count FROM `article` LIMIT 1   [ RunTime:0.0719s ]
SQL: SELECT * FROM `article` WHERE (  status = 1  ) ORDER BY publishTime desc LIMIT 0,18   [ RunTime:1.2013s ]
INFO: [ app_end ] --START--
INFO: Run Behavior\ShowPageTraceBehavior [ RunTime:0.001295s ]
INFO: [ app_end ] --END-- [ RunTime:0.001437s ]

[ 2016-06-16T00:35:24+08:00 ] 127.0.0.1 /Uploads/image/20160614/1465889125781241.jpg
INFO: [ app_init ] --START--
INFO: Run Behavior\BuildLiteBehavior [ RunTime:0.000030s ]
INFO: [ app_init ] --END-- [ RunTime:0.000636s ]

[ 2016-06-16T00:35:24+08:00 ] 127.0.0.1 /Uploads/image/20160614/1465836694138136.jpg
INFO: [ app_init ] --START--
INFO: Run Behavior\BuildLiteBehavior [ RunTime:0.000026s ]
INFO: [ app_init ] --END-- [ RunTime:0.000591s ]

[ 2016-06-16T00:35:24+08:00 ] 127.0.0.1 /Uploads/image/20160614/1465875211909777.jpg
INFO: [ app_init ] --START--
INFO: Run Behavior\BuildLiteBehavior [ RunTime:0.000029s ]
INFO: [ app_init ] --END-- [ RunTime:0.000542s ]

[ 2016-06-16T00:35:24+08:00 ] 127.0.0.1 /Uploads/image/20160614/1465871197645950.jpg
INFO: [ app_init ] --START--
INFO: Run Behavior\BuildLiteBehavior [ RunTime:0.000028s ]
INFO: [ app_init ] --END-- [ RunTime:0.000636s ]

[ 2016-06-16T00:35:24+08:00 ] 127.0.0.1 /Uploads/image/20160614/1465870119542200.jpg
INFO: [ app_init ] --START--
INFO: Run Behavior\BuildLiteBehavior [ RunTime:0.000030s ]
INFO: [ app_init ] --END-- [ RunTime:0.000620s ]

[ 2016-06-16T00:35:24+08:00 ] 127.0.0.1 /Uploads/image/20160614/1465835066116400.jpg
INFO: [ app_init ] --START--
INFO: Run Behavior\BuildLiteBehavior [ RunTime:0.000071s ]
INFO: [ app_init ] --END-- [ RunTime:0.000806s ]

[ 2016-06-16T00:35:24+08:00 ] 127.0.0.1 /Uploads/image/20160614/1465835710970969.jpg
INFO: [ app_init ] --START--
INFO: Run Behavior\BuildLiteBehavior [ RunTime:0.000045s ]
INFO: [ app_init ] --END-- [ RunTime:0.000859s ]

[ 2016-06-16T00:35:24+08:00 ] 127.0.0.1 /Uploads/image/20160613/1465818283470423.jpg
INFO: [ app_init ] --START--
INFO: Run Behavior\BuildLiteBehavior [ RunTime:0.000027s ]
INFO: [ app_init ] --END-- [ RunTime:0.000641s ]

[ 2016-06-16T00:35:24+08:00 ] 127.0.0.1 /Uploads/image/20160614/1465834586172514.jpg
INFO: [ app_init ] --START--
INFO: Run Behavior\BuildLiteBehavior [ RunTime:0.000027s ]
INFO: [ app_init ] --END-- [ RunTime:0.000643s ]

[ 2016-06-16T00:35:24+08:00 ] 127.0.0.1 /Uploads/image/20160613/1465827430675297.jpg
INFO: [ app_init ] --START--
INFO: Run Behavior\BuildLiteBehavior [ RunTime:0.000350s ]
INFO: [ app_init ] --END-- [ RunTime:0.001124s ]

[ 2016-06-16T00:35:24+08:00 ] 127.0.0.1 /Uploads/image/20160613/1465816588482816.jpg
INFO: [ app_init ] --START--
INFO: Run Behavior\BuildLiteBehavior [ RunTime:0.000028s ]
INFO: [ app_init ] --END-- [ RunTime:0.000535s ]

[ 2016-06-16T00:35:24+08:00 ] 127.0.0.1 /Uploads/image/20160613/1465820326269292.jpg
INFO: [ app_init ] --START--
INFO: Run Behavior\BuildLiteBehavior [ RunTime:0.000026s ]
INFO: [ app_init ] --END-- [ RunTime:0.000614s ]

[ 2016-06-16T00:35:24+08:00 ] 127.0.0.1 /Uploads/image/20160613/1465815076847295.jpg
INFO: [ app_init ] --START--
INFO: Run Behavior\BuildLiteBehavior [ RunTime:0.000030s ]
INFO: [ app_init ] --END-- [ RunTime:0.000658s ]

[ 2016-06-16T00:35:24+08:00 ] 127.0.0.1 /Uploads/image/20160612/1465747145626800.jpg
INFO: [ app_init ] --START--
INFO: Run Behavior\BuildLiteBehavior [ RunTime:0.000037s ]
INFO: [ app_init ] --END-- [ RunTime:0.000826s ]

[ 2016-06-16T00:35:24+08:00 ] 127.0.0.1 /Uploads/image/20160615/1466004481237578.jpg
INFO: [ app_init ] --START--
INFO: Run Behavior\BuildLiteBehavior [ RunTime:0.000039s ]
INFO: [ app_init ] --END-- [ RunTime:0.016901s ]

[ 2016-06-16T00:35:24+08:00 ] 127.0.0.1 /Uploads/image/20160612/1465718623542200.jpg
INFO: [ app_init ] --START--
INFO: Run Behavior\BuildLiteBehavior [ RunTime:0.000030s ]
INFO: [ app_init ] --END-- [ RunTime:0.000539s ]

[ 2016-06-16T00:35:24+08:00 ] 127.0.0.1 /Uploads/image/20160612/1465717388113806.jpg
INFO: [ app_init ] --START--
INFO: Run Behavior\BuildLiteBehavior [ RunTime:0.000029s ]
INFO: [ app_init ] --END-- [ RunTime:0.000657s ]

[ 2016-06-16T00:35:24+08:00 ] 127.0.0.1 /Uploads/image/20160611/1465634537346836.jpg
INFO: [ app_init ] --START--
INFO: Run Behavior\BuildLiteBehavior [ RunTime:0.000029s ]
INFO: [ app_init ] --END-- [ RunTime:0.000670s ]

[ 2016-06-16T00:35:32+08:00 ] 127.0.0.1 /index.php?c=article&a=allArticle&page=3
INFO: [ app_init ] --START--
INFO: Run Behavior\BuildLiteBehavior [ RunTime:0.000016s ]
INFO: [ app_init ] --END-- [ RunTime:0.000356s ]
INFO: [ app_begin ] --START--
INFO: Run Behavior\ReadHtmlCacheBehavior [ RunTime:0.000542s ]
INFO: [ app_begin ] --END-- [ RunTime:0.000604s ]
SQL: SHOW COLUMNS FROM `article` [ RunTime:0.0791s ]
NOTIC: [8] Undefined variable: condition G:\CODE\kepuwang\Application\Main\Controller\ArticleController.class.php 第 32 行.
SQL: SELECT COUNT(*) AS tp_count FROM `article` LIMIT 1   [ RunTime:0.0763s ]
SQL: SELECT * FROM `article` WHERE (  status = 1  ) ORDER BY publishTime desc LIMIT 36,54   [ RunTime:0.0770s ]
INFO: [ app_end ] --START--
INFO: Run Behavior\ShowPageTraceBehavior [ RunTime:0.000813s ]
INFO: [ app_end ] --END-- [ RunTime:0.000883s ]

[ 2016-06-16T00:35:36+08:00 ] 127.0.0.1 /public/js/jquery.min.map
INFO: [ app_init ] --START--
INFO: Run Behavior\BuildLiteBehavior [ RunTime:0.000031s ]
INFO: [ app_init ] --END-- [ RunTime:0.000668s ]
INFO: [ app_begin ] --START--
INFO: Run Behavior\ReadHtmlCacheBehavior [ RunTime:0.000943s ]
INFO: [ app_begin ] --END-- [ RunTime:0.001062s ]
ERR: 无法加载控制器:Public

[ 2016-06-16T00:35:36+08:00 ] 127.0.0.1 /public/js/angular-route.min.js.map
INFO: [ app_init ] --START--
INFO: Run Behavior\BuildLiteBehavior [ RunTime:0.000032s ]
INFO: [ app_init ] --END-- [ RunTime:0.000658s ]
INFO: [ app_begin ] --START--
INFO: Run Behavior\ReadHtmlCacheBehavior [ RunTime:0.001037s ]
INFO: [ app_begin ] --END-- [ RunTime:0.001187s ]
ERR: 无法加载控制器:Public

[ 2016-06-16T00:35:46+08:00 ] 127.0.0.1 /index.php?c=article&a=allArticle&page=2
INFO: [ app_init ] --START--
INFO: Run Behavior\BuildLiteBehavior [ RunTime:0.000025s ]
INFO: [ app_init ] --END-- [ RunTime:0.000569s ]
INFO: [ app_begin ] --START--
INFO: Run Behavior\ReadHtmlCacheBehavior [ RunTime:0.000815s ]
INFO: [ app_begin ] --END-- [ RunTime:0.000915s ]
SQL: SHOW COLUMNS FROM `article` [ RunTime:0.0794s ]
NOTIC: [8] Undefined variable: condition G:\CODE\kepuwang\Application\Main\Controller\ArticleController.class.php 第 32 行.
SQL: SELECT COUNT(*) AS tp_count FROM `article` LIMIT 1   [ RunTime:0.0769s ]
SQL: SELECT * FROM `article` WHERE (  status = 1  ) ORDER BY publishTime desc LIMIT 18,36   [ RunTime:0.5481s ]
INFO: [ app_end ] --START--
INFO: Run Behavior\ShowPageTraceBehavior [ RunTime:0.001084s ]
INFO: [ app_end ] --END-- [ RunTime:0.001235s ]

[ 2016-06-16T00:35:46+08:00 ] 127.0.0.1 /Uploads/image/20160612/1465661095725860.jpg
INFO: [ app_init ] --START--
INFO: Run Behavior\BuildLiteBehavior [ RunTime:0.000031s ]
INFO: [ app_init ] --END-- [ RunTime:0.000628s ]

[ 2016-06-16T00:35:46+08:00 ] 127.0.0.1 /Uploads/image/20160612/1465664925296488.jpg
INFO: [ app_init ] --START--
INFO: Run Behavior\BuildLiteBehavior [ RunTime:0.000030s ]
INFO: [ app_init ] --END-- [ RunTime:0.001069s ]

[ 2016-06-16T00:35:46+08:00 ] 127.0.0.1 /Uploads/image/20160612/1465665678204443.jpg
INFO: [ app_init ] --START--
INFO: Run Behavior\BuildLiteBehavior [ RunTime:0.000029s ]
INFO: [ app_init ] --END-- [ RunTime:0.000529s ]

[ 2016-06-16T00:35:46+08:00 ] 127.0.0.1 /Uploads/image/20160612/1465664789761318.jpg
INFO: [ app_init ] --START--
INFO: Run Behavior\BuildLiteBehavior [ RunTime:0.000025s ]
INFO: [ app_init ] --END-- [ RunTime:0.000609s ]

[ 2016-06-16T00:35:46+08:00 ] 127.0.0.1 /Uploads/image/20160612/1465696513120781.jpg
INFO: [ app_init ] --START--
INFO: Run Behavior\BuildLiteBehavior [ RunTime:0.000029s ]
INFO: [ app_init ] --END-- [ RunTime:0.000606s ]

[ 2016-06-16T00:35:46+08:00 ] 127.0.0.1 /Uploads/image/20160612/1465694371406951.jpg
INFO: [ app_init ] --START--
INFO: Run Behavior\BuildLiteBehavior [ RunTime:0.000059s ]
INFO: [ app_init ] --END-- [ RunTime:0.000786s ]

[ 2016-06-16T00:35:46+08:00 ] 127.0.0.1 /Uploads/image/20160612/1465693132462333.jpg
INFO: [ app_init ] --START--
INFO: Run Behavior\BuildLiteBehavior [ RunTime:0.000018s ]
INFO: [ app_init ] --END-- [ RunTime:0.000407s ]

[ 2016-06-16T00:35:46+08:00 ] 127.0.0.1 /Uploads/image/20160612/1465695531106942.jpg
INFO: [ app_init ] --START--
INFO: Run Behavior\BuildLiteBehavior [ RunTime:0.000030s ]
INFO: [ app_init ] --END-- [ RunTime:0.000860s ]

[ 2016-06-16T00:35:46+08:00 ] 127.0.0.1 /index.php?c=article&a=allArticle&page=3
INFO: [ app_init ] --START--
INFO: Run Behavior\BuildLiteBehavior [ RunTime:0.000038s ]
INFO: [ app_init ] --END-- [ RunTime:0.000599s ]
INFO: [ app_begin ] --START--
INFO: Run Behavior\ReadHtmlCacheBehavior [ RunTime:0.000658s ]
INFO: [ app_begin ] --END-- [ RunTime:0.000732s ]
SQL: SHOW COLUMNS FROM `article` [ RunTime:0.0789s ]
NOTIC: [8] Undefined variable: condition G:\CODE\kepuwang\Application\Main\Controller\ArticleController.class.php 第 32 行.
SQL: SELECT COUNT(*) AS tp_count FROM `article` LIMIT 1   [ RunTime:0.0765s ]
SQL: SELECT * FROM `article` WHERE (  status = 1  ) ORDER BY publishTime desc LIMIT 36,54   [ RunTime:0.0775s ]
INFO: [ app_end ] --START--
INFO: Run Behavior\ShowPageTraceBehavior [ RunTime:0.000701s ]
INFO: [ app_end ] --END-- [ RunTime:0.000762s ]

[ 2016-06-16T00:36:20+08:00 ] 127.0.0.1 /index.php?c=article&a=allArticle&page=2
INFO: [ app_init ] --START--
INFO: Run Behavior\BuildLiteBehavior [ RunTime:0.000019s ]
INFO: [ app_init ] --END-- [ RunTime:0.000419s ]
INFO: [ app_begin ] --START--
INFO: Run Behavior\ReadHtmlCacheBehavior [ RunTime:0.000811s ]
INFO: [ app_begin ] --END-- [ RunTime:0.000906s ]
SQL: SHOW COLUMNS FROM `article` [ RunTime:0.0802s ]
NOTIC: [8] Undefined variable: condition G:\CODE\kepuwang\Application\Main\Controller\ArticleController.class.php 第 32 行.
SQL: SELECT COUNT(*) AS tp_count FROM `article` LIMIT 1   [ RunTime:0.0767s ]
SQL: SELECT * FROM `article` WHERE (  status = 1  ) ORDER BY publishTime desc LIMIT 18,36   [ RunTime:0.6987s ]
INFO: [ app_end ] --START--
INFO: Run Behavior\ShowPageTraceBehavior [ RunTime:0.001146s ]
INFO: [ app_end ] --END-- [ RunTime:0.001300s ]

[ 2016-06-16T00:36:22+08:00 ] 127.0.0.1 /index.php?c=article&a=allArticle&page=3
INFO: [ app_init ] --START--
INFO: Run Behavior\BuildLiteBehavior [ RunTime:0.000031s ]
INFO: [ app_init ] --END-- [ RunTime:0.000568s ]
INFO: [ app_begin ] --START--
INFO: Run Behavior\ReadHtmlCacheBehavior [ RunTime:0.001118s ]
INFO: [ app_begin ] --END-- [ RunTime:0.001254s ]
SQL: SHOW COLUMNS FROM `article` [ RunTime:0.0838s ]
NOTIC: [8] Undefined variable: condition G:\CODE\kepuwang\Application\Main\Controller\ArticleController.class.php 第 32 行.
SQL: SELECT COUNT(*) AS tp_count FROM `article` LIMIT 1   [ RunTime:0.0798s ]
SQL: SELECT * FROM `article` WHERE (  status = 1  ) ORDER BY publishTime desc LIMIT 36,54   [ RunTime:0.0804s ]
INFO: [ app_end ] --START--
INFO: Run Behavior\ShowPageTraceBehavior [ RunTime:0.000704s ]
INFO: [ app_end ] --END-- [ RunTime:0.000763s ]

[ 2016-06-16T00:36:52+08:00 ] 127.0.0.1 /
INFO: [ app_init ] --START--
INFO: Run Behavior\BuildLiteBehavior [ RunTime:0.000032s ]
INFO: [ app_init ] --END-- [ RunTime:0.001223s ]
INFO: [ app_begin ] --START--
INFO: Run Behavior\ReadHtmlCacheBehavior [ RunTime:0.001160s ]
INFO: [ app_begin ] --END-- [ RunTime:0.001297s ]
INFO: [ view_parse ] --START--
INFO: [ template_filter ] --START--
INFO: Run Behavior\ContentReplaceBehavior [ RunTime:0.000052s ]
INFO: [ template_filter ] --END-- [ RunTime:0.000135s ]
INFO: Run Behavior\ParseTemplateBehavior [ RunTime:0.012077s ]
INFO: [ view_parse ] --END-- [ RunTime:0.012212s ]
INFO: [ view_filter ] --START--
INFO: Run Behavior\WriteHtmlCacheBehavior [ RunTime:0.000553s ]
INFO: [ view_filter ] --END-- [ RunTime:0.000628s ]
INFO: [ app_end ] --START--
INFO: Run Behavior\ShowPageTraceBehavior [ RunTime:0.000711s ]
INFO: [ app_end ] --END-- [ RunTime:0.000793s ]

[ 2016-06-16T00:36:52+08:00 ] 127.0.0.1 /public/js/jquery.min.map
INFO: [ app_init ] --START--
INFO: Run Behavior\BuildLiteBehavior [ RunTime:0.000045s ]
INFO: [ app_init ] --END-- [ RunTime:0.000685s ]
INFO: [ app_begin ] --START--
INFO: Run Behavior\ReadHtmlCacheBehavior [ RunTime:0.000902s ]
INFO: [ app_begin ] --END-- [ RunTime:0.001032s ]
ERR: 无法加载控制器:Public

[ 2016-06-16T00:36:53+08:00 ] 127.0.0.1 /public/js/angular-route.min.js.map
INFO: [ app_init ] --START--
INFO: Run Behavior\BuildLiteBehavior [ RunTime:0.000028s ]
INFO: [ app_init ] --END-- [ RunTime:0.000667s ]
INFO: [ app_begin ] --START--
INFO: Run Behavior\ReadHtmlCacheBehavior [ RunTime:0.001053s ]
INFO: [ app_begin ] --END-- [ RunTime:0.001190s ]
ERR: 无法加载控制器:Public

[ 2016-06-16T00:36:55+08:00 ] 127.0.0.1 /index.php?c=article&a=allArticle&page=1
INFO: [ app_init ] --START--
INFO: Run Behavior\BuildLiteBehavior [ RunTime:0.000033s ]
INFO: [ app_init ] --END-- [ RunTime:0.000725s ]
INFO: [ app_begin ] --START--
INFO: Run Behavior\ReadHtmlCacheBehavior [ RunTime:0.001003s ]
INFO: [ app_begin ] --END-- [ RunTime:0.001135s ]
SQL: SHOW COLUMNS FROM `article` [ RunTime:0.0804s ]
SQL: SELECT COUNT(*) AS tp_count FROM `article` WHERE (  status = 1  ) LIMIT 1   [ RunTime:0.0842s ]
SQL: SELECT * FROM `article` WHERE (  status = 1  ) ORDER BY publishTime desc LIMIT 0,18   [ RunTime:1.5783s ]
INFO: [ app_end ] --START--
INFO: Run Behavior\ShowPageTraceBehavior [ RunTime:0.001153s ]
INFO: [ app_end ] --END-- [ RunTime:0.001295s ]

[ 2016-06-16T00:36:55+08:00 ] 127.0.0.1 /Uploads/image/20160614/1465889125781241.jpg
INFO: [ app_init ] --START--
INFO: Run Behavior\BuildLiteBehavior [ RunTime:0.000030s ]
INFO: [ app_init ] --END-- [ RunTime:0.000582s ]

[ 2016-06-16T00:36:55+08:00 ] 127.0.0.1 /Uploads/image/20160614/1465836694138136.jpg
INFO: [ app_init ] --START--
INFO: Run Behavior\BuildLiteBehavior [ RunTime:0.000027s ]
INFO: [ app_init ] --END-- [ RunTime:0.000742s ]

[ 2016-06-16T00:36:55+08:00 ] 127.0.0.1 /Uploads/image/20160614/1465875211909777.jpg
INFO: [ app_init ] --START--
INFO: Run Behavior\BuildLiteBehavior [ RunTime:0.000027s ]
INFO: [ app_init ] --END-- [ RunTime:0.000569s ]

[ 2016-06-16T00:36:55+08:00 ] 127.0.0.1 /Uploads/image/20160615/1466004481237578.jpg
INFO: [ app_init ] --START--
INFO: Run Behavior\BuildLiteBehavior [ RunTime:0.000026s ]
INFO: [ app_init ] --END-- [ RunTime:0.000607s ]

[ 2016-06-16T00:36:55+08:00 ] 127.0.0.1 /Uploads/image/20160614/1465871197645950.jpg
INFO: [ app_init ] --START--
INFO: Run Behavior\BuildLiteBehavior [ RunTime:0.000029s ]
INFO: [ app_init ] --END-- [ RunTime:0.000643s ]

[ 2016-06-16T00:36:55+08:00 ] 127.0.0.1 /Uploads/image/20160614/1465870119542200.jpg
INFO: [ app_init ] --START--
INFO: Run Behavior\BuildLiteBehavior [ RunTime:0.000025s ]
INFO: [ app_init ] --END-- [ RunTime:0.000570s ]

[ 2016-06-16T00:36:55+08:00 ] 127.0.0.1 /Uploads/image/20160614/1465835066116400.jpg
INFO: [ app_init ] --START--
INFO: Run Behavior\BuildLiteBehavior [ RunTime:0.000035s ]
INFO: [ app_init ] --END-- [ RunTime:0.000732s ]

[ 2016-06-16T00:36:55+08:00 ] 127.0.0.1 /Uploads/image/20160613/1465827430675297.jpg
INFO: [ app_init ] --START--
INFO: Run Behavior\BuildLiteBehavior [ RunTime:0.000030s ]
INFO: [ app_init ] --END-- [ RunTime:0.000604s ]

[ 2016-06-16T00:36:55+08:00 ] 127.0.0.1 /Uploads/image/20160614/1465835710970969.jpg
INFO: [ app_init ] --START--
INFO: Run Behavior\BuildLiteBehavior [ RunTime:0.000028s ]
INFO: [ app_init ] --END-- [ RunTime:0.000620s ]

[ 2016-06-16T00:36:55+08:00 ] 127.0.0.1 /Uploads/image/20160613/1465816588482816.jpg
INFO: [ app_init ] --START--
INFO: Run Behavior\BuildLiteBehavior [ RunTime:0.000028s ]
INFO: [ app_init ] --END-- [ RunTime:0.000524s ]

[ 2016-06-16T00:36:55+08:00 ] 127.0.0.1 /Uploads/image/20160613/1465820326269292.jpg
INFO: [ app_init ] --START--
INFO: Run Behavior\BuildLiteBehavior [ RunTime:0.000032s ]
INFO: [ app_init ] --END-- [ RunTime:0.000639s ]

[ 2016-06-16T00:36:55+08:00 ] 127.0.0.1 /Uploads/image/20160613/1465818283470423.jpg
INFO: [ app_init ] --START--
INFO: Run Behavior\BuildLiteBehavior [ RunTime:0.000030s ]
INFO: [ app_init ] --END-- [ RunTime:0.000665s ]

[ 2016-06-16T00:36:55+08:00 ] 127.0.0.1 /Uploads/image/20160613/1465815076847295.jpg
INFO: [ app_init ] --START--
INFO: Run Behavior\BuildLiteBehavior [ RunTime:0.000029s ]
INFO: [ app_init ] --END-- [ RunTime:0.000779s ]

[ 2016-06-16T00:36:55+08:00 ] 127.0.0.1 /Uploads/image/20160614/1465834586172514.jpg
INFO: [ app_init ] --START--
INFO: Run Behavior\BuildLiteBehavior [ RunTime:0.000037s ]
INFO: [ app_init ] --END-- [ RunTime:0.000752s ]

[ 2016-06-16T00:36:55+08:00 ] 127.0.0.1 /Uploads/image/20160611/1465634537346836.jpg
INFO: [ app_init ] --START--
INFO: Run Behavior\BuildLiteBehavior [ RunTime:0.000031s ]
INFO: [ app_init ] --END-- [ RunTime:0.000681s ]

[ 2016-06-16T00:36:55+08:00 ] 127.0.0.1 /Uploads/image/20160612/1465717388113806.jpg
INFO: [ app_init ] --START--
INFO: Run Behavior\BuildLiteBehavior [ RunTime:0.000026s ]
INFO: [ app_init ] --END-- [ RunTime:0.000556s ]

[ 2016-06-16T00:36:55+08:00 ] 127.0.0.1 /Uploads/image/20160612/1465747145626800.jpg
INFO: [ app_init ] --START--
INFO: Run Behavior\BuildLiteBehavior [ RunTime:0.000029s ]
INFO: [ app_init ] --END-- [ RunTime:0.000965s ]

[ 2016-06-16T00:36:55+08:00 ] 127.0.0.1 /Uploads/image/20160612/1465718623542200.jpg
INFO: [ app_init ] --START--
INFO: Run Behavior\BuildLiteBehavior [ RunTime:0.000096s ]
INFO: [ app_init ] --END-- [ RunTime:0.001291s ]

[ 2016-06-16T00:37:00+08:00 ] 127.0.0.1 /index.php?c=article&a=allArticle&page=2
INFO: [ app_init ] --START--
INFO: Run Behavior\BuildLiteBehavior [ RunTime:0.000020s ]
INFO: [ app_init ] --END-- [ RunTime:0.000487s ]
INFO: [ app_begin ] --START--
INFO: Run Behavior\ReadHtmlCacheBehavior [ RunTime:0.001267s ]
INFO: [ app_begin ] --END-- [ RunTime:0.001420s ]
SQL: SHOW COLUMNS FROM `article` [ RunTime:0.0796s ]
SQL: SELECT COUNT(*) AS tp_count FROM `article` WHERE (  status = 1  ) LIMIT 1   [ RunTime:0.0781s ]
SQL: SELECT * FROM `article` WHERE (  status = 1  ) ORDER BY publishTime desc LIMIT 18,36   [ RunTime:0.4700s ]
INFO: [ app_end ] --START--
INFO: Run Behavior\ShowPageTraceBehavior [ RunTime:0.001094s ]
INFO: [ app_end ] --END-- [ RunTime:0.001237s ]

[ 2016-06-16T00:37:00+08:00 ] 127.0.0.1 /Uploads/image/20160612/1465694371406951.jpg
INFO: [ app_init ] --START--
INFO: Run Behavior\BuildLiteBehavior [ RunTime:0.000031s ]
INFO: [ app_init ] --END-- [ RunTime:0.000529s ]

[ 2016-06-16T00:37:00+08:00 ] 127.0.0.1 /Uploads/image/20160612/1465661095725860.jpg
INFO: [ app_init ] --START--
INFO: Run Behavior\BuildLiteBehavior [ RunTime:0.000027s ]
INFO: [ app_init ] --END-- [ RunTime:0.000577s ]

[ 2016-06-16T00:37:00+08:00 ] 127.0.0.1 /Uploads/image/20160612/1465665678204443.jpg
INFO: [ app_init ] --START--
INFO: Run Behavior\BuildLiteBehavior [ RunTime:0.000031s ]
INFO: [ app_init ] --END-- [ RunTime:0.000740s ]

[ 2016-06-16T00:37:00+08:00 ] 127.0.0.1 /Uploads/image/20160612/1465664789761318.jpg
INFO: [ app_init ] --START--
INFO: Run Behavior\BuildLiteBehavior [ RunTime:0.000028s ]
INFO: [ app_init ] --END-- [ RunTime:0.000615s ]

[ 2016-06-16T00:37:00+08:00 ] 127.0.0.1 /Uploads/image/20160612/1465696513120781.jpg
INFO: [ app_init ] --START--
INFO: Run Behavior\BuildLiteBehavior [ RunTime:0.000027s ]
INFO: [ app_init ] --END-- [ RunTime:0.000559s ]

[ 2016-06-16T00:37:00+08:00 ] 127.0.0.1 /Uploads/image/20160612/1465693132462333.jpg
INFO: [ app_init ] --START--
INFO: Run Behavior\BuildLiteBehavior [ RunTime:0.000055s ]
INFO: [ app_init ] --END-- [ RunTime:0.001387s ]

[ 2016-06-16T00:37:00+08:00 ] 127.0.0.1 /Uploads/image/20160612/1465664925296488.jpg
INFO: [ app_init ] --START--
INFO: Run Behavior\BuildLiteBehavior [ RunTime:0.000031s ]
INFO: [ app_init ] --END-- [ RunTime:0.012801s ]

[ 2016-06-16T00:37:00+08:00 ] 127.0.0.1 /Uploads/image/20160612/1465695531106942.jpg
INFO: [ app_init ] --START--
INFO: Run Behavior\BuildLiteBehavior [ RunTime:0.000033s ]
INFO: [ app_init ] --END-- [ RunTime:0.000733s ]

