[ 2016-06-18T10:49:31+08:00 ] 127.0.0.1 /
INFO: [ app_init ] --START--
INFO: Run Behavior\BuildLiteBehavior [ RunTime:0.000020s ]
INFO: [ app_init ] --END-- [ RunTime:0.008796s ]
INFO: [ app_begin ] --START--
INFO: Run Behavior\ReadHtmlCacheBehavior [ RunTime:0.009212s ]
INFO: [ app_begin ] --END-- [ RunTime:0.009298s ]
INFO: [ view_parse ] --START--
INFO: [ template_filter ] --START--
INFO: Run Behavior\ContentReplaceBehavior [ RunTime:0.000079s ]
INFO: [ template_filter ] --END-- [ RunTime:0.000202s ]
INFO: Run Behavior\ParseTemplateBehavior [ RunTime:0.130042s ]
INFO: [ view_parse ] --END-- [ RunTime:0.130146s ]
INFO: [ view_filter ] --START--
INFO: Run Behavior\WriteHtmlCacheBehavior [ RunTime:0.007506s ]
INFO: [ view_filter ] --END-- [ RunTime:0.007590s ]
INFO: [ app_end ] --START--
INFO: Run Behavior\ShowPageTraceBehavior [ RunTime:0.008095s ]
INFO: [ app_end ] --END-- [ RunTime:0.008199s ]

[ 2016-06-18T10:49:32+08:00 ] 127.0.0.1 /index
INFO: [ app_init ] --START--
INFO: Run Behavior\BuildLiteBehavior [ RunTime:0.000019s ]
INFO: [ app_init ] --END-- [ RunTime:0.000478s ]
INFO: [ app_begin ] --START--
INFO: Run Behavior\ReadHtmlCacheBehavior [ RunTime:0.000657s ]
INFO: [ app_begin ] --END-- [ RunTime:0.000732s ]
INFO: [ view_parse ] --START--
INFO: [ template_filter ] --START--
INFO: Run Behavior\ContentReplaceBehavior [ RunTime:0.000052s ]
INFO: [ template_filter ] --END-- [ RunTime:0.000139s ]
INFO: Run Behavior\ParseTemplateBehavior [ RunTime:0.008660s ]
INFO: [ view_parse ] --END-- [ RunTime:0.008817s ]
INFO: [ view_filter ] --START--
INFO: Run Behavior\WriteHtmlCacheBehavior [ RunTime:0.000560s ]
INFO: [ view_filter ] --END-- [ RunTime:0.000644s ]
INFO: [ app_end ] --START--
INFO: Run Behavior\ShowPageTraceBehavior [ RunTime:0.000938s ]
INFO: [ app_end ] --END-- [ RunTime:0.001025s ]

[ 2016-06-18T10:49:32+08:00 ] 127.0.0.1 /favicon.ico
INFO: [ app_init ] --START--
INFO: Run Behavior\BuildLiteBehavior [ RunTime:0.000019s ]
INFO: [ app_init ] --END-- [ RunTime:0.000511s ]

[ 2016-06-18T10:49:39+08:00 ] 127.0.0.1 /index.php?c=documentary&a=allDocumentary&page=1
INFO: [ app_init ] --START--
INFO: Run Behavior\BuildLiteBehavior [ RunTime:0.000029s ]
INFO: [ app_init ] --END-- [ RunTime:0.000705s ]
INFO: [ app_begin ] --START--
INFO: Run Behavior\ReadHtmlCacheBehavior [ RunTime:0.000999s ]
INFO: [ app_begin ] --END-- [ RunTime:0.001130s ]
NOTIC: [8] Use of undefined constant status - assumed 'status' G:\CODE\kepuwang\Application\Main\Controller\DocumentaryController.class.php 第 14 行.
SQL: SHOW COLUMNS FROM `documentary` [ RunTime:0.0775s ]
SQL: SELECT COUNT(*) AS tp_count FROM `documentary` WHERE `status` = 1 LIMIT 1   [ RunTime:0.0750s ]
SQL: SELECT * FROM `documentary` WHERE `status` = 1 LIMIT 0,15   [ RunTime:0.1509s ]
SQL: SHOW COLUMNS FROM `sets` [ RunTime:0.0773s ]
SQL: SELECT * FROM `sets` WHERE ( documentaryId = 157 )  [ RunTime:0.0764s ]
SQL: SELECT * FROM `sets` WHERE ( documentaryId = 243 )  [ RunTime:0.0751s ]
INFO: [ app_end ] --START--
INFO: Run Behavior\ShowPageTraceBehavior [ RunTime:0.000879s ]
INFO: [ app_end ] --END-- [ RunTime:0.000962s ]

[ 2016-06-18T10:49:39+08:00 ] 127.0.0.1 /Uploads/image/20160617/1466176224843681.jpg
INFO: [ app_init ] --START--
INFO: Run Behavior\BuildLiteBehavior [ RunTime:0.000019s ]
INFO: [ app_init ] --END-- [ RunTime:0.000414s ]

[ 2016-06-18T10:49:39+08:00 ] 127.0.0.1 /Uploads/image/20160617/1466176112907109.jpg
INFO: [ app_init ] --START--
INFO: Run Behavior\BuildLiteBehavior [ RunTime:0.000029s ]
INFO: [ app_init ] --END-- [ RunTime:0.000665s ]

[ 2016-06-18T10:49:43+08:00 ] 127.0.0.1 /public/js/jquery.min.map
INFO: [ app_init ] --START--
INFO: Run Behavior\BuildLiteBehavior [ RunTime:0.000018s ]
INFO: [ app_init ] --END-- [ RunTime:0.000439s ]
INFO: [ app_begin ] --START--
INFO: Run Behavior\ReadHtmlCacheBehavior [ RunTime:0.000643s ]
INFO: [ app_begin ] --END-- [ RunTime:0.000728s ]
ERR: 无法加载控制器:Public

[ 2016-06-18T10:49:43+08:00 ] 127.0.0.1 /public/js/angular-route.min.js.map
INFO: [ app_init ] --START--
INFO: Run Behavior\BuildLiteBehavior [ RunTime:0.000026s ]
INFO: [ app_init ] --END-- [ RunTime:0.000587s ]
INFO: [ app_begin ] --START--
INFO: Run Behavior\ReadHtmlCacheBehavior [ RunTime:0.000970s ]
INFO: [ app_begin ] --END-- [ RunTime:0.001091s ]
ERR: 无法加载控制器:Public

[ 2016-06-18T10:49:44+08:00 ] 127.0.0.1 /index.php?c=documentary&a=setDetail&id=157&set=84
INFO: [ app_init ] --START--
INFO: Run Behavior\BuildLiteBehavior [ RunTime:0.000030s ]
INFO: [ app_init ] --END-- [ RunTime:0.000702s ]
INFO: [ app_begin ] --START--
INFO: Run Behavior\ReadHtmlCacheBehavior [ RunTime:0.001061s ]
INFO: [ app_begin ] --END-- [ RunTime:0.001200s ]
SQL: SHOW COLUMNS FROM `sets` [ RunTime:0.0803s ]
SQL: SELECT * FROM `sets` WHERE ( id =  84 ) LIMIT 1   [ RunTime:0.0780s ]
INFO: [ app_end ] --START--
INFO: Run Behavior\ShowPageTraceBehavior [ RunTime:0.000749s ]
INFO: [ app_end ] --END-- [ RunTime:0.000811s ]

[ 2016-06-18T10:50:15+08:00 ] 127.0.0.1 /index.php?c=documentary&a=setDetail&id=157&set=85
INFO: [ app_init ] --START--
INFO: Run Behavior\BuildLiteBehavior [ RunTime:0.000031s ]
INFO: [ app_init ] --END-- [ RunTime:0.000821s ]
INFO: [ app_begin ] --START--
INFO: Run Behavior\ReadHtmlCacheBehavior [ RunTime:0.001066s ]
INFO: [ app_begin ] --END-- [ RunTime:0.001188s ]
SQL: SHOW COLUMNS FROM `sets` [ RunTime:0.0812s ]
SQL: SELECT * FROM `sets` WHERE ( id =  85 ) LIMIT 1   [ RunTime:0.1591s ]
INFO: [ app_end ] --START--
INFO: Run Behavior\ShowPageTraceBehavior [ RunTime:0.001072s ]
INFO: [ app_end ] --END-- [ RunTime:0.001326s ]

[ 2016-06-18T10:50:16+08:00 ] 127.0.0.1 /public/js/jquery.min.map
INFO: [ app_init ] --START--
INFO: Run Behavior\BuildLiteBehavior [ RunTime:0.000031s ]
INFO: [ app_init ] --END-- [ RunTime:0.000651s ]
INFO: [ app_begin ] --START--
INFO: Run Behavior\ReadHtmlCacheBehavior [ RunTime:0.001018s ]
INFO: [ app_begin ] --END-- [ RunTime:0.001143s ]
ERR: 无法加载控制器:Public

[ 2016-06-18T10:50:16+08:00 ] 127.0.0.1 /public/js/angular-route.min.js.map
INFO: [ app_init ] --START--
INFO: Run Behavior\BuildLiteBehavior [ RunTime:0.000027s ]
INFO: [ app_init ] --END-- [ RunTime:0.000586s ]
INFO: [ app_begin ] --START--
INFO: Run Behavior\ReadHtmlCacheBehavior [ RunTime:0.000910s ]
INFO: [ app_begin ] --END-- [ RunTime:0.001032s ]
ERR: 无法加载控制器:Public

[ 2016-06-18T10:50:53+08:00 ] 127.0.0.1 /
INFO: [ app_init ] --START--
INFO: Run Behavior\BuildLiteBehavior [ RunTime:0.000015s ]
INFO: [ app_init ] --END-- [ RunTime:0.000412s ]
INFO: [ app_begin ] --START--
INFO: Run Behavior\ReadHtmlCacheBehavior [ RunTime:0.000544s ]
INFO: [ app_begin ] --END-- [ RunTime:0.000632s ]
INFO: [ view_parse ] --START--
INFO: [ template_filter ] --START--
INFO: Run Behavior\ContentReplaceBehavior [ RunTime:0.000052s ]
INFO: [ template_filter ] --END-- [ RunTime:0.000148s ]
INFO: Run Behavior\ParseTemplateBehavior [ RunTime:0.006823s ]
INFO: [ view_parse ] --END-- [ RunTime:0.006925s ]
INFO: [ view_filter ] --START--
INFO: Run Behavior\WriteHtmlCacheBehavior [ RunTime:0.000332s ]
INFO: [ view_filter ] --END-- [ RunTime:0.000384s ]
INFO: [ app_end ] --START--
INFO: Run Behavior\ShowPageTraceBehavior [ RunTime:0.000609s ]
INFO: [ app_end ] --END-- [ RunTime:0.000673s ]

[ 2016-06-18T10:50:53+08:00 ] 127.0.0.1 /public/js/jquery.min.map
INFO: [ app_init ] --START--
INFO: Run Behavior\BuildLiteBehavior [ RunTime:0.000020s ]
INFO: [ app_init ] --END-- [ RunTime:0.000431s ]
INFO: [ app_begin ] --START--
INFO: Run Behavior\ReadHtmlCacheBehavior [ RunTime:0.000838s ]
INFO: [ app_begin ] --END-- [ RunTime:0.000975s ]
ERR: 无法加载控制器:Public

[ 2016-06-18T10:50:55+08:00 ] 127.0.0.1 /index.php?c=documentary&a=setDetail&id=157&set=85
INFO: [ app_init ] --START--
INFO: Run Behavior\BuildLiteBehavior [ RunTime:0.000026s ]
INFO: [ app_init ] --END-- [ RunTime:0.000617s ]
INFO: [ app_begin ] --START--
INFO: Run Behavior\ReadHtmlCacheBehavior [ RunTime:0.000998s ]
INFO: [ app_begin ] --END-- [ RunTime:0.001135s ]
SQL: SHOW COLUMNS FROM `sets` [ RunTime:0.0771s ]
SQL: SELECT * FROM `sets` WHERE ( id =  85 ) LIMIT 1   [ RunTime:0.1510s ]
INFO: [ app_end ] --START--
INFO: Run Behavior\ShowPageTraceBehavior [ RunTime:0.000696s ]
INFO: [ app_end ] --END-- [ RunTime:0.000772s ]

[ 2016-06-18T10:50:55+08:00 ] 127.0.0.1 /public/js/angular-route.min.js.map
INFO: [ app_init ] --START--
INFO: Run Behavior\BuildLiteBehavior [ RunTime:0.000051s ]
INFO: [ app_init ] --END-- [ RunTime:0.000702s ]
INFO: [ app_begin ] --START--
INFO: Run Behavior\ReadHtmlCacheBehavior [ RunTime:0.000952s ]
INFO: [ app_begin ] --END-- [ RunTime:0.001080s ]
ERR: 无法加载控制器:Public

[ 2016-06-18T10:51:38+08:00 ] 127.0.0.1 /public/js/jquery.min.map
INFO: [ app_init ] --START--
INFO: Run Behavior\BuildLiteBehavior [ RunTime:0.000029s ]
INFO: [ app_init ] --END-- [ RunTime:0.000560s ]
INFO: [ app_begin ] --START--
INFO: Run Behavior\ReadHtmlCacheBehavior [ RunTime:0.000685s ]
INFO: [ app_begin ] --END-- [ RunTime:0.000766s ]
ERR: 无法加载控制器:Public

[ 2016-06-18T10:51:38+08:00 ] 127.0.0.1 /public/js/angular-route.min.js.map
INFO: [ app_init ] --START--
INFO: Run Behavior\BuildLiteBehavior [ RunTime:0.000031s ]
INFO: [ app_init ] --END-- [ RunTime:0.000680s ]
INFO: [ app_begin ] --START--
INFO: Run Behavior\ReadHtmlCacheBehavior [ RunTime:0.001129s ]
INFO: [ app_begin ] --END-- [ RunTime:0.001275s ]
ERR: 无法加载控制器:Public

[ 2016-06-18T10:51:59+08:00 ] 127.0.0.1 /public/js/jquery.min.map
INFO: [ app_init ] --START--
INFO: Run Behavior\BuildLiteBehavior [ RunTime:0.000030s ]
INFO: [ app_init ] --END-- [ RunTime:0.000669s ]
INFO: [ app_begin ] --START--
INFO: Run Behavior\ReadHtmlCacheBehavior [ RunTime:0.001141s ]
INFO: [ app_begin ] --END-- [ RunTime:0.001274s ]
ERR: 无法加载控制器:Public

[ 2016-06-18T10:51:59+08:00 ] 127.0.0.1 /public/js/angular-route.min.js.map
INFO: [ app_init ] --START--
INFO: Run Behavior\BuildLiteBehavior [ RunTime:0.000023s ]
INFO: [ app_init ] --END-- [ RunTime:0.000518s ]
INFO: [ app_begin ] --START--
INFO: Run Behavior\ReadHtmlCacheBehavior [ RunTime:0.000854s ]
INFO: [ app_begin ] --END-- [ RunTime:0.000964s ]
ERR: 无法加载控制器:Public

[ 2016-06-18T10:52:34+08:00 ] 127.0.0.1 /
INFO: [ app_init ] --START--
INFO: Run Behavior\BuildLiteBehavior [ RunTime:0.000016s ]
INFO: [ app_init ] --END-- [ RunTime:0.000379s ]
INFO: [ app_begin ] --START--
INFO: Run Behavior\ReadHtmlCacheBehavior [ RunTime:0.000613s ]
INFO: [ app_begin ] --END-- [ RunTime:0.000679s ]
INFO: [ view_parse ] --START--
INFO: [ template_filter ] --START--
INFO: Run Behavior\ContentReplaceBehavior [ RunTime:0.000102s ]
INFO: [ template_filter ] --END-- [ RunTime:0.000250s ]
INFO: Run Behavior\ParseTemplateBehavior [ RunTime:0.007277s ]
INFO: [ view_parse ] --END-- [ RunTime:0.007376s ]
INFO: [ view_filter ] --START--
INFO: Run Behavior\WriteHtmlCacheBehavior [ RunTime:0.000393s ]
INFO: [ view_filter ] --END-- [ RunTime:0.000445s ]
INFO: [ app_end ] --START--
INFO: Run Behavior\ShowPageTraceBehavior [ RunTime:0.000614s ]
INFO: [ app_end ] --END-- [ RunTime:0.000687s ]

[ 2016-06-18T10:52:35+08:00 ] 127.0.0.1 /public/js/jquery.min.map
INFO: [ app_init ] --START--
INFO: Run Behavior\BuildLiteBehavior [ RunTime:0.000031s ]
INFO: [ app_init ] --END-- [ RunTime:0.000718s ]
INFO: [ app_begin ] --START--
INFO: Run Behavior\ReadHtmlCacheBehavior [ RunTime:0.001778s ]
INFO: [ app_begin ] --END-- [ RunTime:0.001929s ]
ERR: 无法加载控制器:Public

[ 2016-06-18T10:52:35+08:00 ] 127.0.0.1 /public/js/angular-route.min.js.map
INFO: [ app_init ] --START--
INFO: Run Behavior\BuildLiteBehavior [ RunTime:0.000031s ]
INFO: [ app_init ] --END-- [ RunTime:0.000686s ]
INFO: [ app_begin ] --START--
INFO: Run Behavior\ReadHtmlCacheBehavior [ RunTime:0.001386s ]
INFO: [ app_begin ] --END-- [ RunTime:0.001871s ]
ERR: 无法加载控制器:Public

[ 2016-06-18T10:52:36+08:00 ] 127.0.0.1 /index.php?c=documentary&a=setDetail&id=157&set=85
INFO: [ app_init ] --START--
INFO: Run Behavior\BuildLiteBehavior [ RunTime:0.000029s ]
INFO: [ app_init ] --END-- [ RunTime:0.000587s ]
INFO: [ app_begin ] --START--
INFO: Run Behavior\ReadHtmlCacheBehavior [ RunTime:0.001038s ]
INFO: [ app_begin ] --END-- [ RunTime:0.001164s ]
SQL: SHOW COLUMNS FROM `sets` [ RunTime:0.0796s ]
SQL: SELECT * FROM `sets` WHERE ( id =  85 ) LIMIT 1   [ RunTime:0.1572s ]
INFO: [ app_end ] --START--
INFO: Run Behavior\ShowPageTraceBehavior [ RunTime:0.000760s ]
INFO: [ app_end ] --END-- [ RunTime:0.000831s ]

[ 2016-06-18T10:52:41+08:00 ] 127.0.0.1 /index.php?c=video&a=allVideo&page=1
INFO: [ app_init ] --START--
INFO: Run Behavior\BuildLiteBehavior [ RunTime:0.000021s ]
INFO: [ app_init ] --END-- [ RunTime:0.000512s ]
INFO: [ app_begin ] --START--
INFO: Run Behavior\ReadHtmlCacheBehavior [ RunTime:0.000532s ]
INFO: [ app_begin ] --END-- [ RunTime:0.000631s ]
NOTIC: [8] Use of undefined constant type - assumed 'type' G:\CODE\kepuwang\Application\Main\Controller\VideoController.class.php 第 15 行.
NOTIC: [8] Use of undefined constant status - assumed 'status' G:\CODE\kepuwang\Application\Main\Controller\VideoController.class.php 第 16 行.
SQL: SHOW COLUMNS FROM `video` [ RunTime:0.0808s ]
SQL: SELECT COUNT(*) AS tp_count FROM `video` WHERE `type` = 3 AND `status` = 1 LIMIT 1   [ RunTime:0.0782s ]
SQL: SELECT * FROM `video` WHERE `type` = 3 AND `status` = 1 ORDER BY publishTime desc LIMIT 0,18   [ RunTime:0.2380s ]
INFO: [ app_end ] --START--
INFO: Run Behavior\ShowPageTraceBehavior [ RunTime:0.001006s ]
INFO: [ app_end ] --END-- [ RunTime:0.001119s ]

[ 2016-06-18T10:52:41+08:00 ] 127.0.0.1 /Uploads/image/20160616/1466091547830169.jpg
INFO: [ app_init ] --START--
INFO: Run Behavior\BuildLiteBehavior [ RunTime:0.000027s ]
INFO: [ app_init ] --END-- [ RunTime:0.000534s ]

[ 2016-06-18T10:52:41+08:00 ] 127.0.0.1 /Uploads/image/20160616/1466085319106116.jpg
INFO: [ app_init ] --START--
INFO: Run Behavior\BuildLiteBehavior [ RunTime:0.000027s ]
INFO: [ app_init ] --END-- [ RunTime:0.001256s ]

[ 2016-06-18T10:52:41+08:00 ] 127.0.0.1 /Uploads/image/20160615/1465959026459794.jpg
INFO: [ app_init ] --START--
INFO: Run Behavior\BuildLiteBehavior [ RunTime:0.000030s ]
INFO: [ app_init ] --END-- [ RunTime:0.000689s ]

[ 2016-06-18T10:52:41+08:00 ] 127.0.0.1 /Uploads/image/20160615/1465958691150353.jpg
INFO: [ app_init ] --START--
INFO: Run Behavior\BuildLiteBehavior [ RunTime:0.000028s ]
INFO: [ app_init ] --END-- [ RunTime:0.000656s ]

[ 2016-06-18T10:52:41+08:00 ] 127.0.0.1 /Uploads/image/20160615/1465955276107230.jpg
INFO: [ app_init ] --START--
INFO: Run Behavior\BuildLiteBehavior [ RunTime:0.000030s ]
INFO: [ app_init ] --END-- [ RunTime:0.000594s ]

[ 2016-06-18T10:52:41+08:00 ] 127.0.0.1 /Uploads/image/20160615/1465954846693371.jpg
INFO: [ app_init ] --START--
INFO: Run Behavior\BuildLiteBehavior [ RunTime:0.000028s ]
INFO: [ app_init ] --END-- [ RunTime:0.000588s ]

[ 2016-06-18T10:52:41+08:00 ] 127.0.0.1 /Uploads/image/20160614/1465918012967612.jpg
INFO: [ app_init ] --START--
INFO: Run Behavior\BuildLiteBehavior [ RunTime:0.000027s ]
INFO: [ app_init ] --END-- [ RunTime:0.000542s ]

[ 2016-06-18T10:52:41+08:00 ] 127.0.0.1 /Uploads/image/20160614/1465917455420936.jpg
INFO: [ app_init ] --START--
INFO: Run Behavior\BuildLiteBehavior [ RunTime:0.000028s ]
INFO: [ app_init ] --END-- [ RunTime:0.000665s ]

[ 2016-06-18T10:52:43+08:00 ] 127.0.0.1 /index.php?c=video&a=videoDetail&id=125
INFO: [ app_init ] --START--
INFO: Run Behavior\BuildLiteBehavior [ RunTime:0.000029s ]
INFO: [ app_init ] --END-- [ RunTime:0.000787s ]
INFO: [ app_begin ] --START--
INFO: Run Behavior\ReadHtmlCacheBehavior [ RunTime:0.001074s ]
INFO: [ app_begin ] --END-- [ RunTime:0.001217s ]
SQL: SHOW COLUMNS FROM `video` [ RunTime:0.0849s ]
SQL: SELECT `id`,`mainType`,`thumbnail`,`title`,`abstract`,`content`,`type`,`videoCode`,`publishTime` FROM `video` WHERE ( id = 125 )  [ RunTime:0.0830s ]
SQL: SHOW COLUMNS FROM `attachment` [ RunTime:0.0852s ]
SQL: SELECT * FROM `attachment` WHERE ( articleType=4 and articleId=125 )  [ RunTime:0.0830s ]
SQL: SELECT * FROM `video` WHERE ( status=1 ) ORDER BY publishTime desc LIMIT 0,5   [ RunTime:0.1674s ]
INFO: [ app_end ] --START--
INFO: Run Behavior\ShowPageTraceBehavior [ RunTime:0.000894s ]
INFO: [ app_end ] --END-- [ RunTime:0.000981s ]

[ 2016-06-18T10:52:43+08:00 ] 127.0.0.1 /Uploads/image/20160615/1465955276107230.jpg
INFO: [ app_init ] --START--
INFO: Run Behavior\BuildLiteBehavior [ RunTime:0.000026s ]
INFO: [ app_init ] --END-- [ RunTime:0.000614s ]

[ 2016-06-18T10:52:43+08:00 ] 127.0.0.1 /Uploads/image/20160615/1465958691150353.jpg
INFO: [ app_init ] --START--
INFO: Run Behavior\BuildLiteBehavior [ RunTime:0.000030s ]
INFO: [ app_init ] --END-- [ RunTime:0.000612s ]

[ 2016-06-18T10:52:43+08:00 ] 127.0.0.1 /Uploads/image/20160616/1466085319106116.jpg
INFO: [ app_init ] --START--
INFO: Run Behavior\BuildLiteBehavior [ RunTime:0.000027s ]
INFO: [ app_init ] --END-- [ RunTime:0.000509s ]

[ 2016-06-18T10:52:43+08:00 ] 127.0.0.1 /Uploads/image/20160615/1465959026459794.jpg
INFO: [ app_init ] --START--
INFO: Run Behavior\BuildLiteBehavior [ RunTime:0.000030s ]
INFO: [ app_init ] --END-- [ RunTime:0.000610s ]

[ 2016-06-18T10:52:43+08:00 ] 127.0.0.1 /Uploads/image/20160616/1466091547830169.jpg
INFO: [ app_init ] --START--
INFO: Run Behavior\BuildLiteBehavior [ RunTime:0.000019s ]
INFO: [ app_init ] --END-- [ RunTime:0.000429s ]

[ 2016-06-18T10:52:45+08:00 ] 127.0.0.1 /
INFO: [ app_init ] --START--
INFO: Run Behavior\BuildLiteBehavior [ RunTime:0.000040s ]
INFO: [ app_init ] --END-- [ RunTime:0.000977s ]
INFO: [ app_begin ] --START--
INFO: Run Behavior\ReadHtmlCacheBehavior [ RunTime:0.000665s ]
INFO: [ app_begin ] --END-- [ RunTime:0.000768s ]
INFO: [ view_parse ] --START--
INFO: [ template_filter ] --START--
INFO: Run Behavior\ContentReplaceBehavior [ RunTime:0.000046s ]
INFO: [ template_filter ] --END-- [ RunTime:0.000111s ]
INFO: Run Behavior\ParseTemplateBehavior [ RunTime:0.007177s ]
INFO: [ view_parse ] --END-- [ RunTime:0.007572s ]
INFO: [ view_filter ] --START--
INFO: Run Behavior\WriteHtmlCacheBehavior [ RunTime:0.000726s ]
INFO: [ view_filter ] --END-- [ RunTime:0.000858s ]
INFO: [ app_end ] --START--
INFO: Run Behavior\ShowPageTraceBehavior [ RunTime:0.000841s ]
INFO: [ app_end ] --END-- [ RunTime:0.000995s ]

[ 2016-06-18T10:52:45+08:00 ] 127.0.0.1 /public/js/jquery.min.map
INFO: [ app_init ] --START--
INFO: Run Behavior\BuildLiteBehavior [ RunTime:0.000030s ]
INFO: [ app_init ] --END-- [ RunTime:0.000708s ]
INFO: [ app_begin ] --START--
INFO: Run Behavior\ReadHtmlCacheBehavior [ RunTime:0.001081s ]
INFO: [ app_begin ] --END-- [ RunTime:0.001278s ]
ERR: 无法加载控制器:Public

[ 2016-06-18T10:52:46+08:00 ] 127.0.0.1 /public/js/angular-route.min.js.map
INFO: [ app_init ] --START--
INFO: Run Behavior\BuildLiteBehavior [ RunTime:0.000033s ]
INFO: [ app_init ] --END-- [ RunTime:0.000987s ]
INFO: [ app_begin ] --START--
INFO: Run Behavior\ReadHtmlCacheBehavior [ RunTime:0.001149s ]
INFO: [ app_begin ] --END-- [ RunTime:0.001301s ]
ERR: 无法加载控制器:Public

[ 2016-06-18T10:52:46+08:00 ] 127.0.0.1 /index.php?c=video&a=videoDetail&id=125
INFO: [ app_init ] --START--
INFO: Run Behavior\BuildLiteBehavior [ RunTime:0.000028s ]
INFO: [ app_init ] --END-- [ RunTime:0.000630s ]
INFO: [ app_begin ] --START--
INFO: Run Behavior\ReadHtmlCacheBehavior [ RunTime:0.001039s ]
INFO: [ app_begin ] --END-- [ RunTime:0.001183s ]
SQL: SHOW COLUMNS FROM `video` [ RunTime:0.0778s ]
SQL: SELECT `id`,`mainType`,`thumbnail`,`title`,`abstract`,`content`,`type`,`videoCode`,`publishTime` FROM `video` WHERE ( id = 125 )  [ RunTime:0.0749s ]
SQL: SHOW COLUMNS FROM `attachment` [ RunTime:0.0761s ]
SQL: SELECT * FROM `attachment` WHERE ( articleType=4 and articleId=125 )  [ RunTime:0.0746s ]
SQL: SELECT * FROM `video` WHERE ( status=1 ) ORDER BY publishTime desc LIMIT 0,5   [ RunTime:0.1513s ]
INFO: [ app_end ] --START--
INFO: Run Behavior\ShowPageTraceBehavior [ RunTime:0.000901s ]
INFO: [ app_end ] --END-- [ RunTime:0.000988s ]

[ 2016-06-18T10:52:46+08:00 ] 127.0.0.1 /Uploads/image/20160615/1465959026459794.jpg
INFO: [ app_init ] --START--
INFO: Run Behavior\BuildLiteBehavior [ RunTime:0.000028s ]
INFO: [ app_init ] --END-- [ RunTime:0.000523s ]

[ 2016-06-18T10:52:46+08:00 ] 127.0.0.1 /Uploads/image/20160616/1466085319106116.jpg
INFO: [ app_init ] --START--
INFO: Run Behavior\BuildLiteBehavior [ RunTime:0.000028s ]
INFO: [ app_init ] --END-- [ RunTime:0.000620s ]

[ 2016-06-18T10:52:46+08:00 ] 127.0.0.1 /Uploads/image/20160615/1465955276107230.jpg
INFO: [ app_init ] --START--
INFO: Run Behavior\BuildLiteBehavior [ RunTime:0.000028s ]
INFO: [ app_init ] --END-- [ RunTime:0.000609s ]

[ 2016-06-18T10:52:46+08:00 ] 127.0.0.1 /Uploads/image/20160615/1465958691150353.jpg
INFO: [ app_init ] --START--
INFO: Run Behavior\BuildLiteBehavior [ RunTime:0.000028s ]
INFO: [ app_init ] --END-- [ RunTime:0.000646s ]

[ 2016-06-18T10:52:46+08:00 ] 127.0.0.1 /Uploads/image/20160616/1466091547830169.jpg
INFO: [ app_init ] --START--
INFO: Run Behavior\BuildLiteBehavior [ RunTime:0.000037s ]
INFO: [ app_init ] --END-- [ RunTime:0.001818s ]

[ 2016-06-18T10:53:02+08:00 ] 127.0.0.1 /index.php?c=pic&a=allPic&page=1
INFO: [ app_init ] --START--
INFO: Run Behavior\BuildLiteBehavior [ RunTime:0.000039s ]
INFO: [ app_init ] --END-- [ RunTime:0.000998s ]
INFO: [ app_begin ] --START--
INFO: Run Behavior\ReadHtmlCacheBehavior [ RunTime:0.001848s ]
INFO: [ app_begin ] --END-- [ RunTime:0.002420s ]
NOTIC: [8] Use of undefined constant type - assumed 'type' G:\CODE\kepuwang\Application\Main\Controller\PicController.class.php 第 20 行.
NOTIC: [8] Use of undefined constant status - assumed 'status' G:\CODE\kepuwang\Application\Main\Controller\PicController.class.php 第 21 行.
SQL: SHOW COLUMNS FROM `pic` [ RunTime:0.0848s ]
SQL: SELECT COUNT(*) AS tp_count FROM `pic` WHERE `type` = 3 AND `status` = 1 LIMIT 1   [ RunTime:0.0817s ]
SQL: SELECT * FROM `pic` WHERE `type` = 3 AND `status` = 1 ORDER BY publishTime desc LIMIT 0,18   [ RunTime:0.1634s ]
INFO: [ app_end ] --START--
INFO: Run Behavior\ShowPageTraceBehavior [ RunTime:0.000769s ]
INFO: [ app_end ] --END-- [ RunTime:0.000831s ]

[ 2016-06-18T10:53:03+08:00 ] 127.0.0.1 /index.php?c=pic&a=allPic&page=1
INFO: [ app_init ] --START--
INFO: Run Behavior\BuildLiteBehavior [ RunTime:0.000026s ]
INFO: [ app_init ] --END-- [ RunTime:0.000376s ]
INFO: [ app_begin ] --START--
INFO: Run Behavior\ReadHtmlCacheBehavior [ RunTime:0.000578s ]
INFO: [ app_begin ] --END-- [ RunTime:0.000653s ]
NOTIC: [8] Use of undefined constant type - assumed 'type' G:\CODE\kepuwang\Application\Main\Controller\PicController.class.php 第 20 行.
NOTIC: [8] Use of undefined constant status - assumed 'status' G:\CODE\kepuwang\Application\Main\Controller\PicController.class.php 第 21 行.
SQL: SHOW COLUMNS FROM `pic` [ RunTime:0.0798s ]
SQL: SELECT COUNT(*) AS tp_count FROM `pic` WHERE `type` = 3 AND `status` = 1 LIMIT 1   [ RunTime:0.0773s ]
SQL: SELECT * FROM `pic` WHERE `type` = 3 AND `status` = 1 ORDER BY publishTime desc LIMIT 0,18   [ RunTime:0.1566s ]
INFO: [ app_end ] --START--
INFO: Run Behavior\ShowPageTraceBehavior [ RunTime:0.000730s ]
INFO: [ app_end ] --END-- [ RunTime:0.000793s ]

[ 2016-06-18T10:53:03+08:00 ] 127.0.0.1 /Uploads/image/20160612/1465700774960125.jpg
INFO: [ app_init ] --START--
INFO: Run Behavior\BuildLiteBehavior [ RunTime:0.000017s ]
INFO: [ app_init ] --END-- [ RunTime:0.000335s ]

[ 2016-06-18T10:53:05+08:00 ] 127.0.0.1 /index.php?c=pic&a=picDetail&id=71
INFO: [ app_init ] --START--
INFO: Run Behavior\BuildLiteBehavior [ RunTime:0.000017s ]
INFO: [ app_init ] --END-- [ RunTime:0.000356s ]
INFO: [ app_begin ] --START--
INFO: Run Behavior\ReadHtmlCacheBehavior [ RunTime:0.000478s ]
INFO: [ app_begin ] --END-- [ RunTime:0.000550s ]
SQL: SHOW COLUMNS FROM `pic` [ RunTime:0.0797s ]
SQL: SELECT `id`,`title`,`content`,`type`,`likes`,`img_src`,`mainContent` FROM `pic` WHERE ( id = 71 )  [ RunTime:0.0784s ]
SQL: SHOW COLUMNS FROM `attachment` [ RunTime:0.0788s ]
SQL: SELECT * FROM `attachment` WHERE ( articleType=2 and articleId=71 )  [ RunTime:0.0771s ]
INFO: [ app_end ] --START--
INFO: Run Behavior\ShowPageTraceBehavior [ RunTime:0.000661s ]
INFO: [ app_end ] --END-- [ RunTime:0.000723s ]

[ 2016-06-18T10:53:05+08:00 ] 127.0.0.1 /Uploads/image/20160611/1465641472646165.jpg
INFO: [ app_init ] --START--
INFO: Run Behavior\BuildLiteBehavior [ RunTime:0.000027s ]
INFO: [ app_init ] --END-- [ RunTime:0.000449s ]

[ 2016-06-18T10:53:06+08:00 ] 127.0.0.1 /index.php?c=pic&a=relativePic
INFO: [ app_init ] --START--
INFO: Run Behavior\BuildLiteBehavior [ RunTime:0.000016s ]
INFO: [ app_init ] --END-- [ RunTime:0.000395s ]
INFO: [ app_begin ] --START--
INFO: Run Behavior\ReadHtmlCacheBehavior [ RunTime:0.000655s ]
INFO: [ app_begin ] --END-- [ RunTime:0.000728s ]
SQL: SHOW COLUMNS FROM `pic` [ RunTime:0.0777s ]
SQL: SELECT * FROM `pic` WHERE ( status=1 ) ORDER BY publishTime desc LIMIT 0,10   [ RunTime:0.1528s ]
INFO: [ app_end ] --START--
INFO: Run Behavior\ShowPageTraceBehavior [ RunTime:0.000676s ]
INFO: [ app_end ] --END-- [ RunTime:0.000737s ]

[ 2016-06-18T10:53:06+08:00 ] 127.0.0.1 /Uploads/image/20160612/1465700774960125.jpg
INFO: [ app_init ] --START--
INFO: Run Behavior\BuildLiteBehavior [ RunTime:0.000016s ]
INFO: [ app_init ] --END-- [ RunTime:0.000367s ]

[ 2016-06-18T10:57:32+08:00 ] 127.0.0.1 /index.php?c=documentary&a=allDocumentary&page=1
INFO: [ app_init ] --START--
INFO: Run Behavior\BuildLiteBehavior [ RunTime:0.000036s ]
INFO: [ app_init ] --END-- [ RunTime:0.000726s ]
INFO: [ app_begin ] --START--
INFO: Run Behavior\ReadHtmlCacheBehavior [ RunTime:0.001258s ]
INFO: [ app_begin ] --END-- [ RunTime:0.001404s ]
NOTIC: [8] Use of undefined constant status - assumed 'status' G:\CODE\kepuwang\Application\Main\Controller\DocumentaryController.class.php 第 14 行.
SQL: SHOW COLUMNS FROM `documentary` [ RunTime:0.0679s ]
SQL: SELECT COUNT(*) AS tp_count FROM `documentary` WHERE `status` = 1 LIMIT 1   [ RunTime:0.0660s ]
SQL: SELECT * FROM `documentary` WHERE `status` = 1 LIMIT 0,15   [ RunTime:0.1328s ]
SQL: SHOW COLUMNS FROM `sets` [ RunTime:0.0680s ]
SQL: SELECT * FROM `sets` WHERE ( documentaryId = 157 )  [ RunTime:0.0671s ]
SQL: SELECT * FROM `sets` WHERE ( documentaryId = 243 )  [ RunTime:0.0660s ]
INFO: [ app_end ] --START--
INFO: Run Behavior\ShowPageTraceBehavior [ RunTime:0.001087s ]
INFO: [ app_end ] --END-- [ RunTime:0.001220s ]

[ 2016-06-18T10:57:32+08:00 ] 127.0.0.1 /Uploads/image/20160617/1466176224843681.jpg
INFO: [ app_init ] --START--
INFO: Run Behavior\BuildLiteBehavior [ RunTime:0.000104s ]
INFO: [ app_init ] --END-- [ RunTime:0.001251s ]

[ 2016-06-18T10:57:32+08:00 ] 127.0.0.1 /Uploads/image/20160617/1466176112907109.jpg
INFO: [ app_init ] --START--
INFO: Run Behavior\BuildLiteBehavior [ RunTime:0.000018s ]
INFO: [ app_init ] --END-- [ RunTime:0.000413s ]

[ 2016-06-18T10:58:28+08:00 ] 127.0.0.1 /
INFO: [ app_init ] --START--
INFO: Run Behavior\BuildLiteBehavior [ RunTime:0.000020s ]
INFO: [ app_init ] --END-- [ RunTime:0.000470s ]
INFO: [ app_begin ] --START--
INFO: Run Behavior\ReadHtmlCacheBehavior [ RunTime:0.001019s ]
INFO: [ app_begin ] --END-- [ RunTime:0.001156s ]
INFO: [ view_parse ] --START--
INFO: [ template_filter ] --START--
INFO: Run Behavior\ContentReplaceBehavior [ RunTime:0.000061s ]
INFO: [ template_filter ] --END-- [ RunTime:0.000155s ]
INFO: Run Behavior\ParseTemplateBehavior [ RunTime:0.008404s ]
INFO: [ view_parse ] --END-- [ RunTime:0.008502s ]
INFO: [ view_filter ] --START--
INFO: Run Behavior\WriteHtmlCacheBehavior [ RunTime:0.000424s ]
INFO: [ view_filter ] --END-- [ RunTime:0.000489s ]
INFO: [ app_end ] --START--
INFO: Run Behavior\ShowPageTraceBehavior [ RunTime:0.000785s ]
INFO: [ app_end ] --END-- [ RunTime:0.000863s ]

[ 2016-06-18T10:58:33+08:00 ] 127.0.0.1 /public/js/angular-route.min.js.map
INFO: [ app_init ] --START--
INFO: Run Behavior\BuildLiteBehavior [ RunTime:0.000028s ]
INFO: [ app_init ] --END-- [ RunTime:0.000624s ]
INFO: [ app_begin ] --START--
INFO: Run Behavior\ReadHtmlCacheBehavior [ RunTime:0.001033s ]
INFO: [ app_begin ] --END-- [ RunTime:0.001148s ]
ERR: 无法加载控制器:Public

[ 2016-06-18T10:58:33+08:00 ] 127.0.0.1 /public/js/jquery.min.map
INFO: [ app_init ] --START--
INFO: Run Behavior\BuildLiteBehavior [ RunTime:0.000031s ]
INFO: [ app_init ] --END-- [ RunTime:0.000634s ]
INFO: [ app_begin ] --START--
INFO: Run Behavior\ReadHtmlCacheBehavior [ RunTime:0.001058s ]
INFO: [ app_begin ] --END-- [ RunTime:0.001178s ]
ERR: 无法加载控制器:Public

[ 2016-06-18T10:58:58+08:00 ] 127.0.0.1 /
INFO: [ app_init ] --START--
INFO: Run Behavior\BuildLiteBehavior [ RunTime:0.000016s ]
INFO: [ app_init ] --END-- [ RunTime:0.000379s ]
INFO: [ app_begin ] --START--
INFO: Run Behavior\ReadHtmlCacheBehavior [ RunTime:0.000560s ]
INFO: [ app_begin ] --END-- [ RunTime:0.000622s ]
INFO: [ view_parse ] --START--
INFO: [ template_filter ] --START--
INFO: Run Behavior\ContentReplaceBehavior [ RunTime:0.000046s ]
INFO: [ template_filter ] --END-- [ RunTime:0.000117s ]
INFO: Run Behavior\ParseTemplateBehavior [ RunTime:0.006124s ]
INFO: [ view_parse ] --END-- [ RunTime:0.006213s ]
INFO: [ view_filter ] --START--
INFO: Run Behavior\WriteHtmlCacheBehavior [ RunTime:0.000383s ]
INFO: [ view_filter ] --END-- [ RunTime:0.000454s ]
INFO: [ app_end ] --START--
INFO: Run Behavior\ShowPageTraceBehavior [ RunTime:0.001612s ]
INFO: [ app_end ] --END-- [ RunTime:0.001714s ]

[ 2016-06-18T10:58:58+08:00 ] 127.0.0.1 /public/js/jquery.min.map
INFO: [ app_init ] --START--
INFO: Run Behavior\BuildLiteBehavior [ RunTime:0.000033s ]
INFO: [ app_init ] --END-- [ RunTime:0.000680s ]
INFO: [ app_begin ] --START--
INFO: Run Behavior\ReadHtmlCacheBehavior [ RunTime:0.000972s ]
INFO: [ app_begin ] --END-- [ RunTime:0.001111s ]
ERR: 无法加载控制器:Public

[ 2016-06-18T10:58:58+08:00 ] 127.0.0.1 /public/js/angular-route.min.js.map
INFO: [ app_init ] --START--
INFO: Run Behavior\BuildLiteBehavior [ RunTime:0.000023s ]
INFO: [ app_init ] --END-- [ RunTime:0.000455s ]
INFO: [ app_begin ] --START--
INFO: Run Behavior\ReadHtmlCacheBehavior [ RunTime:0.000687s ]
INFO: [ app_begin ] --END-- [ RunTime:0.000770s ]
ERR: 无法加载控制器:Public

[ 2016-06-18T10:59:39+08:00 ] 127.0.0.1 /
INFO: [ app_init ] --START--
INFO: Run Behavior\BuildLiteBehavior [ RunTime:0.000028s ]
INFO: [ app_init ] --END-- [ RunTime:0.000636s ]
INFO: [ app_begin ] --START--
INFO: Run Behavior\ReadHtmlCacheBehavior [ RunTime:0.001050s ]
INFO: [ app_begin ] --END-- [ RunTime:0.001197s ]
INFO: [ view_parse ] --START--
INFO: [ template_filter ] --START--
INFO: Run Behavior\ContentReplaceBehavior [ RunTime:0.000110s ]
INFO: [ template_filter ] --END-- [ RunTime:0.000252s ]
INFO: Run Behavior\ParseTemplateBehavior [ RunTime:0.012504s ]
INFO: [ view_parse ] --END-- [ RunTime:0.012637s ]
INFO: [ view_filter ] --START--
INFO: Run Behavior\WriteHtmlCacheBehavior [ RunTime:0.000443s ]
INFO: [ view_filter ] --END-- [ RunTime:0.000509s ]
INFO: [ app_end ] --START--
INFO: Run Behavior\ShowPageTraceBehavior [ RunTime:0.000682s ]
INFO: [ app_end ] --END-- [ RunTime:0.000752s ]

[ 2016-06-18T10:59:40+08:00 ] 127.0.0.1 /index.php?c=documentary&a=allDocumentary&page=1
INFO: [ app_init ] --START--
INFO: Run Behavior\BuildLiteBehavior [ RunTime:0.000051s ]
INFO: [ app_init ] --END-- [ RunTime:0.000892s ]
INFO: [ app_begin ] --START--
INFO: Run Behavior\ReadHtmlCacheBehavior [ RunTime:0.001417s ]
INFO: [ app_begin ] --END-- [ RunTime:0.001586s ]
NOTIC: [8] Use of undefined constant status - assumed 'status' G:\CODE\kepuwang\Application\Main\Controller\DocumentaryController.class.php 第 14 行.
SQL: SHOW COLUMNS FROM `documentary` [ RunTime:0.0683s ]
SQL: SELECT COUNT(*) AS tp_count FROM `documentary` WHERE `status` = 1 LIMIT 1   [ RunTime:0.0661s ]
SQL: SELECT * FROM `documentary` WHERE `status` = 1 LIMIT 0,15   [ RunTime:0.1327s ]
SQL: SHOW COLUMNS FROM `sets` [ RunTime:0.0680s ]
SQL: SELECT * FROM `sets` WHERE ( documentaryId = 157 )  [ RunTime:0.0670s ]
SQL: SELECT * FROM `sets` WHERE ( documentaryId = 243 )  [ RunTime:0.0667s ]
INFO: [ app_end ] --START--
INFO: Run Behavior\ShowPageTraceBehavior [ RunTime:0.000932s ]
INFO: [ app_end ] --END-- [ RunTime:0.001019s ]

[ 2016-06-18T10:59:40+08:00 ] 127.0.0.1 /public/js/jquery.min.map
INFO: [ app_init ] --START--
INFO: Run Behavior\BuildLiteBehavior [ RunTime:0.000030s ]
INFO: [ app_init ] --END-- [ RunTime:0.000634s ]
INFO: [ app_begin ] --START--
INFO: Run Behavior\ReadHtmlCacheBehavior [ RunTime:0.000606s ]
INFO: [ app_begin ] --END-- [ RunTime:0.000688s ]
ERR: 无法加载控制器:Public

[ 2016-06-18T10:59:40+08:00 ] 127.0.0.1 /public/js/angular-route.min.js.map
INFO: [ app_init ] --START--
INFO: Run Behavior\BuildLiteBehavior [ RunTime:0.000019s ]
INFO: [ app_init ] --END-- [ RunTime:0.000454s ]
INFO: [ app_begin ] --START--
INFO: Run Behavior\ReadHtmlCacheBehavior [ RunTime:0.000679s ]
INFO: [ app_begin ] --END-- [ RunTime:0.000766s ]
ERR: 无法加载控制器:Public

[ 2016-06-18T10:59:40+08:00 ] 127.0.0.1 /Uploads/image/20160617/1466176112907109.jpg
INFO: [ app_init ] --START--
INFO: Run Behavior\BuildLiteBehavior [ RunTime:0.000044s ]
INFO: [ app_init ] --END-- [ RunTime:0.000769s ]

[ 2016-06-18T10:59:40+08:00 ] 127.0.0.1 /Uploads/image/20160617/1466176224843681.jpg
INFO: [ app_init ] --START--
INFO: Run Behavior\BuildLiteBehavior [ RunTime:0.000033s ]
INFO: [ app_init ] --END-- [ RunTime:0.000604s ]

[ 2016-06-18T10:59:56+08:00 ] 127.0.0.1 /index.php?c=documentary&a=allDocumentary&page=2
INFO: [ app_init ] --START--
INFO: Run Behavior\BuildLiteBehavior [ RunTime:0.000015s ]
INFO: [ app_init ] --END-- [ RunTime:0.000320s ]
INFO: [ app_begin ] --START--
INFO: Run Behavior\ReadHtmlCacheBehavior [ RunTime:0.000453s ]
INFO: [ app_begin ] --END-- [ RunTime:0.000513s ]
NOTIC: [8] Use of undefined constant status - assumed 'status' G:\CODE\kepuwang\Application\Main\Controller\DocumentaryController.class.php 第 14 行.
SQL: SHOW COLUMNS FROM `documentary` [ RunTime:0.0682s ]
SQL: SELECT COUNT(*) AS tp_count FROM `documentary` WHERE `status` = 1 LIMIT 1   [ RunTime:0.0665s ]
SQL: SELECT * FROM `documentary` WHERE `status` = 1 LIMIT 15,30   [ RunTime:0.0663s ]
INFO: [ app_end ] --START--
INFO: Run Behavior\ShowPageTraceBehavior [ RunTime:0.000713s ]
INFO: [ app_end ] --END-- [ RunTime:0.000773s ]

[ 2016-06-18T11:00:34+08:00 ] 127.0.0.1 /
INFO: [ app_init ] --START--
INFO: Run Behavior\BuildLiteBehavior [ RunTime:0.000027s ]
INFO: [ app_init ] --END-- [ RunTime:0.000517s ]
INFO: [ app_begin ] --START--
INFO: Run Behavior\ReadHtmlCacheBehavior [ RunTime:0.000720s ]
INFO: [ app_begin ] --END-- [ RunTime:0.000809s ]
INFO: [ view_parse ] --START--
INFO: [ template_filter ] --START--
INFO: Run Behavior\ContentReplaceBehavior [ RunTime:0.000162s ]
INFO: [ template_filter ] --END-- [ RunTime:0.000418s ]
INFO: Run Behavior\ParseTemplateBehavior [ RunTime:0.009582s ]
INFO: [ view_parse ] --END-- [ RunTime:0.009681s ]
INFO: [ view_filter ] --START--
INFO: Run Behavior\WriteHtmlCacheBehavior [ RunTime:0.000407s ]
INFO: [ view_filter ] --END-- [ RunTime:0.000467s ]
INFO: [ app_end ] --START--
INFO: Run Behavior\ShowPageTraceBehavior [ RunTime:0.000628s ]
INFO: [ app_end ] --END-- [ RunTime:0.000696s ]

[ 2016-06-18T11:00:35+08:00 ] 127.0.0.1 /index.php?c=documentary&a=allDocumentary&page=1
INFO: [ app_init ] --START--
INFO: Run Behavior\BuildLiteBehavior [ RunTime:0.000037s ]
INFO: [ app_init ] --END-- [ RunTime:0.000696s ]
INFO: [ app_begin ] --START--
INFO: Run Behavior\ReadHtmlCacheBehavior [ RunTime:0.001236s ]
INFO: [ app_begin ] --END-- [ RunTime:0.001450s ]
NOTIC: [8] Use of undefined constant status - assumed 'status' G:\CODE\kepuwang\Application\Main\Controller\DocumentaryController.class.php 第 14 行.
SQL: SHOW COLUMNS FROM `documentary` [ RunTime:0.0686s ]
SQL: SELECT COUNT(*) AS tp_count FROM `documentary` WHERE `status` = 1 LIMIT 1   [ RunTime:0.0636s ]
SQL: SELECT * FROM `documentary` WHERE `status` = 1 LIMIT 0,15   [ RunTime:0.1295s ]
SQL: SHOW COLUMNS FROM `sets` [ RunTime:0.0661s ]
SQL: SELECT * FROM `sets` WHERE ( documentaryId = 157 )  [ RunTime:0.0690s ]
SQL: SELECT * FROM `sets` WHERE ( documentaryId = 243 )  [ RunTime:0.0639s ]
INFO: [ app_end ] --START--
INFO: Run Behavior\ShowPageTraceBehavior [ RunTime:0.001006s ]
INFO: [ app_end ] --END-- [ RunTime:0.001134s ]

[ 2016-06-18T11:00:35+08:00 ] 127.0.0.1 /public/js/jquery.min.map
INFO: [ app_init ] --START--
INFO: Run Behavior\BuildLiteBehavior [ RunTime:0.000033s ]
INFO: [ app_init ] --END-- [ RunTime:0.000663s ]
INFO: [ app_begin ] --START--
INFO: Run Behavior\ReadHtmlCacheBehavior [ RunTime:0.001093s ]
INFO: [ app_begin ] --END-- [ RunTime:0.001226s ]
ERR: 无法加载控制器:Public

[ 2016-06-18T11:00:36+08:00 ] 127.0.0.1 /public/js/angular-route.min.js.map
INFO: [ app_init ] --START--
INFO: Run Behavior\BuildLiteBehavior [ RunTime:0.000031s ]
INFO: [ app_init ] --END-- [ RunTime:0.000712s ]
INFO: [ app_begin ] --START--
INFO: Run Behavior\ReadHtmlCacheBehavior [ RunTime:0.000905s ]
INFO: [ app_begin ] --END-- [ RunTime:0.001010s ]
ERR: 无法加载控制器:Public

[ 2016-06-18T11:00:36+08:00 ] 127.0.0.1 /Uploads/image/20160617/1466176112907109.jpg
INFO: [ app_init ] --START--
INFO: Run Behavior\BuildLiteBehavior [ RunTime:0.000033s ]
INFO: [ app_init ] --END-- [ RunTime:0.000808s ]

[ 2016-06-18T11:00:36+08:00 ] 127.0.0.1 /Uploads/image/20160617/1466176224843681.jpg
INFO: [ app_init ] --START--
INFO: Run Behavior\BuildLiteBehavior [ RunTime:0.000030s ]
INFO: [ app_init ] --END-- [ RunTime:0.000661s ]

[ 2016-06-18T11:01:33+08:00 ] 127.0.0.1 /public/js/jquery.min.map
INFO: [ app_init ] --START--
INFO: Run Behavior\BuildLiteBehavior [ RunTime:0.000028s ]
INFO: [ app_init ] --END-- [ RunTime:0.000642s ]
INFO: [ app_begin ] --START--
INFO: Run Behavior\ReadHtmlCacheBehavior [ RunTime:0.000980s ]
INFO: [ app_begin ] --END-- [ RunTime:0.001098s ]
ERR: 无法加载控制器:Public

[ 2016-06-18T11:01:33+08:00 ] 127.0.0.1 /public/js/angular-route.min.js.map
INFO: [ app_init ] --START--
INFO: Run Behavior\BuildLiteBehavior [ RunTime:0.000018s ]
INFO: [ app_init ] --END-- [ RunTime:0.000404s ]
INFO: [ app_begin ] --START--
INFO: Run Behavior\ReadHtmlCacheBehavior [ RunTime:0.000636s ]
INFO: [ app_begin ] --END-- [ RunTime:0.000709s ]
ERR: 无法加载控制器:Public

[ 2016-06-18T11:02:08+08:00 ] 127.0.0.1 /
INFO: [ app_init ] --START--
INFO: Run Behavior\BuildLiteBehavior [ RunTime:0.000016s ]
INFO: [ app_init ] --END-- [ RunTime:0.000364s ]
INFO: [ app_begin ] --START--
INFO: Run Behavior\ReadHtmlCacheBehavior [ RunTime:0.000625s ]
INFO: [ app_begin ] --END-- [ RunTime:0.000698s ]
INFO: [ view_parse ] --START--
INFO: [ template_filter ] --START--
INFO: Run Behavior\ContentReplaceBehavior [ RunTime:0.000046s ]
INFO: [ template_filter ] --END-- [ RunTime:0.000114s ]
INFO: Run Behavior\ParseTemplateBehavior [ RunTime:0.006293s ]
INFO: [ view_parse ] --END-- [ RunTime:0.006421s ]
INFO: [ view_filter ] --START--
INFO: Run Behavior\WriteHtmlCacheBehavior [ RunTime:0.000915s ]
INFO: [ view_filter ] --END-- [ RunTime:0.001201s ]
INFO: [ app_end ] --START--
INFO: Run Behavior\ShowPageTraceBehavior [ RunTime:0.000736s ]
INFO: [ app_end ] --END-- [ RunTime:0.000805s ]

[ 2016-06-18T11:02:09+08:00 ] 127.0.0.1 /public/js/jquery.min.map
INFO: [ app_init ] --START--
INFO: Run Behavior\BuildLiteBehavior [ RunTime:0.000031s ]
INFO: [ app_init ] --END-- [ RunTime:0.000672s ]
INFO: [ app_begin ] --START--
INFO: Run Behavior\ReadHtmlCacheBehavior [ RunTime:0.000975s ]
INFO: [ app_begin ] --END-- [ RunTime:0.001085s ]
ERR: 无法加载控制器:Public

[ 2016-06-18T11:02:09+08:00 ] 127.0.0.1 /public/js/angular-route.min.js.map
INFO: [ app_init ] --START--
INFO: Run Behavior\BuildLiteBehavior [ RunTime:0.000033s ]
INFO: [ app_init ] --END-- [ RunTime:0.000644s ]
INFO: [ app_begin ] --START--
INFO: Run Behavior\ReadHtmlCacheBehavior [ RunTime:0.001772s ]
INFO: [ app_begin ] --END-- [ RunTime:0.002191s ]
ERR: 无法加载控制器:Public

[ 2016-06-18T11:02:10+08:00 ] 127.0.0.1 /index.php?c=documentary&a=allDocumentary&page=1
INFO: [ app_init ] --START--
INFO: Run Behavior\BuildLiteBehavior [ RunTime:0.000039s ]
INFO: [ app_init ] --END-- [ RunTime:0.000981s ]
INFO: [ app_begin ] --START--
INFO: Run Behavior\ReadHtmlCacheBehavior [ RunTime:0.001068s ]
INFO: [ app_begin ] --END-- [ RunTime:0.001203s ]
NOTIC: [8] Use of undefined constant status - assumed 'status' G:\CODE\kepuwang\Application\Main\Controller\DocumentaryController.class.php 第 14 行.
SQL: SHOW COLUMNS FROM `documentary` [ RunTime:0.0572s ]
SQL: SELECT COUNT(*) AS tp_count FROM `documentary` WHERE `status` = 1 LIMIT 1   [ RunTime:0.0541s ]
SQL: SELECT * FROM `documentary` WHERE `status` = 1 LIMIT 0,15   [ RunTime:0.1099s ]
SQL: SHOW COLUMNS FROM `sets` [ RunTime:0.0566s ]
SQL: SELECT * FROM `sets` WHERE ( documentaryId = 157 )  [ RunTime:0.0557s ]
SQL: SELECT * FROM `sets` WHERE ( documentaryId = 243 )  [ RunTime:0.0545s ]
INFO: [ app_end ] --START--
INFO: Run Behavior\ShowPageTraceBehavior [ RunTime:0.001193s ]
INFO: [ app_end ] --END-- [ RunTime:0.001344s ]

[ 2016-06-18T11:02:10+08:00 ] 127.0.0.1 /Uploads/image/20160617/1466176224843681.jpg
INFO: [ app_init ] --START--
INFO: Run Behavior\BuildLiteBehavior [ RunTime:0.000031s ]
INFO: [ app_init ] --END-- [ RunTime:0.000685s ]

[ 2016-06-18T11:02:10+08:00 ] 127.0.0.1 /Uploads/image/20160617/1466176112907109.jpg
INFO: [ app_init ] --START--
INFO: Run Behavior\BuildLiteBehavior [ RunTime:0.000121s ]
INFO: [ app_init ] --END-- [ RunTime:0.001290s ]

[ 2016-06-18T11:02:39+08:00 ] 127.0.0.1 /index.php?c=documentary&a=allDocumentary&page=2
INFO: [ app_init ] --START--
INFO: Run Behavior\BuildLiteBehavior [ RunTime:0.000034s ]
INFO: [ app_init ] --END-- [ RunTime:0.000586s ]
INFO: [ app_begin ] --START--
INFO: Run Behavior\ReadHtmlCacheBehavior [ RunTime:0.001368s ]
INFO: [ app_begin ] --END-- [ RunTime:0.001505s ]
NOTIC: [8] Use of undefined constant status - assumed 'status' G:\CODE\kepuwang\Application\Main\Controller\DocumentaryController.class.php 第 14 行.
SQL: SHOW COLUMNS FROM `documentary` [ RunTime:0.0669s ]
SQL: SELECT COUNT(*) AS tp_count FROM `documentary` WHERE `status` = 1 LIMIT 1   [ RunTime:0.0650s ]
SQL: SELECT * FROM `documentary` WHERE `status` = 1 LIMIT 15,30   [ RunTime:0.0647s ]
INFO: [ app_end ] --START--
INFO: Run Behavior\ShowPageTraceBehavior [ RunTime:0.000701s ]
INFO: [ app_end ] --END-- [ RunTime:0.000777s ]

[ 2016-06-18T11:02:51+08:00 ] 127.0.0.1 /
INFO: [ app_init ] --START--
INFO: Run Behavior\BuildLiteBehavior [ RunTime:0.000032s ]
INFO: [ app_init ] --END-- [ RunTime:0.000782s ]
INFO: [ app_begin ] --START--
INFO: Run Behavior\ReadHtmlCacheBehavior [ RunTime:0.001141s ]
INFO: [ app_begin ] --END-- [ RunTime:0.001333s ]
INFO: [ view_parse ] --START--
INFO: [ template_filter ] --START--
INFO: Run Behavior\ContentReplaceBehavior [ RunTime:0.000049s ]
INFO: [ template_filter ] --END-- [ RunTime:0.000128s ]
INFO: Run Behavior\ParseTemplateBehavior [ RunTime:0.017062s ]
INFO: [ view_parse ] --END-- [ RunTime:0.017281s ]
INFO: [ view_filter ] --START--
INFO: Run Behavior\WriteHtmlCacheBehavior [ RunTime:0.000981s ]
INFO: [ view_filter ] --END-- [ RunTime:0.001049s ]
INFO: [ app_end ] --START--
INFO: Run Behavior\ShowPageTraceBehavior [ RunTime:0.000575s ]
INFO: [ app_end ] --END-- [ RunTime:0.000631s ]

[ 2016-06-18T11:02:52+08:00 ] 127.0.0.1 /public/js/jquery.min.map
INFO: [ app_init ] --START--
INFO: Run Behavior\BuildLiteBehavior [ RunTime:0.000082s ]
INFO: [ app_init ] --END-- [ RunTime:0.001117s ]
INFO: [ app_begin ] --START--
INFO: Run Behavior\ReadHtmlCacheBehavior [ RunTime:0.001144s ]
INFO: [ app_begin ] --END-- [ RunTime:0.001274s ]
ERR: 无法加载控制器:Public

[ 2016-06-18T11:02:52+08:00 ] 127.0.0.1 /public/js/angular-route.min.js.map
INFO: [ app_init ] --START--
INFO: Run Behavior\BuildLiteBehavior [ RunTime:0.000048s ]
INFO: [ app_init ] --END-- [ RunTime:0.001116s ]
INFO: [ app_begin ] --START--
INFO: Run Behavior\ReadHtmlCacheBehavior [ RunTime:0.001137s ]
INFO: [ app_begin ] --END-- [ RunTime:0.001272s ]
ERR: 无法加载控制器:Public

[ 2016-06-18T11:02:53+08:00 ] 127.0.0.1 /index.php?c=documentary&a=allDocumentary&page=1
INFO: [ app_init ] --START--
INFO: Run Behavior\BuildLiteBehavior [ RunTime:0.000031s ]
INFO: [ app_init ] --END-- [ RunTime:0.000644s ]
INFO: [ app_begin ] --START--
INFO: Run Behavior\ReadHtmlCacheBehavior [ RunTime:0.001490s ]
INFO: [ app_begin ] --END-- [ RunTime:0.001655s ]
NOTIC: [8] Use of undefined constant status - assumed 'status' G:\CODE\kepuwang\Application\Main\Controller\DocumentaryController.class.php 第 14 行.
SQL: SHOW COLUMNS FROM `documentary` [ RunTime:0.0697s ]
SQL: SELECT COUNT(*) AS tp_count FROM `documentary` WHERE `status` = 1 LIMIT 1   [ RunTime:0.0675s ]
SQL: SELECT * FROM `documentary` WHERE `status` = 1 LIMIT 0,15   [ RunTime:0.1367s ]
SQL: SHOW COLUMNS FROM `sets` [ RunTime:0.0694s ]
SQL: SELECT * FROM `sets` WHERE ( documentaryId = 157 )  [ RunTime:0.0688s ]
SQL: SELECT * FROM `sets` WHERE ( documentaryId = 243 )  [ RunTime:0.0675s ]
INFO: [ app_end ] --START--
INFO: Run Behavior\ShowPageTraceBehavior [ RunTime:0.000937s ]
INFO: [ app_end ] --END-- [ RunTime:0.001060s ]

[ 2016-06-18T11:02:53+08:00 ] 127.0.0.1 /Uploads/image/20160617/1466176224843681.jpg
INFO: [ app_init ] --START--
INFO: Run Behavior\BuildLiteBehavior [ RunTime:0.000029s ]
INFO: [ app_init ] --END-- [ RunTime:0.000647s ]

[ 2016-06-18T11:02:53+08:00 ] 127.0.0.1 /Uploads/image/20160617/1466176112907109.jpg
INFO: [ app_init ] --START--
INFO: Run Behavior\BuildLiteBehavior [ RunTime:0.000028s ]
INFO: [ app_init ] --END-- [ RunTime:0.000630s ]

[ 2016-06-18T11:03:25+08:00 ] 127.0.0.1 /public2/js/jquery.min.map
INFO: [ app_init ] --START--
INFO: Run Behavior\BuildLiteBehavior [ RunTime:0.000031s ]
INFO: [ app_init ] --END-- [ RunTime:0.000733s ]
INFO: [ app_begin ] --START--
INFO: Run Behavior\ReadHtmlCacheBehavior [ RunTime:0.001055s ]
INFO: [ app_begin ] --END-- [ RunTime:0.001187s ]
ERR: 无法加载控制器:Public2

[ 2016-06-18T11:03:26+08:00 ] 127.0.0.1 /public2/js/angular-route.min.js.map
INFO: [ app_init ] --START--
INFO: Run Behavior\BuildLiteBehavior [ RunTime:0.000067s ]
INFO: [ app_init ] --END-- [ RunTime:0.001003s ]
INFO: [ app_begin ] --START--
INFO: Run Behavior\ReadHtmlCacheBehavior [ RunTime:0.001019s ]
INFO: [ app_begin ] --END-- [ RunTime:0.001149s ]
ERR: 无法加载控制器:Public2

[ 2016-06-18T11:03:32+08:00 ] 127.0.0.1 /index.php?c=documentary&a=allDocumentary&page=1&status=1
INFO: [ app_init ] --START--
INFO: Run Behavior\BuildLiteBehavior [ RunTime:0.000030s ]
INFO: [ app_init ] --END-- [ RunTime:0.000631s ]
INFO: [ app_begin ] --START--
INFO: Run Behavior\ReadHtmlCacheBehavior [ RunTime:0.001331s ]
INFO: [ app_begin ] --END-- [ RunTime:0.001475s ]
NOTIC: [8] Use of undefined constant status - assumed 'status' G:\CODE\kepuwang\Application\Main\Controller\DocumentaryController.class.php 第 14 行.
SQL: SHOW COLUMNS FROM `documentary` [ RunTime:0.0681s ]
SQL: SELECT COUNT(*) AS tp_count FROM `documentary` WHERE `status` = 1 LIMIT 1   [ RunTime:0.0667s ]
SQL: SELECT * FROM `documentary` WHERE `status` = 1 LIMIT 0,15   [ RunTime:0.1337s ]
SQL: SHOW COLUMNS FROM `sets` [ RunTime:0.0688s ]
SQL: SELECT * FROM `sets` WHERE ( documentaryId = 157 )  [ RunTime:0.0679s ]
SQL: SELECT * FROM `sets` WHERE ( documentaryId = 243 )  [ RunTime:0.0660s ]
INFO: [ app_end ] --START--
INFO: Run Behavior\ShowPageTraceBehavior [ RunTime:0.001144s ]
INFO: [ app_end ] --END-- [ RunTime:0.001285s ]

[ 2016-06-18T11:03:38+08:00 ] 127.0.0.1 /index.php?c=documentary&a=allDocumentary&page=1&status=2
INFO: [ app_init ] --START--
INFO: Run Behavior\BuildLiteBehavior [ RunTime:0.000033s ]
INFO: [ app_init ] --END-- [ RunTime:0.000700s ]
INFO: [ app_begin ] --START--
INFO: Run Behavior\ReadHtmlCacheBehavior [ RunTime:0.001140s ]
INFO: [ app_begin ] --END-- [ RunTime:0.001312s ]
NOTIC: [8] Use of undefined constant status - assumed 'status' G:\CODE\kepuwang\Application\Main\Controller\DocumentaryController.class.php 第 14 行.
SQL: SHOW COLUMNS FROM `documentary` [ RunTime:0.0696s ]
SQL: SELECT COUNT(*) AS tp_count FROM `documentary` WHERE `status` = 2 LIMIT 1   [ RunTime:0.0672s ]
SQL: SELECT * FROM `documentary` WHERE `status` = 2 LIMIT 0,15   [ RunTime:0.0682s ]
SQL: SHOW COLUMNS FROM `sets` [ RunTime:0.0702s ]
SQL: SELECT * FROM `sets` WHERE ( documentaryId = 242 )  [ RunTime:0.0674s ]
SQL: SELECT * FROM `sets` WHERE ( documentaryId = 244 )  [ RunTime:0.0672s ]
INFO: [ app_end ] --START--
INFO: Run Behavior\ShowPageTraceBehavior [ RunTime:0.000710s ]
INFO: [ app_end ] --END-- [ RunTime:0.000771s ]

[ 2016-06-18T11:03:40+08:00 ] 127.0.0.1 /index.php?c=documentary&a=allDocumentary&page=1&status=1
INFO: [ app_init ] --START--
INFO: Run Behavior\BuildLiteBehavior [ RunTime:0.000132s ]
INFO: [ app_init ] --END-- [ RunTime:0.001886s ]
INFO: [ app_begin ] --START--
INFO: Run Behavior\ReadHtmlCacheBehavior [ RunTime:0.000627s ]
INFO: [ app_begin ] --END-- [ RunTime:0.000700s ]
NOTIC: [8] Use of undefined constant status - assumed 'status' G:\CODE\kepuwang\Application\Main\Controller\DocumentaryController.class.php 第 14 行.
SQL: SHOW COLUMNS FROM `documentary` [ RunTime:0.0659s ]
SQL: SELECT COUNT(*) AS tp_count FROM `documentary` WHERE `status` = 1 LIMIT 1   [ RunTime:0.0642s ]
SQL: SELECT * FROM `documentary` WHERE `status` = 1 LIMIT 0,15   [ RunTime:0.1281s ]
SQL: SHOW COLUMNS FROM `sets` [ RunTime:0.0662s ]
SQL: SELECT * FROM `sets` WHERE ( documentaryId = 157 )  [ RunTime:0.0648s ]
SQL: SELECT * FROM `sets` WHERE ( documentaryId = 243 )  [ RunTime:0.0641s ]
INFO: [ app_end ] --START--
INFO: Run Behavior\ShowPageTraceBehavior [ RunTime:0.001007s ]
INFO: [ app_end ] --END-- [ RunTime:0.001117s ]

[ 2016-06-18T11:03:43+08:00 ] 127.0.0.1 /index.php?c=documentary&a=allDocumentary&page=1&status=2
INFO: [ app_init ] --START--
INFO: Run Behavior\BuildLiteBehavior [ RunTime:0.000253s ]
INFO: [ app_init ] --END-- [ RunTime:0.002400s ]
INFO: [ app_begin ] --START--
INFO: Run Behavior\ReadHtmlCacheBehavior [ RunTime:0.000949s ]
INFO: [ app_begin ] --END-- [ RunTime:0.001164s ]
NOTIC: [8] Use of undefined constant status - assumed 'status' G:\CODE\kepuwang\Application\Main\Controller\DocumentaryController.class.php 第 14 行.
SQL: SHOW COLUMNS FROM `documentary` [ RunTime:0.0693s ]
SQL: SELECT COUNT(*) AS tp_count FROM `documentary` WHERE `status` = 2 LIMIT 1   [ RunTime:0.0665s ]
SQL: SELECT * FROM `documentary` WHERE `status` = 2 LIMIT 0,15   [ RunTime:0.0665s ]
SQL: SHOW COLUMNS FROM `sets` [ RunTime:0.0685s ]
SQL: SELECT * FROM `sets` WHERE ( documentaryId = 242 )  [ RunTime:0.0664s ]
SQL: SELECT * FROM `sets` WHERE ( documentaryId = 244 )  [ RunTime:0.0668s ]
INFO: [ app_end ] --START--
INFO: Run Behavior\ShowPageTraceBehavior [ RunTime:0.000696s ]
INFO: [ app_end ] --END-- [ RunTime:0.000757s ]

[ 2016-06-18T11:03:53+08:00 ] 127.0.0.1 /index.php?c=documentary&a=allDocumentary&page=1&status=1
INFO: [ app_init ] --START--
INFO: Run Behavior\BuildLiteBehavior [ RunTime:0.000019s ]
INFO: [ app_init ] --END-- [ RunTime:0.000400s ]
INFO: [ app_begin ] --START--
INFO: Run Behavior\ReadHtmlCacheBehavior [ RunTime:0.000609s ]
INFO: [ app_begin ] --END-- [ RunTime:0.000688s ]
NOTIC: [8] Use of undefined constant status - assumed 'status' G:\CODE\kepuwang\Application\Main\Controller\DocumentaryController.class.php 第 14 行.
SQL: SHOW COLUMNS FROM `documentary` [ RunTime:0.0693s ]
SQL: SELECT COUNT(*) AS tp_count FROM `documentary` WHERE `status` = 1 LIMIT 1   [ RunTime:0.0674s ]
SQL: SELECT * FROM `documentary` WHERE `status` = 1 LIMIT 0,15   [ RunTime:0.1368s ]
SQL: SHOW COLUMNS FROM `sets` [ RunTime:0.0692s ]
SQL: SELECT * FROM `sets` WHERE ( documentaryId = 157 )  [ RunTime:0.0690s ]
SQL: SELECT * FROM `sets` WHERE ( documentaryId = 243 )  [ RunTime:0.0680s ]
INFO: [ app_end ] --START--
INFO: Run Behavior\ShowPageTraceBehavior [ RunTime:0.001128s ]
INFO: [ app_end ] --END-- [ RunTime:0.001260s ]

[ 2016-06-18T11:03:56+08:00 ] 127.0.0.1 /index.php?c=documentary&a=allDocumentary&page=1&status=2
INFO: [ app_init ] --START--
INFO: Run Behavior\BuildLiteBehavior [ RunTime:0.000033s ]
INFO: [ app_init ] --END-- [ RunTime:0.000699s ]
INFO: [ app_begin ] --START--
INFO: Run Behavior\ReadHtmlCacheBehavior [ RunTime:0.002174s ]
INFO: [ app_begin ] --END-- [ RunTime:0.002562s ]
NOTIC: [8] Use of undefined constant status - assumed 'status' G:\CODE\kepuwang\Application\Main\Controller\DocumentaryController.class.php 第 14 行.
SQL: SHOW COLUMNS FROM `documentary` [ RunTime:0.0566s ]
SQL: SELECT COUNT(*) AS tp_count FROM `documentary` WHERE `status` = 2 LIMIT 1   [ RunTime:0.0546s ]
SQL: SELECT * FROM `documentary` WHERE `status` = 2 LIMIT 0,15   [ RunTime:0.0543s ]
SQL: SHOW COLUMNS FROM `sets` [ RunTime:0.0570s ]
SQL: SELECT * FROM `sets` WHERE ( documentaryId = 242 )  [ RunTime:0.0549s ]
SQL: SELECT * FROM `sets` WHERE ( documentaryId = 244 )  [ RunTime:0.0540s ]
INFO: [ app_end ] --START--
INFO: Run Behavior\ShowPageTraceBehavior [ RunTime:0.000786s ]
INFO: [ app_end ] --END-- [ RunTime:0.000850s ]

[ 2016-06-18T11:04:30+08:00 ] 127.0.0.1 /
INFO: [ app_init ] --START--
INFO: Run Behavior\BuildLiteBehavior [ RunTime:0.000031s ]
INFO: [ app_init ] --END-- [ RunTime:0.000678s ]
INFO: [ app_begin ] --START--
INFO: Run Behavior\ReadHtmlCacheBehavior [ RunTime:0.001056s ]
INFO: [ app_begin ] --END-- [ RunTime:0.001187s ]
INFO: [ view_parse ] --START--
INFO: [ template_filter ] --START--
INFO: Run Behavior\ContentReplaceBehavior [ RunTime:0.000086s ]
INFO: [ template_filter ] --END-- [ RunTime:0.000220s ]
INFO: Run Behavior\ParseTemplateBehavior [ RunTime:0.011925s ]
INFO: [ view_parse ] --END-- [ RunTime:0.012078s ]
INFO: [ view_filter ] --START--
INFO: Run Behavior\WriteHtmlCacheBehavior [ RunTime:0.000828s ]
INFO: [ view_filter ] --END-- [ RunTime:0.000970s ]
INFO: [ app_end ] --START--
INFO: Run Behavior\ShowPageTraceBehavior [ RunTime:0.002205s ]
INFO: [ app_end ] --END-- [ RunTime:0.002368s ]

[ 2016-06-18T11:04:30+08:00 ] 127.0.0.1 /public/js/jquery.min.map
INFO: [ app_init ] --START--
INFO: Run Behavior\BuildLiteBehavior [ RunTime:0.000041s ]
INFO: [ app_init ] --END-- [ RunTime:0.000891s ]
INFO: [ app_begin ] --START--
INFO: Run Behavior\ReadHtmlCacheBehavior [ RunTime:0.000676s ]
INFO: [ app_begin ] --END-- [ RunTime:0.000762s ]
ERR: 无法加载控制器:Public

[ 2016-06-18T11:04:30+08:00 ] 127.0.0.1 /public/js/angular-route.min.js.map
INFO: [ app_init ] --START--
INFO: Run Behavior\BuildLiteBehavior [ RunTime:0.000032s ]
INFO: [ app_init ] --END-- [ RunTime:0.000759s ]
INFO: [ app_begin ] --START--
INFO: Run Behavior\ReadHtmlCacheBehavior [ RunTime:0.001023s ]
INFO: [ app_begin ] --END-- [ RunTime:0.001162s ]
ERR: 无法加载控制器:Public

[ 2016-06-18T11:04:31+08:00 ] 127.0.0.1 /index
INFO: [ app_init ] --START--
INFO: Run Behavior\BuildLiteBehavior [ RunTime:0.000031s ]
INFO: [ app_init ] --END-- [ RunTime:0.000671s ]
INFO: [ app_begin ] --START--
INFO: Run Behavior\ReadHtmlCacheBehavior [ RunTime:0.001103s ]
INFO: [ app_begin ] --END-- [ RunTime:0.001254s ]
INFO: [ view_parse ] --START--
INFO: [ template_filter ] --START--
INFO: Run Behavior\ContentReplaceBehavior [ RunTime:0.000084s ]
INFO: [ template_filter ] --END-- [ RunTime:0.000226s ]
INFO: Run Behavior\ParseTemplateBehavior [ RunTime:0.018125s ]
INFO: [ view_parse ] --END-- [ RunTime:0.018290s ]
INFO: [ view_filter ] --START--
INFO: Run Behavior\WriteHtmlCacheBehavior [ RunTime:0.000741s ]
INFO: [ view_filter ] --END-- [ RunTime:0.000855s ]
INFO: [ app_end ] --START--
INFO: Run Behavior\ShowPageTraceBehavior [ RunTime:0.001194s ]
INFO: [ app_end ] --END-- [ RunTime:0.001744s ]

[ 2016-06-18T11:04:36+08:00 ] 127.0.0.1 /index.php?c=article&a=allArticle&page=1
INFO: [ app_init ] --START--
INFO: Run Behavior\BuildLiteBehavior [ RunTime:0.000042s ]
INFO: [ app_init ] --END-- [ RunTime:0.000801s ]
INFO: [ app_begin ] --START--
INFO: Run Behavior\ReadHtmlCacheBehavior [ RunTime:0.000918s ]
INFO: [ app_begin ] --END-- [ RunTime:0.001072s ]
SQL: SHOW COLUMNS FROM `article` [ RunTime:0.0674s ]
SQL: SELECT COUNT(*) AS tp_count FROM `article` WHERE (  status = 1  ) LIMIT 1   [ RunTime:0.0650s ]
SQL: SELECT * FROM `article` WHERE (  status = 1  ) ORDER BY publishTime desc LIMIT 0,18   [ RunTime:1.5122s ]
INFO: [ app_end ] --START--
INFO: Run Behavior\ShowPageTraceBehavior [ RunTime:0.001179s ]
INFO: [ app_end ] --END-- [ RunTime:0.001329s ]

[ 2016-06-18T11:04:36+08:00 ] 127.0.0.1 /Uploads/image/20160612/1465718623542200.jpg
INFO: [ app_init ] --START--
INFO: Run Behavior\BuildLiteBehavior [ RunTime:0.000027s ]
INFO: [ app_init ] --END-- [ RunTime:0.000585s ]

[ 2016-06-18T11:04:36+08:00 ] 127.0.0.1 /Uploads/image/20160611/1465634537346836.jpg
INFO: [ app_init ] --START--
INFO: Run Behavior\BuildLiteBehavior [ RunTime:0.000032s ]
INFO: [ app_init ] --END-- [ RunTime:0.000687s ]

[ 2016-06-18T11:04:37+08:00 ] 127.0.0.1 /Uploads/image/20160612/1465747145626800.jpg
INFO: [ app_init ] --START--
INFO: Run Behavior\BuildLiteBehavior [ RunTime:0.000017s ]
INFO: [ app_init ] --END-- [ RunTime:0.000358s ]

[ 2016-06-18T11:04:37+08:00 ] 127.0.0.1 /Uploads/image/20160612/1465717388113806.jpg
INFO: [ app_init ] --START--
INFO: Run Behavior\BuildLiteBehavior [ RunTime:0.000019s ]
INFO: [ app_init ] --END-- [ RunTime:0.000425s ]

[ 2016-06-18T11:04:37+08:00 ] 127.0.0.1 /Uploads/image/20160616/1466068308607092.png
INFO: [ app_init ] --START--
INFO: Run Behavior\BuildLiteBehavior [ RunTime:0.000030s ]
INFO: [ app_init ] --END-- [ RunTime:0.000588s ]

[ 2016-06-18T11:04:37+08:00 ] 127.0.0.1 /Uploads/image/20160612/1465664789761318.jpg
INFO: [ app_init ] --START--
INFO: Run Behavior\BuildLiteBehavior [ RunTime:0.000031s ]
INFO: [ app_init ] --END-- [ RunTime:0.000636s ]

[ 2016-06-18T11:04:37+08:00 ] 127.0.0.1 /Uploads/image/20160612/1465664925296488.jpg
INFO: [ app_init ] --START--
INFO: Run Behavior\BuildLiteBehavior [ RunTime:0.000025s ]
INFO: [ app_init ] --END-- [ RunTime:0.000679s ]

[ 2016-06-18T11:04:37+08:00 ] 127.0.0.1 /Uploads/image/20160612/1465665678204443.jpg
INFO: [ app_init ] --START--
INFO: Run Behavior\BuildLiteBehavior [ RunTime:0.000027s ]
INFO: [ app_init ] --END-- [ RunTime:0.000535s ]

[ 2016-06-18T11:04:37+08:00 ] 127.0.0.1 /Uploads/image/20160612/1465694371406951.jpg
INFO: [ app_init ] --START--
INFO: Run Behavior\BuildLiteBehavior [ RunTime:0.000027s ]
INFO: [ app_init ] --END-- [ RunTime:0.000592s ]

[ 2016-06-18T11:04:37+08:00 ] 127.0.0.1 /Uploads/image/20160612/1465693132462333.jpg
INFO: [ app_init ] --START--
INFO: Run Behavior\BuildLiteBehavior [ RunTime:0.000037s ]
INFO: [ app_init ] --END-- [ RunTime:0.000638s ]

[ 2016-06-18T11:04:37+08:00 ] 127.0.0.1 /Uploads/image/20160612/1465696513120781.jpg
INFO: [ app_init ] --START--
INFO: Run Behavior\BuildLiteBehavior [ RunTime:0.000026s ]
INFO: [ app_init ] --END-- [ RunTime:0.026911s ]

[ 2016-06-18T11:04:37+08:00 ] 127.0.0.1 /Uploads/image/20160616/1466068476556400.jpg
INFO: [ app_init ] --START--
INFO: Run Behavior\BuildLiteBehavior [ RunTime:0.000032s ]
INFO: [ app_init ] --END-- [ RunTime:0.000626s ]

[ 2016-06-18T11:04:37+08:00 ] 127.0.0.1 /Uploads/image/20160616/1466069015113616.jpg
INFO: [ app_init ] --START--
INFO: Run Behavior\BuildLiteBehavior [ RunTime:0.000028s ]
INFO: [ app_init ] --END-- [ RunTime:0.000519s ]

[ 2016-06-18T11:04:37+08:00 ] 127.0.0.1 /Uploads/image/20160615/1465962212409275.jpg
INFO: [ app_init ] --START--
INFO: Run Behavior\BuildLiteBehavior [ RunTime:0.000035s ]
INFO: [ app_init ] --END-- [ RunTime:0.000606s ]

[ 2016-06-18T11:04:37+08:00 ] 127.0.0.1 /Uploads/image/20160615/1465961800364220.jpg
INFO: [ app_init ] --START--
INFO: Run Behavior\BuildLiteBehavior [ RunTime:0.000035s ]
INFO: [ app_init ] --END-- [ RunTime:0.000860s ]

[ 2016-06-18T11:04:37+08:00 ] 127.0.0.1 /Uploads/image/20160612/1465695531106942.jpg
INFO: [ app_init ] --START--
INFO: Run Behavior\BuildLiteBehavior [ RunTime:0.000027s ]
INFO: [ app_init ] --END-- [ RunTime:0.000706s ]

[ 2016-06-18T11:04:37+08:00 ] 127.0.0.1 /Uploads/image/20160616/1466084363452005.jpg
INFO: [ app_init ] --START--
INFO: Run Behavior\BuildLiteBehavior [ RunTime:0.000029s ]
INFO: [ app_init ] --END-- [ RunTime:0.000639s ]

[ 2016-06-18T11:07:43+08:00 ] 127.0.0.1 /
INFO: [ app_init ] --START--
INFO: Run Behavior\BuildLiteBehavior [ RunTime:0.000019s ]
INFO: [ app_init ] --END-- [ RunTime:0.000469s ]
INFO: [ app_begin ] --START--
INFO: Run Behavior\ReadHtmlCacheBehavior [ RunTime:0.000890s ]
INFO: [ app_begin ] --END-- [ RunTime:0.000987s ]
INFO: [ view_parse ] --START--
INFO: [ template_filter ] --START--
INFO: Run Behavior\ContentReplaceBehavior [ RunTime:0.000070s ]
INFO: [ template_filter ] --END-- [ RunTime:0.000177s ]
INFO: Run Behavior\ParseTemplateBehavior [ RunTime:0.008549s ]
INFO: [ view_parse ] --END-- [ RunTime:0.008655s ]
INFO: [ view_filter ] --START--
INFO: Run Behavior\WriteHtmlCacheBehavior [ RunTime:0.000485s ]
INFO: [ view_filter ] --END-- [ RunTime:0.000557s ]
INFO: [ app_end ] --START--
INFO: Run Behavior\ShowPageTraceBehavior [ RunTime:0.001175s ]
INFO: [ app_end ] --END-- [ RunTime:0.001263s ]

[ 2016-06-18T11:07:44+08:00 ] 127.0.0.1 /public/js/jquery.min.map
INFO: [ app_init ] --START--
INFO: Run Behavior\BuildLiteBehavior [ RunTime:0.000030s ]
INFO: [ app_init ] --END-- [ RunTime:0.000669s ]
INFO: [ app_begin ] --START--
INFO: Run Behavior\ReadHtmlCacheBehavior [ RunTime:0.001045s ]
INFO: [ app_begin ] --END-- [ RunTime:0.001165s ]
ERR: 无法加载控制器:Public

[ 2016-06-18T11:07:44+08:00 ] 127.0.0.1 /public/js/angular-route.min.js.map
INFO: [ app_init ] --START--
INFO: Run Behavior\BuildLiteBehavior [ RunTime:0.000082s ]
INFO: [ app_init ] --END-- [ RunTime:0.001022s ]
INFO: [ app_begin ] --START--
INFO: Run Behavior\ReadHtmlCacheBehavior [ RunTime:0.001815s ]
INFO: [ app_begin ] --END-- [ RunTime:0.001980s ]
ERR: 无法加载控制器:Public

[ 2016-06-18T11:07:46+08:00 ] 127.0.0.1 /index.php?c=article&a=allArticle&page=1
INFO: [ app_init ] --START--
INFO: Run Behavior\BuildLiteBehavior [ RunTime:0.000019s ]
INFO: [ app_init ] --END-- [ RunTime:0.000448s ]
INFO: [ app_begin ] --START--
INFO: Run Behavior\ReadHtmlCacheBehavior [ RunTime:0.000653s ]
INFO: [ app_begin ] --END-- [ RunTime:0.000728s ]
SQL: SHOW COLUMNS FROM `article` [ RunTime:0.0682s ]
SQL: SELECT COUNT(*) AS tp_count FROM `article` WHERE (  status = 1  ) LIMIT 1   [ RunTime:0.0665s ]
SQL: SELECT * FROM `article` WHERE (  status = 1  ) ORDER BY publishTime desc LIMIT 0,18   [ RunTime:1.3543s ]
INFO: [ app_end ] --START--
INFO: Run Behavior\ShowPageTraceBehavior [ RunTime:0.001212s ]
INFO: [ app_end ] --END-- [ RunTime:0.001349s ]

[ 2016-06-18T11:07:46+08:00 ] 127.0.0.1 /Uploads/image/20160612/1465661095725860.jpg
INFO: [ app_init ] --START--
INFO: Run Behavior\BuildLiteBehavior [ RunTime:0.000025s ]
INFO: [ app_init ] --END-- [ RunTime:0.000573s ]

[ 2016-06-18T11:07:46+08:00 ] 127.0.0.1 /Uploads/image/20160612/1465747145626800.jpg
INFO: [ app_init ] --START--
INFO: Run Behavior\BuildLiteBehavior [ RunTime:0.000028s ]
INFO: [ app_init ] --END-- [ RunTime:0.000581s ]

[ 2016-06-18T11:07:46+08:00 ] 127.0.0.1 /Uploads/image/20160616/1466068308607092.png
INFO: [ app_init ] --START--
INFO: Run Behavior\BuildLiteBehavior [ RunTime:0.000026s ]
INFO: [ app_init ] --END-- [ RunTime:0.000623s ]

[ 2016-06-18T11:07:46+08:00 ] 127.0.0.1 /Uploads/image/20160612/1465717388113806.jpg
INFO: [ app_init ] --START--
INFO: Run Behavior\BuildLiteBehavior [ RunTime:0.000033s ]
INFO: [ app_init ] --END-- [ RunTime:0.000630s ]

[ 2016-06-18T11:07:46+08:00 ] 127.0.0.1 /Uploads/image/20160611/1465634537346836.jpg
INFO: [ app_init ] --START--
INFO: Run Behavior\BuildLiteBehavior [ RunTime:0.000028s ]
INFO: [ app_init ] --END-- [ RunTime:0.000611s ]

[ 2016-06-18T11:07:46+08:00 ] 127.0.0.1 /Uploads/image/20160612/1465718623542200.jpg
INFO: [ app_init ] --START--
INFO: Run Behavior\BuildLiteBehavior [ RunTime:0.000032s ]
INFO: [ app_init ] --END-- [ RunTime:0.000712s ]

[ 2016-06-18T11:07:46+08:00 ] 127.0.0.1 /Uploads/image/20160612/1465695531106942.jpg
INFO: [ app_init ] --START--
INFO: Run Behavior\BuildLiteBehavior [ RunTime:0.000030s ]
INFO: [ app_init ] --END-- [ RunTime:0.000532s ]

[ 2016-06-18T11:07:46+08:00 ] 127.0.0.1 /Uploads/image/20160612/1465664789761318.jpg
INFO: [ app_init ] --START--
INFO: Run Behavior\BuildLiteBehavior [ RunTime:0.000027s ]
INFO: [ app_init ] --END-- [ RunTime:0.000631s ]

[ 2016-06-18T11:07:46+08:00 ] 127.0.0.1 /Uploads/image/20160612/1465664925296488.jpg
INFO: [ app_init ] --START--
INFO: Run Behavior\BuildLiteBehavior [ RunTime:0.000030s ]
INFO: [ app_init ] --END-- [ RunTime:0.000626s ]

[ 2016-06-18T11:07:46+08:00 ] 127.0.0.1 /Uploads/image/20160612/1465665678204443.jpg
INFO: [ app_init ] --START--
INFO: Run Behavior\BuildLiteBehavior [ RunTime:0.000026s ]
INFO: [ app_init ] --END-- [ RunTime:0.000570s ]

[ 2016-06-18T11:07:46+08:00 ] 127.0.0.1 /Uploads/image/20160612/1465694371406951.jpg
INFO: [ app_init ] --START--
INFO: Run Behavior\BuildLiteBehavior [ RunTime:0.000026s ]
INFO: [ app_init ] --END-- [ RunTime:0.000587s ]

[ 2016-06-18T11:07:46+08:00 ] 127.0.0.1 /Uploads/image/20160612/1465696513120781.jpg
INFO: [ app_init ] --START--
INFO: Run Behavior\BuildLiteBehavior [ RunTime:0.000028s ]
INFO: [ app_init ] --END-- [ RunTime:0.000664s ]

[ 2016-06-18T11:07:46+08:00 ] 127.0.0.1 /Uploads/image/20160612/1465693132462333.jpg
INFO: [ app_init ] --START--
INFO: Run Behavior\BuildLiteBehavior [ RunTime:0.000029s ]
INFO: [ app_init ] --END-- [ RunTime:0.000600s ]

[ 2016-06-18T11:07:46+08:00 ] 127.0.0.1 /Uploads/image/20160616/1466068476556400.jpg
INFO: [ app_init ] --START--
INFO: Run Behavior\BuildLiteBehavior [ RunTime:0.000030s ]
INFO: [ app_init ] --END-- [ RunTime:0.000684s ]

[ 2016-06-18T11:07:46+08:00 ] 127.0.0.1 /Uploads/image/20160615/1465962212409275.jpg
INFO: [ app_init ] --START--
INFO: Run Behavior\BuildLiteBehavior [ RunTime:0.000092s ]
INFO: [ app_init ] --END-- [ RunTime:0.001410s ]

[ 2016-06-18T11:07:46+08:00 ] 127.0.0.1 /Uploads/image/20160616/1466084363452005.jpg
INFO: [ app_init ] --START--
INFO: Run Behavior\BuildLiteBehavior [ RunTime:0.000029s ]
INFO: [ app_init ] --END-- [ RunTime:0.000588s ]

[ 2016-06-18T11:07:46+08:00 ] 127.0.0.1 /Uploads/image/20160616/1466069015113616.jpg
INFO: [ app_init ] --START--
INFO: Run Behavior\BuildLiteBehavior [ RunTime:0.000032s ]
INFO: [ app_init ] --END-- [ RunTime:0.000711s ]

[ 2016-06-18T11:07:46+08:00 ] 127.0.0.1 /Uploads/image/20160615/1465961800364220.jpg
INFO: [ app_init ] --START--
INFO: Run Behavior\BuildLiteBehavior [ RunTime:0.000033s ]
INFO: [ app_init ] --END-- [ RunTime:0.001168s ]

[ 2016-06-18T11:08:13+08:00 ] 127.0.0.1 /
INFO: [ app_init ] --START--
INFO: Run Behavior\BuildLiteBehavior [ RunTime:0.000026s ]
INFO: [ app_init ] --END-- [ RunTime:0.000561s ]
INFO: [ app_begin ] --START--
INFO: Run Behavior\ReadHtmlCacheBehavior [ RunTime:0.000649s ]
INFO: [ app_begin ] --END-- [ RunTime:0.000724s ]
INFO: [ view_parse ] --START--
INFO: [ template_filter ] --START--
INFO: Run Behavior\ContentReplaceBehavior [ RunTime:0.000101s ]
INFO: [ template_filter ] --END-- [ RunTime:0.000220s ]
INFO: Run Behavior\ParseTemplateBehavior [ RunTime:0.009131s ]
INFO: [ view_parse ] --END-- [ RunTime:0.009237s ]
INFO: [ view_filter ] --START--
INFO: Run Behavior\WriteHtmlCacheBehavior [ RunTime:0.000558s ]
INFO: [ view_filter ] --END-- [ RunTime:0.000641s ]
INFO: [ app_end ] --START--
INFO: Run Behavior\ShowPageTraceBehavior [ RunTime:0.000724s ]
INFO: [ app_end ] --END-- [ RunTime:0.000799s ]

[ 2016-06-18T11:08:14+08:00 ] 127.0.0.1 /public/js/jquery.min.map
INFO: [ app_init ] --START--
INFO: Run Behavior\BuildLiteBehavior [ RunTime:0.000031s ]
INFO: [ app_init ] --END-- [ RunTime:0.000589s ]
INFO: [ app_begin ] --START--
INFO: Run Behavior\ReadHtmlCacheBehavior [ RunTime:0.000694s ]
INFO: [ app_begin ] --END-- [ RunTime:0.000785s ]
ERR: 无法加载控制器:Public

[ 2016-06-18T11:08:14+08:00 ] 127.0.0.1 /public/js/angular-route.min.js.map
INFO: [ app_init ] --START--
INFO: Run Behavior\BuildLiteBehavior [ RunTime:0.000044s ]
INFO: [ app_init ] --END-- [ RunTime:0.001047s ]
INFO: [ app_begin ] --START--
INFO: Run Behavior\ReadHtmlCacheBehavior [ RunTime:0.001079s ]
INFO: [ app_begin ] --END-- [ RunTime:0.001218s ]
ERR: 无法加载控制器:Public

[ 2016-06-18T11:08:16+08:00 ] 127.0.0.1 /index.php?c=article&a=allArticle&page=1
INFO: [ app_init ] --START--
INFO: Run Behavior\BuildLiteBehavior [ RunTime:0.000051s ]
INFO: [ app_init ] --END-- [ RunTime:0.001414s ]
INFO: [ app_begin ] --START--
INFO: Run Behavior\ReadHtmlCacheBehavior [ RunTime:0.001255s ]
INFO: [ app_begin ] --END-- [ RunTime:0.001413s ]
SQL: SHOW COLUMNS FROM `article` [ RunTime:0.0783s ]
SQL: SELECT COUNT(*) AS tp_count FROM `article` WHERE (  status = 1  ) LIMIT 1   [ RunTime:0.0773s ]
SQL: SELECT * FROM `article` WHERE (  status = 1  ) ORDER BY publishTime desc LIMIT 0,18   [ RunTime:1.6449s ]
INFO: [ app_end ] --START--
INFO: Run Behavior\ShowPageTraceBehavior [ RunTime:0.001206s ]
INFO: [ app_end ] --END-- [ RunTime:0.001504s ]

[ 2016-06-18T11:08:16+08:00 ] 127.0.0.1 /Uploads/image/20160612/1465718623542200.jpg
INFO: [ app_init ] --START--
INFO: Run Behavior\BuildLiteBehavior [ RunTime:0.000029s ]
INFO: [ app_init ] --END-- [ RunTime:0.000512s ]

[ 2016-06-18T11:08:16+08:00 ] 127.0.0.1 /Uploads/image/20160612/1465747145626800.jpg
INFO: [ app_init ] --START--
INFO: Run Behavior\BuildLiteBehavior [ RunTime:0.000028s ]
INFO: [ app_init ] --END-- [ RunTime:0.000589s ]

[ 2016-06-18T11:08:16+08:00 ] 127.0.0.1 /Uploads/image/20160612/1465661095725860.jpg
INFO: [ app_init ] --START--
INFO: Run Behavior\BuildLiteBehavior [ RunTime:0.000027s ]
INFO: [ app_init ] --END-- [ RunTime:0.000622s ]

[ 2016-06-18T11:08:16+08:00 ] 127.0.0.1 /Uploads/image/20160616/1466068308607092.png
INFO: [ app_init ] --START--
INFO: Run Behavior\BuildLiteBehavior [ RunTime:0.000027s ]
INFO: [ app_init ] --END-- [ RunTime:0.000580s ]

[ 2016-06-18T11:08:16+08:00 ] 127.0.0.1 /Uploads/image/20160612/1465717388113806.jpg
INFO: [ app_init ] --START--
INFO: Run Behavior\BuildLiteBehavior [ RunTime:0.000029s ]
INFO: [ app_init ] --END-- [ RunTime:0.000644s ]

[ 2016-06-18T11:08:16+08:00 ] 127.0.0.1 /Uploads/image/20160611/1465634537346836.jpg
INFO: [ app_init ] --START--
INFO: Run Behavior\BuildLiteBehavior [ RunTime:0.000026s ]
INFO: [ app_init ] --END-- [ RunTime:0.000649s ]

[ 2016-06-18T11:08:16+08:00 ] 127.0.0.1 /Uploads/image/20160612/1465696513120781.jpg
INFO: [ app_init ] --START--
INFO: Run Behavior\BuildLiteBehavior [ RunTime:0.000028s ]
INFO: [ app_init ] --END-- [ RunTime:0.000537s ]

[ 2016-06-18T11:08:16+08:00 ] 127.0.0.1 /Uploads/image/20160612/1465664925296488.jpg
INFO: [ app_init ] --START--
INFO: Run Behavior\BuildLiteBehavior [ RunTime:0.000031s ]
INFO: [ app_init ] --END-- [ RunTime:0.003595s ]

[ 2016-06-18T11:08:16+08:00 ] 127.0.0.1 /Uploads/image/20160612/1465664789761318.jpg
INFO: [ app_init ] --START--
INFO: Run Behavior\BuildLiteBehavior [ RunTime:0.000029s ]
INFO: [ app_init ] --END-- [ RunTime:0.000652s ]

[ 2016-06-18T11:08:16+08:00 ] 127.0.0.1 /Uploads/image/20160612/1465695531106942.jpg
INFO: [ app_init ] --START--
INFO: Run Behavior\BuildLiteBehavior [ RunTime:0.000029s ]
INFO: [ app_init ] --END-- [ RunTime:0.000597s ]

[ 2016-06-18T11:08:16+08:00 ] 127.0.0.1 /Uploads/image/20160612/1465665678204443.jpg
INFO: [ app_init ] --START--
INFO: Run Behavior\BuildLiteBehavior [ RunTime:0.000029s ]
INFO: [ app_init ] --END-- [ RunTime:0.000610s ]

[ 2016-06-18T11:08:16+08:00 ] 127.0.0.1 /Uploads/image/20160616/1466069015113616.jpg
INFO: [ app_init ] --START--
INFO: Run Behavior\BuildLiteBehavior [ RunTime:0.000029s ]
INFO: [ app_init ] --END-- [ RunTime:0.000536s ]

[ 2016-06-18T11:08:16+08:00 ] 127.0.0.1 /Uploads/image/20160616/1466068476556400.jpg
INFO: [ app_init ] --START--
INFO: Run Behavior\BuildLiteBehavior [ RunTime:0.000088s ]
INFO: [ app_init ] --END-- [ RunTime:0.000781s ]

[ 2016-06-18T11:08:16+08:00 ] 127.0.0.1 /Uploads/image/20160612/1465693132462333.jpg
INFO: [ app_init ] --START--
INFO: Run Behavior\BuildLiteBehavior [ RunTime:0.000029s ]
INFO: [ app_init ] --END-- [ RunTime:0.000584s ]

[ 2016-06-18T11:08:16+08:00 ] 127.0.0.1 /Uploads/image/20160615/1465961800364220.jpg
INFO: [ app_init ] --START--
INFO: Run Behavior\BuildLiteBehavior [ RunTime:0.000030s ]
INFO: [ app_init ] --END-- [ RunTime:0.000709s ]

[ 2016-06-18T11:08:16+08:00 ] 127.0.0.1 /Uploads/image/20160612/1465694371406951.jpg
INFO: [ app_init ] --START--
INFO: Run Behavior\BuildLiteBehavior [ RunTime:0.000029s ]
INFO: [ app_init ] --END-- [ RunTime:0.000752s ]

[ 2016-06-18T11:08:16+08:00 ] 127.0.0.1 /Uploads/image/20160615/1465962212409275.jpg
INFO: [ app_init ] --START--
INFO: Run Behavior\BuildLiteBehavior [ RunTime:0.000026s ]
INFO: [ app_init ] --END-- [ RunTime:0.000692s ]

[ 2016-06-18T11:08:16+08:00 ] 127.0.0.1 /Uploads/image/20160616/1466084363452005.jpg
INFO: [ app_init ] --START--
INFO: Run Behavior\BuildLiteBehavior [ RunTime:0.000032s ]
INFO: [ app_init ] --END-- [ RunTime:0.000693s ]

[ 2016-06-18T11:08:29+08:00 ] 127.0.0.1 /Uploads/image/20160612/1465747145626800.jpg
INFO: [ app_init ] --START--
INFO: Run Behavior\BuildLiteBehavior [ RunTime:0.000015s ]
INFO: [ app_init ] --END-- [ RunTime:0.000374s ]

[ 2016-06-18T11:09:07+08:00 ] 127.0.0.1 /
INFO: [ app_init ] --START--
INFO: Run Behavior\BuildLiteBehavior [ RunTime:0.000018s ]
INFO: [ app_init ] --END-- [ RunTime:0.000472s ]
INFO: [ app_begin ] --START--
INFO: Run Behavior\ReadHtmlCacheBehavior [ RunTime:0.000761s ]
INFO: [ app_begin ] --END-- [ RunTime:0.000859s ]
INFO: [ view_parse ] --START--
INFO: [ template_filter ] --START--
INFO: Run Behavior\ContentReplaceBehavior [ RunTime:0.000055s ]
INFO: [ template_filter ] --END-- [ RunTime:0.000147s ]
INFO: Run Behavior\ParseTemplateBehavior [ RunTime:0.009583s ]
INFO: [ view_parse ] --END-- [ RunTime:0.009682s ]
INFO: [ view_filter ] --START--
INFO: Run Behavior\WriteHtmlCacheBehavior [ RunTime:0.000429s ]
INFO: [ view_filter ] --END-- [ RunTime:0.000491s ]
INFO: [ app_end ] --START--
INFO: Run Behavior\ShowPageTraceBehavior [ RunTime:0.000760s ]
INFO: [ app_end ] --END-- [ RunTime:0.000832s ]

[ 2016-06-18T11:09:07+08:00 ] 127.0.0.1 /public/js/angular-route.min.js.map
INFO: [ app_init ] --START--
INFO: Run Behavior\BuildLiteBehavior [ RunTime:0.000019s ]
INFO: [ app_init ] --END-- [ RunTime:0.000444s ]
INFO: [ app_begin ] --START--
INFO: Run Behavior\ReadHtmlCacheBehavior [ RunTime:0.000951s ]
INFO: [ app_begin ] --END-- [ RunTime:0.001063s ]
ERR: 无法加载控制器:Public

[ 2016-06-18T11:09:07+08:00 ] 127.0.0.1 /public/js/jquery.min.map
INFO: [ app_init ] --START--
INFO: Run Behavior\BuildLiteBehavior [ RunTime:0.000018s ]
INFO: [ app_init ] --END-- [ RunTime:0.000450s ]
INFO: [ app_begin ] --START--
INFO: Run Behavior\ReadHtmlCacheBehavior [ RunTime:0.001310s ]
INFO: [ app_begin ] --END-- [ RunTime:0.001431s ]
ERR: 无法加载控制器:Public

[ 2016-06-18T11:09:09+08:00 ] 127.0.0.1 /index.php?c=article&a=allArticle&page=1
INFO: [ app_init ] --START--
INFO: Run Behavior\BuildLiteBehavior [ RunTime:0.000031s ]
INFO: [ app_init ] --END-- [ RunTime:0.000678s ]
INFO: [ app_begin ] --START--
INFO: Run Behavior\ReadHtmlCacheBehavior [ RunTime:0.001058s ]
INFO: [ app_begin ] --END-- [ RunTime:0.001192s ]
SQL: SHOW COLUMNS FROM `article` [ RunTime:0.0837s ]
SQL: SELECT COUNT(*) AS tp_count FROM `article` WHERE (  status = 1  ) LIMIT 1   [ RunTime:0.0821s ]
SQL: SELECT * FROM `article` WHERE (  status = 1  ) ORDER BY publishTime desc LIMIT 0,18   [ RunTime:0.9928s ]
INFO: [ app_end ] --START--
INFO: Run Behavior\ShowPageTraceBehavior [ RunTime:0.001354s ]
INFO: [ app_end ] --END-- [ RunTime:0.001550s ]

[ 2016-06-18T11:09:09+08:00 ] 127.0.0.1 /Uploads/image/20160612/1465661095725860.jpg
INFO: [ app_init ] --START--
INFO: Run Behavior\BuildLiteBehavior [ RunTime:0.000027s ]
INFO: [ app_init ] --END-- [ RunTime:0.000526s ]

[ 2016-06-18T11:09:09+08:00 ] 127.0.0.1 /Uploads/image/20160612/1465718623542200.jpg
INFO: [ app_init ] --START--
INFO: Run Behavior\BuildLiteBehavior [ RunTime:0.000028s ]
INFO: [ app_init ] --END-- [ RunTime:0.000600s ]

[ 2016-06-18T11:09:09+08:00 ] 127.0.0.1 /Uploads/image/20160611/1465634537346836.jpg
INFO: [ app_init ] --START--
INFO: Run Behavior\BuildLiteBehavior [ RunTime:0.000026s ]
INFO: [ app_init ] --END-- [ RunTime:0.000622s ]

[ 2016-06-18T11:09:09+08:00 ] 127.0.0.1 /Uploads/image/20160612/1465717388113806.jpg
INFO: [ app_init ] --START--
INFO: Run Behavior\BuildLiteBehavior [ RunTime:0.000028s ]
INFO: [ app_init ] --END-- [ RunTime:0.000609s ]

[ 2016-06-18T11:09:09+08:00 ] 127.0.0.1 /Uploads/image/20160616/1466068308607092.png
INFO: [ app_init ] --START--
INFO: Run Behavior\BuildLiteBehavior [ RunTime:0.000030s ]
INFO: [ app_init ] --END-- [ RunTime:0.000700s ]

[ 2016-06-18T11:09:09+08:00 ] 127.0.0.1 /Uploads/image/20160612/1465747145626800.jpg
INFO: [ app_init ] --START--
INFO: Run Behavior\BuildLiteBehavior [ RunTime:0.000021s ]
INFO: [ app_init ] --END-- [ RunTime:0.000441s ]

[ 2016-06-18T11:09:09+08:00 ] 127.0.0.1 /Uploads/image/20160612/1465665678204443.jpg
INFO: [ app_init ] --START--
INFO: Run Behavior\BuildLiteBehavior [ RunTime:0.000029s ]
INFO: [ app_init ] --END-- [ RunTime:0.000608s ]

[ 2016-06-18T11:09:09+08:00 ] 127.0.0.1 /Uploads/image/20160612/1465696513120781.jpg
INFO: [ app_init ] --START--
INFO: Run Behavior\BuildLiteBehavior [ RunTime:0.000026s ]
INFO: [ app_init ] --END-- [ RunTime:0.000642s ]

[ 2016-06-18T11:09:09+08:00 ] 127.0.0.1 /Uploads/image/20160612/1465695531106942.jpg
INFO: [ app_init ] --START--
INFO: Run Behavior\BuildLiteBehavior [ RunTime:0.000041s ]
INFO: [ app_init ] --END-- [ RunTime:0.000619s ]

[ 2016-06-18T11:09:09+08:00 ] 127.0.0.1 /Uploads/image/20160612/1465664925296488.jpg
INFO: [ app_init ] --START--
INFO: Run Behavior\BuildLiteBehavior [ RunTime:0.000032s ]
INFO: [ app_init ] --END-- [ RunTime:0.000565s ]

[ 2016-06-18T11:09:09+08:00 ] 127.0.0.1 /Uploads/image/20160612/1465694371406951.jpg
INFO: [ app_init ] --START--
INFO: Run Behavior\BuildLiteBehavior [ RunTime:0.000028s ]
INFO: [ app_init ] --END-- [ RunTime:0.000678s ]

[ 2016-06-18T11:09:09+08:00 ] 127.0.0.1 /Uploads/image/20160612/1465664789761318.jpg
INFO: [ app_init ] --START--
INFO: Run Behavior\BuildLiteBehavior [ RunTime:0.000060s ]
INFO: [ app_init ] --END-- [ RunTime:0.000669s ]

[ 2016-06-18T11:09:09+08:00 ] 127.0.0.1 /Uploads/image/20160615/1465961800364220.jpg
INFO: [ app_init ] --START--
INFO: Run Behavior\BuildLiteBehavior [ RunTime:0.000032s ]
INFO: [ app_init ] --END-- [ RunTime:0.000722s ]

[ 2016-06-18T11:09:09+08:00 ] 127.0.0.1 /Uploads/image/20160612/1465693132462333.jpg
INFO: [ app_init ] --START--
INFO: Run Behavior\BuildLiteBehavior [ RunTime:0.000037s ]
INFO: [ app_init ] --END-- [ RunTime:0.000882s ]

[ 2016-06-18T11:09:09+08:00 ] 127.0.0.1 /Uploads/image/20160616/1466068476556400.jpg
INFO: [ app_init ] --START--
INFO: Run Behavior\BuildLiteBehavior [ RunTime:0.000037s ]
INFO: [ app_init ] --END-- [ RunTime:0.000719s ]

[ 2016-06-18T11:09:09+08:00 ] 127.0.0.1 /Uploads/image/20160616/1466069015113616.jpg
INFO: [ app_init ] --START--
INFO: Run Behavior\BuildLiteBehavior [ RunTime:0.000027s ]
INFO: [ app_init ] --END-- [ RunTime:0.000534s ]

[ 2016-06-18T11:09:09+08:00 ] 127.0.0.1 /Uploads/image/20160616/1466084363452005.jpg
INFO: [ app_init ] --START--
INFO: Run Behavior\BuildLiteBehavior [ RunTime:0.000027s ]
INFO: [ app_init ] --END-- [ RunTime:0.000617s ]

[ 2016-06-18T11:09:09+08:00 ] 127.0.0.1 /Uploads/image/20160615/1465962212409275.jpg
INFO: [ app_init ] --START--
INFO: Run Behavior\BuildLiteBehavior [ RunTime:0.000027s ]
INFO: [ app_init ] --END-- [ RunTime:0.000591s ]

[ 2016-06-18T11:09:43+08:00 ] 127.0.0.1 /
INFO: [ app_init ] --START--
INFO: Run Behavior\BuildLiteBehavior [ RunTime:0.000016s ]
INFO: [ app_init ] --END-- [ RunTime:0.000383s ]
INFO: [ app_begin ] --START--
INFO: Run Behavior\ReadHtmlCacheBehavior [ RunTime:0.000583s ]
INFO: [ app_begin ] --END-- [ RunTime:0.000647s ]
INFO: [ view_parse ] --START--
INFO: [ template_filter ] --START--
INFO: Run Behavior\ContentReplaceBehavior [ RunTime:0.000070s ]
INFO: [ template_filter ] --END-- [ RunTime:0.000178s ]
INFO: Run Behavior\ParseTemplateBehavior [ RunTime:0.007263s ]
INFO: [ view_parse ] --END-- [ RunTime:0.007369s ]
INFO: [ view_filter ] --START--
INFO: Run Behavior\WriteHtmlCacheBehavior [ RunTime:0.000546s ]
INFO: [ view_filter ] --END-- [ RunTime:0.000619s ]
INFO: [ app_end ] --START--
INFO: Run Behavior\ShowPageTraceBehavior [ RunTime:0.000676s ]
INFO: [ app_end ] --END-- [ RunTime:0.000739s ]

[ 2016-06-18T11:09:43+08:00 ] 127.0.0.1 /public/js/jquery.min.map
INFO: [ app_init ] --START--
INFO: Run Behavior\BuildLiteBehavior [ RunTime:0.000020s ]
INFO: [ app_init ] --END-- [ RunTime:0.000449s ]
INFO: [ app_begin ] --START--
INFO: Run Behavior\ReadHtmlCacheBehavior [ RunTime:0.000777s ]
INFO: [ app_begin ] --END-- [ RunTime:0.000856s ]
ERR: 无法加载控制器:Public

[ 2016-06-18T11:09:43+08:00 ] 127.0.0.1 /public/js/angular-route.min.js.map
INFO: [ app_init ] --START--
INFO: Run Behavior\BuildLiteBehavior [ RunTime:0.000021s ]
INFO: [ app_init ] --END-- [ RunTime:0.000537s ]
INFO: [ app_begin ] --START--
INFO: Run Behavior\ReadHtmlCacheBehavior [ RunTime:0.000676s ]
INFO: [ app_begin ] --END-- [ RunTime:0.000754s ]
ERR: 无法加载控制器:Public

[ 2016-06-18T11:09:45+08:00 ] 127.0.0.1 /index.php?c=article&a=allArticle&page=1
INFO: [ app_init ] --START--
INFO: Run Behavior\BuildLiteBehavior [ RunTime:0.000072s ]
INFO: [ app_init ] --END-- [ RunTime:0.000914s ]
INFO: [ app_begin ] --START--
INFO: Run Behavior\ReadHtmlCacheBehavior [ RunTime:0.001267s ]
INFO: [ app_begin ] --END-- [ RunTime:0.001442s ]
SQL: SHOW COLUMNS FROM `article` [ RunTime:0.0771s ]
SQL: SELECT COUNT(*) AS tp_count FROM `article` WHERE (  status = 1  ) LIMIT 1   [ RunTime:0.0753s ]
SQL: SELECT * FROM `article` WHERE (  status = 1  ) ORDER BY publishTime desc LIMIT 0,18   [ RunTime:0.9853s ]
INFO: [ app_end ] --START--
INFO: Run Behavior\ShowPageTraceBehavior [ RunTime:0.001173s ]
INFO: [ app_end ] --END-- [ RunTime:0.001325s ]

[ 2016-06-18T11:09:45+08:00 ] 127.0.0.1 /Uploads/image/20160616/1466068308607092.png
INFO: [ app_init ] --START--
INFO: Run Behavior\BuildLiteBehavior [ RunTime:0.000028s ]
INFO: [ app_init ] --END-- [ RunTime:0.000591s ]

[ 2016-06-18T11:09:45+08:00 ] 127.0.0.1 /Uploads/image/20160612/1465747145626800.jpg
INFO: [ app_init ] --START--
INFO: Run Behavior\BuildLiteBehavior [ RunTime:0.000027s ]
INFO: [ app_init ] --END-- [ RunTime:0.000526s ]

[ 2016-06-18T11:09:45+08:00 ] 127.0.0.1 /Uploads/image/20160612/1465718623542200.jpg
INFO: [ app_init ] --START--
INFO: Run Behavior\BuildLiteBehavior [ RunTime:0.000031s ]
INFO: [ app_init ] --END-- [ RunTime:0.000606s ]

[ 2016-06-18T11:09:45+08:00 ] 127.0.0.1 /Uploads/image/20160611/1465634537346836.jpg
INFO: [ app_init ] --START--
INFO: Run Behavior\BuildLiteBehavior [ RunTime:0.000029s ]
INFO: [ app_init ] --END-- [ RunTime:0.000685s ]

[ 2016-06-18T11:09:45+08:00 ] 127.0.0.1 /Uploads/image/20160612/1465717388113806.jpg
INFO: [ app_init ] --START--
INFO: Run Behavior\BuildLiteBehavior [ RunTime:0.000028s ]
INFO: [ app_init ] --END-- [ RunTime:0.000603s ]

[ 2016-06-18T11:09:45+08:00 ] 127.0.0.1 /Uploads/image/20160612/1465661095725860.jpg
INFO: [ app_init ] --START--
INFO: Run Behavior\BuildLiteBehavior [ RunTime:0.000037s ]
INFO: [ app_init ] --END-- [ RunTime:0.000905s ]

[ 2016-06-18T11:09:45+08:00 ] 127.0.0.1 /Uploads/image/20160612/1465664789761318.jpg
INFO: [ app_init ] --START--
INFO: Run Behavior\BuildLiteBehavior [ RunTime:0.000030s ]
INFO: [ app_init ] --END-- [ RunTime:0.001521s ]

[ 2016-06-18T11:09:45+08:00 ] 127.0.0.1 /Uploads/image/20160612/1465696513120781.jpg
INFO: [ app_init ] --START--
INFO: Run Behavior\BuildLiteBehavior [ RunTime:0.000030s ]
INFO: [ app_init ] --END-- [ RunTime:0.000681s ]

[ 2016-06-18T11:09:45+08:00 ] 127.0.0.1 /Uploads/image/20160612/1465694371406951.jpg
INFO: [ app_init ] --START--
INFO: Run Behavior\BuildLiteBehavior [ RunTime:0.000027s ]
INFO: [ app_init ] --END-- [ RunTime:0.000711s ]

[ 2016-06-18T11:09:45+08:00 ] 127.0.0.1 /Uploads/image/20160612/1465665678204443.jpg
INFO: [ app_init ] --START--
INFO: Run Behavior\BuildLiteBehavior [ RunTime:0.000027s ]
INFO: [ app_init ] --END-- [ RunTime:0.000612s ]

[ 2016-06-18T11:09:45+08:00 ] 127.0.0.1 /Uploads/image/20160612/1465695531106942.jpg
INFO: [ app_init ] --START--
INFO: Run Behavior\BuildLiteBehavior [ RunTime:0.000028s ]
INFO: [ app_init ] --END-- [ RunTime:0.000679s ]

[ 2016-06-18T11:09:45+08:00 ] 127.0.0.1 /Uploads/image/20160616/1466069015113616.jpg
INFO: [ app_init ] --START--
INFO: Run Behavior\BuildLiteBehavior [ RunTime:0.000031s ]
INFO: [ app_init ] --END-- [ RunTime:0.000603s ]

[ 2016-06-18T11:09:45+08:00 ] 127.0.0.1 /Uploads/image/20160612/1465693132462333.jpg
INFO: [ app_init ] --START--
INFO: Run Behavior\BuildLiteBehavior [ RunTime:0.000030s ]
INFO: [ app_init ] --END-- [ RunTime:0.000610s ]

[ 2016-06-18T11:09:45+08:00 ] 127.0.0.1 /Uploads/image/20160615/1465961800364220.jpg
INFO: [ app_init ] --START--
INFO: Run Behavior\BuildLiteBehavior [ RunTime:0.000029s ]
INFO: [ app_init ] --END-- [ RunTime:0.000644s ]

[ 2016-06-18T11:09:45+08:00 ] 127.0.0.1 /Uploads/image/20160616/1466068476556400.jpg
INFO: [ app_init ] --START--
INFO: Run Behavior\BuildLiteBehavior [ RunTime:0.000033s ]
INFO: [ app_init ] --END-- [ RunTime:0.000710s ]

[ 2016-06-18T11:09:45+08:00 ] 127.0.0.1 /Uploads/image/20160616/1466084363452005.jpg
INFO: [ app_init ] --START--
INFO: Run Behavior\BuildLiteBehavior [ RunTime:0.000031s ]
INFO: [ app_init ] --END-- [ RunTime:0.000624s ]

[ 2016-06-18T11:09:45+08:00 ] 127.0.0.1 /Uploads/image/20160615/1465962212409275.jpg
INFO: [ app_init ] --START--
INFO: Run Behavior\BuildLiteBehavior [ RunTime:0.000039s ]
INFO: [ app_init ] --END-- [ RunTime:0.000731s ]

[ 2016-06-18T11:10:23+08:00 ] 127.0.0.1 /
INFO: [ app_init ] --START--
INFO: Run Behavior\BuildLiteBehavior [ RunTime:0.000017s ]
INFO: [ app_init ] --END-- [ RunTime:0.000403s ]
INFO: [ app_begin ] --START--
INFO: Run Behavior\ReadHtmlCacheBehavior [ RunTime:0.000620s ]
INFO: [ app_begin ] --END-- [ RunTime:0.000682s ]
INFO: [ view_parse ] --START--
INFO: [ template_filter ] --START--
INFO: Run Behavior\ContentReplaceBehavior [ RunTime:0.000052s ]
INFO: [ template_filter ] --END-- [ RunTime:0.000133s ]
INFO: Run Behavior\ParseTemplateBehavior [ RunTime:0.007284s ]
INFO: [ view_parse ] --END-- [ RunTime:0.007367s ]
INFO: [ view_filter ] --START--
INFO: Run Behavior\WriteHtmlCacheBehavior [ RunTime:0.000334s ]
INFO: [ view_filter ] --END-- [ RunTime:0.000385s ]
INFO: [ app_end ] --START--
INFO: Run Behavior\ShowPageTraceBehavior [ RunTime:0.000588s ]
INFO: [ app_end ] --END-- [ RunTime:0.000646s ]

[ 2016-06-18T11:10:23+08:00 ] 127.0.0.1 /public/js/jquery.min.map
INFO: [ app_init ] --START--
INFO: Run Behavior\BuildLiteBehavior [ RunTime:0.000031s ]
INFO: [ app_init ] --END-- [ RunTime:0.000680s ]
INFO: [ app_begin ] --START--
INFO: Run Behavior\ReadHtmlCacheBehavior [ RunTime:0.000935s ]
INFO: [ app_begin ] --END-- [ RunTime:0.001047s ]
ERR: 无法加载控制器:Public

[ 2016-06-18T11:10:23+08:00 ] 127.0.0.1 /public/js/angular-route.min.js.map
INFO: [ app_init ] --START--
INFO: Run Behavior\BuildLiteBehavior [ RunTime:0.000019s ]
INFO: [ app_init ] --END-- [ RunTime:0.000448s ]
INFO: [ app_begin ] --START--
INFO: Run Behavior\ReadHtmlCacheBehavior [ RunTime:0.000845s ]
INFO: [ app_begin ] --END-- [ RunTime:0.000959s ]
ERR: 无法加载控制器:Public

[ 2016-06-18T11:10:26+08:00 ] 127.0.0.1 /index.php?c=article&a=allArticle&page=1
INFO: [ app_init ] --START--
INFO: Run Behavior\BuildLiteBehavior [ RunTime:0.000034s ]
INFO: [ app_init ] --END-- [ RunTime:0.000718s ]
INFO: [ app_begin ] --START--
INFO: Run Behavior\ReadHtmlCacheBehavior [ RunTime:0.001061s ]
INFO: [ app_begin ] --END-- [ RunTime:0.001231s ]
SQL: SHOW COLUMNS FROM `article` [ RunTime:0.0804s ]
SQL: SELECT COUNT(*) AS tp_count FROM `article` WHERE (  status = 1  ) LIMIT 1   [ RunTime:0.0784s ]
SQL: SELECT * FROM `article` WHERE (  status = 1  ) ORDER BY publishTime desc LIMIT 0,18   [ RunTime:1.8254s ]
INFO: [ app_end ] --START--
INFO: Run Behavior\ShowPageTraceBehavior [ RunTime:0.001028s ]
INFO: [ app_end ] --END-- [ RunTime:0.001149s ]

[ 2016-06-18T11:10:26+08:00 ] 127.0.0.1 /Uploads/image/20160612/1465718623542200.jpg
INFO: [ app_init ] --START--
INFO: Run Behavior\BuildLiteBehavior [ RunTime:0.000028s ]
INFO: [ app_init ] --END-- [ RunTime:0.000578s ]

[ 2016-06-18T11:10:26+08:00 ] 127.0.0.1 /Uploads/image/20160616/1466068308607092.png
INFO: [ app_init ] --START--
INFO: Run Behavior\BuildLiteBehavior [ RunTime:0.000030s ]
INFO: [ app_init ] --END-- [ RunTime:0.000611s ]

[ 2016-06-18T11:10:26+08:00 ] 127.0.0.1 /Uploads/image/20160612/1465747145626800.jpg
INFO: [ app_init ] --START--
INFO: Run Behavior\BuildLiteBehavior [ RunTime:0.000028s ]
INFO: [ app_init ] --END-- [ RunTime:0.000577s ]

[ 2016-06-18T11:10:26+08:00 ] 127.0.0.1 /Uploads/image/20160611/1465634537346836.jpg
INFO: [ app_init ] --START--
INFO: Run Behavior\BuildLiteBehavior [ RunTime:0.000027s ]
INFO: [ app_init ] --END-- [ RunTime:0.000590s ]

[ 2016-06-18T11:10:26+08:00 ] 127.0.0.1 /Uploads/image/20160612/1465661095725860.jpg
INFO: [ app_init ] --START--
INFO: Run Behavior\BuildLiteBehavior [ RunTime:0.000030s ]
INFO: [ app_init ] --END-- [ RunTime:0.000690s ]

[ 2016-06-18T11:10:26+08:00 ] 127.0.0.1 /Uploads/image/20160612/1465717388113806.jpg
INFO: [ app_init ] --START--
INFO: Run Behavior\BuildLiteBehavior [ RunTime:0.000018s ]
INFO: [ app_init ] --END-- [ RunTime:0.000413s ]

[ 2016-06-18T11:10:26+08:00 ] 127.0.0.1 /Uploads/image/20160612/1465696513120781.jpg
INFO: [ app_init ] --START--
INFO: Run Behavior\BuildLiteBehavior [ RunTime:0.000030s ]
INFO: [ app_init ] --END-- [ RunTime:0.000557s ]

[ 2016-06-18T11:10:26+08:00 ] 127.0.0.1 /Uploads/image/20160612/1465694371406951.jpg
INFO: [ app_init ] --START--
INFO: Run Behavior\BuildLiteBehavior [ RunTime:0.000029s ]
INFO: [ app_init ] --END-- [ RunTime:0.000593s ]

[ 2016-06-18T11:10:26+08:00 ] 127.0.0.1 /Uploads/image/20160612/1465664925296488.jpg
INFO: [ app_init ] --START--
INFO: Run Behavior\BuildLiteBehavior [ RunTime:0.000029s ]
INFO: [ app_init ] --END-- [ RunTime:0.000582s ]

[ 2016-06-18T11:10:26+08:00 ] 127.0.0.1 /Uploads/image/20160612/1465695531106942.jpg
INFO: [ app_init ] --START--
INFO: Run Behavior\BuildLiteBehavior [ RunTime:0.000045s ]
INFO: [ app_init ] --END-- [ RunTime:0.001696s ]

[ 2016-06-18T11:10:26+08:00 ] 127.0.0.1 /Uploads/image/20160612/1465693132462333.jpg
INFO: [ app_init ] --START--
INFO: Run Behavior\BuildLiteBehavior [ RunTime:0.000030s ]
INFO: [ app_init ] --END-- [ RunTime:0.000583s ]

[ 2016-06-18T11:10:26+08:00 ] 127.0.0.1 /Uploads/image/20160612/1465664789761318.jpg
INFO: [ app_init ] --START--
INFO: Run Behavior\BuildLiteBehavior [ RunTime:0.000034s ]
INFO: [ app_init ] --END-- [ RunTime:0.000719s ]

[ 2016-06-18T11:10:26+08:00 ] 127.0.0.1 /Uploads/image/20160612/1465665678204443.jpg
INFO: [ app_init ] --START--
INFO: Run Behavior\BuildLiteBehavior [ RunTime:0.000094s ]
INFO: [ app_init ] --END-- [ RunTime:0.001394s ]

[ 2016-06-18T11:10:26+08:00 ] 127.0.0.1 /Uploads/image/20160615/1465961800364220.jpg
INFO: [ app_init ] --START--
INFO: Run Behavior\BuildLiteBehavior [ RunTime:0.000034s ]
INFO: [ app_init ] --END-- [ RunTime:0.000769s ]

[ 2016-06-18T11:10:26+08:00 ] 127.0.0.1 /Uploads/image/20160616/1466069015113616.jpg
INFO: [ app_init ] --START--
INFO: Run Behavior\BuildLiteBehavior [ RunTime:0.000027s ]
INFO: [ app_init ] --END-- [ RunTime:0.000535s ]

[ 2016-06-18T11:10:26+08:00 ] 127.0.0.1 /Uploads/image/20160616/1466068476556400.jpg
INFO: [ app_init ] --START--
INFO: Run Behavior\BuildLiteBehavior [ RunTime:0.000276s ]
INFO: [ app_init ] --END-- [ RunTime:0.004328s ]

[ 2016-06-18T11:10:26+08:00 ] 127.0.0.1 /Uploads/image/20160616/1466084363452005.jpg
INFO: [ app_init ] --START--
INFO: Run Behavior\BuildLiteBehavior [ RunTime:0.000028s ]
INFO: [ app_init ] --END-- [ RunTime:0.000605s ]

[ 2016-06-18T11:10:26+08:00 ] 127.0.0.1 /Uploads/image/20160615/1465962212409275.jpg
INFO: [ app_init ] --START--
INFO: Run Behavior\BuildLiteBehavior [ RunTime:0.000034s ]
INFO: [ app_init ] --END-- [ RunTime:0.001730s ]

[ 2016-06-18T11:11:11+08:00 ] 127.0.0.1 /
INFO: [ app_init ] --START--
INFO: Run Behavior\BuildLiteBehavior [ RunTime:0.000015s ]
INFO: [ app_init ] --END-- [ RunTime:0.000351s ]
INFO: [ app_begin ] --START--
INFO: Run Behavior\ReadHtmlCacheBehavior [ RunTime:0.000589s ]
INFO: [ app_begin ] --END-- [ RunTime:0.000653s ]
INFO: [ view_parse ] --START--
INFO: [ template_filter ] --START--
INFO: Run Behavior\ContentReplaceBehavior [ RunTime:0.000047s ]
INFO: [ template_filter ] --END-- [ RunTime:0.000119s ]
INFO: Run Behavior\ParseTemplateBehavior [ RunTime:0.006766s ]
INFO: [ view_parse ] --END-- [ RunTime:0.006841s ]
INFO: [ view_filter ] --START--
INFO: Run Behavior\WriteHtmlCacheBehavior [ RunTime:0.000381s ]
INFO: [ view_filter ] --END-- [ RunTime:0.000445s ]
INFO: [ app_end ] --START--
INFO: Run Behavior\ShowPageTraceBehavior [ RunTime:0.000713s ]
INFO: [ app_end ] --END-- [ RunTime:0.000775s ]

[ 2016-06-18T11:11:11+08:00 ] 127.0.0.1 /public/js/jquery.min.map
INFO: [ app_init ] --START--
INFO: Run Behavior\BuildLiteBehavior [ RunTime:0.000022s ]
INFO: [ app_init ] --END-- [ RunTime:0.001086s ]
INFO: [ app_begin ] --START--
INFO: Run Behavior\ReadHtmlCacheBehavior [ RunTime:0.000668s ]
INFO: [ app_begin ] --END-- [ RunTime:0.000741s ]
ERR: 无法加载控制器:Public

[ 2016-06-18T11:11:11+08:00 ] 127.0.0.1 /public/js/angular-route.min.js.map
INFO: [ app_init ] --START--
INFO: Run Behavior\BuildLiteBehavior [ RunTime:0.000052s ]
INFO: [ app_init ] --END-- [ RunTime:0.001375s ]
INFO: [ app_begin ] --START--
INFO: Run Behavior\ReadHtmlCacheBehavior [ RunTime:0.001034s ]
INFO: [ app_begin ] --END-- [ RunTime:0.001165s ]
ERR: 无法加载控制器:Public

[ 2016-06-18T11:11:13+08:00 ] 127.0.0.1 /index.php?c=article&a=allArticle&page=1
INFO: [ app_init ] --START--
INFO: Run Behavior\BuildLiteBehavior [ RunTime:0.000036s ]
INFO: [ app_init ] --END-- [ RunTime:0.000729s ]
INFO: [ app_begin ] --START--
INFO: Run Behavior\ReadHtmlCacheBehavior [ RunTime:0.000986s ]
INFO: [ app_begin ] --END-- [ RunTime:0.001127s ]
SQL: SHOW COLUMNS FROM `article` [ RunTime:0.0812s ]
SQL: SELECT COUNT(*) AS tp_count FROM `article` WHERE (  status = 1  ) LIMIT 1   [ RunTime:0.0788s ]
SQL: SELECT * FROM `article` WHERE (  status = 1  ) ORDER BY publishTime desc LIMIT 0,18   [ RunTime:1.1087s ]
INFO: [ app_end ] --START--
INFO: Run Behavior\ShowPageTraceBehavior [ RunTime:0.001132s ]
INFO: [ app_end ] --END-- [ RunTime:0.001291s ]

[ 2016-06-18T11:11:13+08:00 ] 127.0.0.1 /Uploads/image/20160616/1466068308607092.png
INFO: [ app_init ] --START--
INFO: Run Behavior\BuildLiteBehavior [ RunTime:0.000030s ]
INFO: [ app_init ] --END-- [ RunTime:0.001263s ]

[ 2016-06-18T11:11:13+08:00 ] 127.0.0.1 /Uploads/image/20160612/1465747145626800.jpg
INFO: [ app_init ] --START--
INFO: Run Behavior\BuildLiteBehavior [ RunTime:0.000031s ]
INFO: [ app_init ] --END-- [ RunTime:0.002571s ]

[ 2016-06-18T11:11:13+08:00 ] 127.0.0.1 /Uploads/image/20160612/1465718623542200.jpg
INFO: [ app_init ] --START--
INFO: Run Behavior\BuildLiteBehavior [ RunTime:0.000026s ]
INFO: [ app_init ] --END-- [ RunTime:0.000630s ]

[ 2016-06-18T11:11:13+08:00 ] 127.0.0.1 /Uploads/image/20160611/1465634537346836.jpg
INFO: [ app_init ] --START--
INFO: Run Behavior\BuildLiteBehavior [ RunTime:0.000026s ]
INFO: [ app_init ] --END-- [ RunTime:0.000518s ]

[ 2016-06-18T11:11:13+08:00 ] 127.0.0.1 /Uploads/image/20160612/1465661095725860.jpg
INFO: [ app_init ] --START--
INFO: Run Behavior\BuildLiteBehavior [ RunTime:0.000030s ]
INFO: [ app_init ] --END-- [ RunTime:0.000690s ]

[ 2016-06-18T11:11:13+08:00 ] 127.0.0.1 /Uploads/image/20160612/1465717388113806.jpg
INFO: [ app_init ] --START--
INFO: Run Behavior\BuildLiteBehavior [ RunTime:0.000033s ]
INFO: [ app_init ] --END-- [ RunTime:0.000652s ]

[ 2016-06-18T11:11:13+08:00 ] 127.0.0.1 /Uploads/image/20160612/1465694371406951.jpg
INFO: [ app_init ] --START--
INFO: Run Behavior\BuildLiteBehavior [ RunTime:0.000028s ]
INFO: [ app_init ] --END-- [ RunTime:0.000554s ]

[ 2016-06-18T11:11:13+08:00 ] 127.0.0.1 /Uploads/image/20160612/1465664789761318.jpg
INFO: [ app_init ] --START--
INFO: Run Behavior\BuildLiteBehavior [ RunTime:0.000028s ]
INFO: [ app_init ] --END-- [ RunTime:0.003125s ]

[ 2016-06-18T11:11:13+08:00 ] 127.0.0.1 /Uploads/image/20160612/1465664925296488.jpg
INFO: [ app_init ] --START--
INFO: Run Behavior\BuildLiteBehavior [ RunTime:0.000029s ]
INFO: [ app_init ] --END-- [ RunTime:0.000861s ]

[ 2016-06-18T11:11:13+08:00 ] 127.0.0.1 /Uploads/image/20160612/1465696513120781.jpg
INFO: [ app_init ] --START--
INFO: Run Behavior\BuildLiteBehavior [ RunTime:0.000031s ]
INFO: [ app_init ] --END-- [ RunTime:0.005283s ]

[ 2016-06-18T11:11:13+08:00 ] 127.0.0.1 /Uploads/image/20160612/1465665678204443.jpg
INFO: [ app_init ] --START--
INFO: Run Behavior\BuildLiteBehavior [ RunTime:0.000031s ]
INFO: [ app_init ] --END-- [ RunTime:0.000671s ]

[ 2016-06-18T11:11:13+08:00 ] 127.0.0.1 /Uploads/image/20160612/1465695531106942.jpg
INFO: [ app_init ] --START--
INFO: Run Behavior\BuildLiteBehavior [ RunTime:0.000027s ]
INFO: [ app_init ] --END-- [ RunTime:0.000635s ]

[ 2016-06-18T11:11:13+08:00 ] 127.0.0.1 /Uploads/image/20160615/1465961800364220.jpg
INFO: [ app_init ] --START--
INFO: Run Behavior\BuildLiteBehavior [ RunTime:0.000031s ]
INFO: [ app_init ] --END-- [ RunTime:0.000622s ]

[ 2016-06-18T11:11:13+08:00 ] 127.0.0.1 /Uploads/image/20160616/1466068476556400.jpg
INFO: [ app_init ] --START--
INFO: Run Behavior\BuildLiteBehavior [ RunTime:0.000031s ]
INFO: [ app_init ] --END-- [ RunTime:0.000634s ]

[ 2016-06-18T11:11:13+08:00 ] 127.0.0.1 /Uploads/image/20160615/1465962212409275.jpg
INFO: [ app_init ] --START--
INFO: Run Behavior\BuildLiteBehavior [ RunTime:0.000033s ]
INFO: [ app_init ] --END-- [ RunTime:0.000671s ]

[ 2016-06-18T11:11:13+08:00 ] 127.0.0.1 /Uploads/image/20160616/1466069015113616.jpg
INFO: [ app_init ] --START--
INFO: Run Behavior\BuildLiteBehavior [ RunTime:0.000025s ]
INFO: [ app_init ] --END-- [ RunTime:0.000535s ]

[ 2016-06-18T11:11:14+08:00 ] 127.0.0.1 /Uploads/image/20160612/1465693132462333.jpg
INFO: [ app_init ] --START--
INFO: Run Behavior\BuildLiteBehavior [ RunTime:0.000032s ]
INFO: [ app_init ] --END-- [ RunTime:0.005175s ]

[ 2016-06-18T11:11:14+08:00 ] 127.0.0.1 /Uploads/image/20160616/1466084363452005.jpg
INFO: [ app_init ] --START--
INFO: Run Behavior\BuildLiteBehavior [ RunTime:0.000033s ]
INFO: [ app_init ] --END-- [ RunTime:0.000773s ]

