[ 2016-06-20T14:34:58+08:00 ] 127.0.0.1 /
INFO: [ app_init ] --START--
INFO: Run Behavior\BuildLiteBehavior [ RunTime:0.000027s ]
INFO: [ app_init ] --END-- [ RunTime:0.001052s ]
INFO: [ app_begin ] --START--
INFO: Run Behavior\ReadHtmlCacheBehavior [ RunTime:0.000928s ]
INFO: [ app_begin ] --END-- [ RunTime:0.001027s ]
INFO: [ view_parse ] --START--
INFO: [ template_filter ] --START--
INFO: Run Behavior\ContentReplaceBehavior [ RunTime:0.000073s ]
INFO: [ template_filter ] --END-- [ RunTime:0.000176s ]
INFO: Run Behavior\ParseTemplateBehavior [ RunTime:0.019765s ]
INFO: [ view_parse ] --END-- [ RunTime:0.019894s ]
INFO: [ view_filter ] --START--
INFO: Run Behavior\WriteHtmlCacheBehavior [ RunTime:0.000647s ]
INFO: [ view_filter ] --END-- [ RunTime:0.000740s ]
INFO: [ app_end ] --START--
INFO: Run Behavior\ShowPageTraceBehavior [ RunTime:0.001080s ]
INFO: [ app_end ] --END-- [ RunTime:0.001179s ]

[ 2016-06-20T14:34:59+08:00 ] 127.0.0.1 /index
INFO: [ app_init ] --START--
INFO: Run Behavior\BuildLiteBehavior [ RunTime:0.000016s ]
INFO: [ app_init ] --END-- [ RunTime:0.000378s ]
INFO: [ app_begin ] --START--
INFO: Run Behavior\ReadHtmlCacheBehavior [ RunTime:0.000565s ]
INFO: [ app_begin ] --END-- [ RunTime:0.000629s ]
INFO: [ view_parse ] --START--
INFO: [ template_filter ] --START--
INFO: Run Behavior\ContentReplaceBehavior [ RunTime:0.000040s ]
INFO: [ template_filter ] --END-- [ RunTime:0.000102s ]
INFO: Run Behavior\ParseTemplateBehavior [ RunTime:0.004704s ]
INFO: [ view_parse ] --END-- [ RunTime:0.004764s ]
INFO: [ view_filter ] --START--
INFO: Run Behavior\WriteHtmlCacheBehavior [ RunTime:0.000293s ]
INFO: [ view_filter ] --END-- [ RunTime:0.000330s ]
INFO: [ app_end ] --START--
INFO: Run Behavior\ShowPageTraceBehavior [ RunTime:0.000445s ]
INFO: [ app_end ] --END-- [ RunTime:0.000486s ]

[ 2016-06-20T14:35:03+08:00 ] 127.0.0.1 /index.php?c=pic&a=allPic&page=1
INFO: [ app_init ] --START--
INFO: Run Behavior\BuildLiteBehavior [ RunTime:0.000014s ]
INFO: [ app_init ] --END-- [ RunTime:0.000294s ]
INFO: [ app_begin ] --START--
INFO: Run Behavior\ReadHtmlCacheBehavior [ RunTime:0.000405s ]
INFO: [ app_begin ] --END-- [ RunTime:0.000457s ]
NOTIC: [8] Use of undefined constant type - assumed 'type' G:\code\kepuwang\Application\Main\Controller\PicController.class.php 第 20 行.
NOTIC: [8] Use of undefined constant status - assumed 'status' G:\code\kepuwang\Application\Main\Controller\PicController.class.php 第 21 行.
SQL: SHOW COLUMNS FROM `pic` [ RunTime:0.0703s ]
SQL: SELECT COUNT(*) AS tp_count FROM `pic` WHERE `type` = 3 AND `status` = 1 LIMIT 1   [ RunTime:0.0668s ]
SQL: SELECT * FROM `pic` WHERE `type` = 3 AND `status` = 1 ORDER BY publishTime desc LIMIT 0,18   [ RunTime:0.2023s ]
INFO: [ app_end ] --START--
INFO: Run Behavior\ShowPageTraceBehavior [ RunTime:0.001727s ]
INFO: [ app_end ] --END-- [ RunTime:0.001941s ]

[ 2016-06-20T14:35:03+08:00 ] 127.0.0.1 /index.php?c=pic&a=allPic&page=1
INFO: [ app_init ] --START--
INFO: Run Behavior\BuildLiteBehavior [ RunTime:0.000029s ]
INFO: [ app_init ] --END-- [ RunTime:0.001088s ]
INFO: [ app_begin ] --START--
INFO: Run Behavior\ReadHtmlCacheBehavior [ RunTime:0.001180s ]
INFO: [ app_begin ] --END-- [ RunTime:0.001298s ]
NOTIC: [8] Use of undefined constant type - assumed 'type' G:\code\kepuwang\Application\Main\Controller\PicController.class.php 第 20 行.
NOTIC: [8] Use of undefined constant status - assumed 'status' G:\code\kepuwang\Application\Main\Controller\PicController.class.php 第 21 行.
SQL: SHOW COLUMNS FROM `pic` [ RunTime:0.0584s ]
SQL: SELECT COUNT(*) AS tp_count FROM `pic` WHERE `type` = 3 AND `status` = 1 LIMIT 1   [ RunTime:0.0552s ]
SQL: SELECT * FROM `pic` WHERE `type` = 3 AND `status` = 1 ORDER BY publishTime desc LIMIT 0,18   [ RunTime:0.1665s ]
INFO: [ app_end ] --START--
INFO: Run Behavior\ShowPageTraceBehavior [ RunTime:0.002165s ]
INFO: [ app_end ] --END-- [ RunTime:0.002378s ]

[ 2016-06-20T14:35:04+08:00 ] 127.0.0.1 /Uploads/image/20160620/1466393430685022.jpg
INFO: [ app_init ] --START--
INFO: Run Behavior\BuildLiteBehavior [ RunTime:0.000020s ]
INFO: [ app_init ] --END-- [ RunTime:0.000509s ]

[ 2016-06-20T14:35:04+08:00 ] 127.0.0.1 /Uploads/image/20160620/1466393749988440.jpg
INFO: [ app_init ] --START--
INFO: Run Behavior\BuildLiteBehavior [ RunTime:0.000019s ]
INFO: [ app_init ] --END-- [ RunTime:0.000516s ]

[ 2016-06-20T14:35:04+08:00 ] 127.0.0.1 /Uploads/image/20160620/1466393520852889.jpg
INFO: [ app_init ] --START--
INFO: Run Behavior\BuildLiteBehavior [ RunTime:0.000019s ]
INFO: [ app_init ] --END-- [ RunTime:0.000589s ]

[ 2016-06-20T14:35:04+08:00 ] 127.0.0.1 /Uploads/image/20160620/1466395945157453.jpg
INFO: [ app_init ] --START--
INFO: Run Behavior\BuildLiteBehavior [ RunTime:0.000022s ]
INFO: [ app_init ] --END-- [ RunTime:0.000564s ]

[ 2016-06-20T14:35:04+08:00 ] 127.0.0.1 /Uploads/image/20160620/1466392078827242.jpg
INFO: [ app_init ] --START--
INFO: Run Behavior\BuildLiteBehavior [ RunTime:0.000014s ]
INFO: [ app_init ] --END-- [ RunTime:0.000425s ]

[ 2016-06-20T14:35:04+08:00 ] 127.0.0.1 /Uploads/image/20160620/1466398750445981.jpg
INFO: [ app_init ] --START--
INFO: Run Behavior\BuildLiteBehavior [ RunTime:0.000015s ]
INFO: [ app_init ] --END-- [ RunTime:0.000348s ]

[ 2016-06-20T14:35:07+08:00 ] 127.0.0.1 /index.php?c=pic&a=picDetail&id=73
INFO: [ app_init ] --START--
INFO: Run Behavior\BuildLiteBehavior [ RunTime:0.000012s ]
INFO: [ app_init ] --END-- [ RunTime:0.000278s ]
INFO: [ app_begin ] --START--
INFO: Run Behavior\ReadHtmlCacheBehavior [ RunTime:0.000336s ]
INFO: [ app_begin ] --END-- [ RunTime:0.000379s ]
SQL: SHOW COLUMNS FROM `pic` [ RunTime:0.0681s ]
SQL: SELECT `id`,`title`,`content`,`type`,`likes`,`img_src`,`mainContent` FROM `pic` WHERE ( id = 73 )  [ RunTime:0.0654s ]
SQL: SHOW COLUMNS FROM `attachment` [ RunTime:0.0670s ]
SQL: SELECT * FROM `attachment` WHERE ( articleType=2 and articleId=73 )  [ RunTime:0.0650s ]
INFO: [ app_end ] --START--
INFO: Run Behavior\ShowPageTraceBehavior [ RunTime:0.000482s ]
INFO: [ app_end ] --END-- [ RunTime:0.000524s ]

[ 2016-06-20T14:35:07+08:00 ] 127.0.0.1 /Uploads/image/20160620/1466392066119456.jpg
INFO: [ app_init ] --START--
INFO: Run Behavior\BuildLiteBehavior [ RunTime:0.000011s ]
INFO: [ app_init ] --END-- [ RunTime:0.000287s ]

[ 2016-06-20T14:35:08+08:00 ] 127.0.0.1 /Uploads/image/20160620/1466395945157453.jpg
INFO: [ app_init ] --START--
INFO: Run Behavior\BuildLiteBehavior [ RunTime:0.000021s ]
INFO: [ app_init ] --END-- [ RunTime:0.000522s ]

[ 2016-06-20T14:35:11+08:00 ] 127.0.0.1 /
INFO: [ app_init ] --START--
INFO: Run Behavior\BuildLiteBehavior [ RunTime:0.000017s ]
INFO: [ app_init ] --END-- [ RunTime:0.000396s ]
INFO: [ app_begin ] --START--
INFO: Run Behavior\ReadHtmlCacheBehavior [ RunTime:0.000490s ]
INFO: [ app_begin ] --END-- [ RunTime:0.000558s ]
INFO: [ view_parse ] --START--
INFO: [ template_filter ] --START--
INFO: Run Behavior\ContentReplaceBehavior [ RunTime:0.000045s ]
INFO: [ template_filter ] --END-- [ RunTime:0.000106s ]
INFO: Run Behavior\ParseTemplateBehavior [ RunTime:0.013708s ]
INFO: [ view_parse ] --END-- [ RunTime:0.013798s ]
INFO: [ view_filter ] --START--
INFO: Run Behavior\WriteHtmlCacheBehavior [ RunTime:0.000430s ]
INFO: [ view_filter ] --END-- [ RunTime:0.000485s ]
INFO: [ app_end ] --START--
INFO: Run Behavior\ShowPageTraceBehavior [ RunTime:0.000509s ]
INFO: [ app_end ] --END-- [ RunTime:0.000567s ]

[ 2016-06-20T14:35:12+08:00 ] 127.0.0.1 /index.php?c=pic&a=picDetail&id=73
INFO: [ app_init ] --START--
INFO: Run Behavior\BuildLiteBehavior [ RunTime:0.000011s ]
INFO: [ app_init ] --END-- [ RunTime:0.000266s ]
INFO: [ app_begin ] --START--
INFO: Run Behavior\ReadHtmlCacheBehavior [ RunTime:0.000337s ]
INFO: [ app_begin ] --END-- [ RunTime:0.000381s ]
SQL: SHOW COLUMNS FROM `pic` [ RunTime:0.0667s ]
SQL: SELECT `id`,`title`,`content`,`type`,`likes`,`img_src`,`mainContent` FROM `pic` WHERE ( id = 73 )  [ RunTime:0.0647s ]
SQL: SHOW COLUMNS FROM `attachment` [ RunTime:0.0676s ]
SQL: SELECT * FROM `attachment` WHERE ( articleType=2 and articleId=73 )  [ RunTime:0.0648s ]
INFO: [ app_end ] --START--
INFO: Run Behavior\ShowPageTraceBehavior [ RunTime:0.000515s ]
INFO: [ app_end ] --END-- [ RunTime:0.000566s ]

[ 2016-06-20T14:35:12+08:00 ] 127.0.0.1 /Uploads/image/20160620/1466392066119456.jpg
INFO: [ app_init ] --START--
INFO: Run Behavior\BuildLiteBehavior [ RunTime:0.000013s ]
INFO: [ app_init ] --END-- [ RunTime:0.000344s ]

[ 2016-06-20T14:35:13+08:00 ] 127.0.0.1 /Uploads/image/20160620/1466395945157453.jpg
INFO: [ app_init ] --START--
INFO: Run Behavior\BuildLiteBehavior [ RunTime:0.000024s ]
INFO: [ app_init ] --END-- [ RunTime:0.000586s ]

[ 2016-06-20T14:35:18+08:00 ] 127.0.0.1 /index.php?c=pic&a=allPic&page=1
INFO: [ app_init ] --START--
INFO: Run Behavior\BuildLiteBehavior [ RunTime:0.000019s ]
INFO: [ app_init ] --END-- [ RunTime:0.000462s ]
INFO: [ app_begin ] --START--
INFO: Run Behavior\ReadHtmlCacheBehavior [ RunTime:0.000468s ]
INFO: [ app_begin ] --END-- [ RunTime:0.000557s ]
NOTIC: [8] Use of undefined constant type - assumed 'type' G:\code\kepuwang\Application\Main\Controller\PicController.class.php 第 20 行.
NOTIC: [8] Use of undefined constant status - assumed 'status' G:\code\kepuwang\Application\Main\Controller\PicController.class.php 第 21 行.
SQL: SHOW COLUMNS FROM `pic` [ RunTime:0.0696s ]
SQL: SELECT COUNT(*) AS tp_count FROM `pic` WHERE `type` = 3 AND `status` = 1 LIMIT 1   [ RunTime:0.0670s ]
SQL: SELECT * FROM `pic` WHERE `type` = 3 AND `status` = 1 ORDER BY publishTime desc LIMIT 0,18   [ RunTime:0.2014s ]
INFO: [ app_end ] --START--
INFO: Run Behavior\ShowPageTraceBehavior [ RunTime:0.000847s ]
INFO: [ app_end ] --END-- [ RunTime:0.000973s ]

[ 2016-06-20T14:35:18+08:00 ] 127.0.0.1 /index.php?c=pic&a=allPic&page=1
INFO: [ app_init ] --START--
INFO: Run Behavior\BuildLiteBehavior [ RunTime:0.000062s ]
INFO: [ app_init ] --END-- [ RunTime:0.000789s ]
INFO: [ app_begin ] --START--
INFO: Run Behavior\ReadHtmlCacheBehavior [ RunTime:0.000937s ]
INFO: [ app_begin ] --END-- [ RunTime:0.001036s ]
NOTIC: [8] Use of undefined constant type - assumed 'type' G:\code\kepuwang\Application\Main\Controller\PicController.class.php 第 20 行.
NOTIC: [8] Use of undefined constant status - assumed 'status' G:\code\kepuwang\Application\Main\Controller\PicController.class.php 第 21 行.
SQL: SHOW COLUMNS FROM `pic` [ RunTime:0.0680s ]
SQL: SELECT COUNT(*) AS tp_count FROM `pic` WHERE `type` = 3 AND `status` = 1 LIMIT 1   [ RunTime:0.0652s ]
SQL: SELECT * FROM `pic` WHERE `type` = 3 AND `status` = 1 ORDER BY publishTime desc LIMIT 0,18   [ RunTime:0.1952s ]
INFO: [ app_end ] --START--
INFO: Run Behavior\ShowPageTraceBehavior [ RunTime:0.002154s ]
INFO: [ app_end ] --END-- [ RunTime:0.002372s ]

[ 2016-06-20T14:35:18+08:00 ] 127.0.0.1 /Uploads/image/20160620/1466392078827242.jpg
INFO: [ app_init ] --START--
INFO: Run Behavior\BuildLiteBehavior [ RunTime:0.000021s ]
INFO: [ app_init ] --END-- [ RunTime:0.000499s ]

[ 2016-06-20T14:35:18+08:00 ] 127.0.0.1 /Uploads/image/20160620/1466398750445981.jpg
INFO: [ app_init ] --START--
INFO: Run Behavior\BuildLiteBehavior [ RunTime:0.000053s ]
INFO: [ app_init ] --END-- [ RunTime:0.000584s ]

[ 2016-06-20T14:35:18+08:00 ] 127.0.0.1 /Uploads/image/20160620/1466393430685022.jpg
INFO: [ app_init ] --START--
INFO: Run Behavior\BuildLiteBehavior [ RunTime:0.000021s ]
INFO: [ app_init ] --END-- [ RunTime:0.000444s ]

[ 2016-06-20T14:35:18+08:00 ] 127.0.0.1 /Uploads/image/20160620/1466393749988440.jpg
INFO: [ app_init ] --START--
INFO: Run Behavior\BuildLiteBehavior [ RunTime:0.000012s ]
INFO: [ app_init ] --END-- [ RunTime:0.000305s ]

[ 2016-06-20T14:35:18+08:00 ] 127.0.0.1 /Uploads/image/20160620/1466393520852889.jpg
INFO: [ app_init ] --START--
INFO: Run Behavior\BuildLiteBehavior [ RunTime:0.000013s ]
INFO: [ app_init ] --END-- [ RunTime:0.000264s ]

[ 2016-06-20T14:35:18+08:00 ] 127.0.0.1 /Uploads/image/20160620/1466395945157453.jpg
INFO: [ app_init ] --START--
INFO: Run Behavior\BuildLiteBehavior [ RunTime:0.000023s ]
INFO: [ app_init ] --END-- [ RunTime:0.000609s ]

[ 2016-06-20T14:38:42+08:00 ] 127.0.0.1 /public2/js/jquery.min.map
INFO: [ app_init ] --START--
INFO: Run Behavior\BuildLiteBehavior [ RunTime:0.000012s ]
INFO: [ app_init ] --END-- [ RunTime:0.000290s ]
INFO: [ app_begin ] --START--
INFO: Run Behavior\ReadHtmlCacheBehavior [ RunTime:0.000383s ]
INFO: [ app_begin ] --END-- [ RunTime:0.000431s ]
ERR: 无法加载控制器:Public2

[ 2016-06-20T14:38:42+08:00 ] 127.0.0.1 /public2/js/angular-route.min.js.map
INFO: [ app_init ] --START--
INFO: Run Behavior\BuildLiteBehavior [ RunTime:0.000012s ]
INFO: [ app_init ] --END-- [ RunTime:0.000306s ]
INFO: [ app_begin ] --START--
INFO: Run Behavior\ReadHtmlCacheBehavior [ RunTime:0.000588s ]
INFO: [ app_begin ] --END-- [ RunTime:0.000641s ]
ERR: 无法加载控制器:Public2

[ 2016-06-20T14:38:50+08:00 ] 127.0.0.1 /Uploads/image/20160620/1466398750445981.jpg
INFO: [ app_init ] --START--
INFO: Run Behavior\BuildLiteBehavior [ RunTime:0.000023s ]
INFO: [ app_init ] --END-- [ RunTime:0.000619s ]

[ 2016-06-20T14:38:50+08:00 ] 127.0.0.1 /Uploads/image/20160620/1466393749988440.jpg
INFO: [ app_init ] --START--
INFO: Run Behavior\BuildLiteBehavior [ RunTime:0.000013s ]
INFO: [ app_init ] --END-- [ RunTime:0.000289s ]

[ 2016-06-20T14:38:50+08:00 ] 127.0.0.1 /Uploads/image/20160620/1466392078827242.jpg
INFO: [ app_init ] --START--
INFO: Run Behavior\BuildLiteBehavior [ RunTime:0.000011s ]
INFO: [ app_init ] --END-- [ RunTime:0.000276s ]

[ 2016-06-20T14:38:50+08:00 ] 127.0.0.1 /Uploads/image/20160620/1466393430685022.jpg
INFO: [ app_init ] --START--
INFO: Run Behavior\BuildLiteBehavior [ RunTime:0.000012s ]
INFO: [ app_init ] --END-- [ RunTime:0.000324s ]

[ 2016-06-20T14:38:50+08:00 ] 127.0.0.1 /Uploads/image/20160620/1466393520852889.jpg
INFO: [ app_init ] --START--
INFO: Run Behavior\BuildLiteBehavior [ RunTime:0.000012s ]
INFO: [ app_init ] --END-- [ RunTime:0.000270s ]

[ 2016-06-20T14:38:50+08:00 ] 127.0.0.1 /Uploads/image/20160620/1466395945157453.jpg
INFO: [ app_init ] --START--
INFO: Run Behavior\BuildLiteBehavior [ RunTime:0.000016s ]
INFO: [ app_init ] --END-- [ RunTime:0.000354s ]

[ 2016-06-20T14:38:54+08:00 ] 127.0.0.1 /Uploads/image/20160620/1466398750445981.jpg
INFO: [ app_init ] --START--
INFO: Run Behavior\BuildLiteBehavior [ RunTime:0.000015s ]
INFO: [ app_init ] --END-- [ RunTime:0.000344s ]

[ 2016-06-20T14:40:12+08:00 ] 127.0.0.1 /public2/js/jquery.min.map
INFO: [ app_init ] --START--
INFO: Run Behavior\BuildLiteBehavior [ RunTime:0.000013s ]
INFO: [ app_init ] --END-- [ RunTime:0.000272s ]
INFO: [ app_begin ] --START--
INFO: Run Behavior\ReadHtmlCacheBehavior [ RunTime:0.000386s ]
INFO: [ app_begin ] --END-- [ RunTime:0.000437s ]
ERR: 无法加载控制器:Public2

[ 2016-06-20T14:40:12+08:00 ] 127.0.0.1 /public2/js/angular-route.min.js.map
INFO: [ app_init ] --START--
INFO: Run Behavior\BuildLiteBehavior [ RunTime:0.000014s ]
INFO: [ app_init ] --END-- [ RunTime:0.000295s ]
INFO: [ app_begin ] --START--
INFO: Run Behavior\ReadHtmlCacheBehavior [ RunTime:0.000510s ]
INFO: [ app_begin ] --END-- [ RunTime:0.000571s ]
ERR: 无法加载控制器:Public2

[ 2016-06-20T14:40:13+08:00 ] 127.0.0.1 /Uploads/image/20160620/1466398740245711.jpg
INFO: [ app_init ] --START--
INFO: Run Behavior\BuildLiteBehavior [ RunTime:0.000021s ]
INFO: [ app_init ] --END-- [ RunTime:0.000474s ]

[ 2016-06-20T14:40:13+08:00 ] 127.0.0.1 /Uploads/image/20160620/1466398750445981.jpg
INFO: [ app_init ] --START--
INFO: Run Behavior\BuildLiteBehavior [ RunTime:0.000013s ]
INFO: [ app_init ] --END-- [ RunTime:0.000454s ]

[ 2016-06-20T14:40:54+08:00 ] 127.0.0.1 /public2/js/jquery.min.map
INFO: [ app_init ] --START--
INFO: Run Behavior\BuildLiteBehavior [ RunTime:0.000015s ]
INFO: [ app_init ] --END-- [ RunTime:0.000324s ]
INFO: [ app_begin ] --START--
INFO: Run Behavior\ReadHtmlCacheBehavior [ RunTime:0.000477s ]
INFO: [ app_begin ] --END-- [ RunTime:0.000534s ]
ERR: 无法加载控制器:Public2

[ 2016-06-20T14:40:54+08:00 ] 127.0.0.1 /public2/js/angular-route.min.js.map
INFO: [ app_init ] --START--
INFO: Run Behavior\BuildLiteBehavior [ RunTime:0.000012s ]
INFO: [ app_init ] --END-- [ RunTime:0.000327s ]
INFO: [ app_begin ] --START--
INFO: Run Behavior\ReadHtmlCacheBehavior [ RunTime:0.000578s ]
INFO: [ app_begin ] --END-- [ RunTime:0.000636s ]
ERR: 无法加载控制器:Public2

[ 2016-06-20T14:40:55+08:00 ] 127.0.0.1 /Uploads/image/20160620/1466398740245711.jpg
INFO: [ app_init ] --START--
INFO: Run Behavior\BuildLiteBehavior [ RunTime:0.000015s ]
INFO: [ app_init ] --END-- [ RunTime:0.000333s ]

[ 2016-06-20T14:40:55+08:00 ] 127.0.0.1 /Uploads/image/20160620/1466398750445981.jpg
INFO: [ app_init ] --START--
INFO: Run Behavior\BuildLiteBehavior [ RunTime:0.000017s ]
INFO: [ app_init ] --END-- [ RunTime:0.000397s ]

[ 2016-06-20T14:42:05+08:00 ] 127.0.0.1 /public2/js/jquery.min.map
INFO: [ app_init ] --START--
INFO: Run Behavior\BuildLiteBehavior [ RunTime:0.000025s ]
INFO: [ app_init ] --END-- [ RunTime:0.000363s ]
INFO: [ app_begin ] --START--
INFO: Run Behavior\ReadHtmlCacheBehavior [ RunTime:0.000509s ]
INFO: [ app_begin ] --END-- [ RunTime:0.000556s ]
ERR: 无法加载控制器:Public2

[ 2016-06-20T14:42:05+08:00 ] 127.0.0.1 /public2/js/angular-route.min.js.map
INFO: [ app_init ] --START--
INFO: Run Behavior\BuildLiteBehavior [ RunTime:0.000015s ]
INFO: [ app_init ] --END-- [ RunTime:0.000305s ]
INFO: [ app_begin ] --START--
INFO: Run Behavior\ReadHtmlCacheBehavior [ RunTime:0.000386s ]
INFO: [ app_begin ] --END-- [ RunTime:0.000439s ]
ERR: 无法加载控制器:Public2

[ 2016-06-20T14:42:06+08:00 ] 127.0.0.1 /Uploads/image/20160620/1466398740245711.jpg
INFO: [ app_init ] --START--
INFO: Run Behavior\BuildLiteBehavior [ RunTime:0.000013s ]
INFO: [ app_init ] --END-- [ RunTime:0.000294s ]

[ 2016-06-20T14:42:06+08:00 ] 127.0.0.1 /Uploads/image/20160620/1466398750445981.jpg
INFO: [ app_init ] --START--
INFO: Run Behavior\BuildLiteBehavior [ RunTime:0.000015s ]
INFO: [ app_init ] --END-- [ RunTime:0.000361s ]

[ 2016-06-20T14:42:45+08:00 ] 127.0.0.1 /Uploads/image/20160620/1466398750445981.jpg
INFO: [ app_init ] --START--
INFO: Run Behavior\BuildLiteBehavior [ RunTime:0.000012s ]
INFO: [ app_init ] --END-- [ RunTime:0.000314s ]

[ 2016-06-20T14:42:45+08:00 ] 127.0.0.1 /Uploads/image/20160620/1466398740245711.jpg
INFO: [ app_init ] --START--
INFO: Run Behavior\BuildLiteBehavior [ RunTime:0.000012s ]
INFO: [ app_init ] --END-- [ RunTime:0.000285s ]

[ 2016-06-20T14:42:57+08:00 ] 127.0.0.1 /Uploads/image/20160620/1466398750445981.jpg
INFO: [ app_init ] --START--
INFO: Run Behavior\BuildLiteBehavior [ RunTime:0.000011s ]
INFO: [ app_init ] --END-- [ RunTime:0.000298s ]

[ 2016-06-20T14:42:57+08:00 ] 127.0.0.1 /Uploads/image/20160620/1466398740245711.jpg
INFO: [ app_init ] --START--
INFO: Run Behavior\BuildLiteBehavior [ RunTime:0.000011s ]
INFO: [ app_init ] --END-- [ RunTime:0.000287s ]

